"Time" "Prey" "Predator"
0 10 10
0.5 2.0749790099 10.5579248636
1 0.498017162953 9.12353463572
1.5 0.162850519765 7.57971556543
2 0.0711465115074 6.2394485138
2.5 0.0397304046925 5.12196659158
3 0.0271906512107 4.20034485116
3.5 0.0219993293407 3.44311461945
4 0.0204207743244 2.8219428731
4.5 0.0212161017098 2.31279706515
5 0.0241744563113 1.89569015586
5.5 0.0297090510595 1.55413281217
6 0.0388424895504 1.27457583135
6.5 0.0534228271077 1.04591496459
7 0.076582990806 0.859072083002
7.5 0.113559755471 0.706648924956
8 0.173094494502 0.582647001364
8.5 0.269806313885 0.482247568295
9 0.428212912943 0.401650150663
9.5 0.68946939999 0.33797708845
10 1.12263855927 0.289272400282
10.5 1.84323652163 0.254676023903
11 3.04293859775 0.235007041351
11.5 5.03422049465 0.234485315026
12 8.30559303518 0.266206783438
12.5 13.5311986088 0.372619042506
13 21.1753265673 0.719714098866
13.5 28.6180739945 2.08397370656
14 22.0634797668 6.65587287083
14.5 6.20718342852 10.6424412002
15 1.28741131699 10.1760896155
15.5 0.339466109557 8.62540815766
16 0.122070653923 7.13550895699
16.5 0.057868255268 5.86671627712
17 0.0345864308836 4.81394833006
17.5 0.0250327367343 3.94707229968
18 0.0212060733422 3.23527484903
18.5 0.0204407369006 2.65155136671
19 0.0219033932497 2.17318686295
19.5 0.0255973011407 1.78135113253
20 0.0321163876047 1.46053265204
20.5 0.0427082843554 1.19799721165
21 0.0595600436956 0.983316290966
21.5 0.0863537542345 0.807971519725
22 0.129236558154 0.665029975303
22.5 0.19847474708 0.548883366028
23 0.31125485022 0.455046222041
23.5 0.496407616757 0.380013632924
24 0.802338940478 0.321190732902
24.5 1.31022566481 0.276933641494
25 2.15559239072 0.246814141001
25.5 3.56239350913 0.232437995787
26 5.89236061065 0.239886327037
26.5 9.6973576051 0.287826139805
27 15.672668932 0.439774783459
27.5 23.8778860082 0.961975180959
28 28.9812903932 3.08002859113
28.5 16.31103626 8.44726170236
29 3.76073289565 10.7910054318
29.5 0.820165364222 9.71419203473
30 0.238595996473 8.13797269461
30.5 0.0940017017991 6.71351871789
31 0.0481415151552 5.51506060082
31.5 0.0306745068583 4.52396470886
32 0.023401980392 3.70882234306
32.5 0.0207003906726 3.03983553926
33 0.0206733533448 2.49135906675
33.5 0.0228055945908 2.04195235794
34 0.0272933267267 1.67388607221
34.5 0.0349179454332 1.37257379596
35 0.0471797902298 1.12605055361
35.5 0.0666589102342 0.924525153055
36 0.0976799986862 0.760007563308
36.5 0.147460386116 0.626004950664
37 0.228062134408 0.517279683725
37.5 0.359692051226 0.429665741099
38 0.576264500377 0.359946810611
38.5 0.934709495451 0.305814247475
39 1.53041234625 0.265960443255
39.5 2.52223487482 0.240463221644
40 4.17131677856 0.231932420833
40.5 6.89430222555 0.249011660654
41 11.3049710021 0.318604248489
41.5 18.0620966824 0.537852013511
42 26.4175417127 1.34046761412
42.5 27.2085278946 4.50681149767
43 10.9049215843 9.80634792129
43.5 2.2816815821 10.616032935
44 0.53834749012 9.21997062918
44.5 0.172774552871 7.66797176213
45 0.0742631599091 6.31392111706
45.5 0.0409116168779 5.18361165207
46 0.0276870717809 4.25106501546
46.5 0.0221957356406 3.48474836153
47 0.0204479682722 2.85608061178
47.5 0.0211133034258 2.34077097604
48 0.0239356267602 1.91860284486
48.5 0.0292934721956 1.57289188722
49 0.0381691985932 1.28992596105
49.5 0.0523508455966 1.05846587402
50 0.0748757193769 0.869321591455
