"Time" "Prey" "Predator"
0 1 0.999999
0.1 0.935644292539 0.996748750177
0.2 0.876171243083 0.987372658185
0.3 0.821811610879 0.972532659976
0.4 0.772602412667 0.952967678515
0.5 0.728434716383 0.929448402411
0.6 0.68910147215 0.902734633915
0.7 0.654331019133 0.873548251877
0.8 0.623816648535 0.842553343698
0.9 0.597239989397 0.810343964212
1 0.574286436554 0.777439921206
1.1 0.554654838547 0.744287259128
1.2 0.538065081805 0.711260595963
1.3 0.524261544407 0.678668668128
1.4 0.513014370969 0.646760848593
1.5 0.504120314987 0.615733659282
1.6 0.497400567746 0.585738273492
1.7 0.492700076102 0.556886648953
1.8 0.489885538084 0.529257811741
1.9 0.488843430672 0.502903165718
2 0.489478269258 0.477851441718
2.1 0.491710723567 0.454113054148
2.2 0.495475962703 0.431683559864
2.3 0.500722152168 0.410546863475
2.4 0.507408890412 0.390678383399
2.5 0.515506126656 0.372046775725
2.6 0.524993026673 0.354615258415
2.7 0.535856854122 0.338344590957
2.8 0.548092183627 0.323193460794
2.9 0.561699921412 0.309119966619
3 0.576686620632 0.296082263615
3.1 0.593063699792 0.284039507067
3.2 0.610846808113 0.272952322932
3.3 0.630055076712 0.262783471389
3.4 0.650710514244 0.253498161509
3.5 0.672837199465 0.245064561625
3.6 0.696460611349 0.23745404194
3.7 0.721606682171 0.230641634573
3.8 0.748301151762 0.224606084079
3.9 0.776568474732 0.219330245023
4 0.806430322427 0.214801770129
4.1 0.837904970339 0.21101288682
4.2 0.871005187211 0.207961182227
4.3 0.905736692645 0.205649962456
4.4 0.942096611311 0.204088531572
4.5 0.980070206451 0.20329319718
4.6 1.01962913262 0.20328758729
4.7 1.06072811393 0.20410348333
4.8 1.10330052733 0.205781946107
4.9 1.14725578863 0.208373922781
5 1.19247337914 0.211941616497
5.1 1.2387978688 0.216559662196
5.2 1.28603383244 0.222316278806
5.3 1.33393783881 0.229314539547
5.4 1.38221231541 0.237673895764
5.5 1.43049802414 0.247531145882
5.6 1.47836619217 0.259040441293
5.7 1.52531068804 0.272374326545
5.8 1.57074383145 0.287721437421
5.9 1.61398839548 0.305286093734
6 1.65428159813 0.325280310037
6.1 1.69077114327 0.347920305693
6.2 1.72253214729 0.373411846547
6.3 1.74858558604 0.401934426905
6.4 1.7679254373 0.433622048488
6.5 1.77955924358 0.468537419323
6.6 1.78256928811 0.506638695901
6.7 1.7761738639 0.547749504198
6.8 1.75980607149 0.591524311182
6.9 1.73318369828 0.637426398396
7 1.69637534153 0.684714512262
7.1 1.64984566267 0.73244759688
7.2 1.59446171752 0.779518926598
7.3 1.53146720013 0.824709151543
7.4 1.46241157325 0.866764483853
7.5 1.38904520363 0.904486494554
7.6 1.31319932072 0.936819659386
7.7 1.2366555955 0.962931535393
7.8 1.16104633886 0.982256900182
7.9 1.08776406135 0.994528739276
8 1.01791994689 0.999765604377
8.1 0.952328593875 0.998241724831
8.2 0.891523346354 0.990437719919
8.3 0.835790433648 0.976983814863
8.4 0.785212819993 0.958603600817
8.5 0.739717600245 0.936062785256
8.6 0.699120019693 0.910127445979
8.7 0.663162280643 0.881531980096
8.8 0.631544858347 0.850957084695
8.9 0.603950584713 0.819016292901
9 0.580062248031 0.786249939609
9.1 0.559574155755 0.753123481419
9.2 0.542200294207 0.720029918316
9.3 0.527678217572 0.687295075849
9.4 0.515771294829 0.655183386157
9.5 0.506269085704 0.623904802024
9.6 0.498986369952 0.593621952423
9.7 0.493761941987 0.564456602331
9.8 0.490456909409 0.53649590053
9.9 0.488952787058 0.509798057519
10 0.48914932938 0.484397524227
10.1 0.490963099852 0.460309173247
10.2 0.494325554974 0.437532145724
10.3 0.499181543988 0.416053286209
10.4 0.505487763012 0.395849827743
10.5 0.513211580117 0.376891852134
10.6 0.522329797656 0.359144156962
10.7 0.532827626466 0.342568063282
10.8 0.544697744682 0.327122683262
10.9 0.557939449347 0.312766142093
11 0.572557851911 0.299456509794
11.1 0.588563153827 0.287152583332
11.2 0.605969884106 0.275814654309
11.3 0.624796367926 0.265404746062
11.4 0.645063935414 0.255887294278
11.5 0.666796112091 0.247229796496
11.6 0.690018194029 0.239402594184
11.7 0.714756043777 0.232379765466
11.8 0.741035572101 0.226139016371
11.9 0.768881606255 0.220662148457
12 0.798316706462 0.215935495695
12.1 0.829360252188 0.211949967821
12.2 0.862026488225 0.208701770865
12.3 0.896323390119 0.206192551658
12.4 0.932250426359 0.204430027395
12.5 0.969796285404 0.203428586395
12.6 1.00893677792 0.203209742511
12.7 1.04963101113 0.20380315538
12.8 1.09181885754 0.205247218806
12.9 1.13541650585 0.207590139285
13 1.18031171151 0.210891081447
13.1 1.22635908002 0.215221224946
13.2 1.27337414304 0.220665040587
13.3 1.32112713849 0.227321599224
13.4 1.36933564078 0.235305811582
13.5 1.41765745864 0.244749686239
13.6 1.46568313486 0.255802682769
13.7 1.51292781786 0.268632709038
13.8 1.55882624685 0.28342415295
13.9 1.60272491316 0.300377678328
14 1.64388421714 0.319703535936
14.1 1.68147422506 0.341618256295
14.2 1.71458899039 0.366331233021
14.3 1.74226114316 0.394030866104
14.4 1.76348810245 0.424865756079
14.5 1.77726854086 0.458920612263
14.6 1.78265942726 0.496184253099
14.7 1.7788352362 0.536519717082
14.8 1.76516486872 0.579628995202
14.9 1.74128280707 0.625028551287
15 1.70715916973 0.67203176664
15.1 1.66315081903 0.719748538724
15.2 1.61001812914 0.76711223741
15.3 1.54891032827 0.812926344946
15.4 1.48130424239 0.855938011263
15.5 1.40890807614 0.894924951382
15.6 1.33354478386 0.928784996554
15.7 1.25701891034 0.956621601465
15.8 1.1810135359 0.977793273292
15.9 1.10699057183 0.991953681632
16 1.03613868247 0.999047607685
16.1 0.969351086457 0.999285298331
16.2 0.907233235906 0.99309787896
16.3 0.850133334535 0.981081197457
16.4 0.798183868456 0.963939309356
16.5 0.751348889481 0.942431265764
16.6 0.709469348308 0.917326605944
16.7 0.672303566455 0.889370677672
16.8 0.639560515411 0.859260123148
16.9 0.610925738946 0.82762720438
17 0.586080646063 0.795032225749
17.1 0.56471561416 0.761960276603
17.2 0.546538837432 0.728823338978
17.3 0.531281210753 0.695964690096
17.4 0.51869927562 0.663664283449
17.5 0.508575609138 0.632145965056
17.6 0.500718320167 0.601584369005
17.7 0.494960041732 0.572111436148
17.8 0.491156096889 0.543822985041
17.9 0.489182730759 0.516784430033
18 0.488935060209 0.491036070655
18.1 0.490325284086 0.466597639675
18.2 0.493281100242 0.443472085495
18.3 0.497743920853 0.421649252575
18.4 0.503667415209 0.401108677538
18.5 0.511016232433 0.381822154323
18.6 0.519764767441 0.36375568601
18.7 0.529896084778 0.346871405399
18.8 0.541400963786 0.331128858381
18.9 0.554277013475 0.31648636052
19 0.568527875405 0.302901893325
19.1 0.58416246278 0.290333998817
19.2 0.601194213246 0.278742524017
19.3 0.619640504958 0.26808898548
19.4 0.63952196983 0.258337062468
19.5 0.660861566291 0.249453505997
19.6 0.683684237967 0.241407796158
19.7 0.708015753312 0.234173016161
19.8 0.733882096386 0.227725880739
19.9 0.761308525447 0.222047025516
20 0.790318260411 0.217121603938
