"Time" "Prey" "Predator"
0 1.00326526574 1.00326760533
0.1 0.938271710538 1.0003010479
0.2 0.878203241431 0.991122070426
0.3 0.823298848673 0.97639706122
0.4 0.773599202338 0.956872731963
0.5 0.728995533182 0.933329351704
0.6 0.689278482586 0.906537093663
0.7 0.65417241072 0.877228250949
0.8 0.623365754312 0.846076736497
0.9 0.596535119036 0.81368537769
1 0.573360698183 0.780581811876
1.1 0.553536535067 0.747218634777
1.2 0.536778102612 0.713975894669
1.3 0.52282583736 0.681166707669
1.4 0.511446432745 0.649043884787
1.5 0.502433669964 0.617806559415
1.6 0.495606176368 0.587607862374
1.7 0.490806712413 0.558561112978
1.8 0.487900153555 0.530746226343
1.9 0.486771438602 0.504215149724
2 0.487323797992 0.4789968209
2.1 0.489476840046 0.455101653838
2.2 0.493164854836 0.432525020905
2.3 0.498335293516 0.411250500087
2.4 0.504947159843 0.391253152562
2.5 0.512969965725 0.372501052396
2.6 0.522382518364 0.354956856686
2.7 0.533171824821 0.33858086395
2.8 0.545332297045 0.323331097838
2.9 0.55886474002 0.30916511247
3 0.573775702957 0.296040432399
3.1 0.590076664355 0.283915642107
3.2 0.607783419822 0.272750763907
3.3 0.626915319877 0.262507991528
3.4 0.647494684058 0.253151951865
3.5 0.669545981376 0.244650258864
3.6 0.693095178189 0.236973727104
3.7 0.718168810968 0.230096832978
3.8 0.744793402213 0.22399769623
3.9 0.772994149621 0.218658712923
4 0.802793808117 0.214066909072
4.1 0.834211853651 0.210213902144
4.2 0.867262295773 0.20709674474
4.3 0.901952563095 0.204718047566
4.4 0.938281514156 0.203086484327
4.5 0.97623645518 0.202217695149
4.6 1.01579158944 0.202134516085
4.7 1.05690404156 0.202868037771
4.8 1.099510436 0.204458459588
4.9 1.14352368841 0.206955847589
5 1.18882682231 0.210421579049
5.1 1.23526896552 0.214929335174
5.2 1.28265928741 0.220566378141
5.3 1.33075930234 0.227434949019
5.4 1.3792770931 0.235653755915
5.5 1.42785921507 0.245358691191
5.6 1.47608238888 0.256703739179
5.7 1.52344676846 0.269861124577
5.8 1.56936932226 0.28502049166
5.9 1.61317818171 0.302386998959
6 1.65411267799 0.322175488543
6.1 1.69132118231 0.344606238814
6.2 1.7238784795 0.369889643482
6.3 1.75079838677 0.398213568557
6.4 1.77106214447 0.429722802432
6.5 1.78366233469 0.464492048758
6.6 1.78765594991 0.502495107778
6.7 1.78223242112 0.543572590686
6.8 1.76678765305 0.587397437258
6.9 1.74100047661 0.633449958509
7 1.70490414229 0.680998816009
7.1 1.65892203708 0.729115725671
7.2 1.60389426339 0.776692554199
7.3 1.54104633646 0.822501739641
7.4 1.47192305261 0.865271849077
7.5 1.39828565088 0.903777345847
7.6 1.32198715706 0.936931500758
7.7 1.24484556532 0.963864319401
7.8 1.16852887672 0.983979534477
7.9 1.09446941203 0.996980123079
8 1.02381518872 1.00286169453
8.1 0.957412732601 1.0018830509
8.2 0.895820256751 0.994517099016
8.3 0.839342157356 0.981392840506
8.4 0.788073239169 0.963238130811
8.5 0.741946157923 0.940827416799
8.6 0.700777885585 0.914937517499
8.7 0.664309258608 0.886314786831
8.8 0.632237133696 0.855652292291
8.9 0.604239425568 0.823575479947
9 0.579993432055 0.790635236208
9.1 0.559188322102 0.757306215735
9.2 0.541532277352 0.723990509468
9.3 0.526758245665 0.691020401208
9.4 0.514624824082 0.65866636472
9.5 0.504917506382 0.62714302374
9.6 0.497447611739 0.596616608718
9.7 0.492050712787 0.567211870011
9.8 0.488585291683 0.539018043523
9.9 0.486930411581 0.512094999761
10 0.486983985814 0.486478159979
10.1 0.48866089994 0.462183056605
10.2 0.491891215853 0.439209268823
10.3 0.496618534546 0.417543732216
10.4 0.502798430544 0.397163602723
10.5 0.510397492214 0.378038719196
10.6 0.519391792398 0.360133443128
10.7 0.529765979525 0.343408720201
10.8 0.541512302545 0.327823032864
10.9 0.554629694007 0.313334044353
11 0.569123078387 0.299899099397
11.1 0.585002492321 0.287476461296
11.2 0.60228252884 0.276025590041
11.3 0.620981513813 0.265508021389
11.4 0.641120960984 0.255887568552
11.5 0.6627247474 0.247130931427
11.6 0.685818494718 0.239207895288
11.7 0.710428634838 0.23209182118
11.8 0.736581759422 0.22575973198
11.9 0.7643036922 0.220192586053
12 0.79361794106 0.215376076098
12.1 0.824545145678 0.211300373048
12.2 0.857101196055 0.207960809752
12.3 0.89129559845 0.205358321268
12.4 0.927130138262 0.203499640274
12.5 0.964595800195 0.202398264736
12.6 1.00367100667 0.202074793758
12.7 1.04431860202 0.202557677096
12.8 1.08648157452 0.203884326635
12.9 1.1300805713 0.206101689466
13 1.17500823335 0.209267587862
13.1 1.22112437175 0.213451876139
13.2 1.2682510881 0.218737566638
13.3 1.3161648855 0.225222221709
13.4 1.36459080216 0.233019422652
13.5 1.41319485133 0.242259864553
13.6 1.46157575228 0.25309184616
13.7 1.50925722064 0.265682359875
13.8 1.55568254766 0.280215588032
13.9 1.600206273 0.296892856914
14 1.6420955868 0.315926095292
14.1 1.68052482478 0.337535377286
14.2 1.71458962563 0.36193550131
14.3 1.74331964766 0.389323003509
14.4 1.76570326448 0.419857815163
14.5 1.78072281816 0.453639531927
14.6 1.78741063227 0.490675395277
14.7 1.78490761629 0.530850149645
14.8 1.7725400591 0.573890061027
14.9 1.74989148426 0.619337475614
15 1.71688476995 0.666523241855
15.1 1.67382080033 0.714577860384
15.2 1.62141360698 0.762443693735
15.3 1.56077893947 0.808920742648
15.4 1.49337385878 0.852742719997
15.5 1.42090643234 0.892660064214
15.6 1.34521628232 0.927534399677
15.7 1.26814489508 0.956423435616
15.8 1.19141514798 0.978644515297
15.9 1.11653842573 0.993808752521
16 1.04475204113 1.00182558997
16.1 0.976992845667 1.00287914448
16.2 0.913903613044 0.997383120945
16.3 0.855861348348 0.985925461543
16.4 0.803018651383 0.969210488465
16.5 0.755352268899 0.948003451774
16.6 0.712709899685 0.923084225208
16.7 0.67485154236 0.895211371589
16.8 0.641484200561 0.865095995763
16.9 0.612289419471 0.833384909484
17 0.586943147632 0.800651933683
17.1 0.565129847554 0.767394775612
17.2 0.546551495836 0.734036780019
17.3 0.530933181423 0.700930882049
17.4 0.518025500598 0.668365624546
17.5 0.507606115963 0.636571480089
17.6 0.499478435359 0.605728827538
17.7 0.493470983193 0.575974134063
17.8 0.489435547751 0.547406721448
17.9 0.487245070343 0.520094841708
18 0.486792060008 0.494080735797
18.1 0.487986433298 0.469385534442
18.2 0.490753822128 0.446013250839
18.3 0.495033957468 0.423954333167
18.4 0.500778862082 0.403188588615
18.5 0.507951981588 0.38368788598
18.6 0.516526620697 0.365417987619
18.7 0.526484941111 0.348340768737
18.8 0.537816996819 0.33241527526
18.9 0.550519778096 0.317599341592
19 0.564596487331 0.303850295452
19.1 0.580055687306 0.291126055505
19.2 0.596910667387 0.279385658482
19.3 0.61517870008 0.268589949681
19.4 0.634880401222 0.258702025408
19.5 0.656039020308 0.249687652967
19.6 0.678679719495 0.241515670362
19.7 0.702828791623 0.234158300941
19.8 0.728512831997 0.227591477099
19.9 0.75575806726 0.221794871511
20 0.784588781978 0.216752751166
