"Time" "Prey" "Predator"
0 1.0032670086 1.0032661633
0.1 0.938273509651 1.00029978757
0.2 0.878205061805 0.991121001305
0.3 0.82330066197 0.976396185584
0.4 0.77360098665 0.956872046102
0.5 0.728997272381 0.933328847251
0.6 0.689280165495 0.90653675887
0.7 0.654174030222 0.877228071864
0.8 0.623367306491 0.846076697961
0.9 0.596536602394 0.813685464139
1 0.573362113019 0.780582007917
1.1 0.553537882927 0.747218925645
1.2 0.536779385869 0.713976266509
1.3 0.522827058893 0.681167147714
1.4 0.51144759569 0.649044381447
1.5 0.50243477754 0.617807102295
1.6 0.495607231748 0.587608442253
1.7 0.490807718636 0.558561721757
1.8 0.487901113469 0.530746856972
1.9 0.486772354823 0.504215796118
2 0.487324672883 0.478997477852
2.1 0.489477675704 0.455102316936
2.2 0.493165653088 0.432525686438
2.3 0.49833605592 0.411251164974
2.4 0.504947887693 0.391253814265
2.5 0.512970660052 0.372501708864
2.6 0.522383179939 0.354957506298
2.7 0.533172454165 0.338581505442
2.8 0.545332894424 0.323331730268
2.9 0.558865305457 0.309165735165
3 0.57377623623 0.296041044924
3.1 0.590077164996 0.283916244222
3.2 0.607783887115 0.272751355547
3.3 0.626915752862 0.262508572768
3.4 0.647495081519 0.253152522903
3.5 0.66954634184 0.24465082
3.6 0.693095499917 0.236974278719
3.7 0.718169091952 0.230097375525
3.8 0.744793640168 0.22399823021
3.9 0.772994341968 0.218659238886
4 0.802793951985 0.214067427594
4.1 0.834211945863 0.210214413819
4.2 0.867262332837 0.207097250174
4.3 0.901952541205 0.204718547355
4.4 0.938281429181 0.203086979055
4.5 0.97623630267 0.202218185367
4.6 1.01579136464 0.202135002294
4.7 1.0569037394 0.202868520408
4.8 1.09951005114 0.204458938994
4.9 1.14352321529 0.206956323981
5 1.18882625517 0.210422052483
5.1 1.23526829851 0.214929805497
5.2 1.28265851467 0.22056684493
5.3 1.33075841816 0.22743541151
5.4 1.37927609212 0.23565421292
5.5 1.42785809249 0.245359140974
5.6 1.47608114075 0.256704179345
5.7 1.52344539213 0.269861551892
5.8 1.56936781669 0.285020901933
5.9 1.6131765482 0.302387386755
6 1.65411092052 0.322175847116
6.1 1.69131930851 0.344606559766
6.2 1.72387650115 0.369889916687
6.3 1.75079632051 0.398213782077
6.4 1.77106001221 0.429722942569
6.5 1.78366016418 0.464492100177
6.6 1.78765377447 0.50249505407
6.7 1.78223027922 0.54357241505
6.8 1.76678558699 0.587397123689
6.9 1.74099853096 0.633449493002
7 1.70490236105 0.680998188423
7.1 1.65892046111 0.729114931138
7.2 1.60389292739 0.776691594524
7.3 1.54104526621 0.822500624273
7.4 1.47192226319 0.865270595188
7.5 1.3982851458 0.903775977676
7.6 1.32198692861 0.936930048134
7.7 1.24484559603 0.963862815657
7.8 1.16852914158 0.983978014111
7.9 1.09446988114 0.99697861947
8 1.02381582993 1.00286023799
8.1 0.957413513758 1.00188166729
8.2 0.895821147503 0.994515808971
8.3 0.839343130368 0.981391659142
8.4 0.788074270715 0.963237068023
8.5 0.741947228121 0.940826477757
8.6 0.700778978293 0.91493670336
8.7 0.664310361099 0.886314095526
8.8 0.632238236206 0.855651719301
8.9 0.604240520855 0.823575018982
9 0.579994514944 0.790634879815
9.1 0.559189389058 0.757305955805
9.2 0.541533326162 0.723990337562
9.3 0.526759275098 0.691020308929
9.4 0.514625833624 0.658666343926
9.5 0.504918496104 0.627143066622
9.6 0.497448582065 0.59661670798
9.7 0.492051664409 0.567212018885
9.8 0.488586225464 0.539018235802
9.9 0.486931328458 0.512095229819
10 0.486984886768 0.48647842274
10.1 0.488661785937 0.462183347535
10.2 0.491892087808 0.439209583892
10.3 0.496619393323 0.417544067875
10.4 0.502799276904 0.397163955853
10.5 0.510398326817 0.378039087095
10.6 0.519392615789 0.360133823454
10.7 0.529766792119 0.343409110955
10.8 0.54151310462 0.327823432349
10.9 0.55463048569 0.31333445115
11 0.569123859649 0.29989951234
11.1 0.585003262963 0.28747687944
11.2 0.602283288483 0.276026012653
11.3 0.620982261885 0.265508447913
11.4 0.641121696702 0.25588799861
11.5 0.662725469762 0.247131364786
11.6 0.685819202478 0.239208331861
11.7 0.710429326496 0.232092260999
11.8 0.736582433175 0.225760175221
11.9 0.764304345955 0.220193032987
12 0.793618572392 0.215376527094
12.1 0.824545751768 0.211300828596
12.2 0.857101773743 0.20796127041
12.3 0.891296144104 0.205358787701
12.4 0.927130647788 0.203500113235
12.5 0.964596269036 0.202398745041
12.6 1.00367142967 0.20207528232
12.7 1.0443189735 0.202558174881
12.8 1.08648188816 0.203884834671
12.9 1.13008082011 0.206102208843
13 1.17500840975 0.209268119676
13.1 1.22112446741 0.2134524215
13.2 1.26825109398 0.218738126636
13.3 1.316164792 0.22522279734
13.4 1.364590599 0.233020014747
13.5 1.41319452773 0.242260473776
13.6 1.46157529721 0.253092472777
13.7 1.50925662287 0.265683003723
13.8 1.55568179628 0.280216248199
13.9 1.60020535767 0.296893531636
14 1.64209449843 0.31592678166
14.1 1.6805235566 0.337536070659
14.2 1.71458817287 0.36193619562
14.3 1.74331800971 0.389323690254
14.4 1.76570144595 0.419858483125
14.5 1.78072082897 0.453640167244
14.6 1.7874084898 0.490675981056
14.7 1.78490534519 0.530850666067
14.8 1.77253769205 0.573890486057
14.9 1.74988906115 0.619337785745
15 1.71688233661 0.666523413817
15.1 1.67381840741 0.71457787179
15.2 1.62141130542 0.762443526712
15.3 1.56077677858 0.808920384575
15.4 1.49337188199 0.85274216585
15.5 1.42090467482 0.892659317273
15.6 1.34521476894 0.927533471648
15.7 1.26814363923 0.956422346247
15.8 1.19141415213 0.978643290567
15.9 1.11653768304 0.993807422488
16 1.04475153693 1.00182418691
16.1 0.976992559892 1.00287770055
16.2 0.913903522676 0.997381666283
16.3 0.855861429048 0.985924023295
16.4 0.803018879156 0.969209089747
16.5 0.755352621237 0.948002111322
16.6 0.712710356202 0.923082957447
16.7 0.674852085028 0.895210186962
16.8 0.641484813909 0.865094901095
16.9 0.612290090465 0.833383908542
17 0.586943865464 0.800651027725
17.1 0.565130603393 0.767393963911
17.2 0.546552282617 0.734036060245
17.3 0.530933993499 0.700930250817
17.4 0.51802633359 0.66836507764
17.5 0.507606966496 0.636571012794
17.6 0.49947930087 0.605728434877
17.7 0.493471861815 0.575973810925
17.8 0.489436438144 0.547406462761
17.9 0.487245971596 0.520094642523
18 0.486792971549 0.494080591359
18.1 0.487987354815 0.469385440245
18.2 0.490754753505 0.446013202652
18.3 0.495034898738 0.42395432706
18.4 0.500779813382 0.403188620958
18.5 0.507952943118 0.383687953454
18.6 0.51652759269 0.365418087208
18.7 0.526485923806 0.348340897714
18.8 0.537817990436 0.33241543119
18.9 0.550520782815 0.317599522304
19 0.564597503263 0.303850499043
19.1 0.58005671448 0.291126280307
19.2 0.596911705719 0.279385903076
19.3 0.615179749358 0.268590212858
19.4 0.634881461073 0.258702306182
19.5 0.656040090183 0.249687950545
19.6 0.678680798625 0.241515984156
19.7 0.702829879009 0.234158630537
19.8 0.728513926347 0.227591822279
19.9 0.755759166964 0.221795232242
20 0.784589885086 0.216753127569
