"Time" "Prey" "Predator"
0 1 1.000001
0.1 0.935644043835 0.996750730986
0.2 0.876170781631 0.987374585011
0.3 0.821810971237 0.972534504022
0.4 0.772601626624 0.952969417294
0.5 0.728433812192 0.929450019528
0.6 0.689100474229 0.902736118527
0.7 0.654329948053 0.87354959799
0.8 0.62381552126 0.842554549343
0.9 0.597238819713 0.810345030607
1 0.574285235389 0.777440852076
1.1 0.554653614449 0.74428806
1.2 0.538063841328 0.711261273615
1.3 0.524260292471 0.678669230128
1.4 0.513013111172 0.646761302931
1.5 0.504119049886 0.615734014076
1.6 0.49739929906 0.585738536788
1.7 0.4926988049 0.556886828554
1.8 0.489884264944 0.529257915097
1.9 0.488842155796 0.502903199859
2 0.489476992578 0.477851413196
2.1 0.491709444823 0.454112969019
2.2 0.495474681507 0.431683423687
2.3 0.500720868063 0.410546681302
2.4 0.507407602905 0.390678159829
2.5 0.515504835273 0.372046514856
2.6 0.524991730982 0.354614963885
2.7 0.535855553764 0.338344266029
2.8 0.548090878348 0.323193108304
2.9 0.561698611078 0.309119589053
3 0.576685305264 0.2960818631
3.1 0.593062379587 0.284039085412
3.2 0.610845483473 0.272951881638
3.3 0.63005374827 0.262783011676
3.4 0.650709182901 0.253497684323
3.5 0.672835866416 0.245064067665
3.6 0.696459278125 0.237453531663
3.7 0.721605350675 0.230641108209
3.8 0.748299824337 0.224605541617
3.9 0.776567154167 0.219329686259
4 0.806429012053 0.214801194643
4.1 0.837903674093 0.211012293969
4.2 0.871003909643 0.207960571185
4.3 0.90573543908 0.205649332169
4.4 0.942095387877 0.204087880777
4.5 0.980069020149 0.20329252442
4.6 1.0196279915 0.203286890873
4.7 1.06072702709 0.204102761367
4.8 1.10329950506 0.205781196492
4.9 1.1472548426 0.208373143189
5 1.19247252229 0.211940804433
5.1 1.23879711565 0.216558814985
5.2 1.28603319908 0.222315393628
5.3 1.33393734286 0.229313613522
5.4 1.38221197612 0.237672926054
5.5 1.43049786238 0.247530129707
5.6 1.47836623005 0.259039376231
5.7 1.52531094889 0.272373210659
5.8 1.57074433915 0.287720269676
5.9 1.61398917399 0.305284874316
6 1.65428267064 0.32527904076
6.1 1.69077253036 0.347918991029
6.2 1.72253386711 0.37341049347
6.3 1.74858765095 0.401933046429
6.4 1.7679278521 0.433620656328
6.5 1.77956200406 0.468536036344
6.6 1.7825723783 0.506637348684
6.7 1.77617725468 0.547748225392
6.8 1.75980971955 0.59152313847
6.9 1.73318754583 0.637425373955
7 1.69637931796 0.684713680262
7.1 1.64984968785 0.732447000446
7.2 1.59446570579 0.779518604774
7.3 1.53147106561 0.824709135568
7.4 1.46241523601 0.866764793798
7.5 1.3890485944 0.904487137434
7.6 1.31320238507 0.936820627924
7.7 1.23665829602 0.96293280875
7.8 1.16104865567 0.982258445539
7.9 1.08776599053 0.994530515073
8 1.01792149821 0.999767563374
8.1 0.95232978746 0.998243817648
8.2 0.891524209422 0.990439897981
8.3 0.835790997416 0.976986032778
8.4 0.785213117137 0.958605818017
8.5 0.739717662972 0.936064966924
8.6 0.699119878403 0.910129563404
8.7 0.663161963092 0.881534010575
8.8 0.631544389236 0.850959011112
8.9 0.60394998558 0.819018103141
9 0.580061537352 0.786251625816
9.1 0.559573349134 0.753125039366
9.2 0.542199404672 0.720031346686
9.3 0.52767725591 0.6872963756
9.4 0.515770269824 0.655184560063
9.5 0.506268004467 0.62390585416
9.6 0.498985238189 0.593622887776
9.7 0.493760764182 0.564457426531
9.8 0.49045568906 0.53649661956
9.9 0.488951526854 0.509798677518
10 0.489148031279 0.484398051377
10.1 0.490961765309 0.460309613585
10.2 0.494324184964 0.437532505103
10.3 0.499180139139 0.416053570219
10.4 0.505486323662 0.39585004167
10.5 0.513210106392 0.376892000915
10.6 0.52232828952 0.359144245195
10.7 0.532826083776 0.342568095182
10.8 0.544696167234 0.327122662696
10.9 0.557937836924 0.312766072541
11 0.572556204319 0.299456394394
11.1 0.588561470939 0.287152424861
11.2 0.605968165899 0.275814455211
11.3 0.624794614557 0.265404508381
11.4 0.645062147192 0.255887019821
11.5 0.666794289605 0.247229486693
11.6 0.690016338166 0.239402250147
11.7 0.714754155753 0.232379388029
11.8 0.7410336536 0.226138606009
11.9 0.768879659393 0.220661705392
12 0.798314733976 0.2159350198
12.1 0.829358257468 0.211949458654
12.2 0.862024475393 0.208701227682
12.3 0.896321364236 0.206191973345
12.4 0.932248393386 0.204429412536
12.5 0.969794252525 0.203427933178
12.6 1.00893475358 0.203209048753
12.7 1.04962900519 0.203802418518
12.8 1.09181688162 0.205246435825
12.9 1.13541457327 0.20758930677
13 1.18030983769 0.21089019553
13.1 1.22635728258 0.215220281299
13.2 1.27337244216 0.220664034444
13.3 1.32112555695 0.227320525362
13.4 1.36933420416 0.235304664471
13.5 1.41765619558 0.244748459973
13.6 1.46568207679 0.25580137141
13.7 1.51292699934 0.268631306616
13.8 1.55882570486 0.283422653964
13.9 1.60272468686 0.300376078129
14 1.6438843473 0.319701831058
14.1 1.68147475126 0.341616446193
14.2 1.71458995306 0.366329318994
14.3 1.74226257788 0.394028854309
14.4 1.7634900377 0.424863658481
14.5 1.77727099708 0.458918447206
14.6 1.78266241092 0.496182047054
14.7 1.7788387382 0.536517505929
14.8 1.76516886082 0.579626823387
14.9 1.7412872396 0.625026473042
15 1.70716397133 0.67202984335
15.1 1.66315590014 0.719746835126
15.2 1.61002338405 0.767110819018
15.3 1.54891564134 0.812925272427
15.4 1.48130949702 0.855937334932
15.5 1.4089131607 0.894924707704
15.6 1.33354960007 0.92878520378
15.7 1.25702337737 0.956622259675
15.8 1.18101759499 0.977794363138
15.9 1.10699418584 0.991955168076
16 1.03614183515 0.999049442822
16.1 0.969353779214 0.999287425883
16.2 0.907235484082 0.993100238532
16.3 0.850135163462 0.981083728261
16.4 0.798185309731 0.963941953311
16.5 0.75134997788 0.942433969657
16.6 0.709470119294 0.917329322829
16.7 0.67230405444 0.889373367499
16.8 0.639560752605 0.859262752842
16.9 0.610925754676 0.827629747549
17 0.58608046648 0.795034662087
17.1 0.564715262176 0.761962591219
17.2 0.546538332858 0.728825521619
17.3 0.531280570524 0.695966734406
17.4 0.518698514041 0.663666186303
17.5 0.508574738201 0.63214772589
17.6 0.500717349837 0.601585989278
17.7 0.494958980183 0.572112918887
17.8 0.491154950787 0.543824334411
17.9 0.489181505484 0.516785651006
18 0.488933759979 0.491037168783
18.1 0.490323912232 0.466598620797
18.2 0.493279659268 0.443472955611
18.3 0.497742412616 0.421650017692
18.4 0.503665840999 0.401109343558
18.5 0.511014593087 0.381822726966
18.6 0.519763063421 0.363756170748
18.7 0.529894316249 0.346871807407
18.8 0.541399130677 0.331129182518
18.9 0.554275115555 0.316486611279
19 0.568525912327 0.30290207485
19.1 0.58416043415 0.290334114866
19.2 0.601192118668 0.27874257799
19.3 0.619638344124 0.268088980333
19.4 0.639519742524 0.25833700083
19.5 0.660859272497 0.249453390096
19.6 0.683681877938 0.241407627806
19.7 0.708013327591 0.234172796831
19.8 0.733879605972 0.227725611455
19.9 0.761305971792 0.222046706948
20 0.7903156456 0.217121236327
