"Time" "Prey" "Predator"
0 1.00325840306 1.0032611971
0.1 0.938266133722 1.00029403715
0.2 0.878198869261 0.991114631645
0.3 0.823295582175 0.976389360931
0.4 0.77359693417 0.956864921732
0.5 0.728994154838 0.933321564299
0.6 0.689277889584 0.906529441228
0.7 0.654172506115 0.877220824762
0.8 0.623366450604 0.846069608018
0.9 0.596536338622 0.813678600598
1 0.573362373802 0.780575423904
1.1 0.553538609066 0.747212660257
1.2 0.536780526203 0.713970346771
1.3 0.522828569701 0.681161590518
1.4 0.511449439966 0.64903919537
1.5 0.502436924239 0.617802289248
1.6 0.49560965507 0.587603998849
1.7 0.490810397371 0.558557640568
1.8 0.487904030332 0.530743127586
1.9 0.486775495904 0.504212405924
2 0.487328027173 0.478994412794
2.1 0.489481234639 0.455099562146
2.2 0.493169410199 0.432523226549
2.3 0.498340006495 0.411248984584
2.4 0.504952028521 0.391251898096
2.5 0.512974989109 0.372500042277
2.6 0.522387696229 0.354956075261
2.7 0.533177157495 0.338580296501
2.8 0.545337785227 0.323330730912
2.9 0.558870384649 0.309164933709
3 0.573781505022 0.29604043067
3.1 0.590082624759 0.283915807423
3.2 0.607789539219 0.272751087465
3.3 0.626921598511 0.262508465664
3.4 0.647501121599 0.253152570064
3.5 0.66955257674 0.244651015732
3.6 0.693101929368 0.236974618338
3.7 0.718175714761 0.230097855417
3.8 0.744800453908 0.223998847952
3.9 0.773001343063 0.218659992912
4 0.802801134986 0.214068317606
4.1 0.834219303322 0.210215440693
4.2 0.867269855111 0.207098415883
4.3 0.901960215581 0.204719855285
4.4 0.938289239936 0.203088433834
4.5 0.976244230199 0.202219793065
4.6 1.01579938465 0.20213677061
4.7 1.05691182313 0.202870458505
4.8 1.0995181635 0.204461057914
4.9 1.14353131458 0.206958636656
5 1.1888342926 0.210424573723
5.1 1.23527621619 0.214932552302
5.2 1.28266624571 0.220569836531
5.3 1.33076588522 0.227438669213
5.4 1.379283206 0.235657760149
5.5 1.42786475185 0.245363003534
5.6 1.47608723196 0.256708384223
5.7 1.52345078717 0.269866127819
5.8 1.56937237661 0.285025876464
5.9 1.61318011908 0.302392788179
6 1.65411334318 0.322181698184
6.1 1.69132041408 0.344612879117
6.2 1.72387612027 0.369896713795
6.3 1.75079429008 0.39822105274
6.4 1.77105618883 0.429730662703
6.5 1.78365442738 0.4645002238
6.6 1.78764604832 0.502503504105
6.7 1.78222053899 0.543581081897
6.8 1.76677387989 0.58740585756
6.9 1.74098497322 0.633458113168
7 1.70488715921 0.6810064747
7.1 1.65890389702 0.729122641666
7.2 1.60387534676 0.776698480553
7.3 1.54102706577 0.822506441565
7.4 1.4719038607 0.865275128243
7.5 1.39826695159 0.90377905645
7.6 1.32196932136 0.936931559896
7.7 1.24482889908 0.963862715322
7.8 1.16851360803 0.983976324549
7.9 1.0944556889 0.996975424991
8 1.02380308526 1.00285567328
8.1 0.957402256676 1.00187590467
8.2 0.89581136475 0.994509042783
8.3 0.839334768736 0.981384092039
8.4 0.788067248362 0.963228900606
8.5 0.741941446695 0.940817898825
8.6 0.700774331872 0.914927884203
8.7 0.66430674276 0.88630518675
8.8 0.632235542756 0.855642849431
8.9 0.604238656078 0.823566294573
9 0.579993391207 0.790626386792
9.1 0.55918892805 0.757297761339
9.2 0.541533459017 0.723982492128
9.3 0.526759941934 0.691012848776
9.4 0.514626983023 0.658659293157
9.5 0.504920084256 0.627136439377
9.6 0.49745057202 0.596610510244
9.7 0.492054025286 0.567206250138
9.8 0.48858893166 0.539012890475
9.9 0.486934359026 0.512090298449
10 0.48698822475 0.486473893026
10.1 0.48866541784 0.462179205151
10.2 0.491896003137 0.43920581319
10.3 0.496623584097 0.417540652426
10.4 0.50280373736 0.397160878932
10.5 0.51040305304 0.37803633199
10.6 0.519397605425 0.360131373799
10.7 0.529772044131 0.343406950917
10.8 0.541518619043 0.327821546818
10.9 0.554636263422 0.313332825864
11 0.569129902245 0.299898133981
11.1 0.585009572442 0.28747573572
11.2 0.602289867138 0.276025092356
11.3 0.620989112086 0.265507740952
11.4 0.641128820704 0.255887496052
11.5 0.662732869486 0.247131058886
11.6 0.685826879291 0.239208216088
11.7 0.710437280959 0.232092330066
11.8 0.736590664773 0.225760425115
11.9 0.764312852796 0.220193461009
12 0.793627350851 0.215377131904
12.1 0.82455479611 0.211301610275
12.2 0.857111075683 0.207962230517
12.3 0.891305692293 0.205359929369
12.4 0.927140427266 0.203501441262
12.5 0.964606260576 0.202400265998
12.6 1.00368160903 0.202077004698
12.7 1.04432931067 0.202560109221
12.8 1.08649234636 0.203886993738
12.9 1.13009135477 0.206104607813
13 1.17501896747 0.20927077629
13.1 1.22113498461 0.213455356266
13.2 1.26826149564 0.218741363011
13.3 1.31617499036 0.225226361791
13.4 1.36460049205 0.233023936849
13.5 1.41320399786 0.242264786207
13.6 1.46158421033 0.253097210925
13.7 1.50926482732 0.265688205323
13.8 1.5556891229 0.280221952266
13.9 1.60021161992 0.296899777342
14 1.6420994946 0.315933606098
14.1 1.68052707309 0.337543505918
14.2 1.71458998838 0.361944265638
14.3 1.74331790475 0.389332405013
14.4 1.76569921296 0.419867832972
14.5 1.78071628466 0.453650116389
14.6 1.78740149238 0.490686459916
14.7 1.7848958109 0.530861564398
14.8 1.77252588015 0.573901386899
14.9 1.74987711945 0.619346779451
15 1.71686705164 0.666533241899
15.1 1.6738003445 0.714587854892
15.2 1.62139129423 0.76245273234
15.3 1.56075485492 0.808928984601
15.4 1.49334908404 0.85274920041
15.5 1.42088188778 0.892664210295
15.6 1.34519389175 0.927535321078
15.7 1.26812228293 0.95642339395
15.8 1.19139339876 0.978642667928
15.9 1.11651814701 0.993804825851
16 1.04473329242 1.00181983401
16.1 0.976976248856 1.00287129823
16.2 0.913889325728 0.997373503434
16.3 0.855849377469 0.985914441895
16.4 0.803009007749 0.969198336016
16.5 0.755344906448 0.947990472235
16.6 0.712704479129 0.923070883929
16.7 0.67484769239 0.895198026071
16.8 0.641481746595 0.865082828837
16.9 0.612288144125 0.833371954701
17 0.586942920334 0.800639416122
17.1 0.565130500879 0.767382888621
17.2 0.546552904557 0.734025611363
17.3 0.530935078245 0.700920565798
17.4 0.518027980764 0.668355962723
17.5 0.507609051048 0.636562551934
17.6 0.499481797891 0.605720591907
17.7 0.493474779094 0.575966532961
17.8 0.489439717744 0.547399754318
17.9 0.48724971781 0.520088402918
18 0.48679719395 0.494074802476
18.1 0.487991972195 0.469380157547
18.2 0.490759732619 0.44600839725
18.3 0.495040141485 0.423949962689
18.4 0.500785380186 0.403184675631
18.5 0.507958827903 0.383684363892
18.6 0.516533806481 0.365414867137
18.7 0.526492481226 0.348337998661
18.8 0.537824889338 0.332412864629
18.9 0.550528042195 0.3175972475
19 0.564605117992 0.303848526384
19.1 0.58006469591 0.291124585972
19.2 0.596920004794 0.279384578792
19.3 0.615188344589 0.268589285813
19.4 0.634890390838 0.258701641958
19.5 0.656049290413 0.249687623583
19.6 0.678690319466 0.241515914591
19.7 0.702839731233 0.234158797596
19.8 0.728524185291 0.227592145344
19.9 0.755769789409 0.221795748805
20 0.784600854947 0.216753871456
