"Time" "Prey" "Predator"
0 1.00326622008 1.00326779902
0.1 0.938272573046 1.00030133189
0.2 0.878204010764 0.991122432684
0.3 0.823299526445 0.976397488719
0.4 0.773599792304 0.956873211527
0.5 0.728996040504 0.933329870632
0.6 0.689278913225 0.906537640161
0.7 0.654172770947 0.877228814421
0.8 0.623366050355 0.846077307684
0.9 0.596535356868 0.81368594869
1 0.573360883345 0.78058237612
1.1 0.5535366726 0.747219186931
1.2 0.536778197024 0.713976430513
1.3 0.522825892629 0.681167223967
1.4 0.511446452338 0.64904437915
1.5 0.502433656877 0.617807030173
1.6 0.495606133163 0.587608308456
1.7 0.490806641258 0.558561533807
1.8 0.487900056273 0.530746621738
1.9 0.486771316705 0.504215519823
2 0.48732365272 0.478997166088
2.1 0.489476672403 0.45510197468
2.2 0.493164665613 0.43252531811
2.3 0.498335083325 0.411250774459
2.4 0.504946929134 0.391253404974
2.5 0.512969714813 0.372501283739
2.6 0.522382247442 0.354957067866
2.7 0.533171533981 0.338581055877
2.8 0.54533198629 0.323331271392
2.9 0.55886440928 0.309165268504
3 0.5737753521 0.296040571719
3.1 0.590076293202 0.283915765472
3.2 0.607783028156 0.272750872018
3.3 0.62691490746 0.262508085025
3.4 0.647494250642 0.253152031324
3.5 0.669545526714 0.244650324792
3.6 0.693094702048 0.236973779937
3.7 0.718168313153 0.230096873077
3.8 0.744792882588 0.223997723864
3.9 0.772993608101 0.2186587283
4 0.802793244727 0.214066912301
4.1 0.834211268533 0.21021389324
4.2 0.867261689202 0.207096723631
4.3 0.901951935549 0.204718014063
4.4 0.938280866313 0.203086438138
4.5 0.976235787985 0.202217635862
4.6 1.01579090418 0.202134443146
4.7 1.05690333983 0.202867950498
4.8 1.09950971988 0.204458357133
4.9 1.14352296047 0.206955728932
5 1.18882608569 0.210421442992
5.1 1.23526822408 0.214929180313
5.2 1.28265854573 0.220566202849
5.3 1.33075856588 0.227434751451
5.4 1.37927636833 0.235653533993
5.5 1.42785850954 0.245358442562
5.6 1.47608171126 0.256703461298
5.7 1.52344612877 0.269860814634
5.8 1.56936873166 0.285020146803
5.9 1.61317765292 0.302386616094
6 1.65411222452 0.322175064834
6.1 1.69132081903 0.344605771519
6.2 1.7238782219 0.369889130354
6.3 1.75079825055 0.398213008196
6.4 1.77106214449 0.429722194799
6.5 1.78366248479 0.464491395357
6.6 1.78765626113 0.502494412486
6.7 1.7822329011 0.543571859967
6.8 1.76678830411 0.587396680966
6.9 1.74100129579 0.633449189302
7 1.70490511921 0.680998050322
7.1 1.65892315478 0.729114982469
7.2 1.6038954988 0.776691853985
7.3 1.54104766106 0.822501103663
7.4 1.47192443462 0.865271297372
7.5 1.39828705742 0.903776895786
7.6 1.3219885562 0.936931165864
7.7 1.24484692821 0.963864108204
7.8 1.16853017911 0.983979450149
7.9 1.09447063509 0.996980163631
8 1.02381631911 1.00286185343
8.1 0.957413762387 1.00188331789
8.2 0.895821182578 0.994517461305
8.3 0.839342979564 0.981393283809
8.4 0.788073960956 0.963238640251
8.5 0.74194678439 0.940827977769
8.6 0.700778422995 0.914938116234
8.7 0.664309713804 0.886315410775
8.8 0.632237513649 0.855652930328
8.9 0.60423973705 0.823576122491
9 0.57999368144 0.790635875182
9.1 0.559188515245 0.757306844491
9.2 0.541532419534 0.723991122668
9.3 0.526758341577 0.691020994678
9.4 0.514624877834 0.658666935312
9.5 0.504917521547 0.627143569163
9.6 0.497447591386 0.596617127422
9.7 0.492050659529 0.567212361051
9.8 0.488585207729 0.539018506447
9.9 0.486930298772 0.512095434517
10 0.486983845672 0.486478566828
10.1 0.488660733704 0.462183436052
10.2 0.49189102451 0.439209621552
10.3 0.496618318872 0.417544059046
10.4 0.502798191119 0.397163904561
10.5 0.510397229453 0.378038997006
10.6 0.519391506571 0.360133697901
10.7 0.529765670778 0.343408952932
10.8 0.541511970915 0.327823244536
10.9 0.554629339439 0.31333423592
11 0.569122700751 0.299899271771
11.1 0.585002091423 0.287476615339
11.2 0.602282104439 0.276025726559
11.3 0.620981065632 0.265508141122
11.4 0.641120488726 0.255887672171
11.5 0.662724250762 0.247131019529
11.6 0.685817973407 0.23920796839
11.7 0.71042808859 0.232091879717
11.8 0.736581188016 0.225759776306
11.9 0.764303095484 0.220192616426
12 0.793617318975 0.21537609268
12.1 0.82454449828 0.211300375905
12.2 0.857100523557 0.207960798839
12.3 0.891294901245 0.205358296426
12.4 0.92712941697 0.203499601223
12.5 0.964595055715 0.20239821106
12.6 1.00367024022 0.202074724901
12.7 1.04431781522 0.20255759234
12.8 1.08648076943 0.203884225091
12.9 1.13007975054 0.206101570059
13 1.17500740015 0.209267449309
13.1 1.22112353007 0.213451716933
13.2 1.26825024272 0.21873738503
13.3 1.31616404216 0.22522201569
13.4 1.36458996766 0.233019189939
13.5 1.41319403366 0.242259602583
13.6 1.46157496076 0.253091552093
13.7 1.50925646595 0.265682030618
13.8 1.55568184198 0.280215220276
13.9 1.60020563 0.296892447216
14 1.64209502155 0.31592564021
14.1 1.68052435369 0.337534873532
14.2 1.71458926599 0.361934946051
14.3 1.74331941725 0.389322394693
14.4 1.76570318086 0.419857151938
14.5 1.78072289768 0.453638815183
14.6 1.78741088901 0.490674628209
14.7 1.78490806065 0.530849338331
14.8 1.77254069647 0.573889214955
14.9 1.74989231373 0.619336607976
15 1.71688578324 0.666522369618
15.1 1.67382198154 0.714577003775
15.2 1.62141493266 0.7624428755
15.3 1.56078037979 0.808919986635
15.4 1.49337537928 0.852742049532
15.5 1.42090799627 0.892659500314
15.6 1.34521785322 0.927533959396
15.7 1.2681464391 0.956423130828
15.8 1.19141663579 0.978644351998
15.9 1.11653983379 0.993808730744
16 1.04475335214 1.00182570433
16.1 0.976994048402 1.00287938508
16.2 0.913904701775 0.997383474518
16.3 0.855862321866 0.985925912711
16.4 0.803019511985 0.969211020844
16.5 0.755353021394 0.948004048926
16.6 0.712710550504 0.923084871379
16.7 0.674852098807 0.895212052233
16.8 0.641484670272 0.865096697842
16.9 0.612289810005 0.833385621622
17 0.586943466195 0.80065264619
17.1 0.565130100829 0.767395480431
17.2 0.546551689911 0.734037470577
17.3 0.530933321726 0.700931553152
17.4 0.518025591928 0.668366272185
17.5 0.507606162509 0.636572101283
17.6 0.499478440729 0.605729420192
17.7 0.493470950484 0.575974696802
17.8 0.489435479587 0.547407253504
17.9 0.487244968924 0.520095342799
18 0.486791927163 0.49408120603
18.1 0.487986270525 0.469385974229
18.2 0.490753630634 0.446013660822
18.3 0.495033738204 0.423954714163
18.4 0.500778615777 0.403188941562
18.5 0.507951708773 0.383688211895
18.6 0.516526321731 0.365418287568
18.7 0.526484616205 0.3483410438
18.8 0.537816646055 0.332415526518
18.9 0.550519401447 0.3175995701
19 0.564596084672 0.303850502229
19.1 0.580055258439 0.291126241519
19.2 0.59691021205 0.279385824644
19.3 0.615178217963 0.268590096834
19.4 0.634879891985 0.258702154321
19.5 0.656038483597 0.24968776433
19.6 0.678679154954 0.241515764783
19.7 0.702828198921 0.234158378937
19.8 0.728512210839 0.227591539094
19.9 0.755757417416 0.221794917833
20 0.784588103309 0.216752782037
