"Time" "Prey" "Predator"
0 1.25898195803 1.05338915437
0.1 1.16754525414 1.0760670804
0.2 1.08014910173 1.08943445208
0.3 0.998129584753 1.09365251479
0.4 0.922357783627 1.08925204166
0.5 0.853290620087 1.07703937859
0.6 0.791050944831 1.05799514316
0.7 0.735507407577 1.03318709049
0.8 0.686349120253 1.00369877796
0.9 0.643165021262 0.970561430268
1 0.60548093766 0.934735520108
1.1 0.572809530952 0.897074111798
1.2 0.544672838793 0.858319874098
1.3 0.520620804766 0.819102589178
1.4 0.50024039002 0.779945060423
1.5 0.483160070307 0.741272027062
1.6 0.469051454967 0.703420431592
1.7 0.457626946182 0.666651470794
1.8 0.448637571528 0.631161132518
1.9 0.441869755676 0.597090529193
2 0.43714177612 0.564535262838
2.1 0.434300311878 0.533553676645
2.2 0.433217211488 0.50417382697
2.3 0.433786551375 0.476399637634
2.4 0.435921746951 0.450216862344
2.5 0.439553514412 0.425595949277
2.6 0.444627581395 0.402496790473
2.7 0.451102941197 0.380871404883
2.8 0.458950447132 0.360666101484
2.9 0.468151192787 0.341824093428
3 0.478695675406 0.324286391707
3.1 0.490582494938 0.307993762706
3.2 0.503817676208 0.292887339603
3.3 0.518413846772 0.278909558412
3.4 0.534389372683 0.266005167033
3.5 0.551767946341 0.25412123746
3.6 0.570577869882 0.243207859373
3.7 0.590851507791 0.233218397683
3.8 0.612624711729 0.224109848134
3.9 0.635936200235 0.215842991783
4 0.660826990912 0.20838263575
4.1 0.687339629148 0.201697810265
4.2 0.715517547644 0.195761948445
4.3 0.745404047042 0.190553139495
4.4 0.777041475385 0.186054323965
4.5 0.810469603448 0.182253703933
4.6 0.845724937793 0.179144918047
4.7 0.882839575828 0.176727350209
4.8 0.921836736624 0.175007300229
4.9 0.962731686374 0.173997724721
5 1.00552848873 0.173719133741
5.1 1.0502136796 0.17420138894
5.2 1.09675629768 0.17548363859
5.3 1.14510083979 0.177616304459
5.4 1.1951651681 0.180661646716
5.5 1.24683033178 0.184696595459
5.6 1.29993726105 0.189813661286
5.7 1.3542757822 0.196123696015
5.8 1.40957670658 0.203757994902
5.9 1.46550204745 0.212870459268
6 1.52163047943 0.223640810663
6.1 1.57745043921 0.236275788444
6.2 1.63234114624 0.251011092677
6.3 1.68556641317 0.268113083353
6.4 1.73626191462 0.287873993521
6.5 1.78342873539 0.310610075383
6.6 1.82593729635 0.336650699776
6.7 1.86253308983 0.366326036877
6.8 1.89187022859 0.399937530478
6.9 1.91254792246 0.437731478775
7 1.92318021145 0.479852970697
7.1 1.92248534259 0.526294497732
7.2 1.90939703338 0.576838303416
7.3 1.88319247289 0.630998539238
7.4 1.84361636429 0.687977833078
7.5 1.7909838285 0.746647810076
7.6 1.72623652758 0.805571316883
7.7 1.65093369274 0.863066509491
7.8 1.56716462781 0.91732195681
7.9 1.47739097838 0.96654301123
8 1.38424150523 1.00911003132
8.1 1.29029440287 1.04371952466
8.2 1.19788426446 1.06948437881
8.3 1.1089618158 1.08597864661
8.4 1.0250193195 1.09322619692
8.5 0.947078980501 1.09164354124
8.6 0.875730754897 1.08195366861
8.7 0.811201025253 1.06508877474
8.8 0.753434284656 1.04209669215
8.9 0.702174013099 1.01406076616
9 0.657034067725 0.98203779863
9.1 0.617556533952 0.947014649071
9.2 0.583255349795 0.909881525085
9.3 0.553647059599 0.871418741064
9.4 0.52827094215 0.832293492262
9.5 0.506701330461 0.79306323596
9.6 0.488551739113 0.754185497144
9.7 0.473479343129 0.716025277894
9.8 0.461183020997 0.678867885704
9.9 0.451401264013 0.642929927923
10 0.443909045308 0.608369848991
10.1 0.43851431426 0.575297558054
10.2 0.43505465019 0.543783014583
10.3 0.433393809594 0.513863762006
10.4 0.433418562082 0.485551428973
10.5 0.435036206892 0.458837018642
10.6 0.4381718779 0.433695728133
10.7 0.442766477572 0.410090648908
10.8 0.44877476514 0.387976124819
10.9 0.456163755568 0.367300162295
11 0.464911263705 0.348006793154
11.1 0.475004729773 0.330037636102
11.2 0.486440146941 0.313333406982
11.3 0.499221131579 0.29783502779
11.4 0.513358128689 0.283484504907
11.5 0.528867621854 0.270225774968
11.6 0.545771685593 0.258004847407
11.7 0.564097096953 0.246770838058
11.8 0.583874923242 0.23647602742
11.9 0.605139947804 0.22707609804
12 0.627929931819 0.218530634449
12.1 0.652285261266 0.210802960301
12.2 0.678247980328 0.203860760778
12.3 0.705861369351 0.197675914651
12.4 0.735168846742 0.192224949119
12.5 0.766213204585 0.187489147636
12.6 0.799035448728 0.183454840941
12.7 0.83367339796 0.180113816697
12.8 0.870160454625 0.177463548771
12.9 0.908523334976 0.17550788633
13 0.948780518875 0.174257396371
13.1 0.990939119421 0.173730267904
13.2 1.03499237786 0.173952985374
13.3 1.08091587705 0.174961381717
13.4 1.12866317603 0.176801870261
13.5 1.17816154799 0.179532623173
13.6 1.22930502009 0.183225477264
13.7 1.28194908739 0.187967419623
13.8 1.33590148105 0.193862928066
13.9 1.3909142799 0.201036125103
14 1.44667350657 0.209633119352
14.1 1.50278754135 0.219824628585
14.2 1.55877593682 0.231808317319
14.3 1.61405664001 0.245809806105
14.4 1.66793225314 0.262085622014
14.5 1.71958255615 0.280919459007
14.6 1.76805414147 0.302620458603
14.7 1.81226210572 0.327514254788
14.8 1.85098991121 0.355933720354
14.9 1.88291910486 0.388192874622
15 1.90666193681 0.424560305594
15.1 1.92081716376 0.465221357645
15.2 1.92405692221 0.51022581053
15.3 1.91522857877 0.559432976304
15.4 1.89348094427 0.612452226568
15.5 1.85838704843 0.668595665512
15.6 1.81006592991 0.726842651033
15.7 1.7492425633 0.785857929902
15.8 1.67727639715 0.844029707691
15.9 1.59609250769 0.8995758967
16 1.50804820561 0.950678932283
16.1 1.41574018562 0.995643373085
16.2 1.32178643227 1.03304645311
16.3 1.2286214254 1.06185334126
16.4 1.13833640853 1.08148157917
16.5 1.0525825674 1.09180761585
16.6 0.972538352576 1.09312429122
16.7 0.898932666237 1.0860621903
16.8 0.832105452329 1.07149406857
16.9 0.772086773622 1.05043870353
17 0.718679145331 1.02397548099
17.1 0.671532590543 0.993176147326
17.2 0.630207493834 0.959055020648
17.3 0.594223087332 0.922536925951
17.4 0.563092247732 0.884439877613
17.5 0.536345150863 0.845468508989
17.6 0.513542534028 0.806217687872
17.7 0.494285034476 0.767176400079
17.8 0.478215313173 0.72873932639
17.9 0.465018066886 0.691217720014
18 0.454418995799 0.654849818418
18.1 0.44618116646 0.619812484401
18.2 0.440101746529 0.586230977985
18.3 0.436008817899 0.554187712256
18.4 0.433757676366 0.523730357729
18.5 0.433227787031 0.494878539753
18.6 0.43431985686 0.46762964409
18.7 0.436953160324 0.441963743229
18.8 0.441063612107 0.417847590882
18.9 0.446601493572 0.395238130594
19 0.453529876713 0.374085235107
19.1 0.461823081982 0.354334085014
19.2 0.471465470161 0.33592688627
19.3 0.482450246713 0.318804583143
19.4 0.494778590662 0.302907844646
19.5 0.508458715797 0.28817828173
19.6 0.523505223141 0.274558982609
19.7 0.539938316342 0.261995352087
19.8 0.55778325426 0.250435440485
19.9 0.577069683555 0.239830475267
20 0.597831289042 0.230134786718
