"Time" "Prey" "Predator"
0 0.759462762624 0.878287285566
0.1 0.723167801246 0.855831119834
0.2 0.690782260534 0.831088449768
0.3 0.662107992329 0.804603771381
0.4 0.636925677053 0.776870163767
0.5 0.615007052561 0.748329969951
0.6 0.596125696609 0.719370432427
0.7 0.580064677663 0.69032562888
0.8 0.566620609704 0.661478049675
0.9 0.555606523241 0.633062668226
1 0.546852835062 0.605270258206
1.1 0.540208012641 0.578253603741
1.2 0.535538334677 0.552130735507
1.3 0.532726926221 0.526991291023
1.4 0.531672615344 0.502899877666
1.5 0.532289129894 0.479899357315
1.6 0.53450346943 0.45801579575
1.7 0.538254993117 0.437260398713
1.8 0.543494128537 0.417633204957
1.9 0.55018135058 0.399124522796
2 0.558285675733 0.381719036783
2.1 0.567784582768 0.365394076573
2.2 0.578662455894 0.35012390026
2.3 0.590910056111 0.335880061797
2.4 0.604523603022 0.322632599419
2.5 0.619504018733 0.310351051151
2.6 0.635856240527 0.299005039824
2.7 0.653588448647 0.28856514803
2.8 0.672711383394 0.279003273016
2.9 0.693237537267 0.270293657487
3 0.715180364429 0.262412495795
3.1 0.738553547268 0.255339027729
3.2 0.763369854394 0.24905558649
3.3 0.789640362009 0.243548059461
3.4 0.817373185066 0.238806297194
3.5 0.84657206758 0.234824354187
3.6 0.877235432423 0.231600996382
3.7 0.909353832274 0.229140106164
3.8 0.942909328487 0.227451045882
3.9 0.977871901858 0.226549356244
4 1.01419845924 0.2264570852
4.1 1.05182894519 0.227203607695
4.2 1.09068373898 0.228826213073
4.3 1.13066059155 0.231370747988
4.4 1.17162916409 0.234892660494
4.5 1.2134292596 0.239457403136
4.6 1.25586307759 0.245141552124
4.7 1.29869323138 0.252033347551
4.8 1.34163542499 0.260232984221
4.9 1.38435387021 0.26985336556
5 1.42645681358 0.281019859143
5.1 1.46749295271 0.293867887071
5.2 1.50694358198 0.308544234111
5.3 1.54422691785 0.32520131294
5.4 1.57870028676 0.343991529563
5.5 1.60966262468 0.365062093195
5.6 1.63636687109 0.388544449231
5.7 1.65803744268 0.414541442712
5.8 1.67389520924 0.443111387777
5.9 1.68319050942 0.474249285203
6 1.68524419825 0.507866070688
6.1 1.67949354141 0.543767565365
6.2 1.66554348815 0.581635454249
6.3 1.64321545924 0.621013383172
6.4 1.61258753726 0.661302580808
6.5 1.57401936773 0.701770431065
6.6 1.52815881884 0.741572501312
6.7 1.47592273414 0.779790683287
6.8 1.41845107995 0.815484378441
6.9 1.35704270595 0.847747855992
7 1.29307544465 0.875769973814
7.1 1.2279218842 0.898886606378
7.2 1.16287547986 0.916617336864
7.3 1.09908696157 0.928688066655
7.4 1.03752268918 0.935032661831
7.5 0.978946165343 0.935777405031
7.6 0.923915264426 0.931214747353
7.7 0.872796928978 0.921767119033
7.8 0.825791896515 0.907948591673
7.9 0.782962630608 0.890329081007
8 0.744264800679 0.869500456652
8.1 0.709575936581 0.846049822813
8.2 0.678719833233 0.820539409286
8.3 0.651487912005 0.793491621639
8.4 0.627655638611 0.765380136821
8.5 0.606994654856 0.736625433831
8.6 0.589281842052 0.707593314482
8.7 0.574305427744 0.678596201698
8.8 0.56186798784 0.649897276121
8.9 0.551789751947 0.621712563429
9 0.543908389778 0.594217171848
9.1 0.53807973097 0.567549243885
9.2 0.534176943828 0.541814998852
9.3 0.532089579126 0.517093220347
9.4 0.531722724656 0.493439230319
9.5 0.532995478868 0.470888927201
9.6 0.535840032164 0.449461929925
9.7 0.54020030139 0.429164696613
9.8 0.546030855314 0.409993065732
9.9 0.553295891174 0.391934560544
10 0.561967990526 0.374970194459
10.1 0.572027486995 0.359076346229
10.2 0.583461514293 0.344225975043
10.3 0.596263094686 0.330389854014
10.4 0.610430441704 0.317537835418
10.5 0.62596622503 0.30563925656
10.6 0.642876741112 0.294664218098
10.7 0.661171341914 0.284583718502
10.8 0.680861542204 0.275370546602
10.9 0.701960344037 0.266999607756
11 0.724481430625 0.259448305051
11.1 0.748438171756 0.252697137689
11.2 0.773842882993 0.246729778031
11.3 0.800705466908 0.24153373304
11.4 0.829032530271 0.237100467848
11.5 0.858825660361 0.233426001644
11.6 0.890080307858 0.230511095618
11.7 0.922784140561 0.228361628912
11.8 0.956913931891 0.226989617902
11.9 0.992435343388 0.226413030355
12 1.02929851725 0.226656836123
12.1 1.06743540672 0.227753635558
12.2 1.10675875993 0.229743897543
12.3 1.14715424699 0.232677451456
12.4 1.18848042368 0.236613647194
12.5 1.23056349572 0.241622228798
12.6 1.27318928962 0.247784505886
12.7 1.31610184307 0.25519365085
12.8 1.3589964289 0.263954913763
12.9 1.40151558391 0.274186380742
13 1.4432433739 0.286017275176
13.1 1.48370095372 0.299588826651
13.2 1.52234633868 0.315049384717
13.3 1.55857198909 0.332552250119
13.4 1.59171127071 0.352248393965
13.5 1.62104035401 0.374281548293
13.6 1.6457994385 0.398772419167
13.7 1.66520881623 0.425807539321
13.8 1.67849547896 0.455422736339
13.9 1.68493360275 0.487581127683
14 1.683885288 0.522153733484
14.1 1.67484909734 0.558898255498
14.2 1.65751273463 0.597441477093
14.3 1.63179570439 0.637270284373
14.4 1.59788999387 0.677727653766
14.5 1.5562719827 0.718033403755
14.6 1.50770210308 0.757307862167
14.7 1.45319425793 0.794616926951
14.8 1.39396203361 0.829026698682
14.9 1.33134656175 0.85966268609
15 1.26673389995 0.885767477578
15.1 1.20147358149 0.906747220895
15.2 1.13680740685 0.922204040631
15.3 1.07381453221 0.931950165535
15.4 1.0133814253 0.935998517301
15.5 0.956186665846 0.93454768587
15.6 0.902708367067 0.927947107992
15.7 0.853242478217 0.916661300986
15.8 0.807929821744 0.901231294578
15.9 0.766786087335 0.882239472477
16 0.729731816189 0.860278767161
16.1 0.696619624735 0.8359282675
16.2 0.667258443101 0.809734922155
16.3 0.641431513424 0.782202311665
16.4 0.618911391798 0.753782981247
16.5 0.599471096587 0.724875102932
16.6 0.582891601898 0.69582261778
16.7 0.568966491238 0.666917637256
16.8 0.557505427711 0.638403494383
16.9 0.548335641649 0.610479196157
17 0.541302291041 0.583304247099
17.1 0.536268213917 0.557003369786
17.2 0.533113230017 0.531671080891
17.3 0.531733596074 0.507376257808
17.4 0.532040064853 0.484165847113
17.5 0.533957260574 0.462068911189
17.6 0.537422192843 0.441099316521
17.7 0.542383245593 0.421258964287
17.8 0.54879895502 0.402540086588
17.9 0.556637056186 0.384927270718
18 0.565873420325 0.3683995965
18.1 0.576491248052 0.352931747981
18.2 0.58848011999 0.338495786333
18.3 0.601835296688 0.325061880402
18.4 0.616556806165 0.312599843565
18.5 0.63264883322 0.301079349737
18.6 0.650119094391 0.290470271213
18.7 0.668977840084 0.280744468787
18.8 0.689237342454 0.271875527743
18.9 0.710911002547 0.263839274683
19 0.734012443437 0.256614411241
19.1 0.758554764011 0.25018258433
19.2 0.784549375657 0.244529073481
19.3 0.81200509459 0.239642876602
19.4 0.840926624288 0.235517288625
19.5 0.871313420241 0.232150119129
19.6 0.903157840576 0.229544245357
19.7 0.936443493362 0.227707990233
19.8 0.971143084384 0.22665563199
19.9 1.00721597458 0.226407995648
20 1.04460571801 0.226992980405
