"Time" "Prey" "Predator"
0 1.499999 1.5
0.1 1.30698766667 1.56156709248
0.2 1.13155485495 1.59592395085
0.3 0.976909558718 1.60431190121
0.4 0.84378129368 1.58970964269
0.5 0.731176913414 1.5560272519
0.6 0.637113199279 1.50743029633
0.7 0.55919156798 1.44787606458
0.8 0.494976895795 1.38085359199
0.9 0.44221652732 1.30927656422
1 0.398937169656 1.23548111981
1.1 0.363468042867 1.16127869705
1.2 0.334427958629 1.08802918382
1.3 0.310690688922 1.01672207142
1.4 0.291346292867 0.94805029531
1.5 0.275663669643 0.882474598348
1.6 0.263057134793 0.820277031078
1.7 0.25305834355 0.761604461575
1.8 0.245293071741 0.706502846178
1.9 0.239462582218 0.654943949277
2 0.235328672028 0.606846379378
2.1 0.23270176387 0.562091760964
2.2 0.231431557915 0.520536985414
2.3 0.231399492021 0.482023729287
2.4 0.23251370885 0.446384210936
2.5 0.234703406501 0.413448243412
2.6 0.237915818611 0.383045981037
2.7 0.242113171566 0.355010889397
2.8 0.247270489147 0.329181657905
2.9 0.253373799473 0.305403588354
3 0.260418718608 0.283529440517
3.1 0.26840927574 0.263420008586
3.2 0.277357107589 0.244944266478
3.3 0.287280881043 0.227979231785
3.4 0.29820538482 0.2124105308
3.5 0.310161597569 0.198131416948
3.6 0.323185921459 0.185043169673
3.7 0.33732034135 0.173054241636
3.8 0.352611976667 0.162080328724
3.9 0.36911319471 0.152043714247
4 0.386881395005 0.14287313915
4.1 0.405979102154 0.13450331085
4.2 0.426473879925 0.126874652362
4.3 0.44843841229 0.119932934436
4.4 0.471950498438 0.113629024983
4.5 0.497093104018 0.10791860283
4.6 0.523954319029 0.102761972802
4.7 0.552627480346 0.0981238011255
4.8 0.583211296428 0.0939728671356
4.9 0.615809311046 0.0902822738072
5 0.650530144729 0.0870291094855
5.1 0.687487642884 0.0841941785173
5.2 0.726799609296 0.0817628036006
5.3 0.768588149847 0.0797243949491
5.4 0.812979733401 0.0780722168939
5.5 0.860102277412 0.0768049801251
5.6 0.910085821969 0.0759263132263
5.7 0.963062466321 0.0754446407591
5.8 1.01916091642 0.0753756946317
5.9 1.07850586665 0.0757427215047
6 1.14121507291 0.0765775507458
6.1 1.20739488664 0.0779223904789
6.2 1.2771376652 0.0798309546487
6.3 1.35050912549 0.082373639781
6.4 1.42754436045 0.0856390217293
6.5 1.50823455869 0.0897390223205
6.6 1.59251406188 0.0948142138565
6.7 1.68024011193 0.101041911179
6.8 1.77117101509 0.108644644034
6.9 1.86493147543 0.117903732581
7 1.96097775502 0.129172905135
7.1 2.05854871661 0.142896983654
7.2 2.15660628796 0.15963424385
7.3 2.2537595629 0.18008349761
7.4 2.3481848214 0.205110649379
7.5 2.43753242468 0.23577689886
7.6 2.51883296291 0.27335734052
7.7 2.58843119328 0.319339880676
7.8 2.64197493202 0.375374468223
7.9 2.67450447085 0.443165982067
8 2.68073970546 0.524237764236
8.1 2.65559000922 0.619579555729
8.2 2.59496169726 0.729148018929
8.3 2.49677133589 0.851312489731
8.4 2.36194898204 0.982411408199
8.5 2.19506426135 1.11666353888
8.6 2.00417173712 1.24665862279
8.7 1.79974871951 1.36441909932
8.8 1.59294674243 1.46277895883
8.9 1.3937579907 1.53660087016
9 1.20969373556 1.58343176031
9.1 1.04528265022 1.60346646174
9.2 0.90231131038 1.59898246543
9.3 0.780483772825 1.57355367829
9.4 0.678189277406 1.53129954478
9.5 0.593160617743 1.47631766017
9.6 0.522943609567 1.41233320538
9.7 0.46518430286 1.3425288531
9.8 0.417775237163 1.26950145641
9.9 0.378905984458 1.19529585663
10 0.347066314494 1.1214688058
10.1 0.321017605517 1.04917032219
10.2 0.29975536004 0.979220994598
10.3 0.282470931918 0.912180854488
10.4 0.268515472422 0.84840818148
10.5 0.257369952389 0.788107279224
10.6 0.248619547652 0.731366598737
10.7 0.241932934312 0.678189040089
10.8 0.237045725111 0.628515428861
10.9 0.233747256659 0.582242742011
11 0.231870180565 0.539237976664
11.1 0.231282277183 0.499348649889
11.2 0.231879888229 0.462410859596
11.3 0.233583150783 0.428254782017
11.4 0.236331442229 0.39671001538
11.5 0.240080346631 0.367608320255
11.6 0.244799267634 0.340785785449
11.7 0.250469377655 0.316084529335
11.8 0.257082052477 0.29335381247
11.9 0.264637584619 0.272450682219
12 0.273144169806 0.253240418629
12.1 0.28261736996 0.235596269257
12.2 0.293079185713 0.219399978379
12.3 0.304557810285 0.204541312357
12.4 0.317087194036 0.190917895521
12.5 0.330706764501 0.178434954006
12.6 0.345461322115 0.16700487063
12.7 0.361400808422 0.156546985743
12.8 0.378580343656 0.146987081904
12.9 0.397060073752 0.138257203575
13 0.416905273068 0.130295164402
13.1 0.438186248082 0.123044340392
13.2 0.460978464781 0.116453274512
13.3 0.485362495108 0.110475482849
13.4 0.511424108193 0.105069152618
13.5 0.539254179812 0.100196999384
13.6 0.568948936664 0.0958259460469
13.7 0.600609851569 0.0919270269499
13.8 0.634343072985 0.0884756203122
13.9 0.67026004912 0.0854508485746
14 0.708477090726 0.082835735671
14.1 0.749114063386 0.0806180248487
14.2 0.792295440747 0.0787892221714
14.3 0.838149220978 0.0773451274421
14.4 0.886803909021 0.0762874316216
14.5 0.93839063381 0.0756223748096
14.6 0.993041024117 0.0753617111265
14.7 1.05088113227 0.0755254542144
14.8 1.11203279222 0.0761411503192
14.9 1.17660753923 0.077246263859
15 1.24470495296 0.0788888944416
15.1 1.3164044827 0.0811311515531
15.2 1.39175627974 0.0840528920423
15.3 1.47077264382 0.0877549513644
15.4 1.55341711073 0.092363490149
15.5 1.63958310547 0.0980386296156
15.6 1.72907965053 0.104980082923
15.7 1.82159581106 0.113440988856
15.8 1.91667011126 0.123739900316
15.9 2.01364923517 0.136276795623
16 2.1116285966 0.151555524589
16.1 2.2093893295 0.17020677364
16.2 2.30531858632 0.193016040865
16.3 2.39731738797 0.220952453467
16.4 2.48271321614 0.255190277307
16.5 2.55816972878 0.297124127501
16.6 2.6196511273 0.348337632818
16.7 2.66245533066 0.410531071399
16.8 2.68140113647 0.485346666669
16.9 2.67122830128 0.574073264423
17 2.62727144223 0.677208304457
17.1 2.54639325988 0.793916064413
17.2 2.4280327079 0.921504021012
17.3 2.27505383407 1.05514183505
17.4 2.09399193846 1.18806550054
17.5 1.89439827107 1.31239715722
17.6 1.68735173885 1.42042766772
17.7 1.48358207505 1.50596764855
17.8 1.29184996725 1.56529836775
17.9 1.11806171117 1.59744412337
18 0.965195644939 1.60381902231
18.1 0.833815552541 1.58750247937
18.2 0.722822725274 1.55244634077
18.3 0.630180951685 1.5028141122
18.4 0.553476162417 1.4425323157
18.5 0.490283546974 1.37504350608
18.6 0.43837145346 1.30321268357
18.7 0.395791270778 1.22933059922
18.8 0.360897137243 1.15516843818
18.9 0.332330441847 1.0820525529
19 0.30898425646 1.01094545705
19.1 0.289964750941 0.942518767271
19.2 0.274553983105 0.877216742329
19.3 0.262176904827 0.815308885521
19.4 0.252373719733 0.756932639851
19.5 0.244777050703 0.702127010734
19.6 0.239093634311 0.650858755012
19.7 0.235089668565 0.603042938369
19.8 0.232579120393 0.558558779532
19.9 0.231414559827 0.517261625132
20 0.231479767567 0.478992249163
