"Time" "Prey" "Predator"
0 1.00245009407 1.00244909407
0.1 0.937616343462 0.999411561452
0.2 0.877697004444 0.990183321609
0.3 0.822929002903 0.975429643991
0.4 0.773352096529 0.95589528295
0.5 0.7288574801 0.932358100626
0.6 0.689236382424 0.905585663415
0.7 0.654214168287 0.876307648687
0.8 0.623480498522 0.845195502073
0.9 0.596713243933 0.812849849415
1 0.573593906836 0.77979636372
1.1 0.553817738755 0.746485998397
1.2 0.537101321545 0.713297441259
1.3 0.523186081551 0.680542711955
1.4 0.511839577458 0.648473761937
1.5 0.502856337421 0.617289071517
1.6 0.496055630082 0.587141283722
1.7 0.491280763677 0.558143378246
1.8 0.488397070641 0.530375050266
1.9 0.487289874013 0.503888112367
2 0.487862725271 0.478711457395
2.1 0.49003549973 0.454855485171
2.2 0.493742705311 0.432315632192
2.3 0.498931972569 0.411075552712
2.4 0.505562453221 0.3911104001
2.5 0.513603768602 0.372388395834
2.6 0.523034815639 0.354872334238
2.7 0.533842664927 0.338522634476
2.8 0.546021769827 0.323297483411
2.9 0.559572959969 0.309154574515
3 0.574502786248 0.296051588509
3.1 0.590822711843 0.283947254613
3.2 0.608548496666 0.272801744915
3.3 0.627699436032 0.262577396343
3.4 0.64829777323 0.253238980104
3.5 0.670367879305 0.24475425018
3.6 0.693935601001 0.237094158287
3.7 0.719027322454 0.230233322109
3.8 0.745669373036 0.224150016451
3.9 0.773886767087 0.218826749591
4 0.803701986184 0.214250707937
4.1 0.835134213499 0.210413657656
4.2 0.868197144281 0.207312787293
4.3 0.902897782238 0.20495088127
4.4 0.939234563719 0.203336766349
4.5 0.977194273811 0.202486254287
4.6 1.01675048884 0.202422376564
4.7 1.05785973684 0.20317639523
4.8 1.10045782411 0.204788727785
4.9 1.14445680986 0.207309657199
5 1.18973882011 0.210800769039
5.1 1.23615184408 0.215335984726
5.2 1.28350392806 0.221002804235
5.3 1.33155532702 0.227903676327
5.4 1.38001270775 0.236157505921
5.5 1.42852119737 0.245900405735
5.6 1.47665613368 0.257286405325
5.7 1.52391606446 0.27048783063
5.8 1.56971684533 0.285694042401
5.9 1.6133851268 0.303110085688
6 1.65415991018 0.322949972679
6.1 1.69118902001 0.345433166591
6.2 1.72354766189 0.370768741802
6.3 1.75025117473 0.399142585393
6.4 1.77028401904 0.430696770428
6.5 1.78264243194 0.465503056926
6.6 1.78638973356 0.503531264032
6.7 1.78072242774 0.544617890978
6.8 1.7650466397 0.588430331665
6.9 1.73905085828 0.634444957308
7 1.70277403214 0.681930582964
7.1 1.65665324244 0.729952337801
7.2 1.60153490542 0.777403527562
7.3 1.53864852185 0.82305877539
7.4 1.46954080182 0.865650175774
7.5 1.39597031141 0.903959704786
7.6 1.31978444224 0.936908191358
7.7 1.24279330938 0.963634339139
7.8 1.16665201582 0.983552549618
7.9 1.09278708009 0.996369868306
8 1.02233561181 1.00208942091
8.1 0.95613660201 1.00097341104
8.2 0.894742015759 0.993496733399
8.3 0.838451339232 0.980289099175
8.4 0.787356214698 0.962077372921
8.5 0.741387944784 0.939633709189
8.6 0.700362589364 0.913732507895
8.7 0.664021801837 0.885116891052
8.8 0.632063256786 0.854476688683
8.9 0.604166155761 0.82243437724
9 0.580009174986 0.78953808825
9.1 0.559282756711 0.756260315935
9.2 0.541696855987 0.723000392997
9.3 0.52698531872 0.690089339467
9.4 0.51490813606 0.65779595321
9.5 0.505251760619 0.626333789222
9.6 0.497828357779 0.595868211789
9.7 0.4924743317 0.566523129278
9.8 0.489048697547 0.538387335515
9.9 0.487431324896 0.51152032056
10 0.487520514671 0.485957306176
10.1 0.489231567283 0.461713559159
10.2 0.492494828331 0.438788757144
10.3 0.497254235421 0.417169594327
10.4 0.503465698819 0.396833439601
10.5 0.511095950754 0.377750038226
10.6 0.520121258116 0.359883982405
10.7 0.530526387385 0.343196255566
10.8 0.542303719308 0.327645499641
10.9 0.555452240596 0.313189546372
11 0.569976820857 0.299786177428
11.1 0.585887682061 0.287393295499
11.2 0.60319935502 0.275970682223
11.3 0.621930216504 0.265479997124
11.4 0.642101714689 0.255885265602
11.5 0.663737662572 0.247153346407
11.6 0.686863554978 0.239254203862
11.7 0.711505771172 0.232161307731
11.8 0.737690718113 0.225851873149
11.9 0.765443855919 0.220307219644
12 0.794788621073 0.215513025156
12.1 0.82574520703 0.211459743278
12.2 0.858329099776 0.208142915485
12.3 0.892549394516 0.205563653904
12.4 0.928407398843 0.203728901156
12.5 0.965893255161 0.202652444779
12.6 1.00498505933 0.202355028554
12.7 1.04564451554 0.202865454558
12.8 1.08781363717 0.204221426471
12.9 1.13141276106 0.206470010702
13 1.1763320245 0.209669661719
13.1 1.22243133243 0.213890279466
13.2 1.26953017303 0.219215345705
13.3 1.31740339469 0.225742930493
13.4 1.36577560624 0.233586653853
13.5 1.41430887092 0.242877465329
13.6 1.46260133228 0.253764356487
13.7 1.51017487706 0.266413576195
13.8 1.55646950191 0.281010353126
13.9 1.60083873039 0.297756283335
14 1.6425463779 0.316862792953
14.1 1.68076893691 0.338547158092
14.2 1.71459947233 0.36302449868
14.3 1.743067459 0.390489876923
14.4 1.76516417914 0.421099515922
14.5 1.77987670152 0.454949280757
14.6 1.78624295053 0.492042128066
14.7 1.78341306067 0.532256946264
14.8 1.7707219986 0.575315142434
14.9 1.74776810846 0.620750879722
15 1.71448168817 0.66789417522
15.1 1.67118037869 0.715867218017
15.2 1.61858992489 0.763610655933
15.3 1.55783351467 0.80992585765
15.4 1.49037378948 0.853548866359
15.5 1.41791950072 0.893236784522
15.6 1.34230597468 0.927860384165
15.7 1.26536684151 0.956487638637
15.8 1.18881538188 0.978446520771
15.9 1.11415067852 0.993358928926
16 1.04259751896 1.00114358316
16.1 0.975081704002 1.00199141863
16.2 0.912236230635 0.996320923807
16.3 0.854430226587 0.984722431146
16.4 0.801811355953 0.967899946794
16.5 0.754353152758 0.946617128578
16.6 0.711901479861 0.921651310632
16.7 0.674215886818 0.893757697692
16.8 0.64100391318 0.863643772023
16.9 0.611948300411 0.831952429297
17 0.586726480767 0.799253993007
17.1 0.565024394571 0.766043154059
17.2 0.546545535482 0.732740417173
17.3 0.531016472055 0.699696192425
17.4 0.518189468792 0.667196797042
17.5 0.507843115539 0.635471316741
17.6 0.499782341009 0.60469846376
17.7 0.493836567586 0.575013666423
17.8 0.489858429838 0.546515448595
17.9 0.48772174467 0.519271363435
18 0.487319599768 0.493323160964
18.1 0.488562510141 0.468691601137
18.2 0.49137658613 0.445380511301
18.3 0.495701929567 0.423380110055
18.4 0.501491151319 0.402670043507
18.5 0.508707872058 0.383222327993
18.6 0.517325596928 0.365003219579
18.7 0.527326767465 0.347974117532
18.8 0.538701595827 0.332094129707
18.9 0.55144725459 0.317321324589
19 0.565567080668 0.303613131998
19.1 0.581069711967 0.290927703912
19.2 0.597968493852 0.279224215077
19.3 0.616280710565 0.268463740556
19.4 0.636026976101 0.258609518492
19.5 0.657230473624 0.249627561078
19.6 0.679916327831 0.241486841583
19.7 0.70411071097 0.23415979929
19.8 0.729840114311 0.227622509787
19.9 0.757130276161 0.221855136695
20 0.786005511873 0.216841911047
