"Time" "Prey" "Predator"
0 1.00326616615 1.00326716529
0.1 0.938272601974 1.00030069888
0.2 0.878204111344 0.991121811996
0.3 0.823299687735 0.976396890126
0.4 0.773600004116 0.956872642831
0.5 0.728996293684 0.933329337693
0.6 0.689279199784 0.906537147042
0.7 0.654173084092 0.877228363592
0.8 0.62336638443 0.846076900277
0.9 0.596535707233 0.813685584757
1 0.573361246282 0.780582054855
1.1 0.553537045166 0.747218906893
1.2 0.536778576933 0.713976189808
1.3 0.522826278136 0.681167020401
1.4 0.511446842138 0.64904421035
1.5 0.50243405002 0.617806893687
1.6 0.495606528981 0.587608201824
1.7 0.49080703931 0.558561454619
1.8 0.487900456289 0.530746567674
1.9 0.486771718549 0.504215488678
2 0.487324056356 0.478997155789
2.1 0.489477077866 0.455101983308
2.2 0.49316507299 0.432525343889
2.3 0.498335492735 0.411250815766
2.4 0.504947340715 0.391253460326
2.5 0.512970128706 0.37250135181
2.6 0.52238266378 0.354957147469
2.7 0.533171952882 0.338581145946
2.8 0.545332407844 0.323331370993
2.9 0.558864833544 0.309165376816
3 0.573775779087 0.296040688034
3.1 0.590076722874 0.283915889184
3.2 0.607783460414 0.27275100262
3.3 0.626915342135 0.262508222102
3.4 0.647494687483 0.253152174547
3.5 0.669545965382 0.244650473916
3.6 0.6930951421 0.236973934793
3.7 0.718168754027 0.230097033573
3.8 0.744793323585 0.223997889987
3.9 0.772994048385 0.218658900099
4 0.802793683286 0.2140670899
4.1 0.834211704167 0.210214076835
4.2 0.86726212051 0.207096913481
4.3 0.901952360881 0.204718210506
4.4 0.938281283769 0.203086641577
4.5 0.97623619537 0.202217846773
4.6 1.01579129896 0.202134662085
4.7 1.05690371914 0.202868178086
4.8 1.09951008044 0.204458594075
4.9 1.14352329857 0.206955976005
5 1.18882639717 0.210421701043
5.1 1.23526850425 0.214929450257
5.2 1.2826587894 0.220566485663
5.3 1.3307587673 0.227435048142
5.4 1.37927652118 0.235653845582
5.5 1.42785860695 0.245358770071
5.6 1.47608174587 0.256703805651
5.7 1.52344609275 0.269861176649
5.8 1.56936861696 0.285020526994
5.9 1.6131774512 0.30238701471
6 1.65411192786 0.322175481493
6.1 1.6913204198 0.344606205199
6.2 1.72387771351 0.369889579094
6.3 1.75079762793 0.398213468821
6.4 1.771061405 0.429722662586
6.5 1.7836616285 0.46449186395
6.6 1.78765529197 0.50249487352
6.7 1.78223182715 0.543572303155
6.8 1.76678713844 0.58739709396
6.9 1.7410000559 0.633449558512
7 1.70490382752 0.680998360894
7.1 1.65892183716 0.729115219631
7.2 1.6038941832 0.776692004219
7.3 1.54104637609 0.822501155587
7.4 1.47192320744 0.865271243119
7.5 1.39828591193 0.903776731778
7.6 1.32198751175 0.936930893117
7.7 1.24484599865 0.963863732394
7.8 1.16852937249 0.983978981052
7.9 1.09446995403 0.996979614194
8 1.02381576166 1.00286123867
8.1 0.957413322881 1.00188265386
8.2 0.895820852798 0.994516763977
8.3 0.839342749796 0.981392568284
8.4 0.788073820765 0.963237920223
8.5 0.741946723362 0.940827265108
8.6 0.700778431211 0.914937420837
8.7 0.66430978213 0.886314740587
8.8 0.632237633889 0.85565229145
8.9 0.604239902021 0.823575519355
9 0.57999388495 0.790635310775
9.1 0.559188752029 0.757306320587
9.2 0.541532685181 0.723990640023
9.3 0.526758632424 0.691020553259
9.4 0.514625190868 0.658666534468
9.5 0.504917854327 0.627143207765
9.6 0.497447941942 0.59661680401
9.7 0.492051026299 0.567212073929
9.8 0.488585589487 0.539018253774
9.9 0.486930694574 0.512095214378
10 0.486984254808 0.486478377283
10.1 0.488661155654 0.46218327518
10.2 0.491891458911 0.439209487483
10.3 0.496618765488 0.417543949985
10.4 0.502798649814 0.3971638188
10.5 0.510397700169 0.378038932943
10.6 0.519391989311 0.360133654041
10.7 0.529766165585 0.343408927894
10.8 0.54151247786 0.327823237054
10.9 0.554629858605 0.313334244844
11 0.569123232217 0.299899296067
11.1 0.585002635253 0.287476654085
11.2 0.602282660668 0.276025778944
11.3 0.620981634254 0.265508206443
11.4 0.641121069674 0.255887749835
11.5 0.662724843897 0.247131109042
11.6 0.685818578498 0.239208069365
11.7 0.7104287053 0.232091991866
11.8 0.736581815873 0.225759899445
11.9 0.764303733866 0.220192750472
12 0.793617967082 0.215376237649
12.1 0.824545155095 0.211300531921
12.2 0.857101187838 0.207960966127
12.3 0.891295571461 0.205358475325
12.4 0.927130091274 0.203499792189
12.5 0.964595731905 0.202398414662
12.6 1.00367091567 0.20207494184
12.7 1.04431848684 0.202557823446
12.8 1.08648143361 0.203884471333
12.9 1.13008040305 0.206101832557
13 1.17500803612 0.209267729328
13.1 1.22112414389 0.213452015899
13.2 1.26825082796 0.218737704527
13.3 1.31616459153 0.225222357448
13.4 1.3645904729 0.233019555822
13.5 1.41319448552 0.24225999459
13.6 1.46157534899 0.253091972275
13.7 1.50925677928 0.265682481052
13.8 1.55568206822 0.280215702929
13.9 1.60020575614 0.296892963851
14 1.64209503405 0.315926192193
14.1 1.68052423887 0.337535461522
14.2 1.71458901027 0.361935569898
14.3 1.74331900815 0.389323052863
14.4 1.76570260787 0.41985784113
14.5 1.78072215296 0.453639529974
14.6 1.78740996887 0.490675360537
14.7 1.78490696647 0.530850077129
14.8 1.77253943586 0.573889946037
14.9 1.74989090115 0.619337314088
15 1.71688424031 0.666523030985
15.1 1.67382033678 0.714577598679
15.2 1.62141321992 0.762443382051
15.3 1.56077863675 0.808920384003
15.4 1.49337364477 0.852742319884
15.5 1.42090630785 0.892659630287
15.6 1.34521624466 0.927533941286
15.7 1.26814493839 0.956422963292
15.8 1.19141526403 0.978644039909
15.9 1.11653860484 0.993808284504
16 1.04475227285 1.00182513884
16.1 0.976993119564 1.00287871833
16.2 0.913903919353 0.997382726113
16.3 0.855861678254 0.98592510267
16.4 0.803018997275 0.969210168488
16.5 0.755352624464 0.948003172092
16.6 0.712710259847 0.923083985938
16.7 0.674851903132 0.895211171842
16.8 0.641484558946 0.865095833862
16.9 0.612289773293 0.833384783207
17 0.586943495377 0.800651840462
17.1 0.565130188232 0.767394712695
17.2 0.546551828885 0.73403674456
17.3 0.530933506568 0.700930871264
17.4 0.518025817809 0.668365635729
17.5 0.507606425368 0.63657151068
17.6 0.499478737189 0.605728875161
17.7 0.49347127776 0.57597419652
17.8 0.489435835405 0.547406796741
17.9 0.48724535145 0.520094928033
18 0.486792334937 0.494080831539
18.1 0.487986702405 0.469385638165
18.2 0.490754085747 0.446013361276
18.3 0.495034215906 0.423954449208
18.4 0.500779115612 0.403188709292
18.5 0.507952230444 0.383688010457
18.6 0.516526865071 0.365418115181
18.7 0.526485181152 0.348340898773
18.8 0.537817232628 0.33241540726
18.9 0.550520009728 0.317599475131
19 0.564596714785 0.303850430187
19.1 0.580055910531 0.291126191156
19.2 0.596910886273 0.279385794841
19.3 0.615178914456 0.268590086589
19.4 0.634880610855 0.258702162762
19.5 0.656039224896 0.249687790706
19.6 0.678679918662 0.24151580847
19.7 0.70282898492 0.234158439436
19.8 0.728513018884 0.227591616036
19.9 0.755758247107 0.221795010981
20 0.784588954066 0.216752891279
