"Time" "Prey" "Predator"
0 1.00244809407 1.00244909407
0.1 0.937614485055 0.999411368568
0.2 0.877695297791 0.990182953923
0.3 0.822927451702 0.975429122889
0.4 0.773350699437 0.955894631404
0.5 0.728856232105 0.932357341865
0.6 0.689235276058 0.905584819904
0.7 0.654213194644 0.87630674138
0.8 0.62347964804 0.845194549952
0.9 0.59671250693 0.812848869278
1 0.57359327395 0.779795370086
1.1 0.553817201175 0.746485003573
1.2 0.537100871166 0.713296455475
1.3 0.523185711045 0.680541743543
1.4 0.511839280292 0.648472817542
1.5 0.502856107838 0.617288156307
1.6 0.49605546306 0.587140401588
1.7 0.491280654884 0.558142531999
1.8 0.488397016372 0.530374241812
1.9 0.487289871133 0.503887342858
2 0.487862771161 0.478710727371
2.1 0.49003559223 0.454854794683
2.2 0.493742842674 0.432314980894
2.3 0.498932153417 0.411074939957
2.4 0.505562676504 0.391109824999
2.5 0.513604033559 0.372387857356
2.6 0.523035121769 0.354871831233
2.7 0.53384301196 0.338522165702
2.8 0.546022157695 0.323297047605
2.9 0.559573388788 0.309154170397
3 0.57450325629 0.296051214825
3.1 0.590823223516 0.283946910145
3.2 0.608549050494 0.272801428501
3.3 0.627700032635 0.26257710689
3.4 0.648298413302 0.253238716604
3.5 0.670368563594 0.244754011713
3.6 0.693936330288 0.237093944036
3.7 0.719028097523 0.230233131368
3.8 0.74567019463 0.224149848655
3.9 0.773887635932 0.218826604268
4 0.803702902887 0.214250584778
4.1 0.83513517853 0.210413556505
4.2 0.868198157965 0.207312708138
4.3 0.902898844624 0.204950824295
4.4 0.939235674588 0.20333673192
4.5 0.977195432574 0.202486242979
4.6 1.0167516944 0.2024223892
4.7 1.05786098763 0.203176432864
4.8 1.10045911783 0.204788791775
4.9 1.1444581434 0.207309749223
5 1.18974018949 0.210800891105
5.1 1.23615324411 0.215336139244
5.2 1.28350535229 0.221002994047
5.3 1.33155676753 0.227903904723
5.4 1.38001415481 0.236157776674
5.5 1.42852263932 0.245900723214
5.6 1.47665755678 0.257286774359
5.7 1.52391745238 0.270488256693
5.8 1.56971817944 0.285694531266
5.9 1.61338638544 0.303110643745
6 1.65416106951 0.322950606287
6.1 1.69119005348 0.34543388215
6.2 1.7235485406 0.370769545426
6.3 1.75025186852 0.399143482086
6.4 1.77028449799 0.430697763292
6.5 1.78264266653 0.465504146806
6.6 1.78638969782 0.503532448049
6.7 1.78072210034 0.544619161855
6.8 1.76504600772 0.588431676037
6.9 1.73904991804 0.634446356136
7 1.70277279244 0.681932010488
7.1 1.65665172119 0.729953764366
7.2 1.60153313524 0.777404917699
7.3 1.53864654498 0.823060092063
7.4 1.4695386652 0.865651383361
7.5 1.39596807129 0.903960766898
7.6 1.31978214936 0.936909082276
7.7 1.24279101068 0.963635039357
7.8 1.16664976689 0.98355303885
7.9 1.09278491866 0.99637014342
8 1.02233356537 1.00208948784
8.1 0.95613469258 1.00097327938
8.2 0.894740255366 0.993496420498
8.3 0.838449734359 0.980288625038
8.4 0.787354764923 0.962076760665
8.5 0.74138664586 0.939632982214
8.6 0.700361432328 0.913731690436
8.7 0.664020779064 0.885116004372
8.8 0.632062359688 0.854475751322
8.9 0.604165374752 0.822433406453
9 0.580008500407 0.789537099443
9.1 0.559282179452 0.756259322105
9.2 0.541696368195 0.722999404592
9.3 0.526984912918 0.690088365378
9.4 0.514907805483 0.657795000616
9.5 0.505251499342 0.626332863703
9.6 0.497828160722 0.595867317632
9.7 0.492474194507 0.56652226983
9.8 0.489048616002 0.538386512628
9.9 0.487431295926 0.511519536194
10 0.487520535418 0.485956560617
10.1 0.489231635457 0.461712852984
10.2 0.492494942041 0.438788089976
10.3 0.497254393242 0.417168965527
10.4 0.503465899477 0.396832848772
10.5 0.511096193535 0.377749483974
10.6 0.520121542305 0.359883464033
10.7 0.530526712737 0.343195771603
10.8 0.542304085629 0.32764504902
10.9 0.555452648089 0.313189127448
11 0.56997726978 0.299785788916
11.1 0.585888172586 0.287392936918
11.2 0.603199887823 0.275970351858
11.3 0.621930792011 0.265479694176
11.4 0.642102333699 0.255884988819
11.5 0.663738325778 0.247153094975
11.6 0.68686426323 0.239253976834
11.7 0.711506525202 0.232161104437
11.8 0.737691518795 0.225851692902
11.9 0.765444703955 0.220307062011
12 0.794789517158 0.215512889719
12.1 0.825746151672 0.211459629866
12.2 0.858330093647 0.208142823927
12.3 0.892550437675 0.20556358437
12.4 0.928408491151 0.203728854019
12.5 0.965894396644 0.202652420394
12.6 1.00498624816 0.20235502792
12.7 1.04564575166 0.202865478328
12.8 1.08781491782 0.204221476089
12.9 1.13141408353 0.20647008774
13 1.17633338582 0.20966976792
13.1 1.22243272656 0.213890417404
13.2 1.2695315957 0.219215517788
13.3 1.31740483738 0.22574314
13.4 1.36577706031 0.233586904542
13.5 1.41431032585 0.242877761243
13.6 1.46260277403 0.253764702432
13.7 1.51017629083 0.266413977806
13.8 1.55647087004 0.281010815366
13.9 1.60084003132 0.297756813021
14 1.64254758883 0.316863396509
14.1 1.68077003123 0.338547842526
14.2 1.71460042292 0.363025269487
14.3 1.74306823569 0.390490739847
14.4 1.76516475096 0.421100475187
14.5 1.77987703878 0.454950337917
14.6 1.78624302575 0.492043281663
14.7 1.78341285038 0.532258190725
14.8 1.77072148613 0.575316466806
14.9 1.74776728632 0.62075226723
15 1.71448055923 0.66789560304
15.1 1.6711789583 0.715868656992
15.2 1.61858824052 0.763612072067
15.3 1.55783160513 0.809927213735
15.4 1.49037170236 0.853550124492
15.5 1.41791728938 0.893237908754
15.6 1.34230369445 0.927861343173
15.7 1.26536454591 0.956488408
15.8 1.18881311934 0.978447084468
15.9 1.11414849006 0.993359279893
16 1.04259543693 1.00114372295
16.1 0.975079751816 1.00199135632
16.2 0.91223442335 0.996320674502
16.3 0.854428571945 0.984722014263
16.4 0.801809855739 0.967899384365
16.5 0.754351804247 0.946616443716
16.6 0.711900277144 0.921650526307
16.7 0.674214821914 0.893756835839
16.8 0.641002977 0.863642852839
16.9 0.611947483388 0.831951470966
17 0.586725773357 0.799253011517
17.1 0.565023787707 0.766042163067
17.2 0.54654502068 0.73273942821
17.3 0.531016041549 0.699695215027
17.4 0.51818911559 0.667195838935
17.5 0.507842833414 0.635470384044
17.6 0.499782124548 0.604697561172
17.7 0.493836412046 0.575012797473
17.8 0.489858331133 0.546514615777
17.9 0.487721699334 0.519270568406
18 0.487319604872 0.493322404689
18.1 0.488562563249 0.468690883991
18.2 0.491376685249 0.44537983322
18.3 0.495702073095 0.423379470611
18.4 0.501491338013 0.402669441979
18.5 0.508708100965 0.383221763523
18.6 0.517325867398 0.365002691092
18.7 0.527327079099 0.34797362378
18.8 0.538701948428 0.332093669534
18.9 0.551447648182 0.3173208967
19 0.565567515424 0.303612735176
19.1 0.581070188225 0.290927336909
19.2 0.59796901207 0.279223876726
19.3 0.616281271321 0.26846342972
19.4 0.636027580051 0.258609234128
19.5 0.657231121507 0.24962730221
19.6 0.67991702042 0.241486607343
19.7 0.704111449073 0.234159588903
19.8 0.729840898711 0.227622322612
19.9 0.757131107629 0.221854972197
20 0.786006391152 0.216841768788
