"Time" "Prey" "Predator"
0 1.0032665635 1.00326834951
0.1 0.938272823452 1.00030191039
0.2 0.878204176391 0.991123026425
0.3 0.823299616248 0.976398086031
0.4 0.773599815336 0.956873802223
0.5 0.728996005467 0.933330446168
0.6 0.68927882817 0.906538193674
0.7 0.654172643101 0.877229340652
0.8 0.623365886054 0.846077802833
0.9 0.596535161584 0.813686410215
1 0.5733606617 0.780582802569
1.1 0.553536428459 0.747219577729
1.2 0.536777933579 0.713976785787
1.3 0.522825612484 0.681167544389
1.4 0.511446157598 0.649044665795
1.5 0.502433349223 0.617807284405
1.6 0.495605813919 0.587608531837
1.7 0.490806311451 0.558561728015
1.8 0.487899716687 0.530746788507
1.9 0.486770967925 0.504215660901
2 0.487323295166 0.478997283193
2.1 0.489476306363 0.455102069474
2.2 0.493164291272 0.432525392189
2.3 0.498334700784 0.411250829331
2.4 0.504946538428 0.391253442057
2.5 0.512969315934 0.372501304341
2.6 0.522381840347 0.354957073189
2.7 0.53317111861 0.338581047032
2.8 0.545331562573 0.323331249378
2.9 0.558863977151 0.309165234224
3 0.573774911508 0.296040525977
3.1 0.590075844119 0.283915708973
3.2 0.60778257059 0.272750805377
3.3 0.626914441467 0.262508008764
3.4 0.647493776335 0.253151945878
3.5 0.669545044279 0.244650230512
3.6 0.693094211753 0.236973677091
3.7 0.71816781537 0.230096761849
3.8 0.744792377813 0.22399760435
3.9 0.772993096953 0.218658600529
4 0.802792727994 0.214066776211
4.1 0.834210747188 0.210213748684
4.2 0.867261164412 0.207096570386
4.3 0.901951408741 0.204717851809
4.4 0.938280339167 0.203086266473
4.5 0.976235262495 0.202217454286
4.6 1.0157903827 0.202134251055
4.7 1.05690282509 0.202867747197
4.8 1.09950921506 0.204458141811
4.9 1.14352246927 0.206955500664
5 1.18882561229 0.210421200747
5.1 1.23526777331 0.214928922939
5.2 1.28265812307 0.22056592908
5.3 1.33075817749 0.227434459925
5.4 1.37927602114 0.235653223263
5.5 1.42785821124 0.245358111096
5.6 1.47608147026 0.256703107577
5.7 1.5234459543 0.269860437141
5.8 1.56936863346 0.285019744237
5.9 1.61317764142 0.302386187283
6 1.65411231016 0.322174609179
6.1 1.69132101237 0.344605288941
6.2 1.72387853292 0.369888621656
6.3 1.75079868814 0.398212475385
6.4 1.77106271539 0.429721641511
6.5 1.78366319333 0.464490826974
6.6 1.78765710776 0.502493836692
6.7 1.78223388198 0.543571286748
6.8 1.76678940991 0.587396122969
6.9 1.74100251206 0.633448661023
7 1.70490642535 0.680997568426
7.1 1.65892452545 0.72911456436
7.2 1.60389690514 0.776691516578
7.3 1.54104907195 0.822500862466
7.4 1.47192581905 0.865271164797
7.5 1.39828838654 0.903776880085
7.6 1.32198980498 0.93693127053
7.7 1.24484807682 0.963864331553
7.8 1.16853121368 0.983979785638
7.9 1.09447154764 0.996980600633
8 1.02381710693 1.00286237828
8.1 0.957414427337 1.00188391497
8.2 0.895821729941 0.994518114222
8.3 0.839343416949 0.981393976393
8.4 0.78807429743 0.963239357225
8.5 0.741947029607 0.940828705352
8.6 0.700778586592 0.914938842429
8.7 0.664309804997 0.88631612548
8.8 0.632237540969 0.855653625318
8.9 0.604239708184 0.823576791313
9 0.579993603185 0.790636512974
9.1 0.559188393518 0.757307447782
9.2 0.541532259408 0.723991689187
9.3 0.526758147366 0.691021523131
9.4 0.514624653162 0.658667425205
9.5 0.504917269429 0.627144020646
9.6 0.497447314313 0.596617541129
9.7 0.492050359533 0.567212737993
9.8 0.488584886454 0.539018847902
9.9 0.48692995753 0.512095741948
10 0.486983485493 0.486478841816
10.1 0.488660355382 0.462183680237
10.2 0.491890628637 0.439209836596
10.3 0.496617905874 0.417544246594
10.4 0.502797761286 0.397164066217
10.5 0.510396782959 0.378039134313
10.6 0.5193910435 0.360133812326
10.7 0.529765191142 0.343409045856
10.8 0.541511474672 0.327823317247
10.9 0.55462882651 0.313334289607
11 0.569122171031 0.299899307522
11.1 0.585001544802 0.287476634139
11.2 0.602281540812 0.276025729287
11.3 0.620980484919 0.265508128554
11.4 0.641119890884 0.25588764498
11.5 0.662723635801 0.247130978281
11.6 0.685817341414 0.239207913551
11.7 0.71042743974 0.232091811647
11.8 0.736580522605 0.225759695255
11.9 0.764302413944 0.220192522544
12 0.793616621906 0.215375986005
12.1 0.824543786483 0.211300256361
12.2 0.857099798059 0.207960666238
12.3 0.891294163352 0.205358150456
12.4 0.927128668305 0.203499441445
12.5 0.964594298261 0.202398036902
12.6 1.0036694764 0.202074535645
12.7 1.04431704791 0.20255738712
12.8 1.08648000209 0.203884002877
12.9 1.13007898725 0.206101329646
13 1.17500664568 0.209267189314
13.1 1.22112279002 0.213451435781
13.2 1.26824952357 0.218737080944
13.3 1.31616335135 0.225221686699
13.4 1.36458931372 0.23301883388
13.5 1.41319342626 0.242259217104
13.6 1.46157441074 0.253091134713
13.7 1.50925598541 0.265681578754
13.8 1.55568144416 0.280214731365
13.9 1.60020532927 0.296891918808
14 1.64209483316 0.31592507016
14.1 1.68052429336 0.337534260293
14.2 1.71458934969 0.361934288843
14.3 1.74331966022 0.38932169405
14.4 1.76570359677 0.419856410141
14.5 1.78072349776 0.453638036698
14.6 1.78741168055 0.490673820272
14.7 1.7849090459 0.530848511407
14.8 1.77254187124 0.573888382996
14.9 1.74989366656 0.619335788475
15 1.71688729485 0.666521583207
15.1 1.67382362486 0.714576273616
15.2 1.62141667415 0.762442225686
15.3 1.56078218091 0.808919440788
15.4 1.49337719917 0.852741628797
15.5 1.42090979433 0.892659221652
15.6 1.34521959182 0.927533834149
15.7 1.26814808593 0.956423163787
15.8 1.1914181653 0.978644541297
15.9 1.11654122782 0.993809068364
16 1.04475459994 1.00182617705
16.1 0.976995145819 1.00287997591
16.2 0.913905650104 0.997384164111
16.3 0.855863126599 0.985926680749
16.4 0.803020181495 0.969211847233
16.5 0.755353565788 0.948004914696
16.6 0.712710980701 0.923085759294
16.7 0.674852425834 0.895212947151
16.8 0.641484904751 0.865097586868
16.9 0.612289961843 0.833386494091
17 0.586943544403 0.800653493542
17.1 0.565130113444 0.767396296021
17.2 0.54655164399 0.734038249447
17.3 0.53093322339 0.700932291804
17.4 0.518025446424 0.668366968342
17.5 0.507605974294 0.636572753678
17.6 0.499478213553 0.605730028379
17.7 0.493470687476 0.575975260983
17.8 0.489435183332 0.547407774383
17.9 0.487244641534 0.520095821464
18 0.486791570344 0.494081643843
18.1 0.487985885632 0.469386372747
18.2 0.490753218721 0.446014021724
18.3 0.495033300071 0.423955039195
18.4 0.500778152006 0.403189232489
18.5 0.50795121976 0.383688470471
18.6 0.51652580772 0.365418515505
18.7 0.526484077311 0.348341242746
18.8 0.537816082288 0.332415698042
18.9 0.550518812735 0.317599715677
19 0.564595470882 0.303850623236
19.1 0.580054619392 0.291126339221
19.2 0.596909547547 0.279385900197
19.3 0.615177527799 0.268590151275
19.4 0.63487917597 0.258702188569
19.5 0.656037741577 0.249687779183
19.6 0.678678386834 0.241515760913
19.7 0.702827404687 0.234158356894
19.8 0.728511390587 0.227591499297
19.9 0.755756571381 0.221794860569
20 0.784587231895 0.216752707461
