"Time" "Prey" "Predator"
0 0.8606441468 0.75881315209
0.1 0.832075878469 0.747231602714
0.2 0.805799214351 0.733808036395
0.3 0.781834592184 0.718819134392
0.4 0.76016850216 0.702531829384
0.5 0.740763699545 0.685205269105
0.6 0.723564114538 0.66708445867
0.7 0.70850175813 0.648396470678
0.8 0.695501895189 0.629348789771
0.9 0.684485907045 0.610128020363
1 0.675374456979 0.590899735991
1.1 0.66808975428 0.571808887984
1.2 0.662556897111 0.55298068757
1.3 0.658706176716 0.534521830633
1.4 0.65647211609 0.516522230291
1.5 0.655794873925 0.499056322075
1.6 0.656620145126 0.482184781916
1.7 0.658899140696 0.465956104068
1.8 0.662588465647 0.450408162241
1.9 0.667649746533 0.435569670068
2 0.67404919591 0.421461445244
2.1 0.681757553811 0.408098064029
2.2 0.690749209244 0.395488582353
2.3 0.701001610977 0.383637614192
2.4 0.71249515246 0.372546823113
2.5 0.725212080124 0.362214782959
2.6 0.739136317606 0.352638838396
2.7 0.754252499074 0.34381495824
2.8 0.770545425539 0.33573871899
2.9 0.787999369117 0.328406011307
3 0.806597048984 0.321812991482
3.1 0.826319189717 0.315957257405
3.2 0.847143104967 0.310837638502
3.3 0.86904217221 0.306454990174
3.4 0.891984431819 0.302812391604
3.5 0.915931421118 0.299915427522
3.6 0.940837668435 0.297772851406
3.7 0.966648006007 0.296396395903
3.8 0.993296956111 0.295801298095
3.9 1.02070763287 0.296006685621
4 1.04878854601 0.297035390614
4.1 1.07743340089 0.298914534735
4.2 1.10651901732 0.301675504687
4.3 1.13590250019 0.305353530965
4.4 1.16542078259 0.309988491674
4.5 1.19488864786 0.315623798618
4.6 1.22409704873 0.322305881166
4.7 1.25281145865 0.33008505055
4.8 1.2807730624 0.339012233248
4.9 1.30769747592 0.349138477508
5 1.33327634332 0.360513177089
5.1 1.35717980414 0.373181291186
5.2 1.3790571059 0.38718171168
5.3 1.39854760858 0.402540310659
5.4 1.41528308773 0.419268076401
5.5 1.4288983597 0.437355459922
5.6 1.4390417712 0.456766917795
5.7 1.44538849405 0.477434674995
5.8 1.44765496607 0.499253871467
5.9 1.44561311712 0.522076983554
6 1.43910626728 0.54571127735
6.1 1.42806259835 0.56991503317
6.2 1.41250528055 0.59440175472
6.3 1.39256356188 0.618838991574
6.4 1.36846915026 0.642862367186
6.5 1.3405562207 0.666082281645
6.6 1.30925302332 0.688097357482
6.7 1.27506337356 0.708512915934
6.8 1.23854884324 0.726956009121
6.9 1.20030611031 0.743092345267
7 1.16094130916 0.756641208001
7.1 1.12104851481 0.767385929925
7.2 1.08118821701 0.775182449492
7.3 1.04187105093 0.779961232447
7.4 1.0035465862 0.781725929271
7.5 0.966594967934 0.780549249399
7.6 0.931325917525 0.776563465998
7.7 0.897980178103 0.769950686526
7.8 0.866733164667 0.760932003592
7.9 0.837702769128 0.749755391378
8 0.810956901576 0.736685418204
8.1 0.786521533489 0.721993339439
8.2 0.764389363506 0.705948718683
8.3 0.744527093003 0.688813158784
8.4 0.726882413845 0.670834633952
8.5 0.711389921065 0.652244036617
8.6 0.697975705848 0.633253093337
8.7 0.686561814995 0.614052448119
8.8 0.677068693398 0.594812287669
8.9 0.669418108747 0.575681690529
9 0.663534603011 0.556789914851
9.1 0.659346977898 0.538247291075
9.2 0.656788860403 0.5201470261
9.3 0.655799272614 0.502566535986
9.4 0.656322806372 0.485569137131
9.5 0.6583095504 0.469205705499
9.6 0.661715054388 0.453516123578
9.7 0.666500019546 0.438530815675
9.8 0.672629853024 0.42427220726
9.9 0.680074152883 0.410756084349
10 0.688806676626 0.39799239003
10.1 0.698804280004 0.385986709969
10.2 0.710046777978 0.374741021441
10.3 0.722516145298 0.364254632443
10.4 0.736195967207 0.354524971608
10.5 0.751070829258 0.345548255404
10.6 0.767125573064 0.337320116627
10.7 0.784344597573 0.329836256632
10.8 0.802711094859 0.323092828332
10.9 0.822206169205 0.317087037325
11 0.842808010184 0.311817466874
11.1 0.864490824093 0.307284508577
11.2 0.887223874875 0.303490788576
11.3 0.910970278953 0.300441412004
11.4 0.935685711333 0.298144391753
11.5 0.961317341635 0.296610783462
11.6 0.987801947318 0.295855125019
11.7 1.01506470209 0.295895687273
11.8 1.04301782516 0.29675465117
11.9 1.07155784232 0.298458145247
12 1.10056498553 0.301036684193
12.1 1.12990093455 0.304524927732
12.2 1.15940666099 0.308961474939
12.3 1.18890140337 0.314389403254
12.4 1.2181812643 0.320854518265
12.5 1.24701733279 0.328405906639
12.6 1.27515491986 0.337095188341
12.7 1.3023156092 0.346973036649
12.8 1.32819496023 0.35808981499
12.9 1.35246804918 0.370491191677
13 1.37478785399 0.384217618965
13.1 1.39479493207 0.399298205538
13.2 1.41212177203 0.415747353321
13.3 1.42640253329 0.43355985117
13.4 1.43728066539 0.452706267824
13.5 1.44442598303 0.473125592348
13.6 1.44754413664 0.4947210658
13.7 1.4463954655 0.517354195838
13.8 1.4408069497 0.540841561794
13.9 1.43068885258 0.564951582293
14 1.41604391871 0.589406633308
14.1 1.39697958179 0.613883196482
14.2 1.37370671316 0.638022443343
14.3 1.34653947259 0.661438864032
14.4 1.31588779101 0.68373234579
14.5 1.28224127756 0.70450552534
14.6 1.24615216611 0.723379442554
14.7 1.20821154905 0.740010879247
14.8 1.16902558024 0.754106940746
14.9 1.12919277912 0.76543729941
15 1.08928168468 0.773842863548
15.1 1.04981461675 0.779238449824
15.2 1.01125409027 0.781613446105
15.3 0.973994493795 0.781027175178
15.4 0.938360417939 0.777600180639
15.5 0.904605665141 0.77150586645
15.6 0.872918629279 0.762957998495
15.7 0.843427885154 0.7522004289
15.8 0.816212133165 0.73949395093
15.9 0.791304761047 0.725109792333
16 0.768704740751 0.709318501901
16.1 0.748383542348 0.692383715794
16.2 0.73029199297 0.674556718114
16.3 0.714366838025 0.656072239177
16.4 0.700535571438 0.637146011824
16.5 0.688720639024 0.617973177913
16.6 0.678842671699 0.598727845542
16.7 0.670823137227 0.579563005705
16.8 0.664585756769 0.560612508446
16.9 0.660058621966 0.541989960577
17 0.657174037451 0.523792310159
17.1 0.655870045172 0.50609985565
17.2 0.656089998832 0.488978749831
17.3 0.657782844621 0.472482333891
17.4 0.660903138818 0.45665244019
17.5 0.665410346619 0.441521507678
17.6 0.671269108884 0.42711331058
17.7 0.678448178029 0.41344490594
17.8 0.686920533535 0.400527310419
17.9 0.696662431457 0.388366928314
18 0.707653149937 0.376966389316
18.1 0.719874264772 0.366325477316
18.2 0.733309120098 0.356441953213
18.3 0.747942144342 0.34731222908
18.4 0.763758122832 0.338931981559
18.5 0.780741622089 0.331296895623
18.6 0.798876156339 0.32440299027
18.7 0.818143358761 0.318247136144
18.8 0.838522021969 0.312827702967
18.9 0.859987310647 0.308144641827
19 0.882509583751 0.304200057594
19.1 0.906053254449 0.300998590571
19.2 0.930575764909 0.298547542258
19.3 0.956026011757 0.296857393923
19.4 0.982343065005 0.295942001037
19.5 1.00945471842 0.295818807275
19.6 1.03727568642 0.296509153637
19.7 1.06570603109 0.298038444404
19.8 1.09462941116 0.300436253313
19.9 1.12391132651 0.303736303834
20 1.15339706995 0.307976673332
