"Time" "Prey" "Predator"
0 1.00326816615 1.00326716529
0.1 0.938274460149 1.00030089193
0.2 0.878205817521 0.991122179985
0.3 0.823301238224 0.976397411641
0.4 0.773601400284 0.956873294864
0.5 0.728997540574 0.933330096974
0.6 0.689280304901 0.90653799107
0.7 0.654174056379 0.877229271381
0.8 0.623367233485 0.846077852819
0.9 0.596536442769 0.813686565233
1 0.57336187769 0.780583048734
1.1 0.55353758128 0.74721990186
1.2 0.536779025878 0.71397717563
1.3 0.522826647254 0.681167988745
1.4 0.511447137975 0.649045154578
1.5 0.502434278343 0.617807808635
1.6 0.49560669482 0.587609083608
1.7 0.490807147002 0.558562300437
1.8 0.487900509543 0.530747375628
1.9 0.486771720502 0.504216257624
2 0.48732400963 0.478997885199
2.1 0.489476984623 0.455102673135
2.2 0.493164934978 0.432525994488
2.3 0.498335311332 0.411251427794
2.4 0.504947116972 0.391254034677
2.5 0.512969863385 0.372501889521
2.6 0.522382357382 0.354957649697
2.7 0.533171605678 0.338581613938
2.8 0.545332019901 0.323331806017
2.9 0.558864404747 0.309165780155
3 0.573775309165 0.296041060947
3.1 0.590076211419 0.283916232892
3.2 0.607782906902 0.27275131829
3.3 0.626914745947 0.262508510828
3.4 0.647494047925 0.253152437342
3.5 0.669545281705 0.2446507117
3.6 0.693094413522 0.236974148388
3.7 0.718167979765 0.230097223687
3.8 0.744792502893 0.223998057189
3.9 0.772993180537 0.218659044861
4 0.802792767674 0.214067212536
4.1 0.834210740313 0.210214177504
4.2 0.867261108086 0.207096992199
4.3 0.901951299836 0.204718267091
4.4 0.938280174306 0.20308667567
4.5 0.976235038075 0.202217857803
4.6 1.01579009491 0.202134649234
4.7 1.05690246989 0.202868140307
4.8 1.09950878828 0.204458530014
4.9 1.14352196659 0.206955883997
5 1.18882502932 0.210421579085
5.1 1.2352671057 0.214929295949
5.2 1.28265736655 0.220566296173
5.3 1.33075732805 0.227434820193
5.4 1.37927507522 0.235653575407
5.5 1.42785716587 0.245358453317
5.6 1.47608032338 0.256703437496
5.7 1.52344470512 0.269860751633
5.8 1.56936728273 0.285020039368
5.9 1.61317619207 0.302386458039
6 1.65411076747 0.32217484948
6.1 1.69131938489 0.344605491333
6.2 1.72387683282 0.369888777302
6.3 1.75079693163 0.398212574051
6.4 1.77106092306 0.429721671675
6.5 1.7836613905 0.464490775962
6.6 1.78765532401 0.502493691271
6.7 1.78223215076 0.543571033729
6.8 1.76678776711 0.587395750318
6.9 1.74100099472 0.633448158793
7 1.70490506897 0.680996930463
7.1 1.65892336192 0.729113789307
7.2 1.60389596028 0.77669060891
7.3 1.54104836335 0.822499833189
7.4 1.47192535478 0.865270031235
7.5 1.39828816483 0.903775665119
7.6 1.32198981473 0.936930001183
7.7 1.24484829919 0.963863037076
7.8 1.16853162415 0.983978495485
7.9 1.09447211836 0.996979342576
8 1.02381780895 1.00286117685
8.1 0.957415232478 1.00188279045
8.2 0.895822612214 0.994517082083
8.3 0.839344353424 0.981393047292
8.4 0.788075268625 0.963238537335
8.5 0.741948019545 0.940827996914
8.6 0.700779582608 0.914938244428
8.7 0.664310797379 0.886315634367
8.8 0.632238522516 0.855653235691
8.9 0.604240673784 0.823576496502
9 0.579994549408 0.79063630555
9.1 0.559189318236 0.75730731997
9.2 0.541533161523 0.723991633123
9.3 0.52675902652 0.691021531154
9.4 0.514625509515 0.658667490018
9.5 0.504918103557 0.627144135352
9.6 0.497448127014 0.596617699375
9.7 0.492051151767 0.567212933952
9.8 0.488585659264 0.539019076291
9.9 0.48693071197 0.512095998031
10 0.486984222606 0.486479121364
10.1 0.488661076158 0.462183979512
10.2 0.491891333989 0.439210152308
10.3 0.49661859664 0.417544575878
10.4 0.502798438188 0.397164406582
10.5 0.510397446613 0.378039483628
10.6 0.519391694403 0.360134168764
10.7 0.529765829664 0.343409407882
10.8 0.541512101052 0.327823683575
10.9 0.554629440846 0.313334659181
11 0.56912277328 0.299899679494
11.1 0.58500213477 0.287477007838
11.2 0.602282118145 0.276026104215
11.3 0.620981049096 0.265508504349
11.4 0.641120441204 0.255888021422
11.5 0.662724171379 0.24713135526
11.6 0.685817861158 0.239208291068
11.7 0.710427942354 0.232092189792
11.8 0.73658100654 0.225760074227
11.9 0.764302877419 0.220192902607
12 0.793617062873 0.215376367495
12.1 0.824544202583 0.211300639698
12.2 0.857100186664 0.207961051883
12.3 0.891294521467 0.205358538947
12.4 0.927128992578 0.203499833374
12.5 0.964594584991 0.202398432895
12.6 1.00366972142 0.202074936389
12.7 1.04431724669 0.202557793324
12.8 1.08648014962 0.203884415276
12.9 1.13007907802 0.206101749003
13 1.1750066738 0.209267616363
13.1 1.22112274904 0.213451871239
13.2 1.26824940659 0.218737525475
13.3 1.31616315113 0.22522214085
13.4 1.3645890226 0.23301929802
13.5 1.41319303633 0.242259691423
13.6 1.46157391407 0.253091619024
13.7 1.5092553741 0.265682072473
13.8 1.5556807108 0.280215233251
13.9 1.60020446714 0.296892426878
14 1.64209383679 0.315925581475
14.1 1.68052315941 0.337534770476
14.2 1.71458807667 0.361934792386
14.3 1.74331825017 0.389322183511
14.4 1.76570205609 0.419856875966
14.5 1.78072183717 0.453638467365
14.6 1.78740991666 0.490674202042
14.7 1.78490720094 0.530848828496
14.8 1.77253997347 0.57388861825
14.9 1.74989174936 0.619335924039
15 1.71688539557 0.666521601965
15.1 1.67382178377 0.714576159669
15.2 1.62141493069 0.76244196729
15.3 1.56078057223 0.808919030771
15.4 1.4933757568 0.852741066303
15.5 1.42090854253 0.892658512468
15.6 1.34521854625 0.927532990573
15.7 1.26814725296 0.956422204131
15.8 1.19141754277 0.978643488265
15.9 1.1165408066 0.993807947225
16 1.04475436518 1.00182501416
16.1 0.976995079057 1.00287879686
16.2 0.913905731155 0.997382992341
16.3 0.855863334831 0.985925536852
16.4 0.80302049707 0.969210748276
16.5 0.755353970479 0.948003874058
16.6 0.712711458299 0.923084786827
16.7 0.67485296224 0.895212049536
16.8 0.64148548806 0.865096767964
16.9 0.612290582189 0.83338575542
17 0.586944193741 0.800652834767
17.1 0.565130785313 0.767395715367
17.2 0.546552333331 0.734037744009
17.3 0.530933926239 0.700931857988
17.4 0.518026159792 0.668366602024
17.5 0.507606695947 0.636572450467
17.6 0.499478941858 0.605729783787
17.7 0.493471421311 0.575975070516
17.8 0.489435921947 0.547407633667
17.9 0.487245384481 0.520095726299
18 0.486792317408 0.494081590248
18.1 0.487986636764 0.469386356992
18.2 0.490753973999 0.446014040346
18.3 0.495034059661 0.423955089007
18.4 0.500778916127 0.403189310577
18.5 0.507951988656 0.383688574191
18.6 0.51652658164 0.365418642475
18.7 0.526484856486 0.348341390831
18.8 0.537816866915 0.33241586535
18.9 0.55051960296 0.317599900535
19 0.564596266781 0.303850824191
19.1 0.580055420962 0.291126555013
19.2 0.596910354678 0.279386129761
19.3 0.615178340269 0.268590393718
19.4 0.634879993417 0.258702443173
19.5 0.656038563487 0.249688045381
19.6 0.67867921251 0.241516038299
19.7 0.702828233241 0.234158645193
19.8 0.728512220892 0.227591798388
19.9 0.75575740205 0.221795170473
20 0.784588061268 0.21675302831
