"Time" "Prey" "Predator"
0 1.00326626574 1.00326760533
0.1 0.938272639625 1.00030114442
0.2 0.87820409452 0.99112225442
0.3 0.823299623918 0.976397321978
0.4 0.773599900422 0.956873057979
0.5 0.728996156627 0.933329731344
0.6 0.689279035144 0.906537515677
0.7 0.654172896864 0.877228704843
0.8 0.623366178839 0.846077212768
0.9 0.596535486804 0.813685867928
1 0.573361013888 0.780582308815
1.1 0.553536803125 0.74721913226
1.2 0.536778327084 0.71397638758
1.3 0.522826021919 0.681167191841
1.4 0.511446580664 0.6490443569
1.5 0.502433784127 0.617807016889
1.6 0.495606259288 0.587608303266
1.7 0.49080676626 0.558561535887
1.8 0.487900180183 0.53074663032
1.9 0.48677143958 0.504215534198
2 0.48732377463 0.478997185605
2.1 0.489476793426 0.455101998752
2.2 0.49316478583 0.432525346204
2.3 0.498335202815 0.411250806101
2.4 0.504947047972 0.391253439737
2.5 0.512969833065 0.372501321252
2.6 0.522382365165 0.354957107801
2.7 0.53317165122 0.338581097946
2.8 0.545332103074 0.32333131535
2.9 0.558864525622 0.309165314139
3 0.573775467997 0.296040618856
3.1 0.590076408629 0.283915813961
3.2 0.607783143066 0.272750921742
3.3 0.626915021783 0.262508135891
3.4 0.647494364279 0.253152083263
3.5 0.669545639539 0.244650377757
3.6 0.693094813901 0.236973833902
3.7 0.718168423838 0.230096928036
3.8 0.744792991868 0.223997779831
3.9 0.772993715698 0.218658785304
4 0.802793350312 0.214066970391
4.1 0.834211371725 0.210213952479
4.2 0.867261789562 0.2070967841
4.3 0.901952032573 0.204718075859
4.4 0.938280959425 0.203086501374
4.5 0.976235876533 0.202217700665
4.6 1.01579098742 0.20213450966
4.7 1.05690341694 0.202868018881
4.8 1.09950978992 0.204458427558
4.9 1.14352302242 0.206955801585
5 1.18882613839 0.21042151807
5.1 1.23526826625 0.21492925802
5.2 1.28265857599 0.220566283397
5.3 1.33075858272 0.227434835045
5.4 1.37927637012 0.235653620828
5.5 1.42785849454 0.245358532815
5.6 1.47608167764 0.256703555102
5.7 1.52344607465 0.269860912069
5.8 1.56936865515 0.285020247848
5.9 1.61317755214 0.302386720624
6 1.6541120978 0.322175172538
6.1 1.69132066486 0.344605881882
6.2 1.72387803915 0.369889242587
6.3 1.75079803862 0.398213121172
6.4 1.7710619035 0.429722306977
6.5 1.78366221569 0.464491504765
6.6 1.78765596593 0.502494516654
6.7 1.78223258292 0.543571955973
6.8 1.76678796738 0.587396765437
6.9 1.74100094602 0.633449258649
7 1.70490476301 0.680998100794
7.1 1.65892279946 0.729115010509
7.2 1.60389515193 0.776691856544
7.3 1.54104733009 0.822501078442
7.4 1.47192412628 0.865271243135
7.5 1.39828677733 0.903776812517
7.6 1.32198830855 0.93693105479
7.7 1.24484671559 0.963863971741
7.8 1.16853000255 0.983979291693
7.9 1.09447049419 0.996979987269
8 1.02381621236 1.00286166362
8.1 0.957413687399 1.00188311919
8.2 0.895821136458 0.994517258067
8.3 0.83934295917 0.981393080009
8.4 0.788073963098 0.963238439366
8.5 0.741946806014 0.9408277827
8.6 0.700778461283 0.914937929293
8.7 0.664309766233 0.88631523372
8.8 0.63223757801 0.85565276441
8.9 0.60423981145 0.823575968519
9 0.579993764284 0.790635733594
9.1 0.559188605206 0.757306715425
9.2 0.541532515524 0.723991006017
9.3 0.526758442713 0.691020890154
9.4 0.514624983407 0.658666842494
9.5 0.504917630998 0.627143487533
9.6 0.497447704276 0.5966170564
9.7 0.492050775522 0.567212300022
9.8 0.488585326572 0.539018454781
9.9 0.48693042028 0.512095391587
10 0.486983969714 0.486478532019
10.1 0.488660860194 0.462183408771
10.2 0.491891153393 0.439209601235
10.3 0.496618450123 0.417544045162
10.4 0.502798324733 0.397163896614
10.5 0.510397365438 0.378038994538
10.6 0.519391644945 0.36013370049
10.7 0.529765811566 0.343408960194
10.8 0.541512114143 0.327823256124
10.9 0.554629485129 0.313334251522
11 0.569122848921 0.299899291111
11.1 0.585002242081 0.287476638173
11.2 0.60228225758 0.276025752677
11.3 0.620981221235 0.265508170342
11.4 0.641120646751 0.255887704346
11.5 0.662724411143 0.247131054537
11.6 0.68581813605 0.23920800614
11.7 0.710428253366 0.232091920143
11.8 0.736581354758 0.225759819371
11.9 0.764303263978 0.220192662121
12 0.793617488958 0.215376141021
12.1 0.824544669423 0.211300426937
12.2 0.85710069547 0.207960852631
12.3 0.891295073454 0.205358353079
12.4 0.927129588916 0.203499660867
12.5 0.96459522674 0.202398273853
12.6 1.00367040955 0.202074791034
12.7 1.04431798195 0.202557662036
12.8 1.08648093252 0.203884298607
12.9 1.13007990879 0.20610164769
13 1.17500755219 0.20926753138
13.1 1.22112367433 0.21345180381
13.2 1.26825037742 0.218737477113
13.3 1.3161641653 0.22522211341
13.4 1.36459007701 0.233019293752
13.5 1.41319412673 0.24225971297
13.6 1.46157503482 0.253091669535
13.7 1.50925651805 0.265682155587
13.8 1.55568186894 0.280215353194
13.9 1.6002056285 0.296892588429
14 1.64209498817 0.315925789934
14.1 1.68052428505 0.337535031765
14.2 1.71458915883 0.361935112556
14.3 1.74331926867 0.389322568834
14.4 1.76570298859 0.419857332583
14.5 1.78072266026 0.453639000624
14.6 1.78741060617 0.490674816031
14.7 1.78490773353 0.530849525329
14.8 1.7725403279 0.573889397135
14.9 1.74989190836 0.61933678059
15 1.71688534758 0.666522527346
15.1 1.67382152382 0.71457714088
15.2 1.62141446236 0.762442986355
15.3 1.56077990721 0.808920066033
15.4 1.49337491479 0.852742093207
15.5 1.42090754968 0.892659505304
15.6 1.34521743312 0.92753392432
15.7 1.26814605236 0.956423056036
15.8 1.19141628735 0.978644239474
15.9 1.1165395266 0.993808583881
16 1.04475308729 1.00182552763
16.1 0.97699382541 1.00287918374
16.2 0.913904518943 0.997383254058
16.3 0.855862176635 0.985925678632
16.4 0.803019401278 0.969210778357
16.5 0.755352941905 0.948003802754
16.6 0.71271049891 0.92308462565
16.7 0.674852071913 0.895211810434
16.8 0.641484665117 0.865096462811
16.9 0.612289823919 0.833385395589
17 0.586943496814 0.800652430834
17.1 0.565130146095 0.767395276946
17.2 0.54655174806 0.734037279742
17.3 0.530933391259 0.700931375409
17.4 0.51802567159 0.668366107692
17.5 0.507606251253 0.63657194998
17.6 0.499478537695 0.605729281849
17.7 0.493471054969 0.57597457106
17.8 0.489435591024 0.54740713991
17.9 0.48724508686 0.52009524084
18 0.486792051245 0.49408111515
18.1 0.487986400479 0.469385893854
18.2 0.490753766256 0.446013590373
18.3 0.495033879347 0.423954653066
18.4 0.500778762341 0.403188889257
18.5 0.507951860696 0.383688167847
18.6 0.516526478983 0.365418251266
18.7 0.52648477878 0.348341014766
18.8 0.537816813964 0.332415504304
18.9 0.550519574714 0.317599554294
19 0.564596263331 0.303850492454
19.1 0.580055442524 0.291126237433
19.2 0.596910401592 0.279385825942
19.3 0.615178412989 0.268590103246
19.4 0.634880092506 0.258702165614
19.5 0.656038689606 0.249687780304
19.6 0.678679366422 0.241515785276
19.7 0.702828415787 0.23415840382
19.8 0.728512433004 0.227591568275
19.9 0.755757644734 0.221794951257
20 0.784588335582 0.216752819682
