"Time" "Prey" "Predator"
0 0.999999 1
0.1 0.935643238636 0.99674964438
0.2 0.876170158318 0.987373438208
0.3 0.821810514392 0.972533322067
0.4 0.772601319714 0.952968222861
0.5 0.728433638634 0.929448832369
0.6 0.689100418134 0.902734955242
0.7 0.654329994738 0.873548472004
0.8 0.623815657515 0.842553471092
0.9 0.597239033851 0.810344007852
1 0.574285517308 0.777439890194
1.1 0.554653955504 0.744287162369
1.2 0.538064234219 0.711260441956
1.3 0.524260731098 0.678668464826
1.4 0.513013590488 0.646760603317
1.5 0.504119565747 0.615733378683
1.6 0.497399848108 0.585737963551
1.7 0.492699384443 0.556886314989
1.8 0.489884872847 0.529257458444
1.9 0.488842790394 0.502902797192
2 0.489477652599 0.477851061523
2.1 0.49171012932 0.454112665349
2.2 0.495475389803 0.43168316508
2.3 0.500721599697 0.41054646492
2.4 0.507408357601 0.390677982938
2.5 0.515505612887 0.372046374899
2.6 0.52499253148 0.35461485848
2.7 0.535856377193 0.338344192929
2.8 0.548091724801 0.323193065468
2.9 0.56169948068 0.309119574605
3 0.576686198141 0.296081875356
3.1 0.593063295846 0.284039122861
3.2 0.610846423176 0.272951942957
3.3 0.63005471141 0.262783095711
3.4 0.650710169374 0.253497790102
3.5 0.672836875999 0.245064194382
3.6 0.696460310443 0.237453678687
3.7 0.721606405168 0.230641275074
3.8 0.748300900203 0.224605728049
3.9 0.776568250369 0.219329892133
4 0.806430127228 0.214801420016
4.1 0.837904806499 0.211012539091
4.2 0.871005057163 0.207960836466
4.3 0.90573659907 0.205649618234
4.4 0.942096557144 0.204088188451
4.5 0.980070194889 0.203292854723
4.6 1.01962916712 0.20328724507
4.7 1.06072819824 0.204103140943
4.8 1.10330066542 0.205781603186
4.9 1.14725598473 0.208373579015
5 1.19247363771 0.211941271657
5.1 1.23879819447 0.216559316161
5.2 1.28603422996 0.222315931604
5.3 1.33393831298 0.229314191402
5.4 1.38221287095 0.237673547156
5.5 1.43049866556 0.247530797621
5.6 1.47836692357 0.259040094609
5.7 1.52531151287 0.272373983203
5.8 1.5707447522 0.287721099836
5.9 1.61398941334 0.305285765126
6 1.65428271252 0.325279994582
6.1 1.69077235141 0.347920008679
6.2 1.7225334436 0.373411574558
6.3 1.74858696168 0.401934187874
6.4 1.76792687973 0.433621851756
6.5 1.77956073612 0.468537275578
6.6 1.78257080989 0.506638616922
6.7 1.77617539004 0.547749502404
6.8 1.7598075737 0.591524398962
6.9 1.73318514602 0.637426587174
7 1.6963767035 0.684714811416
7.1 1.64984690872 0.732448012579
7.2 1.59446282077 0.77951946074
7.3 1.53146813885 0.824709800981
7.4 1.46241233241 0.86676524007
7.5 1.38904577579 0.904487343915
7.6 1.31319970604 0.936820583932
7.7 1.23665580115 0.962932514082
7.8 1.1610463777 0.982257910392
7.9 1.08776395031 0.994529758369
8 1.01791970528 0.999766611042
8.1 0.952328241808 0.998242700164
8.2 0.891522903493 0.990438648101
8.3 0.835789918257 0.976984683484
8.4 0.785212248375 0.958604400874
8.5 0.739716986469 0.93606351092
8.6 0.699119375554 0.910128094212
8.7 0.663161615775 0.881532550201
8.8 0.631544180427 0.850957577843
8.9 0.603949899717 0.819016711694
9 0.580061560505 0.786250287658
9.1 0.559573469051 0.75312376304
9.2 0.542199610722 0.720030138227
9.3 0.527677538953 0.687295238941
9.4 0.515770622117 0.655183497358
9.5 0.506268419492 0.62390486615
9.6 0.498985710497 0.593621974087
9.7 0.493761289287 0.564456585899
9.8 0.490456263286 0.536495850073
9.9 0.488952147217 0.509797976792
10 0.489148695434 0.484397416677
10.1 0.490962471389 0.460309041992
10.2 0.49432493156 0.437531993578
10.3 0.4991809252 0.416053115693
10.4 0.505487148455 0.395849641098
10.5 0.513210969436 0.376891651339
10.6 0.52232919055 0.359143943756
10.7 0.532827022701 0.342567839175
10.8 0.544697144098 0.327122449563
10.9 0.55793885187 0.312765899913
11 0.57255725756 0.299456260076
11.1 0.588562562728 0.287152326855
11.2 0.605969296495 0.27581439171
11.3 0.624795784178 0.265404477819
11.4 0.645063356026 0.255887020776
11.5 0.666795537723 0.247229517985
11.6 0.690017625509 0.239402310805
11.7 0.714755482107 0.232379477269
11.8 0.741035018502 0.226138723296
11.9 0.768881062148 0.220661850369
12 0.798316173532 0.215935192361
12.1 0.829359732385 0.211949658923
12.2 0.862025983786 0.208701456012
12.3 0.896322903628 0.206192230365
12.4 0.932249960724 0.204429699113
12.5 0.969795843953 0.203428250489
12.6 1.0089363644 0.203209398271
12.7 1.04963062972 0.20380280203
12.8 1.09181851298 0.205246855489
12.9 1.13541620334 0.207589765094
13 1.18031145685 0.210890695421
13.1 1.22635887956 0.215220826084
13.2 1.27337400379 0.220664627878
13.3 1.32112706801 0.227321171662
13.4 1.36933564721 0.235305368243
13.5 1.41765755067 0.244749226287
13.6 1.46568332154 0.255802205602
13.7 1.51292810859 0.268632214327
13.8 1.55882665103 0.283423640831
13.9 1.60272543992 0.300377149561
14 1.64388487506 0.319702992035
14.1 1.68147502112 0.341617700087
14.2 1.71458993044 0.366330668325
14.3 1.74226223012 0.394030298591
14.4 1.76348933558 0.424865193487
14.5 1.77726991552 0.458920064433
14.6 1.78266093333 0.496183732262
14.7 1.77883685797 0.536519237947
14.8 1.76516658436 0.5796285743
14.9 1.74128458868 0.625028206896
15 1.70716098412 0.672031517534
15.1 1.66315262965 0.719748402614
15.2 1.61001989755 0.767112229909
15.3 1.5489120166 0.812926477818
15.4 1.48130581636 0.855938290957
15.5 1.40890950673 0.894925378459
15.6 1.33354604937 0.928785565028
15.7 1.25701999683 0.956622299615
15.8 1.18101443769 0.977794084061
15.9 1.10699129036 0.991954584484
16 1.03613922523 0.999048579912
16.1 0.96935146534 0.999286316723
16.2 0.90723346566 0.993098921144
16.3 0.85013343132 0.981082242921
16.4 0.798183848686 0.963940340144
16.5 0.75134876898 0.942432266823
16.6 0.709469141718 0.917327565228
16.7 0.67230328692 0.889371586013
16.8 0.639560174444 0.859260974
16.9 0.61092534643 0.827627993495
17 0.586080210341 0.795032950811
17.1 0.564715142163 0.761960936887
17.2 0.546538334857 0.728823935005
17.3 0.531280682223 0.695965223345
17.4 0.518698724831 0.663664756122
17.5 0.508575039023 0.632146379841
17.6 0.50071773302 0.601584728916
17.7 0.494959439304 0.572111744393
17.8 0.491155480506 0.543823244899
17.9 0.489182101401 0.516784644773
18 0.488934418546 0.491036243493
18.1 0.490324630588 0.466597773693
18.2 0.493280435183 0.443472183633
18.3 0.497743244379 0.421649317601
18.4 0.503666727356 0.401108712033
18.5 0.511015533164 0.381822160678
18.6 0.519764056671 0.363755666419
18.7 0.529895362396 0.346871361861
18.8 0.541400229671 0.331128792706
18.9 0.554276267523 0.316486274326
19 0.568527117538 0.302901788057
19.1 0.584161692972 0.290333875741
19.2 0.601193431532 0.278742384241
19.3 0.619639711468 0.268088829924
19.4 0.639521164786 0.258336891922
19.5 0.660860750047 0.249453321097
19.6 0.68368341103 0.24140759738
19.7 0.708014916346 0.234172803862
19.8 0.733881250277 0.227725655113
19.9 0.761307671288 0.222046786639
20 0.790317399575 0.217121351741
