"Time" "Prey" "Predator"
0 1.00326622008 1.00326879902
0.1 0.938272448327 1.00030232254
0.2 0.87820377945 0.991123396459
0.3 0.823299205955 0.976398411095
0.4 0.773599398657 0.956874081173
0.5 0.728995587933 0.933330679288
0.6 0.689278414015 0.906538382377
0.7 0.654172235438 0.87722948719
0.8 0.623365487062 0.846077910032
0.9 0.596534772701 0.813686481246
1 0.57336028377 0.780582840777
1.1 0.553536061884 0.747219586487
1.2 0.536777578431 0.713976768391
1.3 0.5228252686 0.681167503986
1.4 0.511445824654 0.649044605334
1.5 0.502433026791 0.617807206611
1.6 0.495605501513 0.587608439196
1.7 0.490806008559 0.558561622772
1.8 0.48789942279 0.530746672669
1.9 0.48677068252 0.50421553625
2 0.48732301778 0.4789971513
2.1 0.489476036559 0.455101931711
2.2 0.493164028654 0.432525249747
2.3 0.498334445004 0.411250683235
2.4 0.504946289188 0.391253293189
2.5 0.512969072988 0.372501153443
2.6 0.522381603506 0.354956920883
2.7 0.533170887738 0.338580893835
2.8 0.545331337594 0.323331095712
2.9 0.558863758046 0.309165080426
3 0.57377469832 0.296040372309
3.1 0.590075636952 0.283915555631
3.2 0.607782369616 0.272750652498
3.3 0.626914246923 0.262507856435
3.4 0.64749358853 0.253151794138
3.5 0.669544863597 0.244650079359
3.6 0.693094038659 0.236973526489
3.7 0.718167650411 0.230096611728
3.8 0.744792221627 0.223997454609
3.9 0.772992950271 0.218658451045
4 0.802792591651 0.214066626835
4.1 0.834210622126 0.210213599247
4.2 0.867261051687 0.207096420701
4.3 0.901951309534 0.204717701672
4.4 0.938280254786 0.203086115666
4.5 0.976235194385 0.20221730258
4.6 1.01579033246 0.202134098213
4.7 1.05690279444 0.202867592977
4.8 1.0995092059 0.204457985972
4.9 1.14352248364 0.206955342971
5 1.18882565239 0.210421040984
5.1 1.23526784147 0.214928760913
5.2 1.28265822176 0.22056576464
5.3 1.33075830927 0.227434292981
5.4 1.37927618867 0.23565305381
5.5 1.42785841716 0.245357939239
5.6 1.47608171717 0.256702933581
5.7 1.52344624466 0.269860261468
5.8 1.56936896944 0.28501956762
5.9 1.61317802479 0.302386010773
6 1.65411274203 0.322174434249
6.1 1.69132149304 0.344605117558
6.2 1.7238790616 0.36988845637
6.3 1.75079926264 0.398212319413
6.4 1.77106333189 0.429721498806
6.5 1.78366384613 0.464490702222
6.6 1.78765778909 0.50249373529
6.7 1.78223458199 0.543571214642
6.8 1.76679011675 0.587396086442
6.9 1.74100321236 0.633448666253
7 1.70490710465 0.68099762111
7.1 1.65892516908 0.729114669094
7.2 1.60389749918 0.776691676289
7.3 1.54104960416 0.822501077995
7.4 1.47192627971 0.865271434548
7.5 1.39828876912 0.903777199973
7.6 1.32199010633 0.936931634203
7.7 1.24484829715 0.96386473081
7.8 1.16853135613 0.983980211037
7.9 1.09447161769 0.996981042188
8 1.02381711164 1.00286282613
8.1 0.957414374665 1.00188435991
8.2 0.895821628098 0.994518548137
8.3 0.839343273897 0.98139439251
8.4 0.788074120566 0.963239750181
8.5 0.741946825538 0.940829071195
8.6 0.700778361037 0.91493917851
8.7 0.664309562788 0.886316430287
8.8 0.632237286101 0.855653898286
8.9 0.604239443889 0.82357703265
9 0.579993332032 0.790636723475
9.1 0.559188117513 0.757307628675
9.2 0.541531980079 0.723991842014
9.3 0.526757865858 0.691021649617
9.4 0.514624370315 0.658667527176
9.5 0.504916985823 0.627144099973
9.6 0.497447030342 0.596617599662
9.7 0.492050075436 0.567212777529
9.8 0.488584602354 0.53901887016
9.9 0.486929673465 0.512095748546
10 0.486983201435 0.486478834265
10.1 0.48866007126 0.462183659934
10.2 0.491890344352 0.43920980482
10.3 0.496617621308 0.417544204509
10.4 0.502797476315 0.397164014878
10.5 0.510396497463 0.378039074663
10.6 0.519390757367 0.360133745209
10.7 0.529764904276 0.343408972018
10.8 0.541511187 0.327823237343
10.9 0.554628537984 0.313334204207
11 0.569121881639 0.299899217118
11.1 0.585001254568 0.287476539148
11.2 0.602281249806 0.276025630057
11.3 0.620980193259 0.26550802537
11.4 0.641119598746 0.255887538064
11.5 0.662723343426 0.247130867802
11.6 0.68581704911 0.23920779962
11.7 0.710427147898 0.232091694328
11.8 0.73658023171 0.225759574557
11.9 0.764302124574 0.220192398431
12 0.793616334753 0.215375858399
12.1 0.82454350237 0.21130012513
12.2 0.857099517937 0.207960531214
12.3 0.891293888336 0.20535801142
12.4 0.927128399684 0.203499298132
12.5 0.964594037504 0.202397889006
12.6 1.0036692252 0.202074382809
12.7 1.04431680819 0.202557228943
12.8 1.08647977601 0.203883838913
12.9 1.13007877728 0.2061011594
13 1.17500645455 0.209267012252
13.1 1.22112262081 0.213451251328
13.2 1.2682493797 0.218736888492
13.3 1.31616323656 0.225221485622
13.4 1.36458923212 0.233018623553
13.5 1.41319338231 0.242258996906
13.6 1.46157440919 0.253090904087
13.7 1.50925603132 0.265681337228
13.8 1.55568154272 0.280214478647
13.9 1.60020548578 0.296891654827
14 1.64209505278 0.31592479518
14.1 1.68052458079 0.337533975102
14.2 1.71458970924 0.361933994719
14.3 1.74332009504 0.389321393106
14.4 1.76570410849 0.419856105478
14.5 1.78072408626 0.453637732472
14.6 1.78741234318 0.490673521906
14.7 1.78490977727 0.530848225652
14.8 1.77254266281 0.573888117819
14.9 1.74989450664 0.619335552892
15 1.7168881688 0.666521386798
15.1 1.67382451536 0.714576126257
15.2 1.62141756254 0.762442136368
15.3 1.56078304791 0.808919417172
15.4 1.49337802642 0.852741676259
15.5 1.42091056549 0.892659342778
15.6 1.34522029357 0.927534028422
15.7 1.26814870869 0.956423427494
15.8 1.19141870344 0.978644867936
15.9 1.11654167936 0.993809449249
16 1.0447549662 1.00182660195
16.1 0.976995430716 1.00288043385
16.2 0.913905859331 0.997384644155
16.3 0.855863266989 0.985927172461
16.4 0.803020260372 0.969212341174
16.5 0.755353590469 0.948005402683
16.6 0.712710958161 0.923086234509
16.7 0.674852362515 0.895213404127
16.8 0.641484806409 0.865098021439
16.9 0.612289833519 0.833386903255
17 0.586943390433 0.800653875306
17.1 0.565129937505 0.767396649239
17.2 0.546551449149 0.734038573689
17.3 0.530933012192 0.700932587173
17.4 0.518025220943 0.668367235384
17.5 0.50760573621 0.636572993255
17.6 0.499477964214 0.605730241578
17.7 0.493470427942 0.57597544905
17.8 0.489434914432 0.547407938655
17.9 0.487244363901 0.520095963325
18 0.486791284452 0.494081764686
18.1 0.487985591822 0.469386473944
18.2 0.490752917231 0.446014104605
18.3 0.49503299105 0.423955105035
18.4 0.500777835537 0.403189282494
18.5 0.507950895876 0.383688505774
18.6 0.516525476413 0.365418537155
18.7 0.526483738547 0.348341251714
18.8 0.537815736017 0.332415695213
18.9 0.550518458901 0.317599701858
19 0.564595109432 0.303850599147
19.1 0.580054250285 0.291126305508
19.2 0.596909170761 0.279385857423
19.3 0.615177143345 0.268590099931
19.4 0.634878783898 0.25870212907
19.5 0.656037341986 0.249687711873
19.6 0.678677979887 0.241515686066
19.7 0.702826990617 0.234158274716
19.8 0.728510969718 0.227591409922
19.9 0.75575614414 0.221794764063
20 0.784586798822 0.216752603825
