"Time" "Prey" "Predator"
0 1.0032670086 1.0032681633
0.1 0.938273260214 1.00030176888
0.2 0.878204599175 0.991122928854
0.3 0.823300020989 0.976398030337
0.4 0.773600199355 0.956873785395
0.5 0.728996367236 0.933330464565
0.6 0.689279167072 0.906538243303
0.7 0.654172959202 0.877229417403
0.8 0.623366179903 0.846077902658
0.9 0.596535434057 0.813686529252
1 0.573360913867 0.780582937232
1.1 0.553536661493 0.747219724757
1.2 0.536778148681 0.713976942265
1.3 0.522825810833 0.681167707751
1.4 0.511446340319 0.649044833815
1.5 0.502433517366 0.617807455172
1.6 0.495605968447 0.587608703733
1.7 0.490806453234 0.558561899686
1.8 0.487899846501 0.530746958833
1.9 0.486771086452 0.504215828971
2 0.487323403 0.478997448277
2.1 0.489476404014 0.455102230997
2.2 0.493164379167 0.43252554971
2.3 0.498334779276 0.411250982525
2.4 0.5049466078 0.391253590695
2.5 0.512969376402 0.372501448272
2.6 0.522381892067 0.35495721233
2.7 0.533171161677 0.338581181357
2.8 0.545331597031 0.323331378906
2.9 0.55886400299 0.30916535901
3 0.573774928668 0.296040646101
3.1 0.590075852496 0.28391582454
3.2 0.607782570034 0.272750916506
3.3 0.626914431786 0.262508115586
3.4 0.647493757294 0.25315204853
3.5 0.669545015607 0.244650329133
3.6 0.693094173139 0.236973771822
3.7 0.718167766469 0.230096852826
3.8 0.744792318247 0.223997691699
3.9 0.772993026309 0.218658684374
4 0.802792645835 0.21406685666
4.1 0.834210653051 0.210213825833
4.2 0.86726105781 0.207096644314
4.3 0.901951289177 0.204717922573
4.4 0.938280206129 0.203086334108
4.5 0.976235115474 0.202217518801
4.6 1.0157902212 0.202134312426
4.7 1.05690264863 0.202867805364
4.8 1.0995090232 0.204458196669
4.9 1.14352226163 0.206955552058
5 1.18882538856 0.210421248465
5.1 1.23526753331 0.214928966695
5.2 1.28265786674 0.220565968509
5.3 1.33075790497 0.227434494568
5.4 1.3792757328 0.235653252552
5.5 1.42785790773 0.245358134327
5.6 1.47608115258 0.256703123911
5.7 1.5234456239 0.269860445559
5.8 1.56936829225 0.285019743566
5.9 1.61317729196 0.302386176113
6 1.65411195555 0.322174585947
6.1 1.69132065654 0.344605251845
6.2 1.72387818056 0.369888568721
6.3 1.75079834471 0.398212404514
6.4 1.77106238703 0.429721550586
6.5 1.78366288687 0.464490713912
6.6 1.78765683037 0.502493699684
6.7 1.782233641 0.543571124405
6.8 1.76678921228 0.587395934649
6.9 1.7410023641 0.633448446913
7 1.70490633193 0.680997330008
7.1 1.6589244897 0.729114304395
7.2 1.60389692813 0.776691239141
7.3 1.54104915239 0.822500572946
7.4 1.47192595336 0.865270869547
7.5 1.39828856918 0.903776586056
7.6 1.32199002885 0.936930984819
7.7 1.2448483339 0.963864060873
7.8 1.16853149562 0.983979535889
7.9 1.09447184634 0.996980376586
8 1.02381741498 1.00286218339
8.1 0.957414738304 1.00188375133
8.2 0.895822038538 0.994517982635
8.3 0.839343719028 0.981393876543
8.4 0.78807458993 0.963239287881
8.5 0.74194731041 0.940828664606
8.6 0.700778854373 0.91493882791
8.7 0.664310059062 0.886316134546
8.8 0.632237781105 0.855653655214
8.9 0.60423993453 0.823576839295
9 0.579993816124 0.790636576399
9.1 0.55918859359 0.757307524171
9.2 0.54153244725 0.723991776251
9.3 0.526758323656 0.691021618804
9.4 0.514624818583 0.658667527651
9.5 0.504917424653 0.627144128237
9.6 0.497447459973 0.596617652456
9.7 0.492050496221 0.567212851838
9.8 0.488585014711 0.539018963225
9.9 0.486930077841 0.512095857874
10 0.486983598292 0.486478957611
10.1 0.488660461045 0.462183795297
10.2 0.491890727489 0.439209950426
10.3 0.496617998192 0.417544358799
10.4 0.502797847293 0.397164176485
10.5 0.510396862835 0.378039242407
10.6 0.519391117379 0.360133918068
10.7 0.529765259115 0.343409149124
10.8 0.541511536788 0.32782341796
10.9 0.554628882778 0.313334387723
11 0.569122221423 0.299899403031
11.1 0.585001589252 0.287476727054
11.2 0.602281579216 0.276025819646
11.3 0.620980517138 0.265508216407
11.4 0.641119916742 0.255887730394
11.5 0.66272365509 0.247131061331
11.6 0.685817353885 0.239207994318
11.7 0.710427445114 0.232091890217
11.8 0.736580520564 0.225759771721
11.9 0.764302404137 0.220192596995
12 0.793616603949 0.215376058528
12.1 0.824543759952 0.211300327044
12.2 0.857099762506 0.207960735158
12.3 0.891294118291 0.205358217687
12.4 0.927128613221 0.20349950705
12.5 0.964594232618 0.20239810093
12.6 1.00366939963 0.202074598134
12.7 1.04431695944 0.202557448085
12.8 1.08647990132 0.203884062313
12.9 1.1300788736 0.206101387521
13 1.17500651858 0.209267245559
13.1 1.22112264891 0.213451490288
13.2 1.26824936795 0.218737133558
13.3 1.3161631808 0.2252217372
13.4 1.36458912792 0.233018881974
13.5 1.41319322503 0.242259262419
13.6 1.4615741941 0.253091176764
13.7 1.50925575362 0.265681616942
13.8 1.55568119779 0.280214764939
13.9 1.60020506926 0.296891946857
14 1.6420945609 0.3159250916
14.1 1.68052401083 0.3375342738
14.2 1.71458905938 0.361934292958
14.3 1.74331936532 0.389321687083
14.4 1.76570330123 0.419856390208
14.5 1.78072320615 0.453638001828
14.6 1.78741139815 0.490673768456
14.7 1.78490877843 0.530848440718
14.8 1.77254162473 0.573888291796
14.9 1.74989344698 0.619335675589
15 1.71688710773 0.666521448191
15.1 1.67382347506 0.714576116769
15.2 1.62141656516 0.762442048465
15.3 1.56078211482 0.808919245666
15.4 1.49337717627 0.85274141932
15.5 1.42090981324 0.892659002216
15.6 1.34521964962 0.927533609714
15.7 1.26814817841 0.956422939592
15.8 1.19141828741 0.978644322454
15.9 1.11654137416 0.993808859507
16 1.04475476503 1.00182598216
16.1 0.976995324502 1.00287979809
16.2 0.913905837771 0.997384005559
16.3 0.855863319278 0.985926542795
16.4 0.803020375916 0.969211730404
16.5 0.755353759376 0.948004818832
16.6 0.712711171506 0.923085683701
16.7 0.674852612433 0.895212890743
16.8 0.641485086175 0.865097548283
16.9 0.612290137485 0.833386471802
17 0.586943713932 0.800653485949
17.1 0.565130276737 0.76739630152
17.2 0.546551801087 0.734038266462
17.3 0.530933374427 0.700932318852
17.4 0.518025591615 0.668367004032
17.5 0.507606113893 0.636572796732
17.6 0.499478347835 0.605730077642
17.7 0.493470816727 0.575975315413
17.8 0.489435307831 0.547407833058
17.9 0.487244761547 0.520095883569
18 0.486791686123 0.494081708666
18.1 0.487985997406 0.46938643967
18.2 0.490753326696 0.446014090214
18.3 0.495033404428 0.423955108797
18.4 0.500778252901 0.403189302819
18.5 0.507951317322 0.383688541207
18.6 0.516525902051 0.365418586378
18.7 0.526484168487 0.348341313538
18.8 0.537816170358 0.332415768576
18.9 0.550518897722 0.317599785816
19 0.56459555278 0.303850692874
19.1 0.580054698169 0.291126408282
19.2 0.596909623141 0.27938596863
19.3 0.61517760012 0.26859021905
19.4 0.634879244899 0.258702255677
19.5 0.656037806962 0.249687845629
19.6 0.678678448492 0.24151582672
19.7 0.702827462401 0.234158422092
19.8 0.728511444106 0.227591563933
19.9 0.755756620413 0.221794924698
20 0.784587276114 0.216752771143
