"Time" "Prey" "Predator"
0 1.0032670086 1.0032671633
0.1 0.938273384932 1.00030077822
0.2 0.878204830489 0.991121965079
0.3 0.823300341479 0.97639710796
0.4 0.773600593002 0.956872915748
0.5 0.728996819808 0.933329655908
0.6 0.689279666283 0.906537501086
0.7 0.654173494712 0.877228744633
0.8 0.623366743197 0.846077300309
0.9 0.596536018225 0.813685996695
1 0.573361513443 0.780582472574
1.1 0.55353727221 0.747219325201
1.2 0.536778767274 0.713976604387
1.3 0.522826434863 0.681167427733
1.4 0.511446968004 0.649044607631
1.5 0.502434147453 0.617807278734
1.6 0.495606600097 0.587608572993
1.7 0.490807085935 0.558561810721
1.8 0.487900479985 0.530746907903
1.9 0.486771720637 0.504215812544
2 0.487324037941 0.478997463064
2.1 0.489477039858 0.455102273966
2.2 0.493165016127 0.432525618074
2.3 0.498335417598 0.411251073749
2.4 0.504947247746 0.39125370248
2.5 0.512970018227 0.372501578568
2.6 0.522382536003 0.354957359314
2.7 0.533171807921 0.3385813434
2.8 0.545332245727 0.323331554587
2.9 0.558864654223 0.309165547087
3 0.573775582449 0.296040845512
3.1 0.590076508746 0.283916034381
3.2 0.607783228575 0.272751136026
3.3 0.626915092324 0.262508344177
3.4 0.647494419406 0.253152285716
3.5 0.669545678723 0.244650574566
3.6 0.693094836528 0.23697402527
3.7 0.718168429211 0.230097114175
3.8 0.744792979208 0.223997960954
3.9 0.772993684139 0.21865896163
4 0.80279329891 0.214067142127
4.1 0.834211299457 0.210214119826
4.2 0.867261695324 0.207096947244
4.3 0.901951915191 0.204718234964
4.4 0.938280817656 0.203086656581
4.5 0.976235709073 0.202217852084
4.6 1.01579079292 0.20213465736
4.7 1.05690319401 0.202868162886
4.8 1.09950953717 0.204458567831
4.9 1.14352273846 0.206955938019
5 1.18882582187 0.210421650474
5.1 1.23526791591 0.214929386095
5.2 1.28265819071 0.220566406719
5.3 1.33075816157 0.227434953039
5.4 1.37927591246 0.235653732736
5.5 1.42785800012 0.245358637651
5.6 1.47608114667 0.256703651628
5.7 1.52344550802 0.269860998726
5.8 1.56936805447 0.285020322749
5.9 1.61317692008 0.302386781434
6 1.65411143804 0.322175216532
6.1 1.69131998253 0.344605905806
6.2 1.72387734086 0.369889242704
6.3 1.75079733261 0.398213093296
6.4 1.77106119962 0.429722246578
6.5 1.78366152553 0.464491407045
6.6 1.78765530242 0.502494376878
6.7 1.78223196011 0.543571769729
6.8 1.76678739964 0.587396529171
6.9 1.74100044753 0.633448969959
7 1.70490434649 0.680997759217
7.1 1.65892247541 0.729114617768
7.2 1.60389492776 0.776691416834
7.3 1.5410472093 0.822500598611
7.4 1.47192410827 0.86527073237
7.5 1.39828685749 0.903776281868
7.6 1.32198847873 0.936930516478
7.7 1.24484696496 0.963863438266
7.8 1.1685303186 0.983978775001
7.9 1.09447086374 0.996979498029
8 1.02381662245 1.00286121069
8.1 0.957414126029 1.00188270931
8.2 0.895821593019 0.994516895803
8.3 0.839343424697 0.981392767842
8.4 0.788074430321 0.963238177951
8.5 0.741947269264 0.940827571181
8.6 0.700778916332 0.914937765634
8.7 0.66431021008 0.886315115035
8.8 0.632238008655 0.855652687257
8.9 0.604240227692 0.823575929137
9 0.579994165533 0.790635728106
9.1 0.559188991323 0.757306739987
9.2 0.541532886705 0.723991056906
9.3 0.526758799377 0.691020963866
9.4 0.514625326103 0.658666935788
9.5 0.504917960378 0.627143597429
9.6 0.497448021019 0.596617180217
9.7 0.492051080315 0.567212435361
9.8 0.488585620087 0.539018599513
9.9 0.486930703149 0.512095543846
10 0.486984242529 0.486478690175
10.1 0.488661123491 0.462183571415
10.2 0.491891407648 0.439209767158
10.3 0.496618695757 0.417544213336
10.4 0.502798562098 0.397164066169
10.5 0.510397594826 0.37803916475
10.6 0.519391866584 0.360133870761
10.7 0.529766025617 0.343409130039
10.8 0.541512320704 0.327823425154
10.9 0.554629684234 0.313334419436
11 0.569123040536 0.299899457685
11.1 0.585002426107 0.287476803247
11.2 0.602282433849 0.276025916149
11.3 0.620981389511 0.26550833216
11.4 0.641120806722 0.255887864502
11.5 0.662724562426 0.247131213058
11.6 0.685818278182 0.239208163089
11.7 0.710428385805 0.232092075607
11.8 0.73658147687 0.22575997347
11.9 0.764303375047 0.22019281499
12 0.793617588171 0.215376292811
12.1 0.824544755861 0.21130057782
12.2 0.857100768125 0.207961002783
12.3 0.891295131198 0.205358502693
12.4 0.927129630506 0.203499810142
12.5 0.964595250828 0.202398422985
12.6 1.00367041465 0.202074940227
12.7 1.04431796647 0.202557811483
12.8 1.08648089474 0.203884448491
12.9 1.13007984686 0.206101798182
13 1.17500746416 0.209267682617
13.1 1.22112355816 0.213451955893
13.2 1.26825023096 0.218737630096
13.3 1.3161639864 0.225222267269
13.4 1.36458986347 0.23301944836
13.5 1.41319387638 0.242259868097
13.6 1.46157474566 0.25309182477
13.7 1.50925618825 0.265682310332
13.8 1.55568149704 0.280215506569
13.9 1.60020521347 0.296892739246
14 1.64209452967 0.31592593663
14.1 1.68052378372 0.337535172229
14.2 1.71458861613 0.361935244289
14.3 1.74331868752 0.389322688669
14.4 1.76570237359 0.419857436667
14.5 1.78072201757 0.453639084537
14.6 1.78740994398 0.490674874758
14.7 1.78490706181 0.530849553394
14.8 1.77253965839 0.573889388929
14.9 1.74989125407 0.61933673067
15 1.71688472217 0.666522431007
15.1 1.67382094123 0.714576994283
15.2 1.62141393529 0.762442787593
15.3 1.5607794467 0.808919815125
15.4 1.49337452913 0.852741792589
15.5 1.42090724402 0.892659159749
15.6 1.34521720928 0.927533540685
15.7 1.26814590882 0.956422642923
15.8 1.19141621977 0.978643806514
15.9 1.11653952859 0.993808141
16 1.04475315097 1.00182508453
16.1 0.976993942192 1.00287874932
16.2 0.913904680219 0.997382835921
16.3 0.855862374159 0.985925283045
16.4 0.803019627532 0.969210410075
16.5 0.755353190303 0.948003465076
16.6 0.712710763851 0.923084320572
16.7 0.674852348728 0.895211538851
16.8 0.64148495004 0.865096224687
16.9 0.612290113973 0.83338519017
17 0.586943789696 0.800652256835
17.1 0.565130440063 0.767395132713
17.2 0.546552041851 0.734037163352
17.3 0.530933683962 0.700931284833
17.4 0.518025962601 0.668366040834
17.5 0.507606540193 0.636571904761
17.6 0.499478824352 0.605729256258
17.7 0.49347133927 0.575974563167
17.8 0.489435872987 0.547407147908
17.9 0.487245366571 0.520095263044
18 0.486792328836 0.494081150011
18.1 0.48798667611 0.469385939956
18.2 0.4907540401 0.446013646432
18.3 0.495034151583 0.423954717927
18.4 0.500779033141 0.403188961887
18.5 0.507952130219 0.383688247329
18.6 0.51652674737 0.365418336792
18.7 0.526485046146 0.348341105625
18.8 0.537817080397 0.332415599882
18.9 0.550519840268 0.317599654059
19 0.564596528021 0.303850595958
19.1 0.580055706325 0.291126344294
19.2 0.59691066443 0.279385935852
19.3 0.615178674739 0.268590215953
19.4 0.634880352986 0.258702280929
19.5 0.656038948572 0.249687898086
19.6 0.678679623558 0.241515905437
19.7 0.702828670705 0.234158526314
19.8 0.728512685226 0.227591693105
19.9 0.755757893689 0.221795078469
20 0.784588580601 0.216752949355
