"Time" "Prey" "Predator"
0 1.31584969163 0.75881315209
0.1 1.26926749755 0.781354909271
0.2 1.22090760163 0.800752224122
0.3 1.17162863979 0.8166283349
0.4 1.12224241445 0.828714007259
0.5 1.07348834719 0.836856837407
0.6 1.02601040676 0.841019412386
0.7 0.980345102714 0.841272166599
0.8 0.936916845181 0.837781631752
0.9 0.896041126771 0.830794136885
1 0.857933316904 0.820616538017
1.1 0.822721017416 0.807596913689
1.2 0.790458076992 0.792107110424
1.3 0.76114017431 0.774525830465
1.4 0.734715963134 0.755228299017
1.5 0.711103061802 0.734572388665
1.6 0.690196247896 0.712893817462
1.7 0.671877831798 0.690499678995
1.8 0.656022623049 0.667667789155
1.9 0.642504418612 0.644644026486
2 0.631199925124 0.621642811637
2.1 0.621991558988 0.598848330921
2.2 0.614769199006 0.576416499743
2.3 0.609431524759 0.554477074893
2.4 0.605886580691 0.533136157824
2.5 0.604051725181 0.512479058683
2.6 0.603853552035 0.492572531016
2.7 0.605227838822 0.473467312769
2.8 0.608118675945 0.45520035743
2.9 0.612478235707 0.437797001578
3 0.618265965888 0.421272836777
3.1 0.625448010369 0.405635399341
3.2 0.633996523184 0.390885807231
3.3 0.643888989031 0.377019843705
3.4 0.655107605206 0.364029994049
3.5 0.667638502145 0.351905314682
3.6 0.681471103308 0.340633223778
3.7 0.696597434741 0.330200030981
3.8 0.713011420092 0.320591516424
3.9 0.730708139152 0.311794057957
4 0.749682968397 0.303794467416
4.1 0.769930921277 0.296581283197
4.2 0.791445484479 0.290144576493
4.3 0.814217993224 0.284476857211
4.4 0.838236204515 0.279573202894
4.5 0.863483430367 0.275431746578
4.6 0.88993700216 0.272054064882
4.7 0.917566815626 0.269445485756
4.8 0.946334838666 0.267615636006
4.9 0.976191476967 0.266578628448
5 1.00707468387 0.266353486126
5.1 1.03890900294 0.266964580221
5.2 1.07160051288 0.268441962491
5.3 1.10503675547 0.270821751027
5.4 1.13908426553 0.274146436777
5.5 1.17358304675 0.278464915479
5.6 1.20834685275 0.283833101895
5.7 1.24315958326 0.290313578542
5.8 1.27777131241 0.297974615254
5.9 1.31189707508 0.306891652236
6 1.34521529478 0.317144649735
6.1 1.37736678904 0.328815621999
6.2 1.40795412233 0.341988304003
6.3 1.43654599784 0.356743382163
6.4 1.46267572447 0.373157159166
6.5 1.48585568313 0.391291297874
6.6 1.50558166567 0.41118938016
6.7 1.52134682289 0.432868679316
6.8 1.5326595178 0.456310245534
6.9 1.53906145697 0.481449466866
7 1.54015441925 0.508165725919
7.1 1.53562063194 0.536273788557
7.2 1.52525236661 0.565516049632
7.3 1.50897088834 0.595559481204
7.4 1.48684915992 0.625994539793
7.5 1.45911873445 0.656344598683
7.6 1.42617191901 0.686079249694
7.7 1.38855434018 0.714631029305
7.8 1.34694139195 0.741423426455
7.9 1.30210972751 0.76589736002
8 1.25489997505 0.787540387706
8.1 1.20617478886 0.805914018403
8.2 1.15677997781 0.820674283023
8.3 1.10750918861 0.831586657673
8.4 1.05907468712 0.838533185041
8.5 1.0120891877 0.841509514121
8.6 0.967055662668 0.840616692426
8.7 0.92436487048 0.836047479343
8.8 0.884300659745 0.828068365732
8.9 0.847050967213 0.817000133125
9 0.812719887347 0.803199692173
9.1 0.781342270898 0.787042448198
9.2 0.752898413337 0.76890716714
9.3 0.727327231181 0.749164231436
9.4 0.704538094489 0.728166065705
9.5 0.68442096369 0.706240560353
9.6 0.666854932498 0.683686397986
9.7 0.65171399167 0.660771786657
9.8 0.638872667963 0.637732892992
9.9 0.628209205534 0.614774876388
10 0.619608001258 0.59207332142
10.1 0.612961607408 0.56977594551
10.2 0.608171412341 0.548005224728
10.3 0.605148094376 0.526860840129
10.4 0.603811751606 0.506422201509
10.5 0.604091909492 0.486750996108
10.6 0.605926898227 0.46789352127
10.7 0.609263315931 0.449883125475
10.8 0.614055547257 0.432741941688
10.9 0.620265151204 0.416483064711
11 0.627860124252 0.40111186426
11.1 0.63681430016 0.386627891317
11.2 0.647106634466 0.373025728911
11.3 0.658720556093 0.360296636559
11.4 0.671643263359 0.348429098305
11.5 0.68586504791 0.337410123052
11.6 0.701378583465 0.327225653937
11.7 0.718178249824 0.31786185124
11.8 0.736259279389 0.309305270212
11.9 0.755617005551 0.301543161614
12 0.776246079024 0.294563921742
12.1 0.798139430129 0.288358751766
12.2 0.82128747834 0.28292077447
12.3 0.845676875314 0.27824585592
12.4 0.871289181308 0.274333284678
12.5 0.89809988606 0.271185618326
12.6 0.926076599666 0.26880949085
12.7 0.955177679985 0.267215812138
12.8 0.985350468508 0.266420107091
12.9 1.01652895399 0.266443022822
13 1.04863209669 0.267310585837
13.1 1.0815612257 0.269054623338
13.2 1.11519753428 0.271713136531
13.3 1.14939956309 0.275330611425
13.4 1.18400037075 0.279958052795
13.5 1.21880454063 0.285653342897
13.6 1.25358582061 0.292480884593
13.7 1.28808435102 0.300511369946
13.8 1.3220041336 0.309821324195
13.9 1.35501284998 0.320491082277
14 1.3867388231 0.332604350428
14.1 1.41677496842 0.346244040141
14.2 1.44467834471 0.361490094724
14.3 1.46997598231 0.378414485348
14.4 1.49217446006 0.397074387961
14.5 1.51076454322 0.417507371633
14.6 1.52524300668 0.439720441446
14.7 1.53512677041 0.463681496875
14.8 1.53997329188 0.489310430639
14.9 1.53940484659 0.516467918563
15 1.53313429907 0.544948144655
15.1 1.52099161647 0.574469674327
15.2 1.50294026495 0.604677701191
15.3 1.47910298193 0.63513998192
15.4 1.44975829038 0.665363029388
15.5 1.41534536114 0.694803088531
15.6 1.3764523703 0.72288689625
15.7 1.33378854985 0.749040048479
15.8 1.28815370974 0.772714920049
15.9 1.24039877821 0.793418838279
16 1.19138617665 0.810739074082
16.1 1.14194830505 0.824364398318
16.2 1.09285729794 0.834094401484
16.3 1.04479753669 0.839845450728
16.4 0.998348867555 0.841646241074
16.5 0.95398084075 0.839626847546
16.6 0.912051323903 0.834004046113
16.7 0.872814809716 0.825062137218
16.8 0.836432155648 0.813135209103
16.9 0.802985434862 0.798587146282
17 0.772491837001 0.78179586443
17.1 0.744917553835 0.763139085828
17.2 0.720191717728 0.742982461697
17.3 0.69821676794 0.721671752317
17.4 0.678878587085 0.69952644411
17.5 0.662054022196 0.67683648205
17.6 0.647616784942 0.65386032566
17.7 0.635442096479 0.630824809342
17.8 0.625409810882 0.607926020106
17.9 0.617406829293 0.585330684906
18 0.611327935305 0.563179219783
18.1 0.60707750675 0.541586596264
18.2 0.604568934223 0.520646312506
18.3 0.603725319318 0.500432057007
18.4 0.604478691561 0.481000781568
18.5 0.606769955194 0.462394596623
18.6 0.610548120134 0.44464324914
18.7 0.615769801669 0.427765974292
18.8 0.622398557756 0.411773348473
18.9 0.630404221822 0.396668866882
19 0.639762247999 0.382450411115
19.1 0.650453012172 0.36911149639
19.2 0.662461187854 0.356642446088
19.3 0.675774946306 0.345031235944
19.4 0.690385297074 0.33426440133
19.5 0.706285544501 0.32432805383
19.6 0.723470410326 0.315208076314
19.7 0.741935261104 0.306891054518
19.8 0.761675300334 0.299364898445
19.9 0.782684853578 0.292618864508
20 0.804956164607 0.286644508088
