"Time" "Prey" "Predator"
0 1.00326716615 1.00326616529
0.1 0.938273655781 1.00029980475
0.2 0.878205195747 0.991121032216
0.3 0.82330078347 0.976396228507
0.4 0.773601095848 0.956872099201
0.5 0.728997369702 0.933328908677
0.6 0.689280251554 0.906536826839
0.7 0.654174105746 0.877228144717
0.8 0.623367372252 0.846076774199
0.9 0.59653665917 0.813685542438
1 0.573362161562 0.780582087137
1.1 0.553537923941 0.74721900482
1.2 0.536779420001 0.713976344841
1.3 0.522827086726 0.681167224554
1.4 0.511447617743 0.64904445628
1.5 0.50243479427 0.617807174722
1.6 0.495607243551 0.587608511976
1.7 0.490807725857 0.558561788564
1.8 0.487901116401 0.53074692072
1.9 0.486772353712 0.504215856725
2 0.487324667935 0.478997535282
2.1 0.48947766709 0.455102371191
2.2 0.493165640945 0.432525737552
2.3 0.498336040357 0.411251213005
2.4 0.504947868791 0.391253859287
2.5 0.512970637871 0.372501750962
2.6 0.522383154518 0.354957545567
2.7 0.533172425524 0.338581541985
2.8 0.545332862569 0.323331764186
2.9 0.55886527038 0.309165766563
3 0.573776197907 0.296041073902
3.1 0.590077123396 0.28391627088
3.2 0.607783842199 0.272751379976
3.3 0.626915704579 0.262508595056
3.4 0.647495029816 0.253152543132
3.5 0.66954628666 0.244650838241
3.6 0.6930954412 0.23697429504
3.7 0.718169029638 0.23009738998
3.8 0.7447935742 0.223998242844
3.9 0.772994272291 0.218659249736
4 0.802793878555 0.214067436685
4.1 0.834211868646 0.210214421163
4.2 0.867262251811 0.207097255771
4.3 0.901952456372 0.20471855119
4.4 0.938281340563 0.203086981097
4.5 0.97623621032 0.202218185571
4.6 1.01579126865 0.202135000594
4.7 1.0569036399 0.202868516719
4.8 1.09950994833 0.204458933207
4.9 1.14352310941 0.206956315963
5 1.18882614655 0.210422042074
5.1 1.23526818757 0.214929792504
5.2 1.28265840194 0.220566829129
5.3 1.33075830427 0.227435392639
5.4 1.37927597786 0.235654190679
5.5 1.42785797879 0.245359115018
5.6 1.47608102871 0.256704149291
5.7 1.52344528305 0.269861517308
5.8 1.56936771206 0.285020862364
5.9 1.61317644976 0.302387341695
6 1.65411083015 0.322175796071
6.1 1.69131922833 0.344606502227
6.2 1.72387643345 0.36988985218
6.3 1.75079626768 0.398213710217
6.4 1.77105997662 0.429722863121
6.5 1.78366014815 0.464492013087
6.6 1.78765378004 0.502494959587
6.7 1.78223030806 0.543572313763
6.8 1.76678564014 0.587397016658
6.9 1.74099860874 0.633449381695
7 1.70490246281 0.680998074884
7.1 1.65892058525 0.729114817839
7.2 1.60389307137 0.776691484254
7.3 1.54104542663 0.82250052005
7.4 1.47192243603 0.865270499996
7.5 1.39828532668 0.903775894257
7.6 1.32198711312 0.936929978806
7.7 1.24484577998 0.963862762126
7.8 1.1685293213 0.983977977379
7.9 1.09447005359 0.996978599826
8 1.02381599278 1.00286023506
8.1 0.957413665408 1.00188168013
8.2 0.89582128699 0.994515836198
8.3 0.839343257281 0.981391699088
8.4 0.788074385088 0.96323711885
8.5 0.74194733031 0.940826537587
8.6 0.700779068871 0.914936770358
8.7 0.664310440774 0.886314167968
8.8 0.632238305753 0.855651795615
8.9 0.604240581066 0.823575097772
9 0.57999456659 0.790634959871
9.1 0.559189432868 0.757306036096
9.2 0.541533362809 0.723990417229
9.3 0.526759305194 0.69102038727
9.4 0.514625857713 0.658666420381
9.5 0.504918514668 0.627143140752
9.6 0.497448595525 0.596616779455
9.7 0.492051673128 0.567212087464
9.8 0.488586229753 0.539018301322
9.9 0.486931328581 0.512095292178
10 0.486984882946 0.486478481889
10.1 0.488661778353 0.462183403466
10.2 0.49189207661 0.439209636629
10.3 0.49661937863 0.41754411747
10.4 0.502799258807 0.397164002376
10.5 0.510398305383 0.37803913063
10.6 0.519392591063 0.360133864096
10.7 0.529766764128 0.343409148804
10.8 0.541513073372 0.327823467509
10.9 0.554630451182 0.313334483727
11 0.569123821862 0.299899542436
11.1 0.585003221868 0.287476907155
11.2 0.60228324404 0.276026038084
11.3 0.620982214048 0.265508471149
11.4 0.641121645419 0.255888019737
11.5 0.662725414974 0.247131383879
11.6 0.685819144125 0.239208348989
11.7 0.710429264518 0.23209227622
11.8 0.736582367512 0.225760188587
11.9 0.764304276551 0.220193044536
12 0.793618499199 0.215376536855
12.1 0.824545674747 0.211300836586
12.2 0.857101692869 0.207961276631
12.3 0.891296059369 0.205358792144
12.4 0.927130559209 0.203500115875
12.5 0.964596176656 0.202398745835
12.6 1.00367133357 0.202075281208
12.7 1.0443188738 0.202558171783
12.8 1.08648178503 0.203884829484
12.9 1.13008071379 0.206102201442
13 1.17500830055 0.209268109905
13.1 1.22112435571 0.213452409175
13.2 1.26825098028 0.218738111541
13.3 1.31616467692 0.22522277922
13.4 1.36459048329 0.233019993309
13.5 1.41319441227 0.242260448685
13.6 1.46157518308 0.253092443657
13.7 1.50925651131 0.265682970154
13.8 1.55568168875 0.280216209721
13.9 1.60020525585 0.296893487755
14 1.64209440418 0.315926731865
14.1 1.68052347202 0.337536014429
14.2 1.71458810021 0.361936132473
14.3 1.74331795135 0.389323619772
14.4 1.76570140433 0.419858405006
14.5 1.78072080647 0.453640081377
14.6 1.78740848859 0.490675887588
14.7 1.78490536708 0.530850565485
14.8 1.77253773832 0.573890379272
14.9 1.74988913234 0.619337674139
15 1.71688243238 0.666523299285
15.1 1.67381852646 0.714577756682
15.2 1.62141144543 0.76244341379
15.3 1.56077693637 0.808920276838
15.4 1.49337205365 0.852742066355
15.5 1.42090485598 0.892659228902
15.6 1.34521495512 0.927533396894
15.7 1.26814382609 0.956422287036
15.8 1.19141433577 0.978643248141
15.9 1.11653786017 0.993807397353
16 1.04475170497 1.00182417888
16.1 0.976992717009 1.00287770882
16.2 0.91390366771 0.997381689589
16.3 0.85586156143 0.985924060011
16.4 0.803018998795 0.969209138054
16.5 0.755352728405 0.948002169321
16.6 0.712710451423 0.923083023256
16.7 0.674852168986 0.895210258799
16.8 0.641484887371 0.86509497732
16.9 0.612290154233 0.833383987685
17 0.586943920326 0.800651108503
17.1 0.565130650102 0.767394045228
17.2 0.546552321874 0.734036141177
17.3 0.530934025941 0.70093033061
17.4 0.51802635979 0.668365155681
17.5 0.50760698696 0.636571088606
17.6 0.499479316042 0.605728508093
17.7 0.493471872081 0.575973881274
17.8 0.489436443834 0.547406530057
17.9 0.487245972991 0.520094706644
18 0.486792968886 0.494080652241
18.1 0.48798734829 0.469385497867
18.2 0.490754743279 0.446013257031
18.3 0.495034884939 0.42395437824
18.4 0.500779796111 0.403188669005
18.5 0.507952922449 0.383687998448
18.6 0.516527568676 0.365418129244
18.7 0.526485896479 0.348340936891
18.8 0.537817959811 0.332415467613
18.9 0.550520748891 0.317599556078
19 0.564597466026 0.303850530274
19.1 0.580056673903 0.291126309098
19.2 0.596911661765 0.279385929525
19.3 0.615179701982 0.268590237059
19.4 0.634881410224 0.258702328221
19.5 0.656040035803 0.249687970502
19.6 0.678680740653 0.241516002104
19.7 0.702829817385 0.234158646537
19.8 0.728513861008 0.227591836386
19.9 0.755759097854 0.221795244499
20 0.784589812153 0.216753138008
