"Time" "Prey" "Predator"
0 1.00244909407 1.00244809407
0.1 0.937615538885 0.999410474417
0.2 0.877696382285 0.990182174081
0.3 0.822928547626 0.975428461151
0.4 0.773351791474 0.955894087594
0.5 0.728857308556 0.932356912612
0.6 0.68923632839 0.90558449942
0.7 0.654214216984 0.876306522192
0.8 0.623480636662 0.845194423545
0.9 0.59671345977 0.812848826629
1 0.573594190222 0.779795402051
1.1 0.553818081017 0.746485101208
1.2 0.537101715363 0.713296610251
1.3 0.523186520814 0.680541947485
1.4 0.511840057116 0.648473063309
1.5 0.502856853334 0.617288437234
1.6 0.496056178896 0.587140711689
1.7 0.491281342707 0.558142865949
1.8 0.488397677764 0.530374594922
1.9 0.487290507573 0.503887711026
2 0.487863384007 0.47871110704
2.1 0.490036182708 0.454855182796
2.2 0.493743411863 0.432315374839
2.3 0.498932702248 0.411075337526
2.4 0.505563205761 0.391110224336
2.5 0.513604543872 0.372388256927
2.6 0.523035613617 0.35487222979
2.7 0.53384348567 0.338522562238
2.8 0.546022613443 0.323297441331
2.9 0.559573826595 0.309154560711
3 0.574503676025 0.296051601291
3.1 0.590823624892 0.283947292468
3.2 0.608549433065 0.272801806511
3.3 0.627700395792 0.262577480524
3.4 0.648298756267 0.253239085893
3.5 0.670368885417 0.244754376766
3.6 0.693936629838 0.237094305033
3.7 0.719028373481 0.230233488546
3.8 0.745670445481 0.224150202303
3.9 0.773887859952 0.218826954717
4 0.803703098139 0.214250932393
4.1 0.835135342851 0.210413901681
4.2 0.868198288955 0.207313051293
4.3 0.902898939639 0.204951165861
4.4 0.939235730729 0.203337072338
4.5 0.977195446681 0.202486582689
4.6 1.01675166305 0.202422728634
4.7 1.05786090713 0.203176772433
4.8 1.10045898423 0.204789131852
4.9 1.14445795251 0.20731009013
5 1.18973993689 0.210801233086
5.1 1.23615292519 0.215336482435
5.2 1.28350496232 0.221003338445
5.3 1.33155630173 0.227904250131
5.4 1.38001360845 0.236158122647
5.5 1.42852200785 0.245901068989
5.6 1.47665683607 0.25728711876
5.7 1.5239166389 0.270488598024
5.8 1.56971727059 0.285694867192
5.9 1.6133853799 0.30311097114
6 1.65415996764 0.322950921091
6.1 1.69118885784 0.345434179181
6.2 1.72354725648 0.370769818249
6.3 1.75025050441 0.399143722902
6.4 1.77028306608 0.430697962891
6.5 1.78264118312 0.465504294611
6.6 1.78638818339 0.50353253236
6.7 1.78072057946 0.544619170273
6.8 1.76504450842 0.588431596113
6.9 1.73904847075 0.634446176306
7 1.70277142851 0.681931721126
7.1 1.65665047085 0.729953359022
7.2 1.60153202574 0.77740439409
7.3 1.53864559846 0.823059452947
7.4 1.46953789709 0.865650636904
7.5 1.39596748959 0.903959926356
7.6 1.31978175425 0.936908165434
7.7 1.24279079526 0.963634067152
7.8 1.1666497188 0.983552033676
7.9 1.0927850211 0.996369127998
8 1.02233379907 1.00208848362
8.1 0.956135037433 1.0009723054
8.2 0.89474069165 0.993495492754
8.3 0.838450243736 0.980287756113
8.4 0.787355330976 0.962075959739
8.5 0.741387254415 0.939632255262
8.6 0.700362071456 0.913731040642
8.7 0.664021439078 0.885115432518
8.8 0.632063032866 0.854475256286
8.9 0.604166055068 0.822432985689
9 0.580009183282 0.789536749367
9.1 0.559282861513 0.756259038425
9.2 0.541697047035 0.722999182601
9.3 0.526985586887 0.690088200183
9.4 0.514908473531 0.657794887298
9.5 0.505252160879 0.626332797445
9.6 0.497828815504 0.595867293815
9.7 0.492474842544 0.566522284096
9.8 0.489049257464 0.538386560887
9.9 0.487431931129 0.511519614708
10 0.487521164743 0.485956665922
10.1 0.489232259333 0.461712981971
10.2 0.492495560908 0.43878823982
10.3 0.497255007537 0.4171691337
10.4 0.5034665096 0.396833033051
10.5 0.511096799859 0.377749682354
10.6 0.520122145137 0.359883674796
10.7 0.53052731233 0.343195993222
10.8 0.542304682152 0.327645280195
10.9 0.555453241643 0.313189367042
11 0.569977860363 0.299786035988
11.1 0.58588876008 0.287393190727
11.2 0.60320047202 0.275970611739
11.3 0.621931372559 0.265479959649
11.4 0.642102910125 0.255885259497
11.5 0.663738897449 0.247153370609
11.6 0.686864829358 0.23925425727
11.7 0.711507084807 0.232161389631
11.8 0.737692070712 0.225851982898
11.9 0.765445246787 0.220307356952
12 0.794790049275 0.215513189826
12.1 0.825746671171 0.211459935453
12.2 0.858330598357 0.208143135376
12.3 0.892550925076 0.205563902158
12.4 0.928408958375 0.203729178703
12.5 0.965894840473 0.202652752589
12.6 1.00498666485 0.202355368349
12.7 1.0456461372 0.202865827747
12.8 1.08781526751 0.204221835357
12.9 1.13141439224 0.20647045777
13 1.1763336479 0.209670149664
13.1 1.22243293562 0.213890811889
13.2 1.26953174496 0.21921592602
13.3 1.31740491928 0.225743563004
13.4 1.36577706679 0.233587343294
13.5 1.41431024833 0.242878216587
13.6 1.46260260337 0.253765175052
13.7 1.51017601772 0.266414468111
13.8 1.55647048503 0.281011323263
13.9 1.60083952505 0.297757337949
14 1.64254695267 0.316863937047
14.1 1.68076925755 0.33854839625
14.2 1.71459950596 0.363025832557
14.3 1.74306717208 0.390491306852
14.4 1.76516354062 0.421101038771
14.5 1.77987568593 0.454950888478
14.6 1.78624153965 0.492043807224
14.7 1.78341124602 0.532258676929
14.8 1.77071978462 0.575316897135
14.9 1.74776551484 0.620752623596
15 1.71447875024 0.667895866719
15.1 1.67117714828 0.715868809843
15.2 1.6185864679 0.763612098068
15.3 1.55782990795 0.809927100534
15.4 1.49037011567 0.853549864802
15.5 1.41791584293 0.89323750132
15.6 1.34230241094 0.927860793148
15.7 1.26536344005 0.956487726653
15.8 1.18881219773 0.978446288274
15.9 1.11414775189 0.993358389169
16 1.04259487524 1.00114276026
16.1 0.975079355068 1.00199034493
16.2 0.912234176992 0.996319636929
16.3 0.854428459892 0.984720971258
16.4 0.801809861556 0.967898354168
16.5 0.754351912037 0.946615441669
16.6 0.711900472148 0.921649564746
16.7 0.674215090854 0.893755924204
16.8 0.641003308224 0.863641997914
16.9 0.611947866882 0.831950677208
17 0.586726200662 0.799252281409
17.1 0.565024251782 0.766041497479
17.2 0.546545515739 0.73273882673
17.3 0.531016562897 0.699694676256
17.4 0.518189659462 0.667195360743
17.5 0.507843396831 0.635469963786
17.6 0.499782705177 0.604697195867
17.7 0.493837008098 0.575012483938
17.8 0.489858941261 0.546514350747
17.9 0.487722322546 0.519270348615
18 0.487320240468 0.493322226932
18.1 0.488563210761 0.468690745181
18.2 0.491377344389 0.445379730412
18.3 0.49570274372 0.423379401032
18.4 0.501492020082 0.402669403041
18.5 0.508708794522 0.383221752817
18.6 0.517326572534 0.365002706415
18.7 0.527327795933 0.347973663135
18.8 0.538702677092 0.332093731091
18.9 0.551448388793 0.317320978834
19 0.565568268076 0.303612836429
19.1 0.581070952964 0.290927456006
19.2 0.59796978888 0.279224012553
19.3 0.616282060105 0.268463581329
19.4 0.636028380611 0.258609400722
19.5 0.657231933524 0.249627483147
19.6 0.679917843432 0.241486802122
19.7 0.70411228245 0.234159797167
19.8 0.72984174163 0.227622544139
19.9 0.757131959039 0.221855206906
20 0.786007249737 0.21684201674
