"Time" "Prey" "Predator"
0 1.00326716473 1.00326816285
0.1 0.938273405331 1.0003017835
0.2 0.878204732473 0.99112295715
0.3 0.823300142173 0.976398070636
0.4 0.773600308525 0.956873835907
0.5 0.728996464779 0.933330523477
0.6 0.689279253568 0.906538308861
0.7 0.654173035345 0.877229487969
0.8 0.623366246438 0.846077976749
0.9 0.596535491739 0.813686605555
1 0.573360963428 0.780583014612
1.1 0.55353670362 0.747219802251
1.2 0.536778184005 0.713977019073
1.3 0.522825839928 0.681167783221
1.4 0.511446363695 0.649044907426
1.5 0.502433535472 0.617807526519
1.6 0.495605981676 0.587608772512
1.7 0.490806461925 0.558561965676
1.8 0.487899850942 0.530747021885
1.9 0.486771086889 0.504215888992
2 0.487323399637 0.478997505226
2.1 0.48947639702 0.455102284868
2.2 0.493164368679 0.432525600531
2.3 0.498334765401 0.411251030344
2.4 0.50494659062 0.391253635582
2.5 0.512969355977 0.372501490307
2.6 0.522381868436 0.354957251603
2.7 0.533171134862 0.338581217964
2.8 0.545331567037 0.323331412946
2.9 0.558863969807 0.309165390581
3 0.573774892276 0.296040675302
3.1 0.590075812863 0.283915851466
3.2 0.607782527119 0.272750941248
3.3 0.62691438554 0.262508138228
3.4 0.647493707663 0.253152069152
3.5 0.669544962532 0.244650347806
3.6 0.69309411656 0.23697378861
3.7 0.718167706322 0.230096867784
3.8 0.744792254475 0.223997704873
3.9 0.772992958854 0.2186586958
4 0.80279257465 0.214066866362
4.1 0.834210578096 0.210213833823
4.2 0.86726097906 0.207096650595
4.3 0.901951206626 0.204717927131
4.4 0.938280119792 0.203086336914
4.5 0.976235025394 0.202217519812
4.6 1.01579012747 0.202134311578
4.7 1.05690255135 0.202867802575
4.8 1.09950892256 0.204458191835
4.9 1.14352215786 0.206955545048
5 1.18882528197 0.210421239124
5.1 1.2352674243 0.214928954837
5.2 1.28265775581 0.220565953913
5.3 1.33075779272 0.227434476978
5.4 1.37927562 0.235653231676
5.5 1.42785779528 0.245358109825
5.6 1.47608104153 0.256703095408
5.7 1.52344551553 0.269860412628
5.8 1.56936818799 0.285019705759
5.9 1.61317719349 0.302386132928
6 1.65411186473 0.322174536891
6.1 1.69132057544 0.34460519641
6.2 1.72387811144 0.36988850643
6.3 1.7507982899 0.398212334972
6.4 1.77106234887 0.429721473541
6.5 1.78366286768 0.464490629288
6.6 1.78765683219 0.502493607694
6.7 1.78223366551 0.543571025595
6.8 1.76678926055 0.587395830022
6.9 1.74100243653 0.633448337877
7 1.70490642795 0.680997218532
7.1 1.65892460783 0.729114192875
7.2 1.60389706597 0.776691130294
7.3 1.54104930666 0.822500469722
7.4 1.47192612017 0.865270774878
7.5 1.39828874429 0.903776502649
7.6 1.32199020794 0.936930914978
7.7 1.24484851288 0.963864006313
7.8 1.16853167087 0.983979497641
7.9 1.09447201486 0.996980354988
8 1.02381757445 1.00286217813
8.1 0.957414887105 1.00188376153
8.2 0.895822175689 0.994518006981
8.3 0.839343844086 0.98139391344
8.4 0.788074702888 0.963239335559
8.5 0.74194741158 0.940828721245
8.6 0.700778944286 0.914938891729
8.7 0.664310138387 0.886316203863
8.8 0.632237850579 0.855653728493
8.9 0.60423999491 0.82357691517
9 0.579993868153 0.790636653677
9.1 0.55918863797 0.757307601837
9.2 0.541532484633 0.723991853456
9.3 0.526758354635 0.691021694851
9.4 0.514624843686 0.658667601982
9.5 0.50491744435 0.627144200413
9.6 0.497447474673 0.596617722143
9.7 0.492050506278 0.56721291879
9.8 0.48858502043 0.539019027273
9.9 0.48693007948 0.51209591891
10 0.486983596067 0.486479015579
10.1 0.488660455136 0.462183850181
10.2 0.491890718042 0.439210002244
10.3 0.496617985324 0.417544407595
10.4 0.502797831093 0.397164222322
10.5 0.510396843369 0.378039285362
10.6 0.519391094693 0.36013395823
10.7 0.529765233234 0.343409186586
10.8 0.541511507724 0.327823452822
10.9 0.554628850524 0.313334420083
11 0.569122185963 0.299899432988
11.1 0.585001550556 0.287476754705
11.2 0.602281537247 0.276025845082
11.3 0.620980471848 0.265508239716
11.4 0.641119868079 0.255887751656
11.5 0.662723602996 0.24713108062
11.6 0.685817298299 0.239208011701
11.7 0.710427385976 0.232091905752
11.8 0.736580457811 0.225759785456
11.9 0.764302337713 0.220192608969
12 0.793616533802 0.21537606877
12.1 0.824543686039 0.21130033557
12.2 0.857099684799 0.207960741973
12.3 0.891294036776 0.205358222781
12.4 0.927128527906 0.203499510401
12.5 0.96459414354 0.202398102498
12.6 1.00366930685 0.202074597862
12.7 1.04431686308 0.202557445897
12.8 1.08647980153 0.20388405811
12.9 1.13007877059 0.206101381183
13 1.17500641265 0.209267236936
13.1 1.22112254043 0.213451479204
13.2 1.26824925737 0.218737119802
13.3 1.31616306872 0.225221720529
13.4 1.36458901503 0.233018862102
13.5 1.41319311219 0.242259239024
13.6 1.46157408233 0.253091149477
13.7 1.50925564412 0.265681585357
13.8 1.55568109195 0.280214728606
13.9 1.6002049687 0.296891905293
14 1.64209446742 0.315925044302
14.1 1.68052392646 0.337534220255
14.2 1.7145889863 0.361934232687
14.3 1.74331930584 0.389321619665
14.4 1.76570325774 0.41985631533
14.5 1.78072318097 0.453637919359
14.6 1.78741139342 0.490673678513
14.7 1.78490879596 0.53084834374
14.8 1.77254166582 0.573888188633
14.9 1.74989351221 0.619335567546
15 1.71688719685 0.666521337073
15.1 1.67382358688 0.714576004824
15.2 1.62141669754 0.762441938351
15.3 1.56078226472 0.808919140279
15.4 1.49337733996 0.852741321624
15.5 1.42090998654 0.892658915022
15.6 1.3452198282 0.927533535464
15.7 1.26814835808 0.956422880194
15.8 1.19141846438 0.978644279158
15.9 1.11654154521 0.993808832855
16 1.04475492765 1.00182597202
16.1 0.976995476853 1.00287980375
16.2 0.913905978693 0.997384025818
16.3 0.855863448177 0.985926576125
16.4 0.803020492664 0.969211775073
16.5 0.7553538642 0.948004873025
16.6 0.712711264882 0.923085745612
16.7 0.674852694996 0.895212958655
16.8 0.641485158647 0.865097620612
16.9 0.612290200622 0.833386547124
17 0.586943768485 0.80065356302
17.1 0.565130323423 0.76739637927
17.2 0.546551840576 0.734038343991
17.3 0.530933407328 0.700932395419
17.4 0.518025618478 0.668367079035
17.5 0.507606135208 0.636572869698
17.6 0.499478364027 0.605730148207
17.7 0.493470828168 0.575975383306
17.8 0.48943531484 0.547407898087
17.9 0.487244764397 0.520095945608
18 0.486791685043 0.494081767645
18.1 0.487985992586 0.469386495562
18.2 0.490753318292 0.446014143027
18.3 0.495033392566 0.423955158569
18.4 0.500778237678 0.403189349606
18.5 0.507951298811 0.383688585084
18.6 0.516525880304 0.36541862743
18.7 0.526484143535 0.348341351858
18.8 0.537816142217 0.332415804262
18.9 0.55051886639 0.317599818967
19 0.564595518243 0.303850723589
19.1 0.580054660403 0.291126436659
19.2 0.596909582108 0.279385994761
19.3 0.615177555778 0.268590243025
19.4 0.634879197195 0.258702277579
19.5 0.65603775584 0.249687865534
19.6 0.678678393892 0.241515844697
19.7 0.702827404263 0.234158438202
19.8 0.728511382366 0.227591578226
19.9 0.755756555014 0.221794937218
20 0.784587207002 0.21675278192
