"Time" "Prey" "Predator"
0 1.31584969163 0.745638750494
0.1 1.27152820184 0.767876480239
0.2 1.22529109758 0.787201956607
0.3 1.17795189953 0.803240606882
0.4 1.13028829377 0.815715735208
0.5 1.08301923933 0.82445677313
0.6 1.03678049466 0.829400853898
0.7 0.992111368732 0.83058719468
0.8 0.949448051793 0.828148186599
0.9 0.909124523003 0.822294825518
1 0.871378867995 0.813300500037
1.1 0.836363316973 0.801482595119
1.2 0.80415673806 0.7871860764
1.3 0.774778240607 0.77076774774
1.4 0.748199692287 0.752583906961
1.5 0.724357676237 0.732979854877
1.6 0.703163800596 0.712282059916
1.7 0.684515275829 0.690791149219
1.8 0.668298539689 0.668782365155
1.9 0.654397080487 0.646501100267
2 0.642695184898 0.624163168833
2.1 0.633081061317 0.601955652926
2.2 0.625448893808 0.580038388052
2.3 0.619700152436 0.558545893582
2.4 0.615745199589 0.537589115512
2.5 0.613502300631 0.517258647257
2.6 0.612898803621 0.497626449022
2.7 0.613870218153 0.478748417975
2.8 0.616360292891 0.460666437154
2.9 0.620320323345 0.443410557152
3 0.625708654415 0.42700069746
3.1 0.632490141141 0.411448567298
3.2 0.640635429678 0.396758934427
3.3 0.650120393306 0.382931159519
3.4 0.660925453338 0.369960318628
3.5 0.673034984635 0.357838833628
3.6 0.686436494043 0.346556168047
3.7 0.701120080269 0.33610100807
3.8 0.717077649811 0.326461025521
3.9 0.734302264537 0.317624088409
4 0.752787301213 0.309578700312
4.1 0.772525626856 0.302314284153
4.2 0.793508860076 0.295822144534
4.3 0.815726117475 0.290095344126
4.4 0.839163436267 0.285129623406
4.5 0.863802087324 0.280923423361
4.6 0.889617865013 0.277478462134
4.7 0.916579189576 0.274800027197
4.8 0.94464587095 0.272897341269
4.9 0.973768296232 0.271784037105
5 1.00388353805 0.271478336901
5.1 1.03491504766 0.27200350676
5.2 1.06677082064 0.27338821492
5.3 1.0993387237 0.275666735132
5.4 1.13248676164 0.278879405109
5.5 1.16605960998 0.283072677152
5.6 1.19987454021 0.288298962792
5.7 1.23372115269 0.29461741282
5.8 1.2673580479 0.302092402713
5.9 1.30051033285 0.310793311287
6 1.33286755632 0.320795355899
6.1 1.36408541356 0.332174788117
6.2 1.39378396497 0.345008227329
6.3 1.42155153331 0.359369312446
6.4 1.44694570305 0.375326051748
6.5 1.46950158987 0.392934401445
6.6 1.48874220298 0.412231039326
6.7 1.50418950911 0.433227443215
6.8 1.51537745711 0.455902143293
6.9 1.52187530156 0.480189648937
7 1.52330479248 0.505973264733
7.1 1.51936553456 0.533075640074
7.2 1.50985669076 0.561253571988
7.3 1.49469882589 0.590192513172
7.4 1.47394977216 0.619510441212
7.5 1.44781789967 0.648759482757
7.6 1.41665892241 0.677443816488
7.7 1.38097140624 0.705032764851
7.8 1.34137826721 0.73098433556
7.9 1.2986001173 0.754771079929
8 1.25342067845 0.775906579339
8.1 1.20665073994 0.79396963551
8.2 1.15909175057 0.808624668241
8.3 1.11150167726 0.819636590787
8.4 1.06456863083 0.826876829932
8.5 1.01889180042 0.830323353057
8.6 0.974969710555 0.830054280201
8.7 0.933197089531 0.826235460552
8.8 0.893869129654 0.819104366733
8.9 0.85718854123 0.808953642121
9 0.823276982512 0.796113390467
9.1 0.792188365021 0.780934654981
9.2 0.763921810022 0.763775457568
9.3 0.73843404115 0.744988753303
9.4 0.715650954738 0.724912915385
9.5 0.695477199813 0.703865279486
9.6 0.677804198107 0.682137514108
9.7 0.662517068576 0.659992427552
9.8 0.64949925444 0.637663677936
9.9 0.638636125668 0.615355770821
10 0.629818182115 0.593244659205
10.1 0.622942478955 0.571479864711
10.2 0.617913797886 0.550186412583
10.3 0.614645511926 0.529466988144
10.4 0.613059529012 0.509404485476
10.5 0.613086237865 0.490064242218
10.6 0.614664824071 0.471496318581
10.7 0.617741873343 0.453737635148
10.8 0.622271660506 0.436814128145
10.9 0.628215094789 0.420742159251
11 0.635539453236 0.405530630371
11.1 0.644217494032 0.391181944035
11.2 0.654226987255 0.377693814789
11.3 0.665549964016 0.365059938881
11.4 0.678172110398 0.353271451302
11.5 0.692082057954 0.342317458704
11.6 0.707270706826 0.332186078683
11.7 0.723730510047 0.322864979913
11.8 0.741454796423 0.314342402853
11.9 0.76043681589 0.306607286396
12 0.780669015062 0.299649588215
12.1 0.802142150264 0.293460841496
12.2 0.824844221555 0.288035558471
12.3 0.848759600761 0.283370315585
12.4 0.873867598852 0.279464805351
12.5 0.900141199628 0.276322213007
12.6 0.927545868518 0.273949249731
12.7 0.956037648851 0.272356889715
12.8 0.985561738642 0.271560523743
12.9 1.01605052356 0.271580331164
13 1.04742124936 0.272441697045
13.1 1.07957418606 0.274175488268
13.2 1.11239005065 0.276818338161
13.3 1.14572750281 0.280412955272
13.4 1.17942058136 0.285008344198
13.5 1.21327631902 0.290659513967
13.6 1.24707178684 0.297427712493
13.7 1.28055248525 0.305379620813
13.8 1.31342986965 0.314586914148
13.9 1.34538028388 0.32512494916
14 1.37604547427 0.337070456912
14.1 1.40503145684 0.350500097165
14.2 1.43191478142 0.365485387305
14.3 1.45624289556 0.382090131499
14.4 1.47754580932 0.400363232843
14.5 1.49534355866 0.420332826089
14.6 1.50915987159 0.4419986992
14.7 1.51854192117 0.465322613982
14.8 1.52307537036 0.490219947311
14.9 1.52241018271 0.516551862697
15 1.5162840981 0.544113602408
15.1 1.50454210873 0.572633569943
15.2 1.48715698885 0.601771852866
15.3 1.46424469015 0.631119295142
15.4 1.43607247936 0.660206846141
15.5 1.4030545697 0.688522506837
15.6 1.36574137233 0.715528177412
15.7 1.32479808964 0.740684490777
15.8 1.28097416129 0.763477200132
15.9 1.2350689793 0.783443023253
16 1.18789293742 0.80019298267
16.1 1.14023477758 0.813429256273
16.2 1.09282646078 0.822959233956
16.3 1.04632355335 0.828696308995
16.4 1.00128571866 0.830659575267
16.5 0.958170814661 0.828962935669
16.6 0.917333678844 0.823802778741
16.7 0.87903171639 0.815440190524
16.8 0.843434323035 0.804184729142
16.9 0.810634753641 0.790376695502
17 0.780664181977 0.774371215997
17.1 0.753502964304 0.756526012513
17.2 0.729094861816 0.737188970548
17.3 0.707355934823 0.716691165735
17.4 0.688184835015 0.695340053042
17.5 0.671469779896 0.673416268725
17.6 0.657094507733 0.651171244768
17.7 0.644942815348 0.6288270868
17.8 0.634901857269 0.606576731206
17.9 0.626864593528 0.584585330831
18 0.620730862143 0.562992746216
18.1 0.61640892407 0.541914731069
18.2 0.613815360828 0.521445946319
18.3 0.612875661633 0.501661901065
18.4 0.613523577417 0.482621771183
18.5 0.615701265769 0.464370087403
18.6 0.619358407723 0.446939228688
18.7 0.624452022664 0.430351047521
18.8 0.630945575936 0.414618823645
18.9 0.638808624556 0.39974866079
19 0.648015978831 0.385740986704
19.1 0.658547194227 0.37259176018
19.2 0.670385835349 0.360293590802
19.3 0.683518865093 0.348836728661
19.4 0.697935847532 0.33820975539
19.5 0.713628354326 0.32840055594
19.6 0.730589289971 0.319397015155
19.7 0.748812069502 0.311187233172
19.8 0.768289731032 0.3037605423
19.9 0.789014152421 0.29710781538
20 0.810975244934 0.291221619449
