"Time" "Prey" "Predator"
0 1.0032665635 1.00326634951
0.1 0.93827307289 1.00029992908
0.2 0.878204639021 0.991121098875
0.3 0.823300257229 0.976396241278
0.4 0.77360060263 0.956872062931
0.5 0.728996910611 0.933328828854
0.6 0.689279826591 0.906536709241
0.7 0.654173714121 0.877227995113
0.8 0.623367012641 0.846076598137
0.9 0.596536329921 0.813685345102
1 0.573361860851 0.780581873254
1.1 0.553537649891 0.747218778617
1.2 0.536779170766 0.713976110031
1.3 0.522826860544 0.681166984352
1.4 0.511447412969 0.649044213427
1.5 0.502434609397 0.617806931528
1.6 0.495607077219 0.587608270357
1.7 0.490807576853 0.558561550086
1.8 0.487900983655 0.530746686646
1.9 0.486772236295 0.504215628047
2 0.487324565048 0.478997312768
2.1 0.489477578053 0.455102155413
2.2 0.493165565193 0.432525528916
2.3 0.498335977428 0.41125101178
2.4 0.504947818322 0.391253665627
2.5 0.512970599584 0.372501564933
2.6 0.52238312822 0.354957367156
2.7 0.533172411097 0.338581371116
2.8 0.545332859966 0.323331600739
2.9 0.558865279619 0.30916561038
3 0.573776219069 0.296040924799
3.1 0.590077156619 0.283916128655
3.2 0.607783887672 0.272751244417
3.3 0.626915762544 0.262508465945
3.4 0.647495100559 0.253152420251
3.5 0.669546370512 0.244650721378
3.6 0.693095538531 0.236974183988
3.7 0.718169140854 0.230097284549
3.8 0.744793699735 0.22399814286
3.9 0.772994412612 0.21865915504
4 0.802794034145 0.214067347144
4.1 0.834212040001 0.21021433667
4.2 0.867262439439 0.207097176246
4.3 0.90195266077 0.204718476591
4.4 0.938281562219 0.203086911419
4.5 0.976236449692 0.202218120851
4.6 1.01579152614 0.202134940923
4.7 1.05690391586 0.202868462241
4.8 1.09951024301 0.204458884136
4.9 1.14352342293 0.206956272587
5 1.1888264789 0.210422004766
5.1 1.23526853851 0.21492976174
5.2 1.282658771 0.220566805501
5.3 1.33075869069 0.227435376868
5.4 1.37927638047 0.235654183632
5.5 1.427858396 0.245359117743
5.6 1.47608145843 0.256704163011
5.7 1.52344572252 0.269861543474
5.8 1.5693681579 0.285020902603
5.9 1.61317689767 0.302387397925
6 1.65411127514 0.322175870349
6.1 1.69131966434 0.344606596862
6.2 1.72387685352 0.369889969622
6.3 1.75079666394 0.39821385295
6.4 1.77106034058 0.429723033495
6.5 1.78366047065 0.46449221324
6.6 1.78765405186 0.502495191079
6.7 1.7822305202 0.543572577395
6.8 1.76678578462 0.587397312011
6.9 1.74099867891 0.633449707113
7 1.70490245448 0.680998426842
7.1 1.65892049686 0.729115191104
7.2 1.60389290439 0.776691871962
7.3 1.54104518577 0.822500913794
7.4 1.47192212887 0.865270890438
7.5 1.39828496315 0.903776271705
7.6 1.32198670473 0.936930333845
7.7 1.24484533895 0.963863086337
7.8 1.16852885965 0.98397826386
7.9 1.09446958244 0.996978843517
8 1.02381552188 1.00286043288
8.1 0.957413202789 1.00188183093
8.2 0.895820838906 0.994515940557
8.3 0.839342828288 0.981391758991
8.4 0.788073978214 0.963237137366
8.5 0.741946947317 0.940826518502
8.6 0.700778710511 0.914936717878
8.7 0.664310107034 0.88631408646
8.8 0.632237996069 0.855651689405
8.9 0.604240294509 0.823574970999
9 0.579994302005 0.79063481639
9.1 0.559189188986 0.757305879416
9.2 0.54153313832 0.723990250498
9.3 0.526759098807 0.691020213256
9.4 0.514625668203 0.65866624148
9.5 0.504918340879 0.62714295903
9.6 0.497448436404 0.596616596653
9.7 0.492051527721 0.567211905039
9.8 0.488586097206 0.539018120478
9.9 0.486931208147 0.512095113892
10 0.486984773969 0.486478306944
10.1 0.488661680273 0.462183232475
10.2 0.491891988955 0.439209470062
10.3 0.496619301005 0.417543955669
10.4 0.502799190896 0.397163845584
10.5 0.510398246941 0.378038979001
10.6 0.519392541909 0.360133717711
10.7 0.529766724147 0.343409007687
10.8 0.541513042504 0.327823331636
10.9 0.554630429422 0.313334353034
11 0.569123809257 0.299899416831
11.1 0.585003218514 0.287476786524
11.2 0.602283250079 0.276025922294
11.3 0.620982229665 0.265508360059
11.4 0.641121670844 0.255887913196
11.5 0.662725450475 0.247131281736
11.6 0.685819190007 0.239208251093
11.7 0.710429321122 0.232092182428
11.8 0.736582435217 0.225760098755
11.9 0.764304355763 0.220192958536
12 0.79361859035 0.21537645457
12.1 0.824545778301 0.211300757913
12.2 0.857101809297 0.207961201489
12.3 0.891296189165 0.20535872047
12.4 0.927130702873 0.20350004763
12.5 0.96459633468 0.202398681012
12.6 1.00367150644 0.202075219831
12.7 1.04431906197 0.202558113916
12.8 1.08648198893 0.203884775235
12.9 1.13008093377 0.206102150968
13 1.17500853686 0.20926806343
13.1 1.22112460852 0.213452366993
13.2 1.2682512496 0.218738074023
13.3 1.31616496255 0.225222746839
13.4 1.3645907848 0.233019966653
13.5 1.41319472896 0.242260428461
13.6 1.46157551385 0.253092430727
13.7 1.50925685466 0.265682965535
13.8 1.55568204265 0.280216214626
13.9 1.60020561769 0.296893503587
14 1.6420947707 0.315926760221
14.1 1.68052383913 0.337536057153
14.2 1.71458846318 0.361936191506
14.3 1.74331830462 0.389323697222
14.4 1.76570174148 0.41985850306
14.5 1.78072112058 0.453640202116
14.6 1.7874087722 0.490676032874
14.7 1.78490561266 0.530850736758
14.8 1.77253793856 0.573890577259
14.9 1.74988928073 0.619337898634
15 1.71688252373 0.666523548836
15.1 1.67381855721 0.71457802864
15.2 1.6214114144 0.762443703935
15.3 1.56077684467 0.808920579699
15.4 1.49337190489 0.852742375329
15.5 1.42090465591 0.89265953671
15.6 1.34521471114 0.927533696084
15.7 1.26814354675 0.956422570442
15.8 1.19141403002 0.97864350941
15.9 1.1165375367 0.993807631344
16 1.04475137183 1.0018243818
16.1 0.976992381208 1.00287787836
16.2 0.913903335007 0.997381824834
16.3 0.855861236367 0.985924161247
16.4 0.803018684733 0.969209206575
16.5 0.755352427648 0.948002207184
16.6 0.712710165395 0.923083033039
16.7 0.674851898428 0.895210243368
16.8 0.641484632484 0.865094939679
16.9 0.612289914823 0.83338393083
17 0.586943695934 0.800651035317
17.1 0.565130440098 0.767393958411
17.2 0.546552125519 0.734036043229
17.3 0.530933842462 0.700930223768
17.4 0.518026188399 0.668365041949
17.5 0.507606826896 0.63657096974
17.6 0.499479166587 0.605728385613
17.7 0.493471732564 0.575973756493
17.8 0.489436313645 0.547406404085
17.9 0.487245851582 0.520094580417
18 0.48679285577 0.494080526536
18.1 0.48798724304 0.469385373322
18.2 0.49075464553 0.446013134162
18.3 0.495034794381 0.423954257456
18.4 0.500779712488 0.403188550627
18.5 0.507952845556 0.383687882718
18.6 0.516527498359 0.365418016334
18.7 0.526485832629 0.348340826922
18.8 0.537817902365 0.332415360655
18.9 0.550520697828 0.317599452165
19 0.564597421365 0.303850429404
19.1 0.580056635703 0.291126211246
19.2 0.596911630125 0.279385834643
19.3 0.615179677037 0.268590145083
19.4 0.634881392145 0.258702239074
19.5 0.656040024798 0.249687884098
19.6 0.678680736968 0.241515918349
19.7 0.702829821295 0.234158565338
19.8 0.728513872829 0.227591757642
19.9 0.755759117933 0.221795168113
20 0.784589840868 0.216753063887
