"Time" "Prey" "Predator"
0 1.39738241583 1.09880943969
0.1 1.28671016875 1.13702318483
0.2 1.17967166538 1.16380311051
0.3 1.07852771792 1.17885712108
0.4 0.98483335298 1.18251743441
0.5 0.899483060868 1.17561215057
0.6 0.822813237734 1.15931669989
0.7 0.754729534595 1.13500679442
0.8 0.694842851159 1.10412311806
0.9 0.64257858126 1.06807926149
1 0.597269630089 1.0281895205
1.1 0.558222146588 0.985629253761
1.2 0.52475985038 0.941416471989
1.3 0.496251323737 0.896408930658
1.4 0.472122147383 0.851313803391
1.5 0.451862958056 0.806698223968
1.6 0.435028426105 0.763007076354
1.7 0.421233892535 0.720580045835
1.8 0.410150159493 0.679667925602
1.9 0.401497895545 0.640447684285
2 0.395041729001 0.603035899915
2.1 0.390584363743 0.567500537597
2.2 0.387962095788 0.53387086162
2.3 0.387040082479 0.502145403616
2.4 0.387708217334 0.472299796252
2.5 0.389878139475 0.444291394156
2.6 0.393480076627 0.418064764424
2.7 0.398460399448 0.39355540065
2.8 0.404779791865 0.370692348531
2.9 0.412411192755 0.349401291616
3 0.42133859236 0.329605957526
3.1 0.431555547831 0.311230152971
3.2 0.443064583667 0.294198060053
3.3 0.455875731108 0.278436406572
3.4 0.470006208172 0.263874276784
3.5 0.485479455254 0.250444131196
3.6 0.502324766584 0.238081858778
3.7 0.520576689342 0.226727264043
3.8 0.540274571793 0.216324199309
3.9 0.561462110789 0.2068207479
4 0.58418687375 0.198169347927
4.1 0.608499848817 0.190326869472
4.2 0.634454879796 0.18325476913
4.3 0.662108346509 0.176918946619
4.4 0.691518323361 0.171290058462
4.5 0.722743724357 0.166343800344
4.6 0.755843987475 0.162060642765
4.7 0.790877367771 0.15842649825
4.8 0.827900119481 0.155432816633
4.9 0.866965312101 0.153076825334
5 0.908120088555 0.151362454611
5.1 0.951404684477 0.15030048548
5.2 0.996849397214 0.149909471213
5.3 1.0444706155 0.150216970287
5.4 1.09426901084 0.151260044605
5.5 1.14622296518 0.153087296996
5.6 1.20028388392 0.155760317761
5.7 1.25637129638 0.159355190145
5.8 1.31436132584 0.163965945911
5.9 1.37408107762 0.16970634738
6 1.43529781744 0.176713079323
6.1 1.49770216769 0.185150405799
6.2 1.56089671646 0.195213480804
6.3 1.62437970586 0.207132154432
6.4 1.68752706344 0.221175705226
6.5 1.74957275943 0.237655448311
6.6 1.8095885054 0.256928991883
6.7 1.86647083065 0.279396718478
6.8 1.91892749874 0.305498147252
6.9 1.96547887642 0.335699337154
7 2.00446630724 0.37047414773
7.1 2.03410044133 0.410262442073
7.2 2.05252318777 0.455423717278
7.3 2.05791519741 0.506166722108
7.4 2.04864517885 0.562461742151
7.5 2.02345310742 0.623947401175
7.6 1.9816465662 0.689842906635
7.7 1.92329439075 0.758881889895
7.8 1.84934209434 0.82931731781
7.9 1.76165764218 0.898976759729
8 1.66292702476 0.965421837996
8.1 1.55643475299 1.02616340425
8.2 1.44574843872 1.07891407251
8.3 1.3343738128 1.12181967423
8.4 1.22544734227 1.15362653945
8.5 1.12151927596 1.17375529426
8.6 1.02444999023 1.18227914561
8.7 0.935411901202 1.17982682789
8.8 0.854968781644 1.16744169819
8.9 0.7831974978 1.14642914911
9 0.719821217312 1.11821661089
9.1 0.664332517608 1.08424037816
9.2 0.616094945517 1.04586399039
9.3 0.574419572906 1.00432646523
9.4 0.538618405031 0.960714851018
9.5 0.508037697672 0.915956509572
9.6 0.482077577583 0.870822115653
9.7 0.460200159134 0.825937584059
9.8 0.441932633631 0.781798690294
9.9 0.4268646627 0.73878854019
10 0.414643599487 0.697194597754
10.1 0.404969152196 0.657224097996
10.2 0.397587644098 0.619018207627
10.3 0.392286001985 0.582664656386
10.4 0.38888665471 0.548208268267
10.5 0.387242694743 0.515660020573
10.6 0.387233702114 0.485004641446
10.7 0.388762342944 0.456206651886
10.8 0.391751070227 0.429215809792
10.9 0.396139591973 0.403970966166
11 0.401882604309 0.380403723586
11.1 0.408947948581 0.358440923251
11.2 0.417315014539 0.338006894967
11.3 0.426973388646 0.319025202507
11.4 0.437921793075 0.301419851114
11.5 0.45016705088 0.285116488539
11.6 0.463723308011 0.270043129526
11.7 0.478611371387 0.25613069325
11.8 0.494858175871 0.243313319128
11.9 0.512495957 0.231529280816
12 0.531562133922 0.220720522561
12.1 0.55209849703 0.210833393523
12.2 0.574151045317 0.201818345366
12.3 0.597769312691 0.193630356596
12.4 0.623006037805 0.186228829698
12.5 0.649916552046 0.179577748555
12.6 0.678558206567 0.173645786055
12.7 0.708989753808 0.168406353411
12.8 0.741270409733 0.163837877103
12.9 0.775459138887 0.159923854913
13 0.81161322967 0.156653290144
13.1 0.849787305682 0.154020868594
13.2 0.890031297371 0.152027562227
13.3 0.932388883024 0.15068103519
13.4 0.976894748989 0.149996458651
13.5 1.02357197435 0.149997286057
13.6 1.07242851291 0.15071631329
13.7 1.12345276245 0.152197040794
13.8 1.17660911467 0.154495033335
13.9 1.23183080966 0.157680108677
14 1.28901477694 0.161837946506
14.1 1.34801045824 0.16707340798
14.2 1.40861146394 0.173513107031
14.3 1.4705438312 0.181308765934
14.4 1.53344999322 0.190641574485
14.5 1.59687673839 0.201725784651
14.6 1.66025481601 0.214812746634
14.7 1.72288122311 0.230195834994
14.8 1.78390080679 0.248212695622
14.9 1.84228802545 0.26924460622
15 1.89683343549 0.293715009009
15.1 1.94613735203 0.322081163023
15.2 1.98861354906 0.354818315284
15.3 2.02252622938 0.392383926404
15.4 2.04603526975 0.435180764965
15.5 2.05728800335 0.483493095466
15.6 2.05455095434 0.537405327761
15.7 2.03638001218 0.596711547516
15.8 2.00181093444 0.660823227046
15.9 1.95056539761 0.728686149221
16 1.88319540461 0.798761250587
16.1 1.80117496608 0.869044717219
16.2 1.70685542232 0.937190613218
16.3 1.60329658147 1.00070149203
16.4 1.49398578215 1.05717166003
16.5 1.38249707012 1.10453410756
16.6 1.27215950416 1.14126023685
16.7 1.16579652211 1.16647611364
16.8 1.065572705 1.17998035852
16.9 0.972952680747 1.18217637244
17 0.888750919783 1.17394636835
17.1 0.813238961722 1.15650062304
17.2 0.746277042683 1.13122945422
17.3 0.687443710673 1.09957724111
17.4 0.636147568513 1.06294702809
17.5 0.591714647936 1.02263637425
17.6 0.553451297256 0.979800311494
17.7 0.520686196257 0.935434893875
17.8 0.492793884571 0.890378710501
17.9 0.469209402143 0.845317995267
18 0.449432032513 0.800802699584
18.1 0.433024437812 0.757263065513
18.2 0.419609681207 0.715025891448
18.3 0.408865699455 0.674331166561
18.4 0.400519236106 0.635347154721
18.5 0.394340247606 0.598183351426
18.6 0.390136453394 0.562901919723
18.7 0.387748266733 0.529527515239
18.8 0.387044141005 0.498055374554
18.9 0.387917232646 0.468458135855
19 0.390281745872 0.440691325911
19.1 0.394070214711 0.414698094662
19.2 0.399231075777 0.390412841545
19.3 0.40572671428 0.367764105427
19.4 0.413531660965 0.34667715542
19.5 0.422631263645 0.327075627498
19.6 0.433020391828 0.308883243154
19.7 0.444702471461 0.292024814657
19.8 0.4576885902 0.276427205354
19.9 0.471996701132 0.26202010442
20 0.487651191369 0.248736136483
