"Time" "Prey" "Predator"
0 0.538314603269 1.34556981549
0.1 0.482966974336 1.28119613018
0.2 0.437144350864 1.21376372975
0.3 0.39928211069 1.1450946728
0.4 0.368053486949 1.07659751664
0.5 0.342355933085 1.00932797237
0.6 0.32128116932 0.944057798061
0.7 0.304088964928 0.881325535721
0.8 0.290179687754 0.821485865571
0.9 0.27906834839 0.764753139792
1 0.270361380618 0.711237797631
1.1 0.263745081692 0.660961331396
1.2 0.258965594571 0.613890399434
1.3 0.255819996651 0.56994662005
1.4 0.254146122423 0.52902157985
1.5 0.25381539436 0.490986422906
1.6 0.254726948695 0.455699216463
1.7 0.256802353455 0.423011655416
1.8 0.259982621661 0.392772142733
1.9 0.264224716709 0.3648298077
2 0.269499245627 0.339036742535
2.1 0.275788708695 0.31524946909
2.2 0.283085807234 0.293330341697
2.3 0.291392252382 0.27314827624
2.4 0.300717912912 0.254579096827
2.5 0.311080055474 0.237505795669
2.6 0.322502359525 0.221819040331
2.7 0.335015083989 0.207416370906
2.8 0.348654183054 0.19420261809
2.9 0.363461410441 0.182089382755
3 0.379483790437 0.170995038864
3.1 0.396773749077 0.160844252125
3.2 0.415388771811 0.151567843567
3.3 0.435391525804 0.143102408958
3.4 0.45684965068 0.135390091502
3.5 0.479835847076 0.128378314259
3.6 0.504427756158 0.122019534272
3.7 0.530707973326 0.116271098714
3.8 0.558763941749 0.111094849567
3.9 0.58868788401 0.106457033567
4 0.620576589175 0.102328664358
4.1 0.654531500567 0.0986847565305
4.2 0.690658439028 0.0955044117159
4.3 0.729066278927 0.0927717653796
4.4 0.769867768933 0.0904750194448
4.5 0.81317898533 0.0886066085474
4.6 0.859116308499 0.0871647763943
4.7 0.907797116031 0.0861530015077
4.8 0.959337908465 0.0855806628281
4.9 1.01385089795 0.0854644023717
5 1.07144492967 0.0858276921456
5.1 1.1322178924 0.0867039472516
5.2 1.19625441526 0.08813740641
5.3 1.26361965143 0.0901854023432
5.4 1.33435427503 0.0929203125517
5.5 1.40846271424 0.0964342135481
5.6 1.48590433837 0.100842295727
5.7 1.56657855389 0.106288500186
5.8 1.65030322482 0.112953765233
5.9 1.73679453883 0.121063737236
6 1.8256403977 0.130898808406
6.1 1.91625922498 0.142809475913
6.2 2.00785827987 0.157231291138
6.3 2.09938244642 0.17470306513
6.4 2.18944550123 0.195889440716
6.5 2.27626880792 0.221598961286
6.6 2.3576008119 0.252804585991
6.7 2.43065904093 0.290646720146
6.8 2.49208772343 0.336418596099
6.9 2.53798739091 0.391506890972
7 2.56402591814 0.457275958089
7.1 2.56572257313 0.534853986981
7.2 2.53890681238 0.62482846242
7.3 2.48039189135 0.726846749474
7.4 2.38877248277 0.839201593033
7.5 2.26516875048 0.958533677896
7.6 2.11364449616 1.07982539214
7.7 1.94102919779 1.19682837316
7.8 1.75607153894 1.30290174668
7.9 1.56810213879 1.39206641361
8 1.38561964323 1.45994241394
8.1 1.21523150216 1.50428328657
8.2 1.06119415074 1.52499271718
8.3 0.925504440755 1.52374094032
8.4 0.808357603857 1.50337138971
8.5 0.708727553301 1.46730235814
8.6 0.624903680682 1.41904498686
8.7 0.554899029244 1.36188259912
8.8 0.496720588563 1.29869357984
8.9 0.44852307588 1.23188461432
9 0.408679825925 1.16339443043
9.1 0.375801796359 1.09473597493
9.2 0.348727819907 1.02705514173
9.3 0.326500904499 0.961193128123
9.4 0.308339040574 0.897745126793
9.5 0.29360723185 0.837111358963
9.6 0.281791739622 0.779540374007
9.7 0.272478012013 0.725164367564
9.8 0.265332044563 0.674027960227
9.9 0.26008474463 0.626111591568
10 0.256521203411 0.581345954409
10.1 0.254469055458 0.539630051608
10.2 0.253791454645 0.500839665671
10.3 0.254380554608 0.464835965548
10.4 0.256152452054 0.431471622433
10.5 0.259043275256 0.400595624481
10.6 0.263005998848 0.372056709211
10.7 0.268007807201 0.345705988191
10.8 0.274028112129 0.321398793796
10.9 0.281057172379 0.298995559935
11 0.28909431102 0.278363600154
11.1 0.298147360163 0.259376812168
11.2 0.308231543353 0.241916437606
11.3 0.319369025654 0.225870912293
11.4 0.331588308704 0.211136004551
11.5 0.344923893069 0.197614615083
11.6 0.359415981444 0.185216606131
11.7 0.375110229347 0.173858574117
11.8 0.392057619979 0.163463535936
11.9 0.410314306048 0.153960712466
12 0.42994156532 0.145285193228
12.1 0.451005673097 0.137377731274
12.2 0.473578031678 0.130184301466
12.3 0.497735014605 0.123655982227
12.4 0.523557805751 0.11774887251
12.5 0.551132665774 0.112423600695
12.6 0.580550533197 0.107645399918
12.7 0.611907067304 0.103383895239
12.8 0.645302574488 0.0996129699464
12.9 0.680841419218 0.096310913519
13 0.718632090043 0.0934602763032
13.1 0.758786496136 0.0910480607822
13.2 0.801419132716 0.0890659794868
13.3 0.846646845612 0.0875105251312
13.4 0.89458686857 0.0863836618064
13.5 0.945355909742 0.0856931818625
13.6 0.999068591181 0.085453315086
13.7 1.05583348655 0.0856862087312
13.8 1.11575202 0.0864224172076
13.9 1.17891362287 0.0877027642421
14 1.24538916691 0.0895808586711
14.1 1.31522635792 0.092124917324
14.2 1.3884399195 0.0954215340073
14.3 1.46500331139 0.099578900316
14.4 1.5448312413 0.104733540605
14.5 1.62776718352 0.111055125153
14.6 1.71355672875 0.118756510882
14.7 1.80182506621 0.128102338204
14.8 1.89204100426 0.139422432638
14.9 1.98347169546 0.153128498921
15 2.07513571212 0.16973044323
15.1 2.1657439867 0.189856720544
15.2 2.25362771892 0.214276164767
15.3 2.33666771343 0.243917296182
15.4 2.41222684667 0.279875878339
15.5 2.47710557057 0.323406857188
15.6 2.52753679091 0.375884290279
15.7 2.55928986676 0.43869058413
15.8 2.56788324501 0.513045141474
15.9 2.54900587383 0.599714723811
16 2.49913539274 0.698638003429
16.1 2.41631629297 0.808502372004
16.2 2.30093838211 0.926403886952
16.3 2.15627188929 1.04774347673
16.4 1.98846763095 1.16653318673
16.5 1.80588141383 1.27613661823
16.6 1.61783107381 1.37029775536
16.7 1.43315782025 1.44414130762
16.8 1.25904295741 1.49483020323
16.9 1.1003787779 1.52172035729
17 0.959728585518 1.52606613599
17.1 0.837715728407 1.51045576212
17.2 0.733579063085 1.47821201204
17.3 0.645744928197 1.43285852243
17.4 0.572267420304 1.3777624671
17.5 0.511135630489 1.31592010688
17.6 0.460455373114 1.24986522143
17.7 0.418537908012 1.18165837926
17.8 0.383931334239 1.11291997541
17.9 0.35541633603 1.04488675827
18 0.331984365734 0.978475030828
18.1 0.312809748228 0.914340058312
18.2 0.297221064402 0.852929316398
18.3 0.284674706688 0.794527905758
18.4 0.274731654048 0.739295973434
18.5 0.267038000921 0.687299044196
18.6 0.261309278513 0.638531816247
18.7 0.257316877733 0.592937590848
18.8 0.254877927459 0.550422727706
18.9 0.253846833132 0.510868167134
19 0.254108526817 0.474138248228
19.1 0.255573206221 0.440087372087
19.2 0.258172044539 0.408565113148
19.3 0.261853788822 0.379419979902
19.4 0.266582096224 0.352502207543
19.5 0.272333355339 0.327665796376
19.6 0.279095000159 0.304769892912
19.7 0.286864108753 0.283679827725
19.8 0.295646240739 0.264267848508
19.9 0.305454810715 0.246413079293
20 0.316310114103 0.230002158718
