"Time" "Prey" "Predator"
0 1.00326716473 1.00326616285
0.1 0.938273654768 1.00029980219
0.2 0.878205195103 0.9911210296
0.3 0.823300783155 0.976396225883
0.4 0.77360109582 0.956872096614
0.5 0.728997369924 0.933328906163
0.6 0.689280251991 0.906536824428
0.7 0.654174106365 0.87722814243
0.8 0.623367373026 0.846076772053
0.9 0.596536660076 0.813685540442
1 0.57336216258 0.780582085297
1.1 0.553537925053 0.747219003139
1.2 0.536779421194 0.713976343317
1.3 0.522827087989 0.681167223184
1.4 0.511447619067 0.649044455058
1.5 0.502434795647 0.617807173643
1.6 0.495607244977 0.587608511032
1.7 0.490807727327 0.558561787747
1.8 0.487901117911 0.530746920023
1.9 0.48677235526 0.50421585614
2 0.487324669519 0.478997534802
2.1 0.489477668709 0.455102370807
2.2 0.493165642599 0.432525737258
2.3 0.498336042045 0.411251212794
2.4 0.504947870513 0.391253859153
2.5 0.512970639627 0.3725017509
2.6 0.522383156308 0.354957545571
2.7 0.533172427349 0.338581542049
2.8 0.545332864429 0.323331764307
2.9 0.558865272275 0.309165766737
3 0.573776199837 0.296041074125
3.1 0.590077125362 0.283916271149
3.2 0.6077838442 0.272751380289
3.3 0.626915706615 0.26250859541
3.4 0.647495031887 0.253152543525
3.5 0.669546288765 0.244650838672
3.6 0.693095443337 0.236974295508
3.7 0.718169031806 0.230097390484
3.8 0.744793576396 0.223998243383
3.9 0.772994274513 0.218659250311
4 0.802793880799 0.214067437296
4.1 0.834211870908 0.21021442181
4.2 0.867262254086 0.207097256455
4.3 0.901952458653 0.204718551913
4.4 0.938281342843 0.203086981861
4.5 0.97623621259 0.202218186377
4.6 1.0157912709 0.202135001446
4.7 1.05690364212 0.202868517619
4.8 1.0995099505 0.20445893416
4.9 1.14352311152 0.206956316971
5 1.18882614858 0.210422043143
5.1 1.2352681895 0.214929793638
5.2 1.28265840374 0.220566830333
5.3 1.33075830592 0.227435393921
5.4 1.37927597932 0.235654192044
5.5 1.42785798003 0.245359116472
5.6 1.4760810297 0.256704150841
5.7 1.52344528375 0.269861518961
5.8 1.56936771243 0.285020864125
5.9 1.61317644974 0.302387343569
6 1.65411082971 0.32217579806
6.1 1.69131922742 0.34460650433
6.2 1.72387643203 0.369889854395
6.3 1.7507962657 0.398213712534
6.4 1.77105997406 0.429722865523
6.5 1.78366014499 0.464492015552
6.6 1.78765377628 0.502494962079
6.7 1.78223030373 0.543572316239
6.8 1.76678563526 0.587397019062
6.9 1.74099860339 0.633449383965
7 1.70490245708 0.680998076946
7.1 1.65892057924 0.729114819618
7.2 1.60389306522 0.776691485677
7.3 1.54104542048 0.822500521049
7.4 1.47192243 0.865270500519
7.5 1.39828532091 0.90377589427
7.6 1.3219871077 0.936929978294
7.7 1.24484577501 0.963862761097
7.8 1.16852931683 0.983977975864
7.9 1.09447004966 0.996978597872
8 1.02381598939 1.00286023273
8.1 0.957413662558 1.00188167749
8.2 0.895821284655 0.994515833317
8.3 0.839343255426 0.981391696039
8.4 0.788074383672 0.963237115701
8.5 0.741947329291 0.940826534397
8.6 0.700779068206 0.914936767179
8.7 0.664310440424 0.886314164844
8.8 0.63223830568 0.855651792581
8.9 0.604240581235 0.823575094856
9 0.579994566973 0.790634957093
9.1 0.559189433438 0.757306033472
9.2 0.541533363545 0.723990414768
9.3 0.526759306077 0.691020384977
9.4 0.514625858727 0.658666418258
9.5 0.5049185158 0.627143138797
9.6 0.497448596764 0.596616777666
9.7 0.492051674466 0.567212085837
9.8 0.488586231182 0.53901829985
9.9 0.486931330097 0.512095290855
10 0.486984884543 0.486478480708
10.1 0.488661780028 0.46218340242
10.2 0.49189207836 0.439209635711
10.3 0.496619380454 0.417544116671
10.4 0.502799260703 0.39716400169
10.5 0.510398307351 0.37803913005
10.6 0.519392593102 0.360133863615
10.7 0.529766766238 0.343409148417
10.8 0.541513075555 0.327823467211
10.9 0.554630453436 0.31333448351
11 0.569123824188 0.299899542298
11.1 0.585003224267 0.28747690709
11.2 0.602283246513 0.276026038089
11.3 0.620982216594 0.265508471221
11.4 0.641121648039 0.255888019872
11.5 0.662725417668 0.247131384075
11.6 0.685819146892 0.239208349244
11.7 0.710429267357 0.232092276533
11.8 0.736582370422 0.225760188956
11.9 0.76430427953 0.220193044961
12 0.793618502244 0.215376537335
12.1 0.824545677855 0.211300837122
12.2 0.857101696035 0.207961277224
12.3 0.891296062588 0.205358792795
12.4 0.927130562473 0.203500116586
12.5 0.964596179957 0.202398746608
12.6 1.00367133689 0.202075282048
12.7 1.04431887714 0.202558172693
12.8 1.08648178837 0.203884830468
12.9 1.13008071711 0.206102202504
13 1.17500830382 0.209268111053
13.1 1.22112435892 0.213452410415
13.2 1.2682509834 0.218738112881
13.3 1.31616467991 0.225222780668
13.4 1.36459048611 0.233019994875
13.5 1.41319441489 0.24226045038
13.6 1.46157518544 0.253092445491
13.7 1.50925651337 0.265682972137
13.8 1.55568169044 0.280216211865
13.9 1.60020525711 0.296893490071
14 1.64209440495 0.315926734362
14.1 1.68052347223 0.337536017114
14.2 1.71458809979 0.361936135348
14.3 1.74331795024 0.389323622835
14.4 1.76570140245 0.419858408247
14.5 1.78072080379 0.453640084775
14.6 1.78740848507 0.490675891112
14.7 1.78490536272 0.530850569089
14.8 1.77253773314 0.573890382893
14.9 1.74988912639 0.619337677702
15 1.71688242573 0.666523302699
15.1 1.67381851924 0.714577759845
15.2 1.6214114378 0.762443416598
15.3 1.56077692848 0.808920279188
15.4 1.49337204569 0.852742068155
15.5 1.42090484812 0.892659230079
15.6 1.34521494752 0.927533397399
15.7 1.26814381891 0.956422286849
15.8 1.1914143291 0.978643247271
15.9 1.1165378541 0.993807395836
16 1.04475169954 1.00182417677
16.1 0.976992712243 1.00287770621
16.2 0.913903663598 0.997381686542
16.3 0.855861557947 0.985924056625
16.4 0.803018995904 0.969209134417
16.5 0.75535272606 0.948002165516
16.6 0.712710449578 0.923083019358
16.7 0.674852167591 0.895210254874
16.8 0.64148488638 0.865094973424
16.9 0.612290153602 0.833383983865
17 0.586943920016 0.800651104796
17.1 0.565130650078 0.767394041662
17.2 0.546552322105 0.734036137774
17.3 0.5309340264 0.700930327384
17.4 0.518026360454 0.668365152643
17.5 0.50760698781 0.63657108576
17.6 0.499479317061 0.605728505442
17.7 0.493471873256 0.575973878817
17.8 0.489436445154 0.54740652779
17.9 0.487245974445 0.520094704562
18 0.486792970469 0.494080650338
18.1 0.487987349994 0.469385496137
18.2 0.490754745101 0.446013255466
18.3 0.495034886875 0.423954376831
18.4 0.500779798159 0.403188667746
18.5 0.507952924606 0.383687997331
18.6 0.516527570942 0.36541812826
18.7 0.526485898853 0.348340936034
18.8 0.537817962294 0.332415466876
18.9 0.550520751482 0.317599555455
19 0.564597468726 0.303850529758
19.1 0.580056676713 0.291126308684
19.2 0.596911664686 0.279385929207
19.3 0.615179705015 0.268590236833
19.4 0.634881413369 0.258702328084
19.5 0.65604003906 0.24968797045
19.6 0.678680744024 0.241516002133
19.7 0.70282982087 0.234158646646
19.8 0.728513864606 0.227591836572
19.9 0.755759101564 0.221795244762
20 0.784589815973 0.216753138346
