"Time" "Prey" "Predator"
0 1.00326716615 1.00326716529
0.1 0.938273531062 1.00030079541
0.2 0.878204964432 0.991121995991
0.3 0.82330046298 0.976397150883
0.4 0.7736007022 0.956872968848
0.5 0.728996917129 0.933329717334
0.6 0.689279752343 0.906537569056
0.7 0.654173570235 0.877228817487
0.8 0.623366808957 0.846077376548
0.9 0.596536075001 0.813686074995
1 0.573361561986 0.780582551794
1.1 0.553537313224 0.747219404377
1.2 0.536778801406 0.713976682719
1.3 0.522826462695 0.681167504573
1.4 0.511446990056 0.649044682464
1.5 0.502434164182 0.617807351161
1.6 0.4956066119 0.587608642716
1.7 0.490807093156 0.558561877528
1.8 0.487900482916 0.530746971651
1.9 0.486771719526 0.504215873151
2 0.487324032993 0.478997520494
2.1 0.489477031244 0.455102328222
2.2 0.493165003984 0.432525669189
2.3 0.498335402034 0.41125112178
2.4 0.504947228844 0.391253747501
2.5 0.512969996045 0.372501620666
2.6 0.522382510581 0.354957398583
2.7 0.53317177928 0.338581379942
2.8 0.545332213873 0.323331588505
2.9 0.558864619145 0.309165578485
3 0.573775544126 0.29604087449
3.1 0.590076467146 0.283916061038
3.2 0.607783183658 0.272751160455
3.3 0.626915044041 0.262508366465
3.4 0.647494367704 0.253152305945
3.5 0.669545623543 0.244650592808
3.6 0.693094777811 0.236974041591
3.7 0.718168366896 0.23009712863
3.8 0.744792913239 0.223997973588
3.9 0.772993614461 0.21865897248
4 0.80279322548 0.214067151218
4.1 0.83421122224 0.210214127169
4.2 0.867261614298 0.20709695284
4.3 0.901951830358 0.204718238798
4.4 0.938280729037 0.203086658623
4.5 0.976235616722 0.202217852288
4.6 1.01579069693 0.20213465566
4.7 1.05690309451 0.202868159197
4.8 1.09950943436 0.204458562044
4.9 1.14352263258 0.206955930001
5 1.18882571325 0.210421640064
5.1 1.23526780498 0.214929373103
5.2 1.28265807798 0.220566390918
5.3 1.33075804768 0.227434934167
5.4 1.3792757982 0.235653710495
5.5 1.42785788641 0.245358611694
5.6 1.47608103463 0.256703621574
5.7 1.52344539894 0.269860964141
5.8 1.56936794984 0.285020283181
5.9 1.61317682163 0.302386736374
6 1.65411134766 0.322175165486
6.1 1.69131990235 0.344605848266
6.2 1.72387727316 0.369889178198
6.3 1.75079727978 0.398213021436
6.4 1.77106116403 0.42972216713
6.5 1.7836615095 0.464491319956
6.6 1.78765530799 0.502494282395
6.7 1.78223198896 0.543571668442
6.8 1.76678745278 0.587396422139
6.9 1.74100052531 0.633448858653
7 1.70490444825 0.680997645679
7.1 1.65892259954 0.729114504469
7.2 1.60389507174 0.776691306564
7.3 1.54104736972 0.822500494388
7.4 1.47192428111 0.865270637177
7.5 1.39828703838 0.903776198449
7.6 1.32198866324 0.93693044715
7.7 1.24484714892 0.963863384735
7.8 1.16853049832 0.983978738269
7.9 1.09447103619 0.996979478385
8 1.0238167853 1.00286120776
8.1 0.957414277679 1.00188272215
8.2 0.895821732506 0.99451692303
8.3 0.83934355161 0.981392807788
8.4 0.788074544694 0.963238228779
8.5 0.741947371453 0.940827631011
8.6 0.700779006909 0.914937832632
8.7 0.664310289754 0.886315187477
8.8 0.632238078202 0.855652763571
8.9 0.604240287903 0.823576007928
9 0.579994217179 0.790635808162
9.1 0.559189035133 0.757306820278
9.2 0.541532923352 0.723991136573
9.3 0.526758829472 0.691021042207
9.4 0.514625350192 0.658667012242
9.5 0.504917978942 0.627143671559
9.6 0.497448034478 0.596617251692
9.7 0.492051089033 0.56721250394
9.8 0.488585624375 0.539018665033
9.9 0.486930703272 0.512095606205
10 0.486984238707 0.486478749323
10.1 0.488661115906 0.462183627346
10.2 0.49189139645 0.439209819896
10.3 0.496618681064 0.417544262931
10.4 0.502798544001 0.397164112691
10.5 0.510397573391 0.378039208286
10.6 0.519391841857 0.360133911402
10.7 0.529765997625 0.343409167888
10.8 0.541512289456 0.327823460314
10.9 0.554629649726 0.313334452012
11 0.569123002749 0.299899487781
11.1 0.585002385012 0.287476830962
11.2 0.602282389407 0.27602594158
11.3 0.620981341675 0.265508355396
11.4 0.641120755439 0.255887885628
11.5 0.662724507638 0.247131232151
11.6 0.685818219829 0.239208180217
11.7 0.710428323827 0.232092090829
11.8 0.736581411206 0.225759986836
11.9 0.764303305643 0.22019282654
12 0.793617514978 0.215376302572
12.1 0.824544678839 0.211300585809
12.2 0.857100687251 0.207961009005
12.3 0.891295046464 0.205358507136
12.4 0.927129541926 0.203499812782
12.5 0.964595158448 0.202398423779
12.6 1.00367031855 0.202074939115
12.7 1.04431786677 0.202557808385
12.8 1.08648079162 0.203884443305
12.9 1.13007974053 0.20610179078
13 1.17500735496 0.209267672846
13.1 1.22112344647 0.213451943569
13.2 1.26825011727 0.218737615001
13.3 1.31616387133 0.225222249149
13.4 1.36458974775 0.233019426921
13.5 1.41319376092 0.242259843006
13.6 1.46157463153 0.25309179565
13.7 1.50925607669 0.265682276763
13.8 1.55568138951 0.28021546809
13.9 1.60020511164 0.296892695365
14 1.64209443542 0.315925886834
14.1 1.68052369914 0.337535115999
14.2 1.71458854347 0.361935181142
14.3 1.74331862916 0.389322618187
14.4 1.76570233198 0.419857358548
14.5 1.78072199506 0.453638998669
14.6 1.78740994277 0.49067478129
14.7 1.78490708371 0.530849452812
14.8 1.77253970467 0.573889282144
14.9 1.74989132526 0.619336619063
15 1.71688481794 0.666522316475
15.1 1.67382106028 0.714576879174
15.2 1.6214140753 0.76244267467
15.3 1.56077960449 0.808919707388
15.4 1.49337470078 0.852741693094
15.5 1.42090742519 0.892659071378
15.6 1.34521739545 0.92753346593
15.7 1.26814609567 0.956422583712
15.8 1.1914164034 0.978643764087
15.9 1.11653970572 0.993808115865
16 1.04475331902 1.0018250765
16.1 0.976994099309 1.0028787576
16.2 0.913904825253 0.997382859227
16.3 0.855862506542 0.985925319761
16.4 0.803019747172 0.969210458382
16.5 0.755353297471 0.948003523075
16.6 0.712710859073 0.923084386383
16.7 0.674852432686 0.895211610689
16.8 0.641485023502 0.865096300912
16.9 0.612290177741 0.833385269313
17 0.586943844559 0.800652337614
17.1 0.565130486772 0.767395214031
17.2 0.546552081108 0.734037244284
17.3 0.530933716404 0.700931364625
17.4 0.518025988801 0.668366118876
17.5 0.507606560658 0.636571980573
17.6 0.499478839524 0.605729329474
17.7 0.493471349536 0.575974633517
17.8 0.489435878676 0.547407215204
17.9 0.487245367965 0.520095327166
18 0.486792326172 0.494081210893
18.1 0.487986669585 0.469385997579
18.2 0.490754029873 0.446013700811
18.3 0.495034137783 0.423954769107
18.4 0.50077901587 0.403189009934
18.5 0.50795210955 0.383688292324
18.6 0.516526723356 0.365418378828
18.7 0.526485018819 0.348341144802
18.8 0.537817049772 0.332415636305
18.9 0.550519806344 0.317599687833
19 0.564596490783 0.303850627189
19.1 0.580055665747 0.291126373084
19.2 0.596910620475 0.279385962301
19.3 0.615178627363 0.268590240154
19.4 0.634880302136 0.258702302968
19.5 0.656038894192 0.249687918044
19.6 0.678679565586 0.241515923385
19.7 0.702828609081 0.234158542314
19.8 0.728512619888 0.227591707212
19.9 0.755757824579 0.221795090727
20 0.784588507667 0.216752959794
