"Time" "Prey" "Predator"
0 0.538314603269 1.13517262042
0.1 0.496360200303 1.0816185458
0.2 0.461006183836 1.02662278664
0.3 0.431335880507 0.971268702932
0.4 0.40655408437 0.91640798437
0.5 0.385982524924 0.86269121839
0.6 0.369047603331 0.810604892425
0.7 0.355269040153 0.76049731191
0.8 0.344247201506 0.712605256877
0.9 0.33565227809 0.667075006423
1 0.329211672047 0.62398531262
1.1 0.324701486564 0.583361265514
1.2 0.321939685894 0.545184631352
1.3 0.32077873009 0.509407026588
1.4 0.321100178804 0.475957726266
1.5 0.32281008871 0.444750307154
1.6 0.325835247074 0.415687789025
1.7 0.330120333789 0.388666605526
1.8 0.335625086161 0.363580236248
1.9 0.342322871886 0.340320490725
2 0.350198240825 0.318780996664
2.1 0.35924608245 0.298857495214
2.2 0.369470249776 0.280449277632
2.3 0.380882763072 0.263459759972
2.4 0.393503060732 0.247796984046
2.5 0.407357366044 0.233374028939
2.6 0.422478191135 0.220109151631
2.7 0.438903902199 0.207925906637
2.8 0.45667835216 0.196753199801
2.9 0.475850754889 0.186524959396
3 0.496475117392 0.177180565751
3.1 0.518610204093 0.168664453252
3.2 0.542319300987 0.160925970483
3.3 0.567669719843 0.153919590937
3.4 0.594732869185 0.147604446289
3.5 0.623583597525 0.14194460598
3.6 0.654300048408 0.136908862266
3.7 0.686963112767 0.132470792027
3.8 0.721655724611 0.128608923935
3.9 0.758462472175 0.125306693591
4 0.797468228243 0.122552867307
4.1 0.838757524736 0.120341648809
4.2 0.882412835975 0.118673208624
4.3 0.928512801388 0.11755424749
4.4 0.977130653156 0.116998490501
4.5 1.02833050223 0.117027941964
4.6 1.08216490217 0.117673711846
4.7 1.13866999001 0.118977677559
4.8 1.19786121805 0.120993966665
4.9 1.25972598707 0.123791516275
5 1.32421660443 0.127456530859
5.1 1.39124015238 0.132095966577
5.2 1.46064654855 0.137841648726
5.3 1.53221497996 0.144854907277
5.4 1.60563436829 0.153333145408
5.5 1.68048548076 0.163515792031
5.6 1.7562117382 0.175693410449
5.7 1.83209493129 0.190215511156
5.8 1.90721844024 0.207499912755
5.9 1.98043355119 0.228042824579
6 2.05032489029 0.252422215593
6.1 2.11517568991 0.281301008898
6.2 2.17295349197 0.315416254262
6.3 2.22130183684 0.355560777775
6.4 2.25759859607 0.402522780797
6.5 2.27903851116 0.457015650088
6.6 2.28281090806 0.519552642097
6.7 2.26636061456 0.590285037367
6.8 2.22773098489 0.668812384438
6.9 2.16595424963 0.753992555761
7 2.0814067368 0.84381715592
7.1 1.97604365094 0.935396159266
7.2 1.85339631997 1.02512284957
7.3 1.71828045632 1.10902002204
7.4 1.57625058465 1.18321540497
7.5 1.43292124359 1.24443471417
7.6 1.29332606275 1.29038857592
7.7 1.16145954571 1.31996460169
7.8 1.04007048318 1.33320608062
7.9 0.930689674945 1.33112164714
8 0.833818856094 1.31540412313
8.1 0.749193140237 1.2881350811
8.2 0.676045819727 1.2515289665
8.3 0.613332992858 1.20774215523
8.4 0.559901792817 1.15874986191
8.5 0.514604069933 1.10627984961
8.6 0.476362706044 1.05179256052
8.7 0.44420826203 0.996482882824
8.8 0.417290631168 0.941303600731
8.9 0.394878409407 0.886994671134
9 0.376351503041 0.834114121415
9.1 0.361188946493 0.783069148471
9.2 0.34895601133 0.734144126106
9.3 0.339292133083 0.687524655957
9.4 0.331899734905 0.643318201069
9.5 0.326534236414 0.601571391413
9.6 0.322995531774 0.562284172327
9.7 0.321121092564 0.525421084406
9.8 0.320779767132 0.490920819795
9.9 0.321866909757 0.458703394594
10 0.324300346971 0.428675965573
10.1 0.328016937502 0.400737574873
10.2 0.332969898185 0.374782586713
10.3 0.339126562803 0.350703464021
10.4 0.346466488531 0.328392970863
10.5 0.35497994724 0.307745777756
10.6 0.364666919901 0.288659242283
10.7 0.37553578846 0.271034854358
10.8 0.387602728439 0.254778479151
10.9 0.400890912767 0.239800924588
11 0.415430066037 0.22601802185
11.1 0.431255923157 0.213350922854
11.2 0.448409923327 0.201726028914
11.3 0.466938826289 0.19107506872
11.4 0.486894487029 0.181334974254
11.5 0.508333544728 0.172447855616
11.6 0.531317223568 0.164360859482
11.7 0.555911042635 0.157026120312
11.8 0.582184577988 0.150400652582
11.9 0.610211010795 0.14444638565
12 0.640067056379 0.139129925388
12.1 0.671832673965 0.134422463442
12.2 0.705589576703 0.130300473585
12.3 0.741421631945 0.126745173662
12.4 0.779414359969 0.123742536583
12.5 0.819651765876 0.121284614946
12.6 0.862217340517 0.11936885224
12.7 0.90719316237 0.117998278459
12.8 0.954654439717 0.117183628728
12.9 1.00466960755 0.116943133894
13 1.05729661844 0.11730372257
13.1 1.11257954169 0.118302173772
13.2 1.17054549672 0.119986193919
13.3 1.23119432954 0.122418153631
13.4 1.29449565218 0.125675971211
13.5 1.36037783213 0.129856857824
13.6 1.42871945511 0.135080361942
13.7 1.49933290707 0.141494090262
13.8 1.57195153903 0.149277911916
13.9 1.64620738446 0.158651430715
14 1.72161180861 0.169880242194
14.1 1.79752245314 0.183286374685
14.2 1.87311649628 0.199255751778
14.3 1.94735708613 0.218247174287
14.4 2.01895391596 0.240800959758
14.5 2.08633209343 0.267541017972
14.6 2.14760240341 0.299174741112
14.7 2.20055658243 0.336471169093
14.8 2.24268532941 0.380228804187
14.9 2.27124782384 0.431209275079
15 2.28341133679 0.490033165191
15.1 2.27646678595 0.557039092181
15.2 2.24813858205 0.632102260472
15.3 2.19695803566 0.714441154237
15.4 2.12264842065 0.802453123577
15.5 2.02643106834 0.893639453198
15.6 1.91113681854 0.984688234786
15.7 1.78104924792 1.07173845225
15.8 1.64146565669 1.15080703
15.9 1.49805978116 1.21828935292
16 1.35620209681 1.27140888114
16.1 1.22040176433 1.30850825737
16.2 1.09398171761 1.32912128576
16.3 0.979014054402 1.33384613051
16.4 0.876438114445 1.324102113
16.5 0.786304257461 1.30182848524
16.6 0.708043168009 1.26920735366
16.7 0.640713350963 1.22843967376
16.8 0.583195106441 1.18159377985
16.9 0.53432749566 1.1305154134
17 0.492995260796 1.07678726565
17.1 0.458177424051 1.02172300193
17.2 0.428968937043 0.966382627293
17.3 0.404585244633 0.911599130869
17.4 0.384356897687 0.858009609463
17.5 0.367719034445 0.806086551891
17.6 0.354199208305 0.756167255614
17.7 0.343404541815 0.708479571448
17.8 0.335009983862 0.663164310642
17.9 0.32874784823 0.620294008188
18 0.32439871715 0.579888317953
18.1 0.32178375658 0.541926633947
18.2 0.320758158434 0.506358424411
18.3 0.321205787662 0.473111335187
18.4 0.323034485456 0.442098114481
18.5 0.326172773854 0.41322099503
18.6 0.330566989091 0.386375452383
18.7 0.336178200202 0.361454798952
18.8 0.342980606754 0.338351478281
18.9 0.350959816279 0.316959035644
19 0.360111465114 0.297173581878
19.1 0.370440185978 0.278894678936
19.2 0.381958713523 0.262026123806
19.3 0.394687089648 0.2464764337
19.4 0.408652076782 0.232159182541
19.5 0.423886708374 0.218993097943
19.6 0.440429974167 0.206901971416
19.7 0.458326137768 0.195815305696
19.8 0.477624860679 0.185667548084
19.9 0.498380573453 0.176398540497
20 0.520652463095 0.167953116427
