"Time" "Prey" "Predator"
0 1.25898195803 0.616668306291
0.1 1.23825593083 0.63220209942
0.2 1.21542711891 0.646719409823
0.3 1.19080961711 0.659999162554
0.4 1.16473549794 0.67184473865
0.5 1.1375535675 0.682081767126
0.6 1.10961861579 0.690566902355
0.7 1.08127901127 0.697191245546
0.8 1.05286807807 0.701882772481
0.9 1.02469677044 0.704607829302
1 0.997047745018 0.705370376606
1.1 0.97017128809 0.70420979575
1.2 0.944283369814 0.701197670093
1.3 0.919563630808 0.696433081401
1.4 0.896158786031 0.690037747309
1.5 0.874182980811 0.682151023496
1.6 0.853720890358 0.672924683012
1.7 0.834831200977 0.662518035677
1.8 0.817549932149 0.651093619297
1.9 0.801894028071 0.638813597837
2 0.787864795728 0.62583576226
2.1 0.775450969406 0.612311432892
2.2 0.764631842509 0.598384257596
2.3 0.755379796794 0.58418712049
2.4 0.747661678921 0.569843574783
2.5 0.741441890245 0.555464745423
2.6 0.736682147594 0.541151988793
2.7 0.733344484581 0.526994498926
2.8 0.731390249193 0.513071927899
2.9 0.730782504027 0.499453156119
3 0.731484930467 0.486198373789
3.1 0.733463401015 0.473358845512
3.2 0.736685063807 0.460978345958
3.3 0.741119163381 0.449093610733
3.4 0.746736358938 0.437735296286
3.5 0.753508967704 0.426928742619
3.6 0.761410445793 0.416694659746
3.7 0.770415241013 0.407049928262
3.8 0.780498271131 0.398008125824
3.9 0.791634682055 0.389580291258
4 0.803799610474 0.381775631601
4.1 0.816966873904 0.374601498834
4.2 0.83110923351 0.368064501577
4.3 0.846197507458 0.362170678963
4.4 0.862199677529 0.356925657402
4.5 0.879080806646 0.352335601173
4.6 0.896801664413 0.348406934234
4.7 0.915318324807 0.345146958944
4.8 0.934581472063 0.34256421607
4.9 0.9545350119 0.340668231769
5 0.975115815474 0.339470250633
5.1 0.996252525431 0.338983091371
5.2 1.01786442762 0.339221053262
5.3 1.03986101755 0.340200514593
5.4 1.06214081897 0.341939138049
5.5 1.08459056693 0.344456345304
5.6 1.10708430382 0.347773259551
5.7 1.12948359025 0.351911673004
5.8 1.151636483 0.356893849166
5.9 1.17337640538 0.362742303527
6 1.19452376425 0.369478674919
6.1 1.21488748301 0.377122641537
6.2 1.23426380163 0.385691094537
6.3 1.25244008658 0.395196033564
6.4 1.26919410738 0.405643990202
6.5 1.28430165037 0.417032614331
6.6 1.29753644533 0.42934981424
6.7 1.30867710664 0.442570803366
6.8 1.31751273254 0.456655482083
6.9 1.32384628556 0.471546939076
7 1.32750650264 0.487168204517
7.1 1.32834887343 0.503420793654
7.2 1.32626710929 0.520184410873
7.3 1.32119756006 0.537314052111
7.4 1.31312421821 0.554642914089
7.5 1.30208439289 0.571983439275
7.6 1.28816855654 0.589130435224
7.7 1.2715234079 0.605863683931
7.8 1.25234569714 0.621956329367
7.9 1.2308825022 0.63717847263
8 1.20741860921 0.651306950272
8.1 1.18227396341 0.66413035026
8.2 1.15578787584 0.675458124271
8.3 1.12831358483 0.685125910894
8.4 1.10020356051 0.693001045351
8.5 1.07180250369 0.698986865364
8.6 1.04343688266 0.703024093637
8.7 1.01540893387 0.705091978186
8.8 0.987990449784 0.70520676229
8.9 0.961420606097 0.703418833136
9 0.935902665375 0.699809694444
9.1 0.911606221655 0.694486260784
9.2 0.888665820853 0.687577062852
9.3 0.867186139037 0.679225943055
9.4 0.847242173732 0.669587761891
9.5 0.828885097347 0.658823416216
9.6 0.812143854021 0.647095375435
9.7 0.797030044687 0.634564778271
9.8 0.783540462235 0.621387429491
9.9 0.771660504181 0.607712587145
10 0.761366846946 0.593680164506
10.1 0.752629751493 0.579420333859
10.2 0.745415122908 0.565052297636
10.3 0.739686220787 0.550684166606
10.4 0.735404812291 0.536413021804
10.5 0.732532544402 0.522324947153
10.6 0.731031305409 0.508495850676
10.7 0.73086428123 0.494991701349
10.8 0.73199574197 0.481869658278
10.9 0.734392188233 0.469178264704
11 0.738021383128 0.45695887383
11.1 0.742853084474 0.445246145217
11.2 0.74885852453 0.434068852678
11.3 0.756010416003 0.423450722943
11.4 0.764282621558 0.413411101225
11.5 0.773649766597 0.403965710774
11.6 0.784087008008 0.395127283659
11.7 0.795569402795 0.386906098898
11.8 0.808071671272 0.379310685025
11.9 0.8215674075 0.372348129113
12 0.836028776931 0.366024774519
12.1 0.851425614607 0.36034636525
12.2 0.867725151122 0.355318806584
12.3 0.884891190458 0.350948396716
12.4 0.902883061366 0.347241863489
12.5 0.921654999919 0.344206784743
12.6 0.941155300282 0.341851804142
12.7 0.961325921955 0.340187258485
12.8 0.982100999894 0.339224815047
12.9 1.00340608742 0.338977726755
13 1.02515748708 0.339461049827
13.1 1.04726096789 0.340691552426
13.2 1.06961101608 0.342687678029
13.3 1.09209056307 0.345469247759
13.4 1.1145694853 0.349057516934
13.5 1.13690428193 0.353474732999
13.6 1.15893876041 0.358743158006
13.7 1.18050239364 0.364885116481
13.8 1.20141104222 0.371921974141
13.9 1.22146983732 0.379872301944
14 1.2404714183 0.388751663372
14.1 1.25819831364 0.398570904074
14.2 1.27442850139 0.409333460489
14.3 1.2889362758 0.421033999801
14.4 1.30149698367 0.433656311419
14.5 1.31189174492 0.447170844066
14.6 1.31991311285 0.461532200957
14.7 1.32537257662 0.476676989321
14.8 1.32810675961 0.492520866021
14.9 1.3279833234 0.508958563411
15 1.32490946511 0.52586127674
15.1 1.31883730074 0.543076811389
15.2 1.30976697915 0.560431983262
15.3 1.29775564649 0.57773131319
15.4 1.28291222448 0.594764256261
15.5 1.2653994394 0.611308803217
15.6 1.24543149493 0.627136016165
15.7 1.22326914832 0.642017416349
15.8 1.19921023929 0.655732622174
15.9 1.17358118264 0.668077416749
16 1.1467280496 0.67886855351
16.1 1.11900382815 0.687952263983
16.2 1.09076048717 0.69520696682
16.3 1.06233623814 0.700548954979
16.4 1.03405116412 0.703931310855
16.5 1.00619704863 0.705345904422
16.6 0.979035830159 0.704820519283
16.7 0.952794343241 0.702416337868
16.8 0.927665048181 0.698223867916
16.9 0.903805583386 0.692357477266
17 0.881340416448 0.684951657946
17.1 0.860364098751 0.676154123738
17.2 0.840943228502 0.666122649688
17.3 0.823121425569 0.655018705171
17.4 0.806921227995 0.643005140102
17.5 0.792349200957 0.630241313185
17.6 0.779397734244 0.616881427831
17.7 0.768049248106 0.603071593998
17.8 0.758277809424 0.588948781392
17.9 0.750052105199 0.574639503251
18 0.743336868969 0.560259283255
18.1 0.738094843316 0.545912681286
18.2 0.734287612168 0.531692886357
18.3 0.731876715257 0.517682768505
18.4 0.730824531816 0.503954629864
18.5 0.731094504264 0.490571561193
18.6 0.732651731221 0.477587640445
18.7 0.735462928017 0.465049072835
18.8 0.73949661393 0.452994836074
18.9 0.744723029966 0.441457495299
19 0.751113922034 0.430464103371
19.1 0.758642444527 0.420036780231
19.2 0.767282706986 0.410193642894
19.3 0.777009613776 0.400949288454
19.4 0.787798303108 0.392315583265
19.5 0.799623845354 0.384302133377
19.6 0.812460579537 0.376916947458
19.7 0.82628168555 0.370166864092
19.8 0.841058674584 0.3640579559
19.9 0.856760614261 0.358596020708
20 0.873353556785 0.353786953668
