"Time" "Prey" "Predator"
0 1.00326716615 1.00326816529
0.1 0.938273406343 1.00030178606
0.2 0.878204733117 0.991122959765
0.3 0.823300142489 0.97639807326
0.4 0.773600308553 0.956873838493
0.5 0.728996464557 0.933330525991
0.6 0.689279253132 0.906538311272
0.7 0.654173034725 0.877229490256
0.8 0.623366245663 0.846077978896
0.9 0.596535490833 0.813686607551
1 0.57336096241 0.780583016452
1.1 0.553536702507 0.747219803932
1.2 0.536778182812 0.713977020597
1.3 0.522825838665 0.681167784591
1.4 0.511446362371 0.649044908648
1.5 0.502433534095 0.617807527599
1.6 0.495605980251 0.587608773456
1.7 0.490806460456 0.558561966493
1.8 0.487899849432 0.530747022582
1.9 0.486771085341 0.504215889577
2 0.487323398053 0.478997505706
2.1 0.4894763954 0.455102285252
2.2 0.493164367025 0.432525600825
2.3 0.498334763712 0.411251030555
2.4 0.504946588898 0.391253635716
2.5 0.512969354221 0.37250149037
2.6 0.522381866646 0.3549572516
2.7 0.533171133037 0.3385812179
2.8 0.545331565177 0.323331412825
2.9 0.558863967912 0.309165390408
3 0.573774890346 0.296040675079
3.1 0.590075810897 0.283915851197
3.2 0.607782525118 0.272750940935
3.3 0.626914383503 0.262508137875
3.4 0.647493705592 0.253152068759
3.5 0.669544960427 0.244650347375
3.6 0.693094114423 0.236973788142
3.7 0.718167704154 0.23009686728
3.8 0.744792252279 0.223997704333
3.9 0.772992956632 0.218658695225
4 0.802792572405 0.214066865752
4.1 0.834210575834 0.210213833176
4.2 0.867260976785 0.207096649911
4.3 0.901951204344 0.204717926408
4.4 0.938280117511 0.203086336151
4.5 0.976235023124 0.202217519006
4.6 1.01579012522 0.202134310726
4.7 1.05690254913 0.202867801675
4.8 1.09950892039 0.204458190882
4.9 1.14352215575 0.20695554404
5 1.18882527994 0.210421238055
5.1 1.23526742238 0.214928953703
5.2 1.28265775401 0.220565952708
5.3 1.33075779108 0.227434475696
5.4 1.37927561853 0.235653230311
5.5 1.42785779403 0.245358108371
5.6 1.47608104054 0.256703093857
5.7 1.52344551483 0.269860410975
5.8 1.56936818762 0.285019703998
5.9 1.61317719351 0.302386131054
6 1.65411186518 0.322174534902
6.1 1.69132057636 0.344605194306
6.2 1.72387811286 0.369888504215
6.3 1.75079829188 0.398212332655
6.4 1.77106235143 0.429721471139
6.5 1.78366287084 0.464490626823
6.6 1.78765683594 0.502493605202
6.7 1.78223366985 0.543571023118
6.8 1.76678926542 0.587395827617
6.9 1.74100244188 0.633448335607
7 1.70490643368 0.680997216469
7.1 1.65892461383 0.729114191096
7.2 1.60389707211 0.776691128871
7.3 1.54104931281 0.822500468722
7.4 1.4719261262 0.865270774355
7.5 1.39828875007 0.903776502637
7.6 1.32199021336 0.93693091549
7.7 1.24484851785 0.963864007341
7.8 1.16853167534 0.983979499156
7.9 1.0944720188 0.996980356942
8 1.02381757783 1.00286218046
8.1 0.957414889954 1.00188376417
8.2 0.895822178024 0.994518009862
8.3 0.839343845942 0.981393916489
8.4 0.788074704304 0.963239338708
8.5 0.741947412599 0.940828724435
8.6 0.70077894495 0.914938894908
8.7 0.664310138737 0.886316206987
8.8 0.632237850653 0.855653731528
8.9 0.604239994741 0.823576918086
9 0.57999386777 0.790636656455
9.1 0.559188637399 0.757307604461
9.2 0.541532483897 0.723991855918
9.3 0.526758353752 0.691021697144
9.4 0.514624842672 0.658667604105
9.5 0.504917443217 0.627144202367
9.6 0.497447473433 0.596617723931
9.7 0.49205050494 0.567212920417
9.8 0.488585019 0.539019028745
9.9 0.486930077964 0.512095920233
10 0.48698359447 0.486479016759
10.1 0.488660453462 0.462183851227
10.2 0.491890716292 0.439210003163
10.3 0.4966179835 0.417544408394
10.4 0.502797829197 0.397164223008
10.5 0.510396841401 0.378039285942
10.6 0.519391092653 0.36013395871
10.7 0.529765231124 0.343409186973
10.8 0.541511505541 0.32782345312
10.9 0.55462884827 0.313334420299
11 0.569122183636 0.299899433126
11.1 0.585001548157 0.287476754769
11.2 0.602281534774 0.276025845076
11.3 0.620980469302 0.265508239644
11.4 0.64111986546 0.25588775152
11.5 0.662723600302 0.247131080424
11.6 0.685817295533 0.239208011446
11.7 0.710427383137 0.232091905439
11.8 0.736580454901 0.225759785087
11.9 0.764302334734 0.220192608544
12 0.793616530757 0.21537606829
12.1 0.824543682931 0.211300335034
12.2 0.857099681632 0.20796074138
12.3 0.891294033557 0.20535822213
12.4 0.927128524642 0.20349950969
12.5 0.964594140239 0.202398101724
12.6 1.00366930353 0.202074597022
12.7 1.04431685974 0.202557444987
12.8 1.0864797982 0.203884057126
12.9 1.13007876727 0.20610138012
13 1.17500640937 0.209267235789
13.1 1.22112253722 0.213451477964
13.2 1.26824925426 0.218737118462
13.3 1.31616306573 0.22522171908
13.4 1.36458901221 0.233018860536
13.5 1.41319310957 0.242259237329
13.6 1.46157407997 0.253091147644
13.7 1.50925564206 0.265681583373
13.8 1.55568109026 0.280214726461
13.9 1.60020496743 0.296891902976
14 1.64209446665 0.315925041805
14.1 1.68052392625 0.337534217571
14.2 1.71458898672 0.361934229812
14.3 1.74331930696 0.389321616602
14.4 1.76570325962 0.41985631209
14.5 1.78072318365 0.453637915961
14.6 1.78741139694 0.490673674989
14.7 1.78490880032 0.530848340137
14.8 1.772541671 0.573888185011
14.9 1.74989351817 0.619335563983
15 1.7168872035 0.666521333659
15.1 1.6738235941 0.71457600166
15.2 1.62141670518 0.762441935543
15.3 1.56078227261 0.808919137929
15.4 1.49337734792 0.852741319824
15.5 1.4209099944 0.892658913845
15.6 1.3452198358 0.927533534958
15.7 1.26814836527 0.956422880381
15.8 1.19141847104 0.978644280027
15.9 1.11654155128 0.993808834371
16 1.04475493307 1.00182597413
16.1 0.976995481619 1.00287980637
16.2 0.913905982805 0.997384028864
16.3 0.85586345166 0.985926579511
16.4 0.803020495555 0.96921177871
16.5 0.755353866544 0.94800487683
16.6 0.712711266728 0.92308574951
16.7 0.674852696391 0.89521296258
16.8 0.641485159638 0.865097624507
16.9 0.612290201252 0.833386550944
17 0.586943768795 0.800653566727
17.1 0.565130323447 0.767396382837
17.2 0.546551840345 0.734038347395
17.3 0.530933406869 0.700932398644
17.4 0.518025617814 0.668367082073
17.5 0.507606134358 0.636572872543
17.6 0.499478363008 0.605730150858
17.7 0.493470826993 0.575975385763
17.8 0.489435313521 0.547407900354
17.9 0.487244762942 0.52009594769
18 0.48679168346 0.494081769548
18.1 0.487985990881 0.469386497292
18.2 0.49075331647 0.446014144593
18.3 0.49503339063 0.423955159977
18.4 0.50077823563 0.403189350866
18.5 0.507951296653 0.383688586201
18.6 0.516525878038 0.365418628414
18.7 0.526484141161 0.348341352715
18.8 0.537816139734 0.332415804999
18.9 0.550518863799 0.31759981959
19 0.564595515543 0.303850724105
19.1 0.580054657593 0.291126437073
19.2 0.596909579187 0.279385995079
19.3 0.615177552745 0.26859024325
19.4 0.63487919405 0.258702277716
19.5 0.656037752582 0.249687865586
19.6 0.678678390521 0.241515844667
19.7 0.702827400778 0.234158438093
19.8 0.728511378768 0.22759157804
19.9 0.755756551304 0.221794936956
20 0.784587203182 0.216752781582
