"Time" "Prey" "Predator"
0 1.0032665635 1.00326734951
0.1 0.938272948171 1.00030091973
0.2 0.878204407706 0.99112206265
0.3 0.823299936739 0.976397163655
0.4 0.773600208983 0.956872932577
0.5 0.728996458039 0.933329637511
0.6 0.68927932738 0.906537451458
0.7 0.654173178611 0.877228667883
0.8 0.623366449347 0.846077200485
0.9 0.596535745752 0.813685877659
1 0.573361261275 0.780582337911
1.1 0.553537039175 0.747219178173
1.2 0.536778552172 0.713976447909
1.3 0.522826236514 0.68116726437
1.4 0.511446785283 0.649044439611
1.5 0.502433979309 0.617807107967
1.6 0.495606445568 0.587608401097
1.7 0.490806944151 0.558561639051
1.8 0.487900350171 0.530746737576
1.9 0.486771602109 0.504215644474
2 0.487323930106 0.478997297981
2.1 0.489476942207 0.455102112444
2.2 0.493164928232 0.432525460553
2.3 0.498335339105 0.411250920555
2.4 0.504947178374 0.391253553842
2.5 0.512969957758 0.372501434637
2.6 0.522382484283 0.354957220173
2.7 0.533171764853 0.338581209074
2.8 0.545332211269 0.323331425058
2.9 0.558864628384 0.309165422302
3 0.573775565288 0.296040725388
3.1 0.590076500368 0.283915918814
3.2 0.607783229131 0.272751024897
3.3 0.626915102005 0.262508237354
3.4 0.647494438447 0.253152183064
3.5 0.669545707395 0.244650475944
3.6 0.693094875142 0.236973930539
3.7 0.718168478112 0.230097023199
3.8 0.744793038774 0.223997873605
3.9 0.772993754783 0.218658877784
4 0.80279338107 0.214067061677
4.1 0.834211393594 0.210214042677
4.2 0.867261801926 0.207096873316
4.3 0.901952034756 0.2047181642
4.4 0.938280950693 0.203086588945
4.5 0.976235856094 0.202217787568
4.6 1.01579095442 0.202134595989
4.7 1.05690337047 0.202868104719
4.8 1.09950972904 0.204458512973
4.9 1.1435229461 0.206955886625
5 1.18882604559 0.210421602756
5.1 1.23526815591 0.214929342339
5.2 1.28265844704 0.22056636729
5.3 1.33075843409 0.227434918396
5.4 1.37927620081 0.235653703447
5.5 1.42785830362 0.245358614419
5.6 1.47608146435 0.256703635294
5.7 1.52344583841 0.269860990307
5.8 1.56936839568 0.28502032342
5.9 1.61317726955 0.302386792603
6 1.65411179265 0.322175239763
6.1 1.69132033836 0.344605942901
6.2 1.72387769322 0.369889295639
6.3 1.75079767604 0.398213164168
6.4 1.77106152799 0.429722337503
6.5 1.78366183199 0.464491520107
6.6 1.78765557981 0.502494513886
6.7 1.78223220109 0.543571932073
6.8 1.76678759726 0.587396717492
6.9 1.74100059548 0.63344918407
7 1.70490443992 0.680997997636
7.1 1.65892251116 0.729114877734
7.2 1.60389490476 0.776691694272
7.3 1.54104712886 0.822500888132
7.4 1.47192397396 0.865271027619
7.5 1.39828667484 0.903776575897
7.6 1.32198825485 0.936930802189
7.7 1.24484670789 0.963863708947
7.8 1.16853003666 0.98397902475
7.9 1.09447056504 0.996979722076
8 1.0238163144 1.00286140558
8.1 0.957413815061 1.00188287295
8.2 0.895821284422 0.99451702739
8.3 0.839343122617 0.981392867692
8.4 0.78807413782 0.963238247295
8.5 0.74194698846 0.940827611927
8.6 0.70077864855 0.914937780153
8.7 0.664309956014 0.88631510597
8.8 0.632237768518 0.855652657361
8.9 0.604240001346 0.823575881156
9 0.579993952594 0.790635664681
9.1 0.559188791251 0.757306663599
9.2 0.541532698863 0.723990969842
9.3 0.526758623085 0.691020868193
9.4 0.514625160681 0.658666833342
9.5 0.504917805153 0.627143489837
9.6 0.497447875357 0.59661706889
9.7 0.492050943626 0.567212321516
9.8 0.488585491829 0.539018484189
9.9 0.486930582838 0.512095427919
10 0.486984129731 0.486478574379
10.1 0.488661017827 0.462183456356
10.2 0.491891308795 0.439209653328
10.3 0.496618603439 0.417544101131
10.4 0.50279847609 0.3971639559
10.5 0.510397514949 0.378039056656
10.6 0.519391792704 0.360133765018
10.7 0.529765957644 0.343409026771
10.8 0.541512258588 0.327823324441
10.9 0.554629627965 0.31333432132
11 0.569122990143 0.299899362176
11.1 0.585002381657 0.287476710331
11.2 0.602282395445 0.27602582579
11.3 0.620981357292 0.265508244306
11.4 0.641120780863 0.255887779087
11.5 0.662724543138 0.247131130008
11.6 0.68581826571 0.239208082322
11.7 0.710428380431 0.232091997037
11.8 0.736581478911 0.225759897004
11.9 0.764303384854 0.220192740539
12 0.793617606128 0.215376220287
12.1 0.824544782392 0.211300507136
12.2 0.857100803678 0.207960933863
12.3 0.891295176259 0.205358435462
12.4 0.92712968559 0.203499744537
12.5 0.964595316471 0.202398358956
12.6 1.00367049142 0.202074877737
12.7 1.04431805494 0.202557750517
12.8 1.08648099551 0.203884389055
12.9 1.13007996051 0.206101740307
13 1.17500759127 0.209267626372
13.1 1.22112369927 0.213451901386
13.2 1.26825038659 0.218737577483
13.3 1.31616415695 0.225222216768
13.4 1.36459004926 0.233019400266
13.5 1.41319407761 0.242259822782
13.6 1.4615749623 0.253091782719
13.7 1.50925642004 0.265682272144
13.8 1.55568174341 0.280215472995
13.9 1.60020547349 0.296892711197
14 1.64209480193 0.31592591519
14.1 1.68052406625 0.337535158723
14.2 1.71458890644 0.361935240174
14.3 1.74331898242 0.389322695636
14.4 1.76570266913 0.419857456601
14.5 1.78072230918 0.453639119407
14.6 1.78741022638 0.490674926574
14.7 1.78490732928 0.530849624084
14.8 1.7725399049 0.573889480129
14.9 1.74989147364 0.619336843557
15 1.71688490929 0.666522566024
15.1 1.67382109103 0.714577151132
15.2 1.62141404427 0.762442964814
15.3 1.56077951279 0.808920010247
15.4 1.49337455202 0.852742002067
15.5 1.42090722511 0.892659379186
15.6 1.34521715148 0.927533765121
15.7 1.26814581633 0.956422867118
15.8 1.19141609765 0.978644025357
15.9 1.11653938226 0.993808349857
16 1.04475298588 1.00182527943
16.1 0.976993763509 1.00287892713
16.2 0.913904492552 0.997382994473
16.3 0.855862181479 0.985925420999
16.4 0.80301943311 0.969210526904
16.5 0.755352996715 0.94800356094
16.6 0.712710573045 0.923084396166
16.7 0.674852162128 0.895211595259
16.8 0.641484768615 0.865096263272
16.9 0.612289938331 0.833385212459
17 0.586943620167 0.800652264428
17.1 0.565130276769 0.767395127214
17.2 0.546551884753 0.734037146337
17.3 0.530933532924 0.700931257784
17.4 0.51802581741 0.668366005144
17.5 0.507606400593 0.636571861707
17.6 0.499478690069 0.605729206994
17.7 0.493471210019 0.575974508736
17.8 0.489435748488 0.547407089233
17.9 0.487245246557 0.520095200939
18 0.486792213056 0.494081085188
18.1 0.487986564335 0.469385873033
18.2 0.490753932125 0.446013577942
18.3 0.495034047225 0.423954648324
18.4 0.500778932246 0.403188891557
18.5 0.507952032657 0.383688176594
18.6 0.516526653039 0.365418265919
18.7 0.526484954969 0.348341034833
18.8 0.537816992326 0.332415529347
18.9 0.550519755281 0.31759958392
19 0.564596446123 0.303850526319
19.1 0.580055627547 0.291126275233
19.2 0.596910588835 0.279385867419
19.3 0.615178602417 0.268590148178
19.4 0.634880284057 0.258702213821
19.5 0.656038883187 0.24968783164
19.6 0.678679561901 0.24151583963
19.7 0.702828612991 0.234158461115
19.8 0.728512631708 0.227591628469
19.9 0.755757844657 0.22179501434
20 0.784588536382 0.216752885674
