"Time" "Prey" "Predator"
0 1.37003666535 1.33022914082
0.1 1.22295598961 1.37014969053
0.2 1.08722415097 1.39141845285
0.3 0.964981776601 1.39488919475
0.4 0.857020528603 1.38236391176
0.5 0.763125382075 1.3562007227
0.6 0.682411728975 1.31898251944
0.7 0.613637295995 1.27324550615
0.8 0.555411234419 1.22132931815
0.9 0.506352403213 1.16527522043
1 0.465173088538 1.10680002657
1.1 0.430722751042 1.04730088018
1.2 0.40200249197 0.987882645836
1.3 0.378161258609 0.929395716926
1.4 0.358483675264 0.872475656757
1.5 0.342374160687 0.817581033398
1.6 0.329340216317 0.765027532718
1.7 0.318976706677 0.715017053596
1.8 0.310951423629 0.66766331427
1.9 0.304993197359 0.623011142585
2 0.300881308141 0.581053585731
2.1 0.298437051714 0.541744950124
2.2 0.297516819451 0.505011121634
2.3 0.298006059974 0.470758312277
2.4 0.299814574487 0.438879514464
2.5 0.302872882784 0.409259255503
2.6 0.307129010908 0.381777686887
2.7 0.312545680772 0.356314002223
2.8 0.319098759405 0.332747841504
2.9 0.326775343102 0.31096146248
3 0.3355723425 0.29084104356
3.1 0.345495620237 0.272277202343
3.2 0.356558954011 0.25516582651
3.3 0.368783345865 0.239408402562
3.4 0.382196547862 0.224912114961
3.5 0.396832579495 0.211589973943
3.6 0.412731188234 0.199360992255
3.7 0.4299376641 0.188149977387
3.8 0.44850277059 0.177887188595
3.9 0.468482192414 0.168508594616
4 0.489936696925 0.159955395198
4.1 0.512931658863 0.152174104868
4.2 0.537537113262 0.145116234451
4.3 0.563827436843 0.138738233605
4.4 0.59188116719 0.133001385044
4.5 0.621780808328 0.127871649132
4.6 0.653612356733 0.123319745932
4.7 0.687465107591 0.119321018057
4.8 0.723430642581 0.115855760635
4.9 0.761602790571 0.112909021763
5 0.802077393821 0.110470502781
5.1 0.844949382468 0.108535832482
5.2 0.89031242352 0.107106536716
5.3 0.938257949053 0.106190208104
5.4 0.988870877038 0.105802074606
5.5 1.04223051284 0.105964566426
5.6 1.09840381431 0.106709884912
5.7 1.15744194926 0.108081253245
5.8 1.21937531072 0.110134568725
5.9 1.28420758111 0.112940533747
6 1.35190653187 0.1165880723
6.1 1.42239364915 0.121188105298
6.2 1.49553360114 0.126877233275
6.3 1.57111336832 0.133825175568
6.4 1.64882630491 0.14224038549
6.5 1.72825044921 0.152377624343
6.6 1.80881457589 0.16454943675
6.7 1.88976933171 0.179135454726
6.8 1.97014501891 0.196595532538
6.9 2.04870888503 0.217480945042
7 2.12392166835 0.242445145562
7.1 2.1938915654 0.272247734701
7.2 2.25634393802 0.307752611198
7.3 2.30861836154 0.349896369227
7.4 2.34770158305 0.399644185145
7.5 2.37034167032 0.457888574092
7.6 2.37324866025 0.525306307796
7.7 2.35341450794 0.602154684227
7.8 2.30854474931 0.688026905455
7.9 2.23755321782 0.78160736769
8 2.14102220437 0.880499527982
8.1 2.02148612466 0.981215077996
8.2 1.88338363719 1.0794080369
8.3 1.73264055086 1.17033770115
8.4 1.57591792439 1.24949774173
8.5 1.41973504035 1.31323385103
8.6 1.26968750625 1.359194651
8.7 1.12996461353 1.38648924516
8.8 1.00319212606 1.39559017005
8.9 0.890569636493 1.38803042885
9 0.79217146927 1.36602712047
9.1 0.707296501934 1.33212089272
9.2 0.634788711638 1.2888878848
9.3 0.573286203759 1.23874424898
9.4 0.521392850433 1.18383372752
9.5 0.477783991743 1.12597954766
9.6 0.441262088169 1.06668037458
9.7 0.410778584633 1.00713244191
9.8 0.385435159097 0.948264677005
9.9 0.364474041641 0.890778121788
10 0.347262626285 0.835184938809
10.1 0.333276671557 0.781843868282
10.2 0.322084199945 0.730991086319
10.3 0.313330734265 0.682766437377
10.4 0.306726474677 0.637235102411
10.5 0.302035539162 0.594405004999
10.6 0.299065988974 0.554242729544
10.7 0.297663573068 0.516682127121
10.8 0.297705038303 0.48163436256
10.9 0.299092778194 0.448996222432
11 0.301750894457 0.418654727389
11.1 0.30562199649 0.390491186506
11.2 0.310664294864 0.36438471673
11.3 0.316849570043 0.340214600837
11.4 0.324161432293 0.317862168932
11.5 0.332593727311 0.297212208302
11.6 0.342149443292 0.27815392566
11.7 0.352839898484 0.260581360381
11.8 0.364683873771 0.244394034099
11.9 0.377706922007 0.229497398743
12 0.391941057187 0.215802576436
12.1 0.407424170011 0.203226670979
12.2 0.424199887857 0.191692453896
12.3 0.44231714007 0.181128541906
12.4 0.461830097095 0.171469000259
12.5 0.482797833193 0.162653415831
12.6 0.505284286776 0.154626551887
12.7 0.529357961195 0.147338341605
12.8 0.555091863573 0.140743623268
12.9 0.582563190503 0.13480213048
13 0.611853115228 0.129478350443
13.1 0.643046249178 0.124741607935
13.2 0.676230885799 0.120565707913
13.3 0.71149866573 0.116928903099
13.4 0.748943077981 0.113814504733
13.5 0.788658315004 0.111211297398
13.6 0.830740092482 0.109112856667
13.7 0.875282366229 0.107518808767
13.8 0.922377099961 0.106434784564
13.9 0.972113586519 0.10587256837
14 1.02457204146 0.105852686244
14.1 1.07982353142 0.10640425699
14.2 1.1379244304 0.107566855274
14.3 1.19891349927 0.109391564604
14.4 1.26280378479 0.111944026729
14.5 1.3295751038 0.115307190614
14.6 1.39916773377 0.11958347521
14.7 1.47146360964 0.124901518793
14.8 1.5462765894 0.131419679036
14.9 1.62333502576 0.139332243639
15 1.7022554048 0.14887857902
15.1 1.78252047163 0.160350667928
15.2 1.86344075597 0.174105665371
15.3 1.94412436405 0.1905754011
15.4 2.02342834768 0.210280690945
15.5 2.09991836671 0.233840044718
15.6 2.1718208809 0.261980159884
15.7 2.23698932422 0.295530709932
15.8 2.29288748793 0.335408243663
15.9 2.33660579673 0.382579707723
16 2.36495631882 0.43797175468
16.1 2.37463105896 0.502351955416
16.2 2.36248813623 0.576139154574
16.3 2.32594852141 0.659170651213
16.4 2.26347801149 0.750450730473
16.5 2.17507340822 0.847945318736
16.6 2.06262296621 0.948506726526
16.7 1.92997103458 1.04803005011
16.8 1.78263029765 1.14183789285
16.9 1.6271171813 1.2252761958
17 1.47009143793 1.29435343068
17.1 1.31751953743 1.34626155177
17.2 1.17407938531 1.37963513001
17.3 1.0429024867 1.39452880367
17.4 0.925625046205 1.39216999176
17.5 0.822648987323 1.37459516475
17.6 0.733487909892 1.34427554935
17.7 0.657102529934 1.30380147739
17.8 0.592175536818 1.25565716782
17.9 0.537307591493 1.20208273722
18 0.491142789541 1.14500766875
18.1 0.452438529547 1.08603471985
18.2 0.420096855111 1.02645507872
18.3 0.393171346591 0.967280320396
18.4 0.370859953934 0.909281250376
18.5 0.352491343878 0.85302729398
18.6 0.337507805494 0.798923515196
18.7 0.325449075304 0.747242846104
18.8 0.315936974332 0.698153877642
18.9 0.308661949213 0.651743986412
19 0.303371691816 0.608037950418
19.1 0.299860865042 0.567014454081
19.2 0.297963607652 0.528617149124
19.3 0.297547420071 0.492763098205
19.4 0.298506635851 0.45935368708
19.5 0.300758773405 0.428278399788
19.6 0.304240754081 0.399419997842
19.7 0.308905938459 0.372658062926
19.8 0.314721928235 0.347871544234
19.9 0.321668668231 0.324940959512
20 0.329736794629 0.303749865976
