"Time" "Prey" "Predator"
0 1.00244909407 1.00245009407
0.1 0.937615289631 0.999412455603
0.2 0.877695919949 0.99018410145
0.3 0.82292790698 0.975430305728
0.4 0.773351004492 0.955895826759
0.5 0.728856403649 0.932358529878
0.6 0.689235330092 0.905585983899
0.7 0.654213145947 0.876307867875
0.8 0.623479509901 0.84519562848
0.9 0.596712291094 0.812849892063
1 0.573592990565 0.779796331755
1.1 0.553816858915 0.746485900761
1.2 0.53710047735 0.713297286482
1.3 0.523185271783 0.680542508013
1.4 0.511838800636 0.64847351617
1.5 0.502855591926 0.61728879059
1.6 0.496054914248 0.587140973622
1.7 0.491280075854 0.558143044295
1.8 0.488396409251 0.530374697156
1.9 0.487289237576 0.503887744199
2 0.487862112426 0.478711077726
2.1 0.490034909255 0.454855097058
2.2 0.493742136124 0.432315238247
2.3 0.49893142374 0.411075155144
2.4 0.505561923966 0.391110000763
2.5 0.51360325829 0.372387996264
2.6 0.523034323792 0.35487193568
2.7 0.533842191218 0.338522237941
2.8 0.546021314081 0.323297089686
2.9 0.559572522163 0.309154184202
3 0.574502366514 0.296051202044
3.1 0.590822310468 0.283946872292
3.2 0.608548114097 0.272801366906
3.3 0.627699072877 0.262577022709
3.4 0.648297430266 0.253238610816
3.5 0.670367557482 0.244753885127
3.6 0.693935301451 0.237093797291
3.7 0.719027046496 0.230232964932
3.8 0.745669122186 0.224149662804
3.9 0.773886543067 0.218826399144
4 0.803701790932 0.214250360323
4.1 0.835134049179 0.21041331248
4.2 0.868197013291 0.207312444139
4.3 0.902897687223 0.204950539705
4.4 0.939234507578 0.203336425932
4.5 0.977194259703 0.202485914578
4.6 1.01675052019 0.202422037131
4.7 1.05785981734 0.203176055663
4.8 1.1004579577 0.204788387709
4.9 1.14445700074 0.207309316294
5 1.18973907271 0.21080042706
5.1 1.23615216299 0.215335641536
5.2 1.28350431802 0.221002459839
5.3 1.33155579282 0.227903330921
5.4 1.38001325411 0.236157159949
5.5 1.42852182883 0.245900059962
5.6 1.47665685439 0.257286060925
5.7 1.52391687794 0.2704874893
5.8 1.56971775418 0.285693706475
5.9 1.61338613234 0.303109758294
6 1.65416101205 0.322949657876
6.1 1.69119021564 0.34543286956
6.2 1.72354894601 0.37076846898
6.3 1.75025253884 0.399142344576
6.4 1.77028545094 0.430696570828
6.5 1.78264391535 0.46550290912
6.6 1.78639124798 0.503531179719
6.7 1.78072394862 0.544617882558
6.8 1.765048139 0.588430411586
6.9 1.73905230557 0.634445137136
7 1.70277539607 0.681930872326
7.1 1.65665449277 0.729952743145
7.2 1.60153601491 0.777404051171
7.3 1.53864946836 0.823059414505
7.4 1.46954156993 0.865650922229
7.5 1.3959708931 0.903960545327
7.6 1.31978483734 0.936909108194
7.7 1.24279352481 0.963635311332
7.8 1.16665206392 0.983553554781
7.9 1.09278697766 0.996370883719
8 1.02233537812 1.00209042512
8.1 0.956136257164 1.00097438501
8.2 0.894741579482 0.993497661136
8.3 0.838450829861 0.980289968094
8.4 0.787355648652 0.962078173841
8.5 0.741387336237 0.939634436136
8.6 0.700361950246 0.913733157683
8.7 0.664021141833 0.885117462899
8.8 0.63206258362 0.854477183713
8.9 0.604165475457 0.822434797999
9 0.580008492124 0.789538438321
9.1 0.559282074664 0.756260599611
9.2 0.541696177161 0.723000614985
9.3 0.526984644765 0.69008950466
9.4 0.514907468026 0.657796066527
9.5 0.505251099097 0.626333855479
9.6 0.497827703012 0.595868235606
9.7 0.492473683677 0.566523115013
9.8 0.4890480561 0.538387287258
9.9 0.487430689707 0.511520242048
10 0.487519885359 0.485957200874
10.1 0.48923094342 0.461713430175
10.2 0.492494209477 0.438788607304
10.3 0.497253621139 0.417169426159
10.4 0.503465088709 0.396833255327
10.5 0.511095344443 0.377749839851
10.6 0.520120655297 0.359883771647
10.7 0.530525787806 0.343196033953
10.8 0.542303122797 0.327645268472
10.9 0.555451647055 0.313189306783
11 0.569976230288 0.299785930363
11.1 0.58588709458 0.287393041696
11.2 0.603198770835 0.275970422349
11.3 0.621929635969 0.265479731658
11.4 0.642101138276 0.25588499493
11.5 0.663737090913 0.247153070779
11.6 0.686862988862 0.239253923432
11.7 0.711505211578 0.232161022544
11.8 0.737690166207 0.22585158316
11.9 0.765443313097 0.220306924711
12 0.794788088967 0.215512725056
12.1 0.825744687541 0.211459437699
12.2 0.858328595075 0.208142604043
12.3 0.892548907124 0.205563336123
12.4 0.928406931627 0.203728576481
12.5 0.965892811338 0.202652112592
12.6 1.00498464264 0.202354688132
12.7 1.04564413001 0.202865105147
12.8 1.08781328748 0.204221067212
12.9 1.13141245234 0.206469640682
13 1.17633176242 0.209669279985
13.1 1.22243112336 0.21388988499
13.2 1.26953002376 0.219214937483
13.3 1.31740331279 0.225742507499
13.4 1.36577559975 0.233586215111
13.5 1.41430894843 0.242877009996
13.6 1.46260150293 0.253763883878
13.7 1.51017515016 0.266413085901
13.8 1.5564698869 0.281009845241
13.9 1.60083923663 0.297755758419
14 1.64254701403 0.316862252426
14.1 1.68076971056 0.338546604378
14.2 1.71460038926 0.363023935621
14.3 1.74306852259 0.390489309928
14.4 1.76516538944 0.421098952347
14.5 1.77987805434 0.454948730204
14.6 1.78624443659 0.492041602511
14.7 1.783414665 0.532256460065
14.8 1.77072370007 0.575314712107
14.9 1.7477698799 0.620750523355
15 1.71448349713 0.667893911538
15.1 1.67118218869 0.715867065159
15.2 1.61859169748 0.763610629922
15.3 1.55783521182 0.809925970839
15.4 1.49037537615 0.853549126033
15.5 1.41792094715 0.893237191938
15.6 1.34230725817 0.927860934169
15.7 1.26536794737 0.956488319961
15.8 1.18881630349 0.978447316942
15.9 1.11415141669 0.993359819626
16 1.04259808064 1.00114454582
16.1 0.975082100754 1.00199243
16.2 0.912236476999 0.996321961357
16.3 0.854430338648 0.984723474128
16.4 0.801811350146 0.967900976971
16.5 0.754353044978 0.946618130607
16.6 0.711901284868 0.921652272176
16.7 0.674215617891 0.893758609312
16.8 0.64100358197 0.863644626934
16.9 0.611947916931 0.831953223043
17 0.586726053475 0.799254723104
17.1 0.56502393051 0.766043819637
17.2 0.546545040437 0.732741018645
17.3 0.531015950722 0.699696731189
17.4 0.518188924935 0.667197275229
17.5 0.507842552137 0.635471736994
17.6 0.499781760394 0.604698829062
17.7 0.493835971549 0.575013979955
17.8 0.489857819726 0.546515713623
17.9 0.487721121473 0.519271583226
18 0.487318964187 0.493323338722
18.1 0.488561862645 0.468691739948
18.2 0.491375927005 0.44538061411
18.3 0.495701258958 0.423380179636
18.4 0.501490469266 0.402670082447
18.5 0.508707178517 0.383222338701
18.6 0.517324891808 0.365003204259
18.7 0.527326050647 0.347974078181
18.8 0.53870086718 0.332094068153
18.9 0.551446513995 0.317321242459
19 0.565566328033 0.303613030749
19.1 0.581068947245 0.290927584821
19.2 0.597967717058 0.279224079255
19.3 0.616279921798 0.268463588953
19.4 0.636026175557 0.258609351903
19.5 0.657229661624 0.249627380147
19.6 0.679915504835 0.241486646811
19.7 0.70410987761 0.234159591032
19.8 0.729839271409 0.227622288266
19.9 0.757129424767 0.221854901993
20 0.786004653304 0.216841663101
