"Time" "Prey" "Predator"
0 1.43856651708 0.52056632936
0.1 1.43242155199 0.543755704792
0.2 1.42184438561 0.567506258502
0.3 1.40685219725 0.591535740536
0.4 1.38756271832 0.615526411217
0.5 1.36419622495 0.639124648146
0.6 1.33707199813 0.661952659963
0.7 1.30660024154 0.683621721844
0.8 1.27326465335 0.703748316716
0.9 1.23760667379 0.721969121791
1 1.20020363446 0.737956644232
1.1 1.16164418058 0.751434617973
1.2 1.12250698609 0.762188053102
1.3 1.08333996965 0.770071356159
1.4 1.04464575708 0.775010154256
1.5 1.0068685912 0.777001466924
1.6 0.970387522196 0.776108698985
1.7 0.935513377108 0.772454336397
1.8 0.902489736772 0.766210354571
1.9 0.87149701854 0.757587311193
2 0.84265894045 0.746823481429
2.1 0.816050420117 0.73417385456
2.2 0.791704228478 0.719901822475
2.3 0.769619394197 0.704270404153
2.4 0.749768882865 0.687535428126
2.5 0.732105928026 0.669940636185
2.6 0.71657001198 0.651713751759
2.7 0.703091761362 0.633064064706
2.8 0.691596748469 0.614181032118
2.9 0.682008820599 0.595233546951
3 0.674252259806 0.576371046027
3.1 0.668253960452 0.557722781087
3.2 0.663944165254 0.539400162167
3.3 0.66125785305 0.521497304361
3.4 0.66013494606 0.504092859633
3.5 0.660520582285 0.487251630428
3.6 0.6623653864 0.471025703869
3.7 0.665624917048 0.455456603845
3.8 0.670259972124 0.440576074662
3.9 0.676235674693 0.426408078156
4 0.683521611665 0.41296951372
4.1 0.692090925101 0.400271784201
4.2 0.701920160031 0.388321611464
4.3 0.712988500402 0.377122122479
4.4 0.725277376587 0.366673668104
4.5 0.73876968421 0.356974614574
4.6 0.75344916226 0.348022043949
4.7 0.769299968845 0.339812420231
4.8 0.786305728433 0.332342036291
4.9 0.804448810268 0.325607632167
5 0.823709508471 0.319606962642
5.1 0.844065235326 0.314338953436
5.2 0.865489424646 0.30980434732
5.3 0.887950554036 0.306006002506
5.4 0.91141114117 0.302949086425
5.5 0.93582627743 0.300641641735
5.6 0.961142510028 0.299094723668
5.7 0.98729645746 0.298322654129
5.8 1.01421310648 0.298343382195
5.9 1.04180440901 0.29917861404
6 1.06996759396 0.300853974448
6.1 1.09858343155 0.303399091177
6.2 1.12751437747 0.306847769209
6.3 1.15660324837 0.31123763201
6.4 1.18567147668 0.316609978915
6.5 1.21451713763 0.323009729549
6.6 1.24291544018 0.330483896792
6.7 1.27061669896 0.339081341393
6.8 1.29734588988 0.348851665282
6.9 1.32280684201 0.359841876944
7 1.34667986664 0.372095944784
7.1 1.3686256851 0.385651585314
7.2 1.38829458919 0.400534984804
7.3 1.40532948385 0.416757918613
7.4 1.41937361819 0.434313540712
7.5 1.4300810139 0.453170695734
7.6 1.43713079931 0.473268021499
7.7 1.44023891261 0.494508595053
7.8 1.43917223246 0.516756448984
7.9 1.4337646257 0.539830856455
8 1.42392757735 0.563506750498
8.1 1.4096659869 0.587511837166
8.2 1.39107975197 0.611534047691
8.3 1.36837460067 0.635223732485
8.4 1.34185175491 0.658207128112
8.5 1.31190780029 0.680096346411
8.6 1.27901509996 0.700505453894
8.7 1.24370716621 0.719067646146
8.8 1.20655723983 0.735447569509
8.9 1.16815126163 0.749361764257
9 1.12907146328 0.760583855481
9.1 1.08987339095 0.768954522243
9.2 1.05106784926 0.774388110319
9.3 1.01310914259 0.776870337416
9.4 0.976387696262 0.776453370899
9.5 0.9412257605 0.773250666162
9.6 0.907877878093 0.767426611578
9.7 0.876535192517 0.759185747902
9.8 0.84733038316 0.748762538554
9.9 0.820345738316 0.736410111787
10 0.795620259313 0.72239122386
10.1 0.773158330878 0.706969202791
10.2 0.752936760909 0.690401562641
10.3 0.734911617866 0.672934351577
10.4 0.719024478956 0.65479813714
10.5 0.705207023613 0.636205463526
10.6 0.693385444798 0.617349045055
10.7 0.683483673063 0.598401613569
10.8 0.675425914436 0.579515375459
10.9 0.669138289185 0.560823187765
11 0.664550585075 0.542439144398
11.1 0.661596852767 0.52446027148
11.2 0.66021622036 0.506967661217
11.3 0.660352951817 0.490028265342
11.4 0.661956716082 0.473696279155
11.5 0.664982337293 0.458014808249
11.6 0.669389681472 0.443017229336
11.7 0.675143243881 0.428728632854
11.8 0.68221183437 0.415167075383
11.9 0.690568083475 0.402344773174
12 0.700188036221 0.390269151937
12.1 0.711050468554 0.378943888012
12.2 0.723136281928 0.368369811797
12.3 0.736428296638 0.35854553801
12.4 0.750910220233 0.34946828153
12.5 0.766566131086 0.341134544181
12.6 0.783379795692 0.333540672089
12.7 0.801333866948 0.326683277342
12.8 0.820409040649 0.320559904519
12.9 0.840583258986 0.315169281847
13 0.861830725916 0.310511777679
13.1 0.884120804944 0.30658989594
13.2 0.90741708499 0.303408406967
13.3 0.931675997238 0.300974844058
13.4 0.956845615859 0.299299733702
13.5 0.982864316016 0.298396833636
13.6 1.00965913248 0.298283476568
13.7 1.03714432613 0.298980725549
13.8 1.0652197066 0.30051353137
13.9 1.09376888731 0.302910871339
14 1.1226575096 0.306205857388
14.1 1.15173187501 0.310435417557
14.2 1.18081687096 0.31564039678
14.3 1.2097147871 0.321865035768
14.4 1.23820476276 0.32915600858
14.5 1.26604058326 0.337562305025
14.6 1.29295267449 0.347132941854
14.7 1.31864743632 0.357915855314
14.8 1.34280814202 0.369956063674
14.9 1.3651016327 0.383291352647
15 1.38517780843 0.397950716247
15.1 1.40267846227 0.413949426363
15.2 1.41724712991 0.431283678203
15.3 1.42853622771 0.449926364517
15.4 1.43621953408 0.469821767234
15.5 1.44000507929 0.490879506664
15.6 1.43965034472 0.5129705504
15.7 1.43497752882 0.535921202962
15.8 1.42588351952 0.559514451639
15.9 1.41235784648 0.583485318825
16 1.39448530041 0.607527349057
16.1 1.37245158974 0.631297985027
16.2 1.34654311531 0.65442637581
16.3 1.31714138408 0.676525663789
16.4 1.28470671554 0.697209235621
16.5 1.24976407635 0.716105232933
16.6 1.21288045787 0.732873063366
16.7 1.17464363987 0.74721753041
16.8 1.13563689885 0.758902889429
16.9 1.0964219642 0.767758617657
17 1.05751703995 0.773687016739
17.1 1.01938774321 0.776661124212
17.2 0.982434676679 0.776723262011
17.3 0.946991913386 0.773976795734
17.4 0.913325041764 0.768578433331
17.5 0.881635643879 0.760726486249
17.6 0.852065403132 0.750651576334
17.7 0.824704952081 0.738603888539
17.8 0.799599637084 0.724845568938
17.9 0.776759420947 0.709640117279
18 0.756165020806 0.693246620516
18.1 0.73777568123 0.675913249147
18.2 0.721534980317 0.657873479258
18.3 0.70737592443 0.639342956696
18.4 0.695225431085 0.6205179808
18.5 0.685007540348 0.601574429509
18.6 0.67664617854 0.582668068667
18.7 0.670067124136 0.563934795015
18.8 0.665199530612 0.545491686382
18.9 0.661976654352 0.527438622494
19 0.660336681137 0.509859397803
19.1 0.660223095954 0.492823054236
19.2 0.661584559651 0.476385931853
19.3 0.664375146372 0.460592776719
19.4 0.668553782644 0.445478627334
19.5 0.674084322155 0.431069755048
19.6 0.68093479719 0.417385377012
19.7 0.689077300152 0.404438559565
19.8 0.698487224404 0.392237523309
19.9 0.709142974888 0.380786477447
20 0.721025234739 0.37008660983
