"Time" "Prey" "Predator"
0 1.0032655635 1.00326734951
0.1 0.938272019083 1.00030082321
0.2 0.878203554618 0.991121878656
0.3 0.823299161494 0.976396902897
0.4 0.773599510899 0.956872606561
0.5 0.728995834593 0.933329257871
0.6 0.689278774822 0.906537029444
0.7 0.654172692467 0.877228213989
0.8 0.62336602482 0.846076724215
0.9 0.596535377984 0.813685387421
1 0.573360945571 0.780581840972
1.1 0.553536771117 0.74721868069
1.2 0.536778327699 0.713975954998
1.3 0.522826051954 0.681166780198
1.4 0.511446637364 0.649043967498
1.5 0.502433865147 0.617806650493
1.6 0.495606362648 0.587607960205
1.7 0.490806890305 0.558561216142
1.8 0.487900323543 0.5307463336
1.9 0.486771601132 0.504215260001
2 0.487323953468 0.478996933276
2.1 0.489476988828 0.45510176753
2.2 0.493164997238 0.432525135253
2.3 0.498335429806 0.411250614541
2.4 0.504947290246 0.391253266667
2.5 0.512970090418 0.372501165781
2.6 0.522382637481 0.354956969058
2.7 0.533171938454 0.338580975078
2.8 0.54533240524 0.323331207546
2.9 0.558864842782 0.309165220632
3 0.573775800248 0.296040538931
3.1 0.590076756095 0.283915746959
3.2 0.607783505886 0.272750867062
3.3 0.626915400099 0.262508092991
3.4 0.647494758226 0.253152051667
3.5 0.669546049233 0.244650357052
3.6 0.69309523943 0.236973823741
3.7 0.718168865242 0.230096928141
3.8 0.744793449119 0.223997790004
3.9 0.772994188706 0.218658805403
4 0.802793838875 0.214067000359
4.1 0.834211875521 0.210213992342
4.2 0.867262308137 0.207096833956
4.3 0.901952565278 0.204718135907
4.4 0.938281505425 0.203086571898
4.5 0.976236434741 0.202217782053
4.6 1.01579155644 0.202134602414
4.7 1.0569039951 0.202868123608
4.8 1.09951037511 0.204458545003
4.9 1.14352361209 0.206955932629
5 1.18882672952 0.210421663735
5.1 1.23526885519 0.214929419493
5.2 1.28265915846 0.220566462035
5.3 1.33075915371 0.22743503237
5.4 1.37927692379 0.235653838535
5.5 1.42785902416 0.245358772795
5.6 1.47608217559 0.256703819371
5.7 1.52344653223 0.269861202814
5.8 1.56936906279 0.285020567232
5.9 1.61317789912 0.302387070939
6 1.65411237284 0.322175555769
6.1 1.69132085581 0.344606299834
6.2 1.72387813357 0.369889696535
6.3 1.75079802419 0.398213611552
6.4 1.77106176896 0.429722832959
6.5 1.78366195099 0.464492064101
6.6 1.78765556379 0.50249510501
6.7 1.78223203929 0.543572566786
6.8 1.76678728293 0.587397389313
6.9 1.74100012607 0.633449883929
7 1.70490381919 0.680998712852
7.1 1.65892174878 0.729115592896
7.2 1.60389401622 0.776692391927
7.3 1.54104613523 0.822501549331
7.4 1.47192290029 0.865271633561
7.5 1.39828554839 0.903777109227
7.6 1.32198710337 0.936931248156
7.7 1.24484555762 0.963864056606
7.8 1.16852891083 0.983979267534
7.9 1.09446948287 0.996979857885
8 1.02381529076 1.00286143649
8.1 0.957412860263 1.00188280466
8.2 0.895820404715 0.994516868338
8.3 0.839342320803 0.981392628188
8.4 0.788073413891 0.963237938739
8.5 0.741946340369 0.940827246025
8.6 0.700778072852 0.914937368358
8.7 0.66430944839 0.886314659081
8.8 0.632237324205 0.855652185241
8.9 0.604239615464 0.823575392583
9 0.579993620365 0.790635167294
9.1 0.559188508147 0.757306163908
9.2 0.541532460691 0.723990473293
9.3 0.526758426037 0.691020379246
9.4 0.514625001357 0.658666355568
9.5 0.504917680537 0.627143026044
9.6 0.497447782821 0.596616621208
9.7 0.492050880891 0.567211891505
9.8 0.48858545694 0.539018072931
9.9 0.486930574139 0.512095036093
10 0.486984145831 0.486478202339
10.1 0.488661057574 0.46218310419
10.2 0.491891371255 0.439209320916
10.3 0.496618687862 0.417543788184
10.4 0.502798581902 0.397163662009
10.5 0.510397641726 0.378038781314
10.6 0.519391940157 0.360133507656
10.7 0.529766125604 0.343408786777
10.8 0.541512446991 0.327823101181
10.9 0.554629836844 0.313334114151
11 0.56912321961 0.299899170463
11.1 0.585002631898 0.287476533454
11.2 0.602282666706 0.276025663154
11.3 0.62098164987 0.265508095352
11.4 0.641121095097 0.255887643293
11.5 0.662724879395 0.247131006899
11.6 0.685818624379 0.23920797147
11.7 0.710428761903 0.232091898074
11.8 0.736581883576 0.225759809613
11.9 0.764303813076 0.220192664471
12 0.793618058231 0.215376155364
12.1 0.824545258647 0.211300453248
12.2 0.857101304264 0.207960890984
12.3 0.891295701255 0.205358403651
12.4 0.927130234936 0.203499723944
12.5 0.964595889927 0.202398349839
12.6 1.00367108854 0.202074880462
12.7 1.04431867502 0.202557765578
12.8 1.0864816375 0.203884417083
12.9 1.13008062302 0.206101782083
13 1.17500827243 0.209267682853
13.1 1.2211243967 0.213451973715
13.2 1.26825109727 0.218737667008
13.3 1.31616487715 0.225222325066
13.4 1.36459077441 0.233019529166
13.5 1.4131948022 0.242259974365
13.6 1.46157567976 0.253091959344
13.7 1.50925712263 0.265682476433
13.8 1.55568242212 0.280215707834
13.9 1.60020611799 0.296892979683
14 1.64209540056 0.315926220548
14.1 1.68052460597 0.337535504245
14.2 1.71458937325 0.361935628929
14.3 1.74331936142 0.389323130312
14.4 1.76570294502 0.419857939181
14.5 1.78072246707 0.453639650711
14.6 1.78741025249 0.490675505821
14.7 1.78490721205 0.5308502484
14.8 1.7725396361 0.573890144022
14.9 1.74989104954 0.619337538581
15 1.71688433166 0.666523280533
15.1 1.67382036754 0.714577870636
15.2 1.62141318889 0.762443672194
15.3 1.56077854505 0.808920686863
15.4 1.49337349601 0.852742628857
15.5 1.42090610777 0.892659938095
15.6 1.34521600068 0.927534240477
15.7 1.26814465905 0.956423246699
15.8 1.19141495829 0.978644301179
15.9 1.11653828138 0.993808518496
16 1.04475193972 1.00182534177
16.1 0.976992783765 1.00287888787
16.2 0.913903586653 0.99738286136
16.3 0.855861353193 0.985925203909
16.4 0.803018683215 0.969210237011
16.5 0.755352323709 0.948003209958
16.6 0.71270997382 0.923083995723
16.7 0.674851632576 0.895211156413
16.8 0.641484304059 0.865095796223
16.9 0.612289533883 0.833384726354
17 0.586943270985 0.800651767277
17.1 0.565129978228 0.76739462588
17.2 0.54655163253 0.734036646614
17.3 0.530933323089 0.700930764424
17.4 0.518025646418 0.668365521998
17.5 0.507606265303 0.636571391815
17.6 0.499478587734 0.605728752683
17.7 0.493471138243 0.57597407174
17.8 0.489435705216 0.547406670771
17.9 0.48724523004 0.520094801807
18 0.486792221819 0.494080705835
18.1 0.487986597154 0.469385513621
18.2 0.490753987997 0.446013238407
18.3 0.495034125347 0.423954328426
18.4 0.500779031987 0.403188590915
18.5 0.50795215355 0.383687894727
18.6 0.516526794753 0.365418002272
18.7 0.526485117301 0.348340788804
18.8 0.537817175181 0.332415300303
18.9 0.550519958663 0.317599371219
19 0.564596670123 0.303850329317
19.1 0.58005587233 0.291126093305
19.2 0.596910854631 0.279385699959
19.3 0.615178889509 0.268589994614
19.4 0.634880592774 0.258702073615
19.5 0.65603921389 0.249687704302
19.6 0.678679914975 0.241515724716
19.7 0.702828988828 0.234158358236
19.8 0.728513030702 0.227591537292
19.9 0.755758267184 0.221794934594
20 0.784588982779 0.216752817158
