"Time" "Prey" "Predator"
0 1 1
0.1 0.935644168187 0.996749740581
0.2 0.876171012357 0.987373621598
0.3 0.821811291058 0.972533581999
0.4 0.772602019646 0.952968547904
0.5 0.728434264287 0.92944921097
0.6 0.68910097319 0.902735376221
0.7 0.654330483593 0.873548924934
0.8 0.623816084897 0.842553946521
0.9 0.597239404554 0.81034449741
1 0.574285835971 0.777440386641
1.1 0.554654226497 0.744287659564
1.2 0.538064461566 0.711260934789
1.3 0.524260918439 0.678668949128
1.4 0.51301374107 0.646761075763
1.5 0.504119682436 0.615733836679
1.6 0.497399933402 0.58573840514
1.7 0.4926994405 0.556886738754
1.8 0.489884901513 0.529257863419
1.9 0.488842793233 0.502903182788
2 0.489477630917 0.477851427457
2.1 0.491710084194 0.454113011584
2.2 0.495475322105 0.431683491775
2.3 0.500721510115 0.410546772389
2.4 0.507408246658 0.390678271614
2.5 0.515505480964 0.37204664529
2.6 0.524992378827 0.35461511115
2.7 0.535856203943 0.338344428493
2.8 0.548091530987 0.323193284548
2.9 0.561699266245 0.309119777836
3 0.576685962948 0.296082063357
3.1 0.593063039689 0.284039296239
3.2 0.610846145793 0.272952102285
3.3 0.630054412491 0.262783241533
3.4 0.650709848572 0.253497922916
3.5 0.67283653294 0.245064314645
3.6 0.696459944737 0.237453786801
3.7 0.721606016423 0.230641371391
3.8 0.748300488049 0.224605812848
3.9 0.776567814449 0.219329965641
4 0.80642966724 0.214801482386
4.1 0.837904322216 0.211012590395
4.2 0.871004548427 0.207960876706
4.3 0.905736065863 0.205649647312
4.4 0.942095999595 0.204088206174
4.5 0.9800696133 0.2032928608
4.6 1.01962856206 0.203287239081
4.7 1.06072757051 0.204103122348
4.8 1.1033000162 0.205781571299
4.9 1.14725531561 0.208373532985
5 1.19247295071 0.211941210465
5.1 1.23879749223 0.21655923859
5.2 1.28603351576 0.222315836217
5.3 1.33393759084 0.229314076534
5.4 1.38221214576 0.237673410908
5.5 1.43049794326 0.247530637794
5.6 1.47836621111 0.259039908761
5.7 1.52531081847 0.272373768602
5.8 1.5707440853 0.287720853548
5.9 1.61398878474 0.305285484025
6 1.65428213439 0.325279675399
6.1 1.69077183682 0.347919648361
6.2 1.72253300721 0.373411170008
6.3 1.7485866185 0.401933736667
6.4 1.7679266447 0.433621352409
6.5 1.77956062382 0.468536727834
6.6 1.78257083321 0.506638022293
6.7 1.77617555929 0.547748864796
6.8 1.75980789552 0.591523724828
6.9 1.73318562206 0.637425886177
7 1.69637732975 0.684714096264
7.1 1.64984767526 0.732447298665
7.2 1.59446371165 0.779518765688
7.3 1.53146913287 0.824709143558
7.4 1.46241340462 0.866764638827
7.5 1.38904689901 0.904486815996
7.6 1.31320085289 0.936820143657
7.7 1.23665694575 0.962932172073
7.8 1.16104749726 0.982257672862
7.9 1.08776502594 0.994529627175
8 1.01792072255 0.999766583876
8.1 0.952329190665 0.998242771239
8.2 0.891523777886 0.99043880895
8.3 0.83579071553 0.97698492382
8.4 0.785212968563 0.958604709416
8.5 0.739717631607 0.93606387609
8.6 0.699119949046 0.910128504691
8.7 0.663162121866 0.881532995335
8.8 0.631544623791 0.850958047903
8.9 0.603950285146 0.81901719802
9 0.58006189269 0.786250782712
9.1 0.559573752444 0.753124260392
9.2 0.542199849439 0.7200306325
9.3 0.52767773674 0.687295725724
9.4 0.515770782326 0.655183973109
9.5 0.506268545085 0.623905328091
9.6 0.49898580407 0.593622420099
9.7 0.493761353084 0.56445701443
9.8 0.490456299234 0.536496260045
9.9 0.488952156955 0.509798367518
10 0.489148680329 0.484397787802
10.1 0.49096243258 0.460309393416
10.2 0.494324869968 0.437532325413
10.3 0.499180841563 0.416053428214
10.4 0.505487043336 0.395849934706
10.5 0.513210843254 0.376891926524
10.6 0.522329043587 0.359144201078
10.7 0.53282685512 0.342568079232
10.8 0.544696955958 0.327122672979
10.9 0.557938643135 0.312766107316
11 0.572557028114 0.299456452094
11.1 0.588562312383 0.287152504096
11.2 0.605969025002 0.27581455476
11.3 0.624795491241 0.265404627221
11.4 0.645063041303 0.255887157049
11.5 0.666795200847 0.247229641594
11.6 0.690017266097 0.239402422165
11.7 0.714755099765 0.232379576747
11.8 0.74103461285 0.226138811189
11.9 0.768880632824 0.220661926924
12 0.798315720219 0.215935257747
12.1 0.829359254828 0.211949713237
12.2 0.862025481809 0.208701499273
12.3 0.896322377178 0.206192262501
12.4 0.932249409873 0.204429719965
12.5 0.969795268965 0.203428259786
12.6 1.00893576575 0.203209395631
12.7 1.04963000816 0.203802786948
12.8 1.09181786958 0.205246827315
12.9 1.13541553956 0.207589723027
13 1.1803107746 0.210890638488
13.1 1.2263581813 0.215220753122
13.2 1.2733732926 0.220664537515
13.3 1.32112634772 0.227321062292
13.4 1.36933492247 0.235305238026
13.5 1.41765682711 0.244749073105
13.6 1.46568260583 0.255802027089
13.7 1.5129274086 0.268632007826
13.8 1.55882597586 0.283423403456
13.9 1.60272480001 0.300376878228
14 1.64388428222 0.319702683496
14.1 1.68147448816 0.341617351244
14.2 1.71458947173 0.366330276007
14.3 1.74226186052 0.394029860207
14.4 1.76348907008 0.42486470728
14.5 1.77726976897 0.458919529735
14.6 1.7826609191 0.496183150077
14.7 1.7788369872 0.536518611507
14.8 1.76516686477 0.579627909297
14.9 1.74128502333 0.625027512167
15 1.70716157053 0.672030804998
15.1 1.66315335959 0.719747686928
15.2 1.61002075659 0.767111528218
15.3 1.5489129848 0.812925808691
15.4 1.4813068697 0.855937673102
15.5 1.40891061842 0.894924829547
15.6 1.33354719196 0.928785100171
15.7 1.25702114385 0.956621930574
15.8 1.18101556544 0.977793818218
15.9 1.10699237883 0.991954424857
16 1.03614025881 0.999048525256
16.1 0.969352432831 0.999286362108
16.2 0.90723435999 0.993099058747
16.3 0.850134248995 0.98108246286
16.4 0.79818458909 0.963940631334
16.5 0.751349433677 0.94243261771
16.6 0.709469733799 0.917327964386
16.7 0.672303810445 0.889372022584
16.8 0.639560634006 0.859261437994
16.9 0.610925746809 0.827628475963
17 0.58608055627 0.795033443916
17.1 0.564715438167 0.761961433909
17.2 0.546538585144 0.728824430297
17.3 0.531280890637 0.695965712249
17.4 0.518698894829 0.663665234874
17.5 0.508575173668 0.632146845472
17.6 0.500717835001 0.60158517914
17.7 0.494959510956 0.572112177516
17.8 0.491155523837 0.543823659725
17.9 0.48918211812 0.516785040518
18 0.488934410093 0.491036619718
18.1 0.490324598158 0.466598130235
18.2 0.493280379754 0.443472520552
18.3 0.497743166733 0.421649635132
18.4 0.503666628103 0.401109010547
18.5 0.511015412759 0.381822440643
18.6 0.51976391543 0.363755928378
18.7 0.529895200513 0.346871606402
18.8 0.541400047231 0.331129020449
18.9 0.554276064514 0.316486485898
19 0.568526893865 0.302901984086
19.1 0.584161448464 0.290334056841
19.2 0.601193165957 0.278742551002
19.3 0.61963942454 0.268088982906
19.4 0.639520856176 0.258337031648
19.5 0.660860419393 0.249453448046
19.6 0.683683057952 0.241407711981
19.7 0.708014540451 0.234172906495
19.8 0.733880851179 0.227725746096
19.9 0.761307248619 0.222046866231
20 0.790316953005 0.217121420132
