"Time" "Prey" "Predator"
0 0.91677801311 0.616668306291
0.1 0.902953136978 0.611131093547
0.2 0.890038689084 0.60483389229
0.3 0.878085977555 0.597856844347
0.4 0.867135614599 0.59028409657
0.5 0.857216976884 0.582199297642
0.6 0.848351156925 0.57368601659
0.7 0.840551054321 0.564826261766
0.8 0.833822753537 0.555699519676
0.9 0.828166422823 0.546381881272
1 0.823578134501 0.536945387482
1.1 0.820049775929 0.527457821564
1.2 0.817569941043 0.517982353944
1.3 0.816124734568 0.50857735731
1.4 0.815698252324 0.499296491763
1.5 0.816272422649 0.490188693341
1.6 0.817827991908 0.481298445526
1.7 0.820344636385 0.472665762384
1.8 0.823800803651 0.464326666598
1.9 0.828174159035 0.456313441184
2 0.833441223856 0.448654750851
2.1 0.839577624454 0.441376387429
2.2 0.846557818418 0.434500938469
2.3 0.854354903986 0.428048986347
2.4 0.862940704164 0.422038310959
2.5 0.872285044477 0.416485346545
2.6 0.882356061305 0.411404713848
2.7 0.893119445454 0.406809571409
2.8 0.90453826238 0.402712221737
2.9 0.916572686382 0.399124218924
3 0.929179543418 0.396055939472
3.1 0.942312067476 0.393517570449
3.2 0.955919403095 0.391518730992
3.3 0.969946316094 0.390068824331
3.4 0.984332840726 0.389177023478
3.5 0.999013902028 0.388852167906
3.6 1.01391900555 0.389103048051
3.7 1.02897217015 0.389937940846
3.8 1.04409145313 0.391364888954
3.9 1.05918923573 0.393391191423
4 1.07417207454 0.396023259536
4.1 1.0889400813 0.399266894803
4.2 1.10338864232 0.403125964298
4.3 1.11740834412 0.407602235496
4.4 1.13088406356 0.412695741326
4.5 1.14369854036 0.418402959493
4.6 1.15573227501 0.424716626305
4.7 1.16686273045 0.431625851798
4.8 1.17696930867 0.439114222812
4.9 1.1859344331 0.447159180221
5 1.19364428104 0.455731743804
5.1 1.19999230291 0.464795667206
5.2 1.20488010495 0.474306664533
5.3 1.20822207443 0.484211994533
5.4 1.20994651559 0.494449658321
5.5 1.20999825028 0.504948871504
5.6 1.20834130983 0.515629998379
5.7 1.20496064615 0.526404232215
5.8 1.19986278613 0.53717623003
5.9 1.19307900821 0.547842578775
6 1.18466240568 0.558296161693
6.1 1.17469049555 0.568426006094
6.2 1.16326308733 0.578119848157
6.3 1.15049848622 0.587267900363
6.4 1.13653621133 0.595762786307
6.5 1.12152774532 0.60350465868
6.6 1.10563687235 0.610402535933
6.7 1.08903522713 0.616376052915
6.8 1.07189927374 0.621358060516
6.9 1.05440533875 0.625295556386
7 1.03672695073 0.628151636723
7.1 1.01903183847 0.629904575981
7.2 1.00147861188 0.63054953824
7.3 0.984215626782 0.630096349971
7.4 0.96737797566 0.628570422234
7.5 0.951088185523 0.626009668068
7.6 0.935453739046 0.622464653534
7.7 0.920568874157 0.617995429075
7.8 0.906513031059 0.612670869091
7.9 0.8933531455 0.606565906003
8 0.88114298998 0.599760322841
8.1 0.869925416749 0.592336693043
8.2 0.859732509033 0.584378926813
8.3 0.850587415246 0.575970942161
8.4 0.842504836143 0.567194976233
8.5 0.835492793639 0.558131491308
8.6 0.829553334819 0.548857148711
8.7 0.824683360992 0.539445438915
8.8 0.820875832372 0.529965070858
8.9 0.818120100608 0.520480569119
9 0.816402902026 0.511051543876
9.1 0.815708670448 0.50173285507
9.2 0.816019962787 0.492574772537
9.3 0.817318023698 0.483622749806
9.4 0.819582602114 0.474918147657
9.5 0.822792644009 0.466497923183
9.6 0.826925747659 0.458395444573
9.7 0.831959032105 0.450640214634
9.8 0.837868292315 0.443258676749
9.9 0.844628194507 0.436274430618
10 0.852212448494 0.429708378084
10.1 0.860592949956 0.42357921733
10.2 0.869740265752 0.417903668372
10.3 0.879622906493 0.41269674789
10.4 0.89020714586 0.407972082541
10.5 0.901456918616 0.403742184382
10.6 0.913333090046 0.400018510111
10.7 0.925793487242 0.396811896557
10.8 0.938792316219 0.394132535558
10.9 0.952279806193 0.39199017199
11 0.966201957186 0.390394322393
11.1 0.980500060066 0.389353974228
11.2 0.995110428489 0.38887819324
11.3 1.00996405371 0.388976059162
11.4 1.02498654163 0.389655700107
11.5 1.04009756107 0.390925162057
11.6 1.05521056495 0.392792395233
11.7 1.07023384558 0.39526393251
11.8 1.08506976633 0.398345331085
11.9 1.09961417769 0.40204144593
12 1.11375867799 0.406354837128
12.1 1.12739103123 0.411285324598
12.2 1.14039336157 0.416830813681
12.3 1.15264489018 0.42298582523
12.4 1.16402578111 0.429739728107
12.5 1.17441496113 0.437077411492
12.6 1.18369383463 0.444978130265
12.7 1.19174696042 0.453414870849
12.8 1.19846485973 0.462353494424
12.9 1.20374788816 0.471751770011
13 1.20750613728 0.481558994434
13.1 1.20966414726 0.49171602226
13.2 1.21016228852 0.502154213807
13.3 1.20895904224 0.512796079734
13.4 1.20603349116 0.523555848425
13.5 1.20138729238 0.534338578144
13.6 1.1950436526 0.545044136551
13.7 1.18705116146 0.555565425633
13.8 1.17748077748 0.565792185832
13.9 1.16642520961 0.575613199136
14 1.15400115588 0.584916212996
14.1 1.14034053527 0.593593903179
14.2 1.12559194756 0.601544529226
14.3 1.10991633387 0.608674159005
14.4 1.09348450085 0.61489934407
14.5 1.0764713258 0.620149188233
14.6 1.059053709 0.624367261522
14.7 1.04140634878 0.62751174625
14.8 1.02369862259 0.629557464832
14.9 1.00609212586 0.630494520843
15 0.988737554436 0.630329649406
15.1 0.971774308983 0.629083560834
15.2 0.955327628459 0.626791619272
15.3 0.939509694012 0.623500693259
15.4 0.924417553877 0.619268950943
15.5 0.910135138649 0.614162787882
15.6 0.896732074174 0.608255946142
15.7 0.884265966407 0.601626987368
15.8 0.872782089008 0.594357952104
15.9 0.862315498936 0.58653255965
16 0.852891383954 0.578234726796
16.1 0.84452677805 0.569547481804
16.2 0.83723130738 0.560551597255
16.3 0.831008457969 0.551325075689
16.4 0.825856421419 0.541942176122
16.5 0.821768999919 0.532473159335
16.6 0.818736638481 0.522983166185
16.7 0.816746463751 0.513533549375
16.8 0.815783677247 0.504180169676
16.9 0.815831184123 0.494974608877
17 0.816870541862 0.485963601198
17.1 0.818882 0.477189416687
17.2 0.821844517514 0.468690335109
17.3 0.825736367057 0.460500421318
17.4 0.83053447161 0.45265037138
17.5 0.836215118613 0.445167368354
17.6 0.84275326124 0.438075709193
17.7 0.850122806548 0.431396996496
17.8 0.85829618162 0.425150465832
17.9 0.867244196928 0.419353322154
18 0.876936199917 0.414021024412
18.1 0.887339002033 0.409167503999
18.2 0.898417052522 0.40480551355
18.3 0.910132287132 0.400946893743
18.4 0.922443217293 0.397602495772
18.5 0.935305041716 0.394782694302
18.6 0.948669203158 0.392497467893
18.7 0.962482744652 0.390756189382
18.8 0.976688240052 0.389568218082
18.9 0.991223374644 0.388942650112
19 1.00602059287 0.38888812876
19.1 1.02100673452 0.389413389679
19.2 1.03610309606 0.390526586329
19.3 1.05122512405 0.392235307987
19.4 1.0662819774 0.394546841218
19.5 1.08117758935 0.397467059297
19.6 1.09580996955 0.401000716181
19.7 1.11007127073 0.405151247036
19.8 1.12385019678 0.409919276359
19.9 1.13703048921 0.415303184518
20 1.14949244904 0.421298260915
