"Time" "Prey" "Predator"
0 1.00326040306 1.0032611971
0.1 0.938267991899 1.0002942302
0.2 0.878200575441 0.991114999631
0.3 0.823297132669 0.976389882442
0.4 0.773598330345 0.956865573761
0.5 0.728995401737 0.933322323576
0.6 0.689278994711 0.906530285252
0.7 0.654173478413 0.877221732546
0.8 0.62336729967 0.846070560556
0.9 0.59653707417 0.813679581071
1 0.573363005222 0.780576417781
1.1 0.553539145192 0.747213655222
1.2 0.536780975159 0.713971332592
1.3 0.522828938831 0.681162558863
1.4 0.511449735815 0.649040139598
1.5 0.502437152574 0.617803204198
1.6 0.495609820919 0.587604880635
1.7 0.490810505073 0.558558486389
1.8 0.487904083595 0.530743935544
1.9 0.486775497866 0.504213174875
2 0.487327980456 0.478995142209
2.1 0.489481141403 0.455100251978
2.2 0.493169272193 0.432523877154
2.3 0.498339825098 0.411249596617
2.4 0.504951804782 0.391252472453
2.5 0.512974723793 0.372500579995
2.6 0.522387389835 0.354956577496
2.7 0.533176810293 0.338580764499
2.8 0.545337397286 0.323331165942
2.9 0.558869955853 0.309165337055
3 0.5737810351 0.29604080359
3.1 0.590082113304 0.283916151138
3.2 0.607788985706 0.272751403141
3.3 0.626921002321 0.262508754397
3.4 0.647500482038 0.253152832865
3.5 0.66955189306 0.244651253522
3.6 0.693101200787 0.23697483194
3.7 0.718174940494 0.230098045537
3.8 0.744799633211 0.223999015159
3.9 0.773000475208 0.218660137679
4 0.802800219367 0.214068440246
4.1 0.834218339459 0.210215541367
4.2 0.867268842679 0.207098494605
4.3 0.901959154526 0.204719911874
4.4 0.938288130462 0.203088467931
4.5 0.976243072893 0.202219804099
4.6 1.0157981806 0.202136757762
4.7 1.05691057387 0.202870420728
4.8 1.09951687133 0.204460993856
4.9 1.14352998258 0.206958544648
5 1.18883292474 0.210424451765
5.1 1.23527481763 0.214932397994
5.2 1.28266482285 0.220569647039
5.3 1.33076444596 0.227438441262
5.4 1.37928176003 0.23565748997
5.5 1.42786331076 0.245362686776
5.6 1.47608580947 0.256708016062
5.7 1.52344939954 0.269865702796
5.8 1.56937104238 0.285025388829
5.9 1.61317885994 0.302392231497
6 1.65411218281 0.32218106616
6.1 1.69131937918 0.344612165239
6.2 1.72387523959 0.36989591199
6.3 1.7507935938 0.398220157956
6.4 1.77105570691 0.429729671778
6.5 1.7836541894 0.464499135798
6.6 1.78764608039 0.502502321843
6.7 1.78222086263 0.543579812459
6.8 1.76677450859 0.587404513908
6.9 1.74098591207 0.633456713444
7 1.70488840069 0.681005044268
7.1 1.65890542179 0.729121211346
7.2 1.60387712385 0.776697085253
7.3 1.54102905303 0.822505119181
7.4 1.47190600803 0.865273916376
7.5 1.39826920447 0.903777989811
7.6 1.32197162432 0.936930667983
7.7 1.2448311996 0.963862020026
7.8 1.16851585967 0.983975839003
7.9 1.0944578532 0.99697515339
8 1.02380513252 1.00285561148
8.1 0.957404166248 1.00187604127
8.2 0.895813124143 0.994509360895
8.3 0.839336372346 0.98138457105
8.4 0.788068696206 0.963229517718
8.5 0.741942742865 0.940818630627
8.6 0.70077548326 0.914928707787
8.7 0.664307758003 0.886306080522
8.8 0.632236431379 0.855643793663
8.9 0.60423942784 0.82356727171
9 0.579994055665 0.790627381557
9.1 0.559189494259 0.757298760711
9.2 0.541533935362 0.723983485217
9.3 0.526760336034 0.69101382666
9.4 0.514627301674 0.658660248698
9.5 0.504920333491 0.627137366956
9.6 0.497450757097 0.596611405602
9.7 0.49205415076 0.567207110154
9.8 0.488589001443 0.539013712986
9.9 0.486934376428 0.512091082097
10 0.486988192554 0.486474637102
10.1 0.48866533835 0.462179909479
10.2 0.491895878221 0.439206478012
10.3 0.496623415255 0.417541278318
10.4 0.502803525739 0.397161466713
10.5 0.510402799488 0.378036882674
10.6 0.519397310521 0.360131888522
10.7 0.529771708213 0.343407430905
10.8 0.541518242237 0.327821993339
10.9 0.554635845666 0.313333240202
11 0.569129443311 0.29989851741
11.1 0.585009071961 0.287476089475
11.2 0.602289324616 0.276025417628
11.3 0.620988526929 0.265508038861
11.4 0.641128192235 0.255887767642
11.5 0.662732196969 0.247131305107
11.6 0.685826161951 0.239208437793
11.7 0.710436518011 0.232092527995
11.8 0.736589855439 0.225760599899
11.9 0.764311996348 0.220193613146
12 0.79362644664 0.215377261753
12.1 0.824553843594 0.211301718054
12.2 0.857110074506 0.207962316276
12.3 0.891304642296 0.205359992993
12.4 0.927139328566 0.203501482449
12.5 0.964605113658 0.202400284233
12.6 1.00368041478 0.202076999249
12.7 1.04432807052 0.2025600791
12.8 1.08649106237 0.203886937683
12.9 1.13009002974 0.206104524259
13 1.17501760514 0.209270663324
13.1 1.22113358975 0.213455211606
13.2 1.26826007427 0.218741183957
13.3 1.31617354997 0.22522614519
13.4 1.36459904175 0.233023679043
13.5 1.41320254868 0.242264483035
13.6 1.46158277542 0.253096857668
13.7 1.50926342215 0.265687796737
13.8 1.55568776549 0.28022148258
13.9 1.60021033093 0.29689924036
14 1.64209829736 0.31593299537
14.1 1.68052599366 0.337542814861
14.2 1.71458905481 0.361943488115
14.3 1.7433171468 0.389331535647
14.4 1.76569866121 0.419866867797
14.5 1.78071596891 0.453649053768
14.6 1.78740144022 0.490685301411
14.7 1.78489604542 0.530860315758
14.8 1.77252641775 0.573900059151
14.9 1.74987796761 0.619345389473
15 1.71686820706 0.666531812787
15.1 1.67380179157 0.714586415882
15.2 1.62139300507 0.762451317565
15.3 1.5607567905 0.808927631363
15.4 1.49335119611 0.852747946865
15.5 1.42088412253 0.892663092487
15.6 1.34519619331 0.927534370452
15.7 1.26812459753 0.956422634807
15.8 1.19139567753 0.978642116324
15.9 1.11652034879 0.99380448861
16 1.04473538475 1.00181970938
16.1 0.976978208349 1.0028713768
16.2 0.913891137494 0.997373769737
16.3 0.85585103401 0.985914876136
16.4 0.803010507526 0.96919891584
16.5 0.755346252453 0.947991174227
16.6 0.712705677556 0.92307168485
16.7 0.674848751475 0.895198903788
16.8 0.641482675694 0.865083762956
16.9 0.612288953008 0.833372926937
17 0.586943618681 0.800640410447
17.1 0.56513109796 0.767383891285
17.2 0.546553408992 0.734026610822
17.3 0.530935497912 0.700921552523
17.4 0.518028322746 0.668356929016
17.5 0.507609321619 0.636563491726
17.6 0.499482002556 0.605721500533
17.7 0.493474922639 0.575967406959
17.8 0.48943980428 0.547400591247
17.9 0.48724975083 0.520089201189
18 0.486797176412 0.494075561186
18.1 0.487991906544 0.469380876375
18.2 0.490759620863 0.446009076322
18.3 0.495039985231 0.42395060249
18.4 0.500785180691 0.403185276918
18.5 0.507958586103 0.383684927629
18.6 0.516533523036 0.365415394433
18.7 0.526492156545 0.348338490723
18.8 0.537824523608 0.332413322719
18.9 0.550527635409 0.317597672907
19 0.564604669969 0.303848920389
19.1 0.580064206322 0.291124949829
19.2 0.596919473182 0.279384913708
19.3 0.615187770381 0.268589592942
19.4 0.634889773381 0.258701922367
19.5 0.656048628982 0.249687878256
19.6 0.678689613291 0.241516144418
19.7 0.702838979529 0.234159003353
19.8 0.728523387269 0.227592327699
19.9 0.755768944325 0.221795908295
20 0.784599962118 0.216754008485
