"Time" "Prey" "Predator"
0 1.0032660086 1.0032671633
0.1 0.938272455845 1.0003006817
0.2 0.878203977401 0.991121781085
0.3 0.823299566235 0.976396847203
0.4 0.773599894918 0.956872589732
0.5 0.728996196363 0.933329276267
0.6 0.689279113724 0.906537079073
0.7 0.654173008568 0.877228290739
0.8 0.623366318669 0.846076824038
0.9 0.596535650457 0.813685506457
1 0.573361197739 0.780581975635
1.1 0.553537004152 0.747218827717
1.2 0.536778542802 0.713976111476
1.3 0.522826250303 0.681166943561
1.4 0.511446820085 0.649044135517
1.5 0.50243403329 0.61780682126
1.6 0.495606517177 0.587608132101
1.7 0.490807032088 0.558561387812
1.8 0.487900453358 0.530746503926
1.9 0.48677171966 0.504215428071
2 0.487324061303 0.47899709836
2.1 0.489477086479 0.455101929052
2.2 0.493165085133 0.432525292774
2.3 0.498335508299 0.411250767735
2.4 0.504947359617 0.391253415304
2.5 0.512970150887 0.372501309712
2.6 0.522382689201 0.354957108199
2.7 0.533171981523 0.338581109404
2.8 0.545332439699 0.323331337075
2.9 0.558864868621 0.309165345418
3 0.573775817409 0.296040659056
3.1 0.590076764473 0.283915862526
3.2 0.60778350533 0.272750978191
3.3 0.626915390417 0.262508199814
3.4 0.647494739185 0.253152154319
3.5 0.669546020561 0.244650455674
3.6 0.693095200817 0.236973918472
3.7 0.718168816341 0.230097019118
3.8 0.744793389553 0.223997877353
3.9 0.772994118063 0.218658889248
4 0.802793756716 0.214067080809
4.1 0.834211781384 0.210214069491
4.2 0.867262201535 0.207096907884
4.3 0.901952445714 0.204718206671
4.4 0.938281372387 0.203086639534
4.5 0.97623628772 0.202217846569
4.6 1.01579139494 0.202134663785
4.7 1.05690381863 0.202868181776
4.8 1.09951018325 0.204458599861
4.9 1.14352340445 0.206955984023
5 1.18882650579 0.210421711453
5.1 1.23526861518 0.214929463249
5.2 1.28265890213 0.220566501464
5.3 1.33075888119 0.227435067013
5.4 1.37927663545 0.235653867823
5.5 1.42785872065 0.245358796027
5.6 1.47608185791 0.256703835706
5.7 1.52344620183 0.269861211234
5.8 1.56936872159 0.285020566562
5.9 1.61317754965 0.30238705977
6 1.65411201823 0.322175532538
6.1 1.69132049998 0.344606262739
6.2 1.72387778121 0.3698896436
6.3 1.75079768076 0.398213540681
6.4 1.77106144059 0.429722742034
6.5 1.78366164453 0.464491951039
6.6 1.7876552864 0.502494968002
6.7 1.7822317983 0.543572404442
6.8 1.7667870853 0.587397200992
6.9 1.74099997812 0.633449669819
7 1.70490372576 0.680998474433
7.1 1.65892171303 0.72911533293
7.2 1.60389403922 0.776692114489
7.3 1.54104621567 0.82250125981
7.4 1.4719230346 0.865271338312
7.5 1.39828573104 0.903776815198
7.6 1.32198732724 0.936930962445
7.7 1.24484581469 0.963863785926
7.8 1.16852919276 0.983979017784
7.9 1.09446978157 0.996979633838
8 1.02381559881 1.0028612416
8.1 0.957413171231 1.00188264102
8.2 0.895820713312 0.99451673675
8.3 0.839342622883 0.981392528338
8.4 0.788073706391 0.963237869395
8.5 0.741946621173 0.940827205279
8.6 0.700778340633 0.91493735384
8.7 0.664309702455 0.886314668146
8.8 0.632237564341 0.855652215136
8.9 0.60423984181 0.823575440564
9 0.579993833304 0.790635230719
9.1 0.559188708219 0.757306240296
9.2 0.541532648534 0.723990560356
9.3 0.526758602328 0.691020474919
9.4 0.514625166779 0.658666458013
9.5 0.504917835762 0.627143133635
9.6 0.497447928482 0.596616732535
9.7 0.49205101758 0.56721200535
9.8 0.488585585198 0.539018188255
9.9 0.486930694451 0.512095152019
10 0.48698425863 0.486478318135
10.1 0.488661163238 0.46218321925
10.2 0.491891470108 0.439209434746
10.3 0.49661878018 0.41754390039
10.4 0.50279866791 0.397163772278
10.5 0.510397721603 0.378038889408
10.6 0.519392014037 0.360133613399
10.7 0.529766193577 0.343408890045
10.8 0.541512509107 0.327823201894
10.9 0.554629893113 0.313334212268
11 0.569123270003 0.299899265972
11.1 0.585002676348 0.28747662637
11.2 0.602282705111 0.276025753514
11.3 0.62098168209 0.265508183206
11.4 0.641121120957 0.255887728708
11.5 0.662724898684 0.247131089949
11.6 0.685818636851 0.239208052237
11.7 0.710428767278 0.232091976644
11.8 0.736581881536 0.225759886079
11.9 0.764303803269 0.220192738923
12 0.793618040274 0.215376227887
12.1 0.824545232116 0.211300523931
12.2 0.857101268711 0.207960959905
12.3 0.891295656195 0.205358470882
12.4 0.927130179853 0.203499789549
12.5 0.964595824285 0.202398413868
12.6 1.00367101177 0.202074942951
12.7 1.04431858654 0.202557826543
12.8 1.08648153674 0.203884476519
12.9 1.13008050937 0.206101839959
13 1.17500814533 0.209267739099
13.1 1.22112425559 0.213452028223
13.2 1.26825094165 0.218737719622
13.3 1.3161647066 0.225222375568
13.4 1.36459058862 0.233019577261
13.5 1.41319460098 0.24226001968
13.6 1.46157546312 0.253092001395
13.7 1.50925689084 0.265682514622
13.8 1.55568217575 0.280215741408
13.9 1.60020585797 0.296893007732
14 1.6420951283 0.315926241988
14.1 1.68052432345 0.337535517752
14.2 1.71458908293 0.361935633044
14.3 1.74331906651 0.389323123345
14.4 1.76570264948 0.419857919248
14.5 1.78072217546 0.453639615841
14.6 1.78740997008 0.490675454005
14.7 1.78490694457 0.53085017771
14.8 1.77253938959 0.573890052822
14.9 1.74989082996 0.619337425694
15 1.71688414454 0.666523145517
15.1 1.67382021774 0.714577713788
15.2 1.62141307991 0.762443494973
15.3 1.56077847896 0.80892049174
15.4 1.49337347312 0.852742419379
15.5 1.42090612668 0.892659718658
15.6 1.34521605848 0.927534016041
15.7 1.26814475153 0.956423022503
15.8 1.1914150804 0.978644082335
15.9 1.11653842772 0.993808309639
16 1.04475210481 1.00182514687
16.1 0.976992962447 1.00287871005
16.2 0.913903774319 0.997382702808
16.3 0.855861545871 0.985925065955
16.4 0.803018877636 0.969210120181
16.5 0.755352517296 0.948003114094
16.6 0.712710164626 0.923083920129
16.7 0.674851819175 0.895211100005
16.8 0.641484485483 0.865095757637
16.9 0.612289709525 0.833384704064
17 0.586943440514 0.800651759683
17.1 0.565130141523 0.767394631378
17.2 0.546551789628 0.734036663628
17.3 0.530933474126 0.700930791472
17.4 0.518025791609 0.668365557687
17.5 0.507606404903 0.636571434869
17.6 0.499478722017 0.605728801946
17.7 0.493471267495 0.57597412617
17.8 0.489435829715 0.547406729445
17.9 0.487245350055 0.520094863912
18 0.4867923376 0.494080770657
18.1 0.487986708929 0.469385580543
18.2 0.490754095973 0.446013306897
18.3 0.495034229704 0.423954398028
18.4 0.500779132882 0.403188661245
18.5 0.507952251112 0.383687965463
18.6 0.516526889085 0.365418073145
18.7 0.526485208478 0.348340859596
18.8 0.537817263253 0.332415370838
18.9 0.550520043651 0.317599441357
19 0.564596752022 0.303850398956
19.1 0.580055951108 0.291126162366
19.2 0.596910930226 0.279385768392
19.3 0.615178961832 0.268590062389
19.4 0.634880661704 0.258702140723
19.5 0.656039279276 0.249687770748
19.6 0.678679976633 0.241515790523
19.7 0.702829046544 0.234158423435
19.8 0.728513084221 0.227591601928
19.9 0.755758316217 0.221794998723
20 0.784589026999 0.21675288084
