"Time" "Prey" "Predator"
0 1.00326716473 1.00326716285
0.1 0.938273530049 1.00030079285
0.2 0.878204963788 0.991121993375
0.3 0.823300462664 0.97639714826
0.4 0.773600702172 0.95687296626
0.5 0.728996917351 0.93332971482
0.6 0.689279752779 0.906537566644
0.7 0.654173570855 0.8772288152
0.8 0.623366809732 0.846077374401
0.9 0.596536075907 0.813686072999
1 0.573361563003 0.780582549955
1.1 0.553537314336 0.747219402695
1.2 0.536778802599 0.713976681195
1.3 0.522826463958 0.681167503202
1.4 0.51144699138 0.649044681242
1.5 0.502434165559 0.617807350081
1.6 0.495606613326 0.587608641772
1.7 0.490807094625 0.558561876711
1.8 0.487900484426 0.530746970954
1.9 0.486771721074 0.504215872566
2 0.487324034578 0.478997520013
2.1 0.489477032864 0.455102327838
2.2 0.493165005638 0.432525668895
2.3 0.498335403722 0.411251121569
2.4 0.504947230566 0.391253747368
2.5 0.512969997802 0.372501620603
2.6 0.522382512372 0.354957398587
2.7 0.533171781105 0.338581380007
2.8 0.545332215733 0.323331588626
2.9 0.558864621041 0.309165578659
3 0.573775546057 0.296040874713
3.1 0.590076469112 0.283916061307
3.2 0.607783185659 0.272751160768
3.3 0.626915046077 0.262508366819
3.4 0.647494369775 0.253152306338
3.5 0.669545625648 0.244650593239
3.6 0.693094779948 0.236974042059
3.7 0.718168369064 0.230097129134
3.8 0.744792915436 0.223997974128
3.9 0.772993616684 0.218658973055
4 0.802793227725 0.214067151829
4.1 0.834211224502 0.210214127816
4.2 0.867261616573 0.207096953525
4.3 0.90195183264 0.204718239521
4.4 0.938280731318 0.203086659387
4.5 0.976235618993 0.202217853094
4.6 1.01579069918 0.202134656511
4.7 1.05690309673 0.202868160097
4.8 1.09950943653 0.204458562997
4.9 1.14352263469 0.206955931009
5 1.18882571528 0.210421641133
5.1 1.2352678069 0.214929374237
5.2 1.28265807978 0.220566392123
5.3 1.33075804932 0.227434935449
5.4 1.37927579966 0.235653711859
5.5 1.42785788766 0.245358613148
5.6 1.47608103562 0.256703623124
5.7 1.52344539964 0.269860965794
5.8 1.56936795021 0.285020284942
5.9 1.61317682162 0.302386738248
6 1.65411134722 0.322175167475
6.1 1.69131990143 0.34460585037
6.2 1.72387727173 0.369889180413
6.3 1.7507972778 0.398213023753
6.4 1.77106116147 0.429722169533
6.5 1.78366150634 0.464491322421
6.6 1.78765530424 0.502494284888
6.7 1.78223198462 0.543571670918
6.8 1.7667874479 0.587396424544
6.9 1.74100051996 0.633448860923
7 1.70490444252 0.680997647741
7.1 1.65892259354 0.729114506249
7.2 1.60389506559 0.776691307987
7.3 1.54104736356 0.822500495388
7.4 1.47192427508 0.865270637701
7.5 1.3982870326 0.903776198461
7.6 1.32198865782 0.936930446638
7.7 1.24484714394 0.963863383706
7.8 1.16853049385 0.983978736753
7.9 1.09447103226 0.996979476431
8 1.02381678192 1.00286120543
8.1 0.95741427483 1.00188271951
8.2 0.89582173017 0.994516920149
8.3 0.839343549754 0.981392804739
8.4 0.788074543278 0.963238225629
8.5 0.741947370434 0.94082762782
8.6 0.700779006245 0.914937829453
8.7 0.664310289404 0.886315184353
8.8 0.632238078129 0.855652760536
8.9 0.604240288072 0.823576005012
9 0.579994217562 0.790635805384
9.1 0.559189035703 0.757306817654
9.2 0.541532924088 0.723991134111
9.3 0.526758830355 0.691021039913
9.4 0.514625351206 0.658667010119
9.5 0.504917980074 0.627143669604
9.6 0.497448035718 0.596617249904
9.7 0.492051090371 0.567212502313
9.8 0.488585625805 0.539018663561
9.9 0.486930704788 0.512095604882
10 0.486984240304 0.486478748143
10.1 0.488661117582 0.4621836263
10.2 0.491891398201 0.439209818977
10.3 0.496618682889 0.417544262132
10.4 0.502798545898 0.397164112005
10.5 0.51039757536 0.378039207706
10.6 0.519391843897 0.360133910922
10.7 0.529765999736 0.343409167501
10.8 0.541512291639 0.327823460016
10.9 0.55462965198 0.313334451796
11 0.569123005076 0.299899487643
11.1 0.585002387412 0.287476830897
11.2 0.60228239188 0.276025941585
11.3 0.620981344221 0.265508355468
11.4 0.641120758059 0.255887885764
11.5 0.662724510332 0.247131232347
11.6 0.685818222596 0.239208180472
11.7 0.710428326666 0.232092091142
11.8 0.736581414117 0.225759987206
11.9 0.764303308622 0.220192826965
12 0.793617518024 0.215376303052
12.1 0.824544681948 0.211300586346
12.2 0.857100690418 0.207961009598
12.3 0.891295049683 0.205358507788
12.4 0.92712954519 0.203499813493
12.5 0.964595161749 0.202398424553
12.6 1.00367032187 0.202074939954
12.7 1.04431787011 0.202557809294
12.8 1.08648079495 0.203884444288
12.9 1.13007974385 0.206101791843
13 1.17500735824 0.209267673994
13.1 1.22112344968 0.213451944809
13.2 1.26825012039 0.218737616341
13.3 1.31616387432 0.225222250598
13.4 1.36458975058 0.233019428488
13.5 1.41319376354 0.242259844701
13.6 1.46157463389 0.253091797483
13.7 1.50925607875 0.265682278747
13.8 1.5556813912 0.280215470235
13.9 1.60020511291 0.296892697682
14 1.64209443619 0.315925889332
14.1 1.68052369935 0.337535118684
14.2 1.71458854305 0.361935184018
14.3 1.74331862804 0.389322621251
14.4 1.7657023301 0.419857361789
14.5 1.78072199238 0.453639002068
14.6 1.78740993925 0.490674784814
14.7 1.78490707935 0.530849456416
14.8 1.77253969948 0.573889285765
14.9 1.7498913193 0.619336622627
15 1.71688481129 0.666522319889
15.1 1.67382105306 0.714576882338
15.2 1.62141406766 0.762442677479
15.3 1.5607795966 0.808919709738
15.4 1.49337469282 0.852741694894
15.5 1.42090741733 0.892659072555
15.6 1.34521738786 0.927533466435
15.7 1.26814608849 0.956422583525
15.8 1.19141639673 0.978643763217
15.9 1.11653969965 0.993808114348
16 1.04475331359 1.0018250744
16.1 0.976994094543 1.00287875498
16.2 0.913904821141 0.99738285618
16.3 0.855862503058 0.985925316375
16.4 0.80301974428 0.969210454745
16.5 0.755353295127 0.948003519269
16.6 0.712710857227 0.923084382484
16.7 0.674852431291 0.895211606763
16.8 0.641485022511 0.865096297016
16.9 0.61229017711 0.833385265493
17 0.586943844249 0.800652333906
17.1 0.565130486749 0.767395210464
17.2 0.546552081339 0.734037240881
17.3 0.530933716863 0.700931361399
17.4 0.518025989465 0.668366115837
17.5 0.507606561508 0.636571977727
17.6 0.499478840543 0.605729326823
17.7 0.493471350711 0.57597463106
17.8 0.489435879996 0.547407212937
17.9 0.487245369421 0.520095325084
18 0.486792327755 0.49408120899
18.1 0.48798667129 0.469385995848
18.2 0.490754031696 0.446013699245
18.3 0.49503413972 0.423954767699
18.4 0.500779017918 0.403189008675
18.5 0.507952111708 0.383688291206
18.6 0.516526725622 0.365418377844
18.7 0.526485021194 0.348341143945
18.8 0.537817052255 0.332415635568
18.9 0.550519808936 0.31759968721
19 0.564596493484 0.303850626673
19.1 0.580055668558 0.29112637267
19.2 0.596910623397 0.279385961984
19.3 0.615178630396 0.268590239929
19.4 0.634880305282 0.258702302831
19.5 0.65603889745 0.249687917991
19.6 0.678679568958 0.241515923414
19.7 0.702828612566 0.234158542423
19.8 0.728512623486 0.227591707398
19.9 0.755757828289 0.221795090989
20 0.784588511488 0.216752960133
