"Time" "Prey" "Predator"
0 1.00325940306 1.0032611971
0.1 0.93826706281 1.00029413367
0.2 0.878199722351 0.991114815638
0.3 0.823296357422 0.976389621686
0.4 0.773597632258 0.956865247746
0.5 0.728994778288 0.933321943937
0.6 0.689278442148 0.90652986324
0.7 0.654172992264 0.877221278654
0.8 0.623366875137 0.846070084287
0.9 0.596536706396 0.813679090834
1 0.573362689512 0.780575920842
1.1 0.553538877129 0.747213157739
1.2 0.536780750681 0.713970839681
1.3 0.522828754267 0.68116207469
1.4 0.511449587891 0.649039667484
1.5 0.502437038407 0.617802746723
1.6 0.495609737995 0.587604439742
1.7 0.490810451222 0.558558063479
1.8 0.487904056964 0.530743531565
1.9 0.486775496886 0.5042127904
2 0.487328003815 0.478994777501
2.1 0.489481188021 0.455099907062
2.2 0.493169341196 0.432523551852
2.3 0.498339915797 0.4112492906
2.4 0.504951916652 0.391252185275
2.5 0.512974856451 0.372500311136
2.6 0.522387543032 0.354956326379
2.7 0.533176983894 0.338580530501
2.8 0.545337591257 0.323330948427
2.9 0.558870170251 0.309165135382
3 0.573781270061 0.29604061713
3.1 0.590082369032 0.283915979281
3.2 0.607789262462 0.272751245303
3.3 0.626921300416 0.262508610031
3.4 0.647500801819 0.253152701465
3.5 0.6695522349 0.244651134627
3.6 0.693101565078 0.236974725139
3.7 0.718175327628 0.230097950478
3.8 0.74480004356 0.223998931556
3.9 0.773000909136 0.218660065296
4 0.802800677177 0.214068378926
4.1 0.83421882139 0.21021549103
4.2 0.867269348895 0.207098455244
4.3 0.901959685053 0.20471988358
4.4 0.938288685199 0.203088450883
4.5 0.976243651546 0.202219798582
4.6 1.01579878263 0.202136764186
4.7 1.0569111985 0.202870439617
4.8 1.09951751742 0.204461025885
4.9 1.14353064858 0.206958590652
5 1.18883360867 0.210424512744
5.1 1.23527551691 0.214932475148
5.2 1.28266553428 0.220569741785
5.3 1.33076516559 0.227438555238
5.4 1.37928248301 0.23565762506
5.5 1.4278640313 0.245362845155
5.6 1.47608652071 0.256708200142
5.7 1.52345009335 0.269865915308
5.8 1.56937170949 0.285025632646
5.9 1.61317948951 0.302392509838
6 1.654112763 0.322181382172
6.1 1.69131989663 0.344612522178
6.2 1.72387567993 0.369896312893
6.3 1.75079394194 0.398220605348
6.4 1.77105594787 0.429730167241
6.5 1.78365430839 0.464499679799
6.6 1.78764606436 0.502502912974
6.7 1.78222070081 0.543580447178
6.8 1.76677419424 0.587405185734
6.9 1.74098544265 0.633457413306
7 1.70488777995 0.681005759484
7.1 1.65890465941 0.729121926506
7.2 1.6038762353 0.776697782903
7.3 1.5410280594 0.822505780373
7.4 1.47190493436 0.86527452231
7.5 1.39826807803 0.903778523131
7.6 1.32197047284 0.936931113939
7.7 1.24483004934 0.963862367674
7.8 1.16851473385 0.983976081776
7.9 1.09445677105 0.99697528919
8 1.02380410889 1.00285564238
8.1 0.957403211462 1.00187597297
8.2 0.895812244446 0.994509201839
8.3 0.839335570541 0.981384331544
8.4 0.788067972284 0.963229209161
8.5 0.74194209478 0.940818264726
8.6 0.700774907566 0.914928295995
8.7 0.664307250381 0.886305633636
8.8 0.632235987067 0.855643321547
8.9 0.604239041959 0.823566783141
9 0.579993723436 0.790626884174
9.1 0.559189211155 0.757298261025
9.2 0.54153369719 0.723982988672
9.3 0.526760138984 0.691013337718
9.4 0.514627142349 0.658659770927
9.5 0.504920208873 0.627136903166
9.6 0.497450664559 0.596610957923
9.7 0.492054088024 0.567206680146
9.8 0.488588966552 0.53901330173
9.9 0.486934367728 0.512090690273
10 0.486988208653 0.486474265064
10.1 0.488665378095 0.462179557315
10.2 0.491895940679 0.439206145601
10.3 0.496623499676 0.417540965372
10.4 0.50280363155 0.397161172823
10.5 0.510402926264 0.378036607332
10.6 0.519397457973 0.36013163116
10.7 0.529771876173 0.343407190911
10.8 0.54151843064 0.327821770078
10.9 0.554636054544 0.313333033033
11 0.569129672779 0.299898325696
11.1 0.585009322202 0.287475912597
11.2 0.602289595877 0.276025254992
11.3 0.620988819508 0.265507889907
11.4 0.64112850647 0.255887631847
11.5 0.662732533228 0.247131181997
11.6 0.685826520621 0.239208326941
11.7 0.710436899486 0.23209242903
11.8 0.736590260106 0.225760512507
11.9 0.764312424572 0.220193537078
12 0.793626898746 0.215377196829
12.1 0.824554319853 0.211301664165
12.2 0.857110575095 0.207962273397
12.3 0.891305167295 0.205359961181
12.4 0.927139877916 0.203501461856
12.5 0.964605687118 0.202400275116
12.6 1.00368101191 0.202077001973
12.7 1.04432869059 0.202560094161
12.8 1.08649170436 0.203886965711
12.9 1.13009069225 0.206104566036
13 1.1750182863 0.209270719807
13.1 1.22113428718 0.213455283936
13.2 1.26826078496 0.218741273484
13.3 1.31617427017 0.225226253491
13.4 1.3645997669 0.233023807946
13.5 1.41320327327 0.242264634621
13.6 1.46158349288 0.253097034297
13.7 1.50926412473 0.265688001031
13.8 1.55568844419 0.280221717423
13.9 1.60021097542 0.296899508852
14 1.64209889598 0.315933300734
14.1 1.68052653337 0.33754316039
14.2 1.71458952159 0.361943876877
14.3 1.74331752578 0.389331970331
14.4 1.76569893708 0.419867350385
14.5 1.78071612678 0.453649585079
14.6 1.7874014663 0.490685880664
14.7 1.78489592816 0.530860940079
14.8 1.77252614895 0.573900723026
14.9 1.74987754353 0.619346084463
15 1.71686762935 0.666532527344
15.1 1.67380106803 0.714587135387
15.2 1.62139214965 0.762452024953
15.3 1.56075582271 0.808928307982
15.4 1.49335014007 0.852748573638
15.5 1.42088300515 0.892663651391
15.6 1.34519504253 0.927534845765
15.7 1.26812344023 0.956423014379
15.8 1.19139453814 0.978642392126
15.9 1.1165192479 0.993804657231
16 1.04473433858 1.0018197717
16.1 0.976977228601 1.00287133751
16.2 0.91389023161 0.997373636585
16.3 0.855850205739 0.985914659015
16.4 0.803009757637 0.969198625928
16.5 0.75534557945 0.94799082323
16.6 0.712705078342 0.923071284389
16.7 0.674848221932 0.895198464929
16.8 0.641482211144 0.865083295896
16.9 0.612288548566 0.833372440818
17 0.586943269508 0.800639913284
17.1 0.565130799419 0.767383389952
17.2 0.546553156775 0.734026111091
17.3 0.530935288079 0.70092105916
17.4 0.518028151755 0.668356445869
17.5 0.507609186334 0.636563021829
17.6 0.499481900224 0.605721046219
17.7 0.493474850867 0.575966969959
17.8 0.489439761012 0.547400172782
17.9 0.48724973432 0.520088802053
18 0.486797185181 0.494075181831
18.1 0.48799193937 0.469380516961
18.2 0.490759676741 0.446008736786
18.3 0.495040063358 0.423950282589
18.4 0.500785280439 0.403184976274
18.5 0.507958707004 0.38368464576
18.6 0.516533664759 0.365415130785
18.7 0.526492318886 0.348338244692
18.8 0.537824706474 0.332413093674
18.9 0.550527838802 0.317597460204
19 0.564604893981 0.303848723386
19.1 0.580064451117 0.2911247679
19.2 0.596919738989 0.27938474625
19.3 0.615188057485 0.268589439377
19.4 0.63489008211 0.258701782162
19.5 0.656048959698 0.24968775092
19.6 0.678689966379 0.241516029505
19.7 0.702839355381 0.234158900475
19.8 0.728523786281 0.227592236522
19.9 0.755769366868 0.22179582855
20 0.784600408533 0.216753939971
