"Time" "Prey" "Predator"
0 1.00325940306 1.0032621971
0.1 0.938266938092 1.00029512433
0.2 0.878199491038 0.991115779412
0.3 0.823296036933 0.976390544062
0.4 0.773597238612 0.956866117391
0.5 0.728994325717 0.933322752594
0.6 0.689277942938 0.906530605456
0.7 0.654172456755 0.877221951424
0.8 0.623366311844 0.846070686636
0.9 0.596536122227 0.813679623392
1 0.573362089936 0.780576385501
1.1 0.553538266411 0.747213557297
1.2 0.536780132085 0.713971177561
1.3 0.522828130234 0.681162354711
1.4 0.511448960202 0.64903989367
1.5 0.502436408316 0.617802923163
1.6 0.49560910634 0.587604570484
1.7 0.490809818516 0.558558152445
1.8 0.487903423474 0.530743582498
1.9 0.486774862695 0.504212806828
2 0.487327368868 0.478994762715
2.1 0.48948055217 0.455099864094
2.2 0.493168704229 0.432523483489
2.3 0.498339277468 0.411249199376
2.4 0.504951276698 0.39125207349
2.5 0.512974214619 0.37250018084
2.6 0.522386899089 0.354956179395
2.7 0.533176337643 0.338580368458
2.8 0.545336942553 0.323330772746
2.9 0.55886951901 0.309164947304
3 0.573780616273 0.296040417718
3.1 0.590081712775 0.283915769439
3.2 0.607788603914 0.272751025781
3.3 0.626920639871 0.262508381438
3.4 0.6475001397 0.253152464276
3.5 0.669551571776 0.244650889192
3.6 0.693100901682 0.236974471688
3.7 0.718174664879 0.230097689125
3.8 0.744799382593 0.223998662297
3.9 0.7730002513 0.218659788036
4 0.802800024096 0.214068093456
4.1 0.834218174979 0.210215197033
4.2 0.867268711378 0.207098152309
4.3 0.901959059036 0.204719571184
4.4 0.938288073671 0.203088128404
4.5 0.976243057946 0.202219465294
4.6 1.01579821091 0.202136419246
4.7 1.05691065311 0.202870082088
4.8 1.09951700345 0.204460654716
4.9 1.14353017175 0.206958204683
5 1.18883317537 0.210424110727
5.1 1.23527513432 0.21493205574
5.2 1.28266521033 0.220569303566
5.3 1.330764909 0.227438096758
5.4 1.37928230337 0.235657144867
5.5 1.42786393894 0.245362341822
5.6 1.47608652665 0.256707672416
5.7 1.52345020927 0.269865362132
5.8 1.5693719473 0.285025053454
5.9 1.61317986142 0.302391904508
6 1.65411328054 0.322180751578
6.1 1.69132057068 0.34461186821
6.2 1.72387651967 0.369895638903
6.3 1.75079495408 0.398219916561
6.4 1.77105713531 0.429729471247
6.5 1.78365566977 0.464498986667
6.6 1.78764759234 0.502502235785
6.7 1.78222238173 0.543579801864
6.8 1.76677600691 0.587404591226
6.9 1.74098735924 0.633456890279
7 1.7048897654 0.681005330298
7.1 1.6589066737 0.72912161316
7.2 1.60387823567 0.776697605241
7.3 1.54103000248 0.822505754741
7.4 1.47190677943 0.865274659522
7.5 1.3982697897 0.903778827353
7.6 1.32197202293 0.936931582312
7.7 1.24483141824 0.963862990309
7.8 1.16851591083 0.983976842688
7.9 1.09445775362 0.996976167767
8 1.02380490138 1.0028566151
8.1 0.957403823708 1.001877015
8.2 0.895812689938 0.994510288676
8.3 0.839335864849 0.981385440247
8.4 0.788068131872 0.96323031909
8.5 0.741942135908 0.940819358147
8.6 0.700774845591 0.914929358265
8.7 0.664307099349 0.886306653139
8.8 0.632235759505 0.855644289496
8.9 0.604238748785 0.82356769329
9 0.579993374015 0.790627732458
9.1 0.559188813411 0.757299045199
9.2 0.541533257725 0.723983708008
9.3 0.526759663254 0.691013992647
9.4 0.514626634819 0.658660362781
9.5 0.50491967314 0.627137433966
9.6 0.497450103504 0.596611430153
9.7 0.492053503921 0.567207096615
9.8 0.488588361167 0.539013665435
9.9 0.48693374241 0.512091004294
10 0.486987564406 0.486474532493
10.1 0.488664715641 0.46217978119
10.2 0.491895260511 0.439206328862
10.3 0.496622802102 0.417541110829
10.4 0.502802916736 0.397161283133
10.5 0.510402194264 0.378036684983
10.6 0.519396708759 0.360131678462
10.7 0.529771109661 0.34340720999
10.8 0.541517646715 0.327821762879
10.9 0.554635253079 0.313333001314
11 0.569128853656 0.299898271036
11.1 0.585008485337 0.2874758364
11.2 0.602288741235 0.276025158483
11.3 0.620987947126 0.265507774149
11.4 0.641127616481 0.255887497733
11.5 0.662731625883 0.247131030264
11.6 0.685825596316 0.239208158164
11.7 0.710435958787 0.232092243634
11.8 0.736589303794 0.225760310752
11.9 0.764311453657 0.220193319075
12 0.793625914519 0.21537696254
12.1 0.824553323939 0.211301413382
12.2 0.857109569472 0.207962005764
12.3 0.891304154386 0.205359676167
12.4 0.927138860631 0.203501158755
12.5 0.964604668909 0.202399953052
12.6 1.00367999689 0.202076659871
12.7 1.04432768357 0.202559730754
12.8 1.08649071095 0.203886579522
12.9 1.130089719 0.206104155365
13 1.17501734073 0.209270282738
13.1 1.22113337795 0.213454818319
13.2 1.26825992196 0.218740776932
13.3 1.31617346459 0.225225723408
13.4 1.36459903139 0.233023241546
13.5 1.41320262195 0.242264028928
13.6 1.46158294136 0.253096386275
13.7 1.50926369015 0.265687307625
13.8 1.555688145 0.280220975777
13.9 1.60021083127 0.296898716446
14 1.64209892727 0.315932455689
14.1 1.68052676055 0.337542261946
14.2 1.71458996492 0.361942925532
14.3 1.74331820365 0.389330968734
14.4 1.7656998648 0.419866303918
14.5 1.78071731544 0.453648502367
14.6 1.78740292054 0.490684774366
14.7 1.78489764484 0.530859827413
14.8 1.77252811539 0.573899625863
14.9 1.74987973647 0.619345029393
15 1.71687001462 0.666531544788
15.1 1.6738036016 0.714586258046
15.2 1.62139477912 0.762451286085
15.3 1.56075849031 0.808927738787
15.4 1.49335278664 0.852748200606
15.5 1.42088557372 0.892663494075
15.6 1.34519748235 0.927534914835
15.7 1.26812570927 0.956423311095
15.8 1.19139660519 0.978642908109
15.9 1.11652109291 0.993805375701
16 1.04473595212 1.00182066924
16.1 0.976978610423 1.00287238617
16.2 0.913891388743 0.997374806031
16.3 0.855851150506 0.985915918523
16.4 0.80301050572 0.969199945985
16.5 0.75534614828 0.947992176686
16.6 0.712705485821 0.923072647193
16.7 0.674848485503 0.895199816492
16.8 0.641482347183 0.865084619164
16.9 0.612288572015 0.83337372213
17 0.586943193706 0.800641142091
17.1 0.565130636074 0.767384558472
17.2 0.54655291601 0.734027213931
17.3 0.530934978553 0.700922092929
17.4 0.51802778079 0.668357408832
17.5 0.507608760066 0.636563913581
17.6 0.499481423748 0.605721867401
17.7 0.493474328374 0.575967722017
17.8 0.489439195915 0.547400857758
17.9 0.487249129366 0.520089422415
18 0.486796542545 0.494075740337
18.1 0.487991260751 0.469381016537
18.2 0.49075896343 0.446009180442
18.3 0.495039316304 0.423950673344
18.4 0.500784500307 0.403185317101
18.5 0.507957894222 0.383684939543
18.6 0.516532819564 0.365415380286
18.7 0.526491441358 0.348338452528
18.8 0.537823796574 0.332413262301
18.9 0.550526896402 0.3175975919
19 0.564603918893 0.303848820252
19.1 0.580063443123 0.291124831844
19.2 0.596918697866 0.279384778995
19.3 0.615186983043 0.268589442443
19.4 0.634888974205 0.258701756887
19.5 0.656047818278 0.249687698445
19.6 0.678688791512 0.241515950773
19.7 0.702838147286 0.234158796244
19.8 0.72852254538 0.227592107341
19.9 0.755768093815 0.22179567478
20 0.784599104282 0.216753761763
