"Time" "Prey" "Predator"
0 1.46861591935 1.03175494075
0.1 1.3639610738 1.07561816596
0.2 1.26018324471 1.10969538316
0.3 1.15983548263 1.1332029174
0.4 1.064902692 1.14594839562
0.5 0.976764890481 1.14826795363
0.6 0.896231448507 1.14092440916
0.7 0.823625781442 1.12498065112
0.8 0.758896323275 1.10167028697
0.9 0.70172464228 1.07229106404
1 0.651623949797 1.0381170028
1.1 0.608017181001 1.00033941304
1.2 0.570296770402 0.960028744833
1.3 0.53786159062 0.918121025246
1.4 0.510144924016 0.875409963267
1.5 0.48662770778 0.832553815199
1.6 0.46684503174 0.790086230186
1.7 0.450387233114 0.748429868629
1.8 0.436897910122 0.70791095741
1.9 0.426070336689 0.668773517481
2 0.41764222655 0.631193224342
2.1 0.411391727725 0.595288633061
2.2 0.407132167758 0.561132275229
2.3 0.40470776337 0.528759639992
2.4 0.403989759795 0.49817683915
2.5 0.404872828173 0.469367161619
2.6 0.4072720392 0.442296416527
2.7 0.411120259694 0.416917386997
2.8 0.416365866027 0.393173498124
2.9 0.422970795969 0.371001849
3 0.430909044272 0.350335205266
3.1 0.440165137965 0.331104326847
3.2 0.45073299644 0.313239454593
3.3 0.462614989361 0.29667123079
3.4 0.475820901898 0.281332062817
3.5 0.490367416616 0.267156325894
3.6 0.506277187135 0.254081503084
3.7 0.523578521858 0.242048046008
3.8 0.542304583997 0.231000216857
3.9 0.562493123723 0.220885896168
4 0.584185752431 0.211657139268
4.1 0.607427639791 0.203270039984
4.2 0.632266807392 0.195685094142
4.3 0.658753702758 0.188867158237
4.4 0.686940360801 0.182785756128
4.5 0.716879943677 0.17741501194
4.6 0.748625891013 0.172733835434
4.7 0.782230372416 0.168726576067
4.8 0.817743927337 0.165382767539
4.9 0.855213504288 0.162697773155
5 0.894680677299 0.160673291503
5.1 0.936180464786 0.159317565085
5.2 0.979737655151 0.158646557327
5.3 1.02536483708 0.158684466174
5.4 1.07305920107 0.159464643588
5.5 1.12279655049 0.161031401259
5.6 1.17452876442 0.16344075155
5.7 1.22817649788 0.166762559898
5.8 1.28362119904 0.171082898268
5.9 1.34070003847 0.176505579257
6 1.39919239613 0.183155807258
6.1 1.45881070136 0.191182873893
6.2 1.51918932081 0.200763196792
6.3 1.57986632256 0.212104143361
6.4 1.64026979169 0.22544774505
6.5 1.6997031491 0.241071933534
6.6 1.75732690218 0.259293980276
6.7 1.81214545385 0.280469051714
6.8 1.86299922562 0.304983569686
6.9 1.90856336212 0.333246386726
7 1.94735451275 0.365673117549
7.1 1.97776908204 0.40265208311
7.2 1.99813722687 0.444503357833
7.3 2.00680524792 0.491424773401
7.4 2.00226084048 0.543417772082
7.5 1.98327997283 0.600211237947
7.6 1.94909780378 0.661183493623
7.7 1.89957007477 0.725306088841
7.8 1.8352984573 0.791126262559
7.9 1.75768395505 0.856807110168
8 1.6688873692 0.920230399128
8.1 1.57166337218 0.979174269945
8.2 1.46913133011 1.03151106225
8.3 1.36448128892 1.07541814983
8.4 1.26069557174 1.10954392353
8.5 1.160327002 1.13310518184
8.6 1.06536463264 1.14590428051
8.7 0.977191330197 1.14827498906
8.8 0.896618502957 1.14097844406
8.9 0.823972468366 1.12507535956
9 0.759203953713 1.1017991604
9.1 0.701995622411 1.07244739693
9.2 0.65186108179 1.03829456157
9.3 0.608223754584 1.00053224001
9.4 0.570475189167 0.960232632112
9.5 0.538015161959 0.91833086686
9.6 0.510276600653 0.875622008066
9.7 0.486739870506 0.832765340404
9.8 0.466939991091 0.790294769397
9.9 0.45046681021 0.748633663931
10 0.436963556473 0.708108781523
10.1 0.426123313274 0.668964414612
10.2 0.417683821507 0.631376328762
10.3 0.411422871798 0.595463491044
10.4 0.407153728113 0.561298577287
10.5 0.404720571493 0.528917228798
10.6 0.403994306889 0.498325756969
10.7 0.404869588814 0.46950753533
10.8 0.407261390447 0.442428408021
10.9 0.411102497225 0.417041235576
11 0.416341206688 0.393289492924
11.1 0.422939465605 0.371110127842
11.2 0.430871151788 0.350436138529
11.3 0.440120762488 0.331198273369
11.4 0.450682177344 0.313326727596
11.5 0.46255767489 0.296752247611
11.6 0.475757057518 0.281407100146
11.7 0.490296842843 0.267225908274
11.8 0.506199819086 0.254145787773
11.9 0.523494160649 0.242107375985
12 0.542213080116 0.231054814431
12.1 0.562394272013 0.220936021963
12.2 0.584079333423 0.211703029353
12.3 0.607313432753 0.203311871256
12.4 0.632144547855 0.19572307198
12.5 0.65862315601 0.188901421264
12.6 0.6868013247 0.182816394544
12.7 0.716732229959 0.177442092717
12.8 0.748469102793 0.172757567492
12.9 0.782064374532 0.168746977599
13 0.817568453108 0.165399882621
13.1 0.85502823128 0.162711659364
13.2 0.894485654831 0.160683834284
13.3 0.935975276615 0.159324814234
13.4 0.979522426551 0.158650360521
13.5 1.02513961073 0.158684665116
13.6 1.07282376072 0.159461141938
13.7 1.12255141474 0.161023856652
13.8 1.17427417403 0.163428883307
13.9 1.22791274819 0.166746057416
14 1.28334940989 0.171061197608
14.1 1.34042088359 0.176478189719
14.2 1.39890695707 0.183122141704
14.3 1.45852130334 0.191142057576
14.4 1.51889686908 0.200714366673
14.5 1.57957282642 0.212046515046
14.6 1.63997889863 0.225379679445
14.7 1.69941822723 0.240992326986
14.8 1.75705197253 0.259201749321
14.9 1.81188635721 0.280361552423
15 1.8627626425 0.304858415561
15.1 1.90835462622 0.333102527999
15.2 1.94718080905 0.365508745047
15.3 1.97763967829 0.402464455604
15.4 1.99805969449 0.444291654061
15.5 2.00678778729 0.491188309479
15.6 2.00230939616 0.543157232826
15.7 1.98340056492 0.599928144855
15.8 1.94929145852 0.660882898273
15.9 1.89983891349 0.724991285866
16 1.83563723964 0.790806176697
16.1 1.75808588093 0.856490104614
16.2 1.6693381521 0.919928958631
16.3 1.57214994106 0.978898494879
16.4 1.46963838798 1.03127086845
16.5 1.36499356145 1.07522191558
16.6 1.26119882107 1.109397592
16.7 1.16080895531 1.1330120677
16.8 1.06581581403 1.14586464044
16.9 0.977605912622 1.14828604193
17 0.896994238674 1.14103498287
17.1 0.82430948072 1.12517112934
17.2 0.759502838473 1.10192814755
17.3 0.702258281376 1.07260320374
17.4 0.65209030285 1.03847095852
17.5 0.608422633977 1.00072355868
17.6 0.570646720596 0.960434049244
17.7 0.538162211815 0.918538184634
17.8 0.51040168635 0.875831736101
17.9 0.486845767614 0.832974205061
18 0.467028597481 0.790500718321
18.1 0.45053991856 0.748834925878
18.2 0.437023004783 0.708303749005
18.3 0.426170417598 0.669152160849
18.4 0.417719689314 0.631556181797
18.5 0.411448586382 0.595634925235
18.6 0.407170099955 0.561461358513
18.7 0.404728227148 0.529071272991
18.8 0.403993957964 0.498471062786
18.9 0.404861619276 0.46964424549
19 0.407246184147 0.442556728879
19.1 0.411080330234 0.417161449776
19.2 0.41631231318 0.393401832874
19.3 0.422903972458 0.371214984006
19.4 0.430829184068 0.350533775954
19.5 0.440072356993 0.33128907933
19.6 0.45062734802 0.31341102026
19.7 0.462496394023 0.296830357279
19.8 0.475689262555 0.281479349135
19.9 0.490222502875 0.267292491817
20 0.506118716992 0.254207202641
