"Time" "Prey" "Predator"
0 1.5 1.499999
0.1 1.30698870242 1.56156621116
0.2 1.13155587391 1.5959232147
0.3 0.976910524214 1.60431132074
0.4 0.843782184233 1.58970921522
0.5 0.731177719813 1.55602696555
0.6 0.63711392084 1.50743013408
0.7 0.559192209356 1.44787600733
0.8 0.494977464351 1.38085362084
0.9 0.442217031462 1.30927666171
1 0.398937617794 1.23548127054
1.1 0.36346844284 1.16127888789
1.2 0.334428317448 1.08802940384
1.3 0.310691012711 1.01672231168
1.4 0.291346586887 0.948050548593
1.5 0.275663938378 0.882474858914
1.6 0.26305738204 0.820277294416
1.7 0.253058572518 0.76160472419
1.8 0.24529328514 0.70650310541
1.9 0.239462782349 0.654944203122
2 0.235328860844 0.606846626372
2.1 0.232701943036 0.562092000075
2.2 0.231431728857 0.520537215953
2.3 0.231399655968 0.48202395083
2.4 0.232513866859 0.446384423285
2.5 0.234703559496 0.413448446521
2.6 0.237915967402 0.383046174989
2.7 0.242113316867 0.35501107437
2.8 0.247270631589 0.329181834155
2.9 0.25337393962 0.305403756187
3 0.260418856965 0.283529600277
3.1 0.268409412766 0.263420160638
3.2 0.277357243695 0.244944411211
3.3 0.287281016609 0.22797936959
3.4 0.298205520194 0.212410662071
3.5 0.310161733069 0.198131542078
3.6 0.323186057383 0.185043289047
3.7 0.337320477971 0.173054355634
3.8 0.352612114242 0.162080437715
3.9 0.369113333474 0.15204381859
4 0.386881535179 0.142873239192
4.1 0.405979243941 0.134503406927
4.2 0.426474023511 0.1268747448
4.3 0.448438557845 0.11993302355
4.4 0.471950646114 0.113629111079
4.5 0.497093253947 0.107918686205
4.6 0.523954471323 0.102762053745
4.7 0.55262763509 0.098123879921
4.8 0.58321145368 0.0939729440657
4.9 0.615809470841 0.090282349144
5 0.650530307056 0.0870291835101
5.1 0.687487807689 0.0841942515137
5.2 0.726799776497 0.0817628758404
5.3 0.768588319278 0.079724466732
5.4 0.812979904832 0.0780722885308
5.5 0.86010245058 0.0768050519121
5.6 0.910085996448 0.0759263855168
5.7 0.963062641567 0.0754447139368
5.8 1.01916109187 0.0753757690584
5.9 1.07850604149 0.0757427976225
6 1.14121524622 0.0765776290193
6.1 1.20739505717 0.0779224714747
6.2 1.27713783149 0.0798310389823
6.3 1.35050928579 0.0823737281473
6.4 1.42754451267 0.0856391149241
6.5 1.50823470017 0.0897391213108
6.6 1.5925141896 0.0948143197009
6.7 1.68024022203 0.101042025199
6.8 1.77117110313 0.10864476771
6.9 1.86493153603 0.117903867669
7 1.96097778167 0.129173053713
7.1 2.05854870172 0.142897148098
7.2 2.15660622248 0.159634426923
7.3 2.25375943625 0.180083702424
7.4 2.34818462153 0.205110879313
7.5 2.4375321379 0.235777157476
7.6 2.51883257446 0.273357631117
7.7 2.58843068786 0.319340205948
7.8 2.64197429526 0.375374829182
7.9 2.67450369138 0.443166376875
8 2.68073877785 0.524238186541
8.1 2.65558893767 0.619579992863
8.2 2.59496049917 0.729148450478
8.3 2.49677004423 0.851312887319
8.4 2.36194764472 0.982411737443
8.5 2.19506293653 1.11666376393
8.6 2.00417048485 1.24665871279
8.7 1.79974759165 1.36441903494
8.8 1.59294577473 1.46277873622
8.9 1.39375719925 1.5366005011
9 1.2096931184 1.58343126863
9.1 1.04528219225 1.60346587792
9.2 0.90231098922 1.59898182127
9.3 0.780483563916 1.57355300299
9.4 0.678189157414 1.53129886271
9.5 0.593160566374 1.47631699016
9.6 0.52294361017 1.412332561
9.7 0.465184342326 1.34252824338
9.8 0.417775305472 1.26950088679
9.9 0.378906074115 1.19529532981
10 0.34706641999 1.12146832251
10.1 0.321017722859 1.04916988177
10.2 0.29975548638 0.979220595492
10.3 0.28247106526 0.912180494561
10.4 0.268515611398 0.848407858276
10.5 0.257370096095 0.788106990135
10.6 0.248619695526 0.731366341126
10.7 0.241933086046 0.678188811368
10.8 0.237045880586 0.628515226547
10.9 0.233747415895 0.582242563753
11 0.23187034369 0.539237820262
11.1 0.231282444408 0.499348513303
11.2 0.231880059827 0.462410740947
11.3 0.23358332708 0.42825467958
11.4 0.236331623593 0.396709927582
11.5 0.240080533468 0.367608245664
11.6 0.24479946038 0.340785722768
11.7 0.250469576776 0.316084477388
11.8 0.257082258467 0.2933537702
11.9 0.264637797999 0.272450648673
12 0.273144391121 0.25324039295
12.1 0.282617599781 0.235596250681
12.2 0.293079424641 0.21939996622
12.3 0.304558058944 0.204541306008
12.4 0.31708745308 0.19091789444
12.5 0.330707034612 0.178434957716
12.6 0.345461604004 0.167004878711
12.7 0.36140110283 0.156546997828
12.8 0.378580651356 0.146987097674
12.9 0.397060395544 0.138257222759
13 0.416905609788 0.130295186771
13.1 0.438186600594 0.123044365756
13.2 0.460978833983 0.116453302719
13.3 0.485362881925 0.110475513783
13.4 0.51142451358 0.105069186198
13.5 0.539254604751 0.100197035566
13.6 0.568949382158 0.0958259848214
13.7 0.600610318644 0.0919270683402
13.8 0.634343562679 0.0884756643796
13.9 0.670260562475 0.0854508954235
14 0.708477628789 0.0828357854408
14.1 0.749114627187 0.0806180777253
14.2 0.792296031273 0.0787892784019
14.3 0.838149839197 0.0773451873172
14.4 0.88680455582 0.0762874954996
14.5 0.938391309939 0.0756224431452
14.6 0.993041730233 0.0753617844451
14.7 1.05088186887 0.0755255331352
14.8 1.11203355953 0.0761412356064
14.9 1.17660833718 0.0772463564219
15 1.24470578101 0.0788889954005
15.1 1.31640533992 0.0811312622149
15.2 1.39175716446 0.0840530140108
15.3 1.4707735536 0.0877550865733
15.4 1.55341804205 0.0923636409672
15.5 1.63958405354 0.09803879891
15.6 1.72908060884 0.104980274223
15.7 1.82159677108 0.113441206465
15.8 1.91667106187 0.123740149507
15.9 2.01365016203 0.136277082872
16 2.11162948141 0.151555857795
16.1 2.20939014922 0.170207162384
16.2 2.30531931217 0.193016496666
16.3 2.39731798461 0.220952989907
16.4 2.48271364103 0.255190909986
16.5 2.55816993193 0.297124873608
16.6 2.61965105235 0.348338509939
16.7 2.66245491746 0.410532095325
16.8 2.68140032633 0.485347847743
16.9 2.67122704541 0.574074602309
17 2.62726971312 0.677209781717
17.1 2.54639106414 0.793917640299
17.2 2.42803009684 0.921505628058
17.3 2.27505090665 1.05514338185
17.4 2.09398883273 1.1880668823
17.5 1.89439514399 1.31239827286
17.6 1.6873487402 1.42042843849
17.7 1.48357932407 1.50596803153
17.8 1.29184753969 1.56529835986
17.9 1.11805963875 1.59744375574
18 0.965193923465 1.60381834924
18.1 0.833814154192 1.58750156599
18.2 0.722821610013 1.552445253
18.3 0.630180075947 1.50281291015
18.4 0.553475484605 1.44253105028
18.5 0.490283030204 1.37504221813
18.6 0.438371066578 1.30321140431
18.7 0.395790988228 1.22932935157
18.8 0.36089693854 1.15516723819
18.9 0.332330310785 1.08205141114
19 0.308984180328 1.01094437995
19.1 0.289964719833 0.942517758087
19.2 0.274553989332 0.877215802023
19.3 0.262176942448 0.815308013399
19.4 0.25237378417 0.756931834062
19.5 0.244777138452 0.702126268646
19.6 0.239093742706 0.650858073505
19.7 0.235089795601 0.603042314037
19.8 0.232579264592 0.558558208837
19.9 0.23141472013 0.517261104511
20 0.231479943255 0.478991775111
