"Time" "Prey" "Predator"
0 1.00326816473 1.00326716285
0.1 0.938274459137 1.00030088937
0.2 0.878205816877 0.991122177369
0.3 0.823301237908 0.976397409017
0.4 0.773601400256 0.956873292277
0.5 0.728997540796 0.93333009446
0.6 0.689280305338 0.906537988658
0.7 0.654174056998 0.877229269094
0.8 0.623367234259 0.846077850672
0.9 0.596536443675 0.813686563237
1 0.573361878707 0.780583046894
1.1 0.553537582393 0.747219900178
1.2 0.536779027071 0.713977174106
1.3 0.522826648517 0.681167987375
1.4 0.511447139299 0.649045153356
1.5 0.502434279721 0.617807807555
1.6 0.495606696245 0.587609082664
1.7 0.490807148471 0.55856229962
1.8 0.487900511053 0.530747374931
1.9 0.48677172205 0.504216257039
2 0.487324011215 0.478997884718
2.1 0.489476986242 0.455102672751
2.2 0.493164936632 0.432525994194
2.3 0.49833531302 0.411251427583
2.4 0.504947118694 0.391254034543
2.5 0.512969865141 0.372501889459
2.6 0.522382359172 0.354957649701
2.7 0.533171607503 0.338581614002
2.8 0.545332021761 0.323331806138
2.9 0.558864406642 0.309165780328
3 0.573775311095 0.29604106117
3.1 0.590076213385 0.283916233162
3.2 0.607782908903 0.272751318603
3.3 0.626914747983 0.262508511182
3.4 0.647494049996 0.253152437735
3.5 0.66954528381 0.244650712131
3.6 0.69309441566 0.236974148856
3.7 0.718167981933 0.230097224191
3.8 0.74479250509 0.223998057728
3.9 0.77299318276 0.218659045436
4 0.802792769918 0.214067213146
4.1 0.834210742575 0.210214178151
4.2 0.867261110362 0.207096992884
4.3 0.901951302117 0.204718267814
4.4 0.938280176586 0.203086676433
4.5 0.976235040346 0.202217858609
4.6 1.01579009716 0.202134650086
4.7 1.05690247211 0.202868141207
4.8 1.09950879045 0.204458530966
4.9 1.1435219687 0.206955885005
5 1.18882503135 0.210421580154
5.1 1.23526710763 0.214929297083
5.2 1.28265736835 0.220566297378
5.3 1.3307573297 0.227434821474
5.4 1.37927507668 0.235653576771
5.5 1.42785716712 0.245358454772
5.6 1.47608032438 0.256703439046
5.7 1.52344470582 0.269860753286
5.8 1.5693672831 0.285020041129
5.9 1.61317619205 0.302386459912
6 1.65411076703 0.322174851469
6.1 1.69131938398 0.344605493437
6.2 1.72387683139 0.369888779517
6.3 1.75079692965 0.398212576369
6.4 1.7710609205 0.429721674078
6.5 1.78366138734 0.464490778427
6.6 1.78765532026 0.502493693764
6.7 1.78223214643 0.543571036205
6.8 1.76678776224 0.587395752723
6.9 1.74100098937 0.633448161063
7 1.70490506324 0.680996932526
7.1 1.65892335591 0.729113791087
7.2 1.60389595413 0.776690610333
7.3 1.54104835719 0.822499834189
7.4 1.47192534875 0.865270031759
7.5 1.39828815905 0.903775665131
7.6 1.32198980931 0.93693000067
7.7 1.24484829421 0.963863036047
7.8 1.16853161968 0.98397849397
7.9 1.09447211442 0.996979340621
8 1.02381780556 1.00286117452
8.1 0.957415229629 1.0018827878
8.2 0.895822609878 0.994517079201
8.3 0.839344351569 0.981393044244
8.4 0.788075267209 0.963238534186
8.5 0.741948018526 0.940827993723
8.6 0.700779581944 0.914938241248
8.7 0.664310797029 0.886315631243
8.8 0.632238522442 0.855653232657
8.9 0.604240673954 0.823576493586
9 0.579994549791 0.790636302772
9.1 0.559189318807 0.757307317345
9.2 0.54153316226 0.723991630661
9.3 0.526759027403 0.691021528861
9.4 0.51462551053 0.658667487894
9.5 0.504918104689 0.627144133398
9.6 0.497448128254 0.596617697587
9.7 0.492051153106 0.567212932325
9.8 0.488585660694 0.53901907482
9.9 0.486930713485 0.512095996709
10 0.486984224203 0.486479120183
10.1 0.488661077833 0.462183978466
10.2 0.491891335739 0.439210151389
10.3 0.496618598465 0.417544575079
10.4 0.502798440085 0.397164405896
10.5 0.510397448582 0.378039483048
10.6 0.519391696443 0.360134168284
10.7 0.529765831775 0.343409407495
10.8 0.541512103234 0.327823683276
10.9 0.5546294431 0.313334658965
11 0.569122775607 0.299899679356
11.1 0.58500213717 0.287477007774
11.2 0.602282120618 0.27602610422
11.3 0.620981051642 0.265508504421
11.4 0.641120443824 0.255888021557
11.5 0.662724174073 0.247131355456
11.6 0.685817863925 0.239208291323
11.7 0.710427945193 0.232092190105
11.8 0.73658100945 0.225760074596
11.9 0.764302880399 0.220192903032
12 0.793617065919 0.215376367975
12.1 0.824544205691 0.211300640234
12.2 0.85710018983 0.207961052476
12.3 0.891294524686 0.205358539598
12.4 0.927128995842 0.203499834085
12.5 0.964594588292 0.202398433669
12.6 1.00366972475 0.202074937229
12.7 1.04431725003 0.202557794233
12.8 1.08648015296 0.20388441626
12.9 1.13007908134 0.206101750066
13 1.17500667707 0.209267617511
13.1 1.22112275225 0.213451872479
13.2 1.2682494097 0.218737526815
13.3 1.31616315412 0.225222142299
13.4 1.36458902543 0.233019299587
13.5 1.41319303895 0.242259693117
13.6 1.46157391643 0.253091620858
13.7 1.50925537616 0.265682074457
13.8 1.55568071249 0.280215235396
13.9 1.60020446841 0.296892429195
14 1.64209383756 0.315925583973
14.1 1.68052315962 0.337534773161
14.2 1.71458807625 0.361934795262
14.3 1.74331824905 0.389322186574
14.4 1.76570205421 0.419856879207
14.5 1.78072183449 0.453638470763
14.6 1.78740991315 0.490674205566
14.7 1.78490719658 0.530848832099
14.8 1.77253996828 0.573888621872
14.9 1.74989174341 0.619335927602
15 1.71688538893 0.666521605379
15.1 1.67382177656 0.714576162833
15.2 1.62141492305 0.762441970098
15.3 1.56078056434 0.808919033122
15.4 1.49337574883 0.852741068103
15.5 1.42090853467 0.892658513645
15.6 1.34521853866 0.927532991078
15.7 1.26814724577 0.956422203944
15.8 1.1914175361 0.978643487395
15.9 1.11654080053 0.993807945708
16 1.04475435976 1.00182501206
16.1 0.97699507429 1.00287879424
16.2 0.913905727043 0.997382989295
16.3 0.855863331348 0.985925533466
16.4 0.803020494178 0.969210744639
16.5 0.755353968135 0.948003870253
16.6 0.712711456454 0.923084782929
16.7 0.674852960845 0.895212045611
16.8 0.641485487069 0.865096764067
16.9 0.612290581558 0.8333857516
17 0.586944193431 0.800652831059
17.1 0.565130785289 0.767395711801
17.2 0.546552333562 0.734037740606
17.3 0.530933926698 0.700931854762
17.4 0.518026160456 0.668366598985
17.5 0.507606696797 0.636572447621
17.6 0.499478942878 0.605729781136
17.7 0.493471422486 0.575975068058
17.8 0.489435923267 0.5474076314
17.9 0.487245385936 0.520095724217
18 0.486792318991 0.494081588345
18.1 0.487986638469 0.469386355262
18.2 0.490753975822 0.446014038781
18.3 0.495034061597 0.423955087598
18.4 0.500778918175 0.403189309318
18.5 0.507951990814 0.383688573073
18.6 0.516526583907 0.365418641492
18.7 0.52648485886 0.348341389974
18.8 0.537816869398 0.332415864613
18.9 0.550519605551 0.317599899912
19 0.564596269482 0.303850823675
19.1 0.580055423773 0.291126554598
19.2 0.596910357599 0.279386129444
19.3 0.615178343302 0.268590393493
19.4 0.634879996562 0.258702443036
19.5 0.656038566745 0.249688045329
19.6 0.678679215882 0.241516038328
19.7 0.702828236726 0.234158645302
19.8 0.72851222449 0.227591798575
19.9 0.75575740576 0.221795170735
20 0.784588065088 0.216753028648
