"Time" "Prey" "Predator"
0 1.00244909407 1.00244909407
0.1 0.937615414259 0.99941146501
0.2 0.877696151117 0.990183137766
0.3 0.822928227303 0.97542938344
0.4 0.773351397983 0.955894957177
0.5 0.728856856102 0.932357721245
0.6 0.689235829241 0.905585241659
0.7 0.654213681465 0.876307195034
0.8 0.623480073281 0.845195026013
0.9 0.596712875432 0.812849359346
1 0.573593590393 0.779795866903
1.1 0.553817469965 0.746485500985
1.2 0.537101096356 0.713296948367
1.3 0.523185896298 0.680542227749
1.4 0.511839428875 0.64847328974
1.5 0.50285622263 0.617288613912
1.6 0.496055546571 0.587140842655
1.7 0.49128070928 0.558142955122
1.8 0.488397043507 0.530374646039
1.9 0.487289872574 0.503887727613
2 0.487862748216 0.478711092383
2.1 0.490035545981 0.454855139927
2.2 0.493742773993 0.432315306543
2.3 0.498932062993 0.411075246335
2.4 0.505562564863 0.391110112549
2.5 0.513603901081 0.372388126595
2.6 0.523034968704 0.354872082735
2.7 0.533842838443 0.338522400089
2.8 0.546021963761 0.323297265508
2.9 0.559573174379 0.309154372456
3 0.574503021269 0.296051401667
3.1 0.59082296768 0.283947082379
3.2 0.608548773581 0.272801586708
3.3 0.627699734334 0.262577251617
3.4 0.648298093266 0.253238848354
3.5 0.670368221449 0.244754130946
3.6 0.693935965644 0.237094051162
3.7 0.719027709988 0.230233226739
3.8 0.745669783833 0.224149932553
3.9 0.77388720151 0.21882667693
4 0.803702444535 0.214250646357
4.1 0.835134696015 0.21041360708
4.2 0.868197651123 0.207312747716
4.3 0.902898313431 0.204950852783
4.4 0.939235119154 0.203336749135
4.5 0.977194853192 0.202486248633
4.6 1.01675109162 0.202422382882
4.7 1.05786036223 0.203176414047
4.8 1.10045847097 0.20478875978
4.9 1.14445747663 0.207309703211
5 1.1897395048 0.210800830072
5.1 1.23615254409 0.215336061985
5.2 1.28350464017 0.221002899141
5.3 1.33155604728 0.227903790526
5.4 1.38001343128 0.236157641298
5.5 1.42852191834 0.245900564475
5.6 1.47665684523 0.257286589842
5.7 1.52391675842 0.270488043662
5.8 1.56971751239 0.285694286833
5.9 1.61338575612 0.303110364717
6 1.65416048985 0.322950289483
6.1 1.69118953674 0.34543352437
6.2 1.72354810125 0.370769143614
6.3 1.75025152162 0.399143033739
6.4 1.77028425851 0.43069726686
6.5 1.78264254923 0.465503601866
6.6 1.78638971569 0.50353185604
6.7 1.78072226404 0.544618526416
6.8 1.76504632371 0.58843100385
6.9 1.73905038816 0.634445656722
7 1.70277341229 0.681931296725
7.1 1.65665248181 0.729953051083
7.2 1.60153402033 0.777404222629
7.3 1.53864753342 0.823059433725
7.4 1.46953973352 0.865650779566
7.5 1.39596919135 0.903960235841
7.6 1.3197832958 0.936908636819
7.7 1.24279216003 0.96363468925
7.8 1.16665089135 0.983552794238
7.9 1.09278599938 0.996370005865
8 1.02233458859 1.00208945438
8.1 0.956135647293 1.00097334521
8.2 0.894741135561 0.993496576951
8.3 0.838450536794 0.980288862108
8.4 0.787355489809 0.962077066794
8.5 0.741387295321 0.939633345702
8.6 0.700362010844 0.913732099166
8.7 0.664021290449 0.885116447712
8.8 0.632062808237 0.854476220002
8.9 0.604165765256 0.822433891846
9 0.580008837697 0.789537593846
9.1 0.559282468082 0.756259819019
9.2 0.541696612091 0.722999898793
9.3 0.52698511582 0.690088852422
9.4 0.514907970772 0.657795476912
9.5 0.505251629982 0.626333326462
9.6 0.497828259252 0.595867764709
9.7 0.492474263105 0.566522699554
9.8 0.489048656776 0.538386924071
9.9 0.487431310412 0.511519928377
10 0.487520525046 0.485956933396
10.1 0.489231601371 0.461713206071
10.2 0.492494885187 0.43878842356
10.3 0.497254314332 0.417169279928
10.4 0.503465799149 0.396833144187
10.5 0.511096072145 0.3777497611
10.6 0.520121400212 0.359883723219
10.7 0.530526550062 0.343196013585
10.8 0.542303902469 0.327645274331
10.9 0.555452444344 0.313189336911
11 0.56997704532 0.299785983173
11.1 0.585887927325 0.287393116209
11.2 0.603199621422 0.275970517042
11.3 0.621930504259 0.265479845651
11.4 0.642102024195 0.255885127211
11.5 0.663737994176 0.247153220692
11.6 0.686863909105 0.239254090349
11.7 0.711506148187 0.232161206085
11.8 0.737691118454 0.225851783026
11.9 0.765444279937 0.220307140828
12 0.794789069116 0.215512957438
12.1 0.825745679352 0.211459686573
12.2 0.858329596712 0.208142869707
12.3 0.892549916095 0.205563619138
12.4 0.928407944997 0.203728877589
12.5 0.965893825901 0.202652432587
12.6 1.00498565374 0.202355028238
12.7 1.0456451336 0.202865466444
12.8 1.08781427749 0.204221451281
12.9 1.13141342229 0.206470049222
13 1.17633270515 0.209669714821
13.1 1.22243202949 0.213890348436
13.2 1.26953088436 0.219215431748
13.3 1.31740411603 0.225743035248
13.4 1.36577633327 0.233586779198
13.5 1.41430959838 0.242877613287
13.6 1.46260205315 0.25376452946
13.7 1.51017558394 0.266413777001
13.8 1.55647018597 0.281010584247
13.9 1.60083938085 0.297756548179
14 1.64254698336 0.316863094731
14.1 1.68076948406 0.338547500308
14.2 1.71459994762 0.363024884083
14.3 1.74306784734 0.390490308384
14.4 1.76516446504 0.421099995553
14.5 1.77987687015 0.454949809335
14.6 1.78624298814 0.492042704861
14.7 1.78341295552 0.532257568491
14.8 1.77072174236 0.575315804616
14.9 1.74776769738 0.620751573472
15 1.7144811237 0.667894889125
15.1 1.6711796685 0.715867937499
15.2 1.61858908271 0.763611363994
15.3 1.5578325599 0.809926535687
15.4 1.49037274592 0.85354949542
15.5 1.41791839505 0.893237346632
15.6 1.34230483457 0.927860863663
15.7 1.26536569372 0.956488023313
15.8 1.18881425062 0.978446802614
15.9 1.1141495843 0.993359104405
16 1.04259647795 1.00114365305
16.1 0.975080727915 1.00199138748
16.2 0.912235326999 0.996320799151
16.3 0.854429399272 0.984722222701
16.4 0.801810605852 0.967899665578
16.5 0.754352478509 0.946616786146
16.6 0.711900878508 0.921650918468
16.7 0.674215354372 0.893757266765
16.8 0.641003445095 0.863643312431
16.9 0.611947891905 0.831951950132
17 0.586726127067 0.799253502263
17.1 0.565024091144 0.766042658564
17.2 0.546545278085 0.732739922693
17.3 0.531016256806 0.699695703727
17.4 0.518189292195 0.66719631799
17.5 0.50784297448 0.635470850394
17.6 0.499782232782 0.604698012468
17.7 0.493836489819 0.57501323195
17.8 0.489858380489 0.546515032188
17.9 0.487721722005 0.519270965923
18 0.487319602323 0.493322782829
18.1 0.488562536698 0.468691242566
18.2 0.491376635692 0.445380172263
18.3 0.495702001333 0.423379790335
18.4 0.501491244668 0.402669742745
18.5 0.508707986514 0.38322204576
18.6 0.517325732165 0.365002955338
18.7 0.527326923284 0.347973870658
18.8 0.53870177213 0.332093899622
18.9 0.551447451388 0.317321110646
19 0.565567298048 0.303612933589
19.1 0.581069950098 0.290927520413
19.2 0.597968752962 0.279224045903
19.3 0.616280990944 0.26846358514
19.4 0.636027278077 0.258609376312
19.5 0.657230797567 0.249627431646
19.6 0.679916674126 0.241486724465
19.7 0.704111080022 0.234159694098
19.8 0.729840506512 0.227622416201
19.9 0.757130691895 0.221855054448
20 0.786005951512 0.216841839919
