"Time" "Prey" "Predator"
0 1.0032675635 1.00326734951
0.1 0.938273877259 1.00030101625
0.2 0.878205260794 0.991122246644
0.3 0.823300711983 0.976397424412
0.4 0.773600907067 0.956873258593
0.5 0.728997081483 0.933330017152
0.6 0.689279879939 0.906537873472
0.7 0.654173664754 0.877229121777
0.8 0.623366873875 0.846077676756
0.9 0.59653611352 0.813686367897
1 0.573361576979 0.780582834851
1.1 0.553537307232 0.747219675656
1.2 0.536778776644 0.71397694082
1.3 0.522826421072 0.681167748543
1.4 0.511446933202 0.649044911725
1.5 0.502434093471 0.617807565441
1.6 0.495606528488 0.587608841989
1.7 0.490806997997 0.55856206196
1.8 0.487900376798 0.530747141553
1.9 0.486771603086 0.504216028947
2 0.487323906744 0.478997662685
2.1 0.489476895586 0.455102457357
2.2 0.493164859226 0.432525785853
2.3 0.498335248404 0.411251226569
2.4 0.504947066503 0.391253841018
2.5 0.512969825098 0.372501703493
2.6 0.522382331084 0.354957471287
2.7 0.533171591251 0.33858144307
2.8 0.545332017297 0.32333164257
2.9 0.558864413986 0.309165623971
3 0.573775330327 0.296040911844
3.1 0.590076244641 0.283916090668
3.2 0.607782952375 0.272751182732
3.3 0.626914803911 0.262508381718
3.4 0.647494118668 0.253152314462
3.5 0.669545365557 0.244650594837
3.6 0.693094510854 0.236974037337
3.7 0.718168090981 0.230097118256
3.8 0.744792628429 0.223997957206
3.9 0.772993320859 0.218658950166
4 0.802792923264 0.214067122995
4.1 0.834210911668 0.210214093011
4.2 0.867261295715 0.207096912675
4.3 0.901951504233 0.204718192493
4.4 0.938280395962 0.203086605992
4.5 0.976235277446 0.202217793083
4.6 1.0157903524 0.202134589564
4.7 1.05690274585 0.202868085829
4.8 1.09950908296 0.204458480943
4.9 1.14352228011 0.206955840621
5 1.18882536167 0.210421541777
5.1 1.23526745664 0.214929265185
5.2 1.28265773561 0.220566272545
5.3 1.33075771447 0.227434804421
5.4 1.37927547782 0.23565356836
5.5 1.42785758309 0.245358456043
5.6 1.4760807531 0.256703451216
5.7 1.5234451446 0.269860777799
5.8 1.56936772857 0.285020079607
5.9 1.61317663998 0.302386514268
6 1.65411121246 0.322174923757
6.1 1.6913198209 0.344605585969
6.2 1.72387725288 0.369888894743
6.3 1.75079732789 0.398212716783
6.4 1.77106128702 0.429721842048
6.5 1.78366171299 0.464490976114
6.6 1.78765559583 0.502493922762
6.7 1.7822323629 0.54357129736
6.8 1.7667879116 0.587396045671
6.9 1.74100106489 0.63344848421
7 1.70490506064 0.680997282421
7.1 1.65892327354 0.729114162572
7.2 1.6038957933 0.776690996618
7.3 1.54104812249 0.822500226933
7.4 1.47192504763 0.865270421677
7.5 1.39828780129 0.903776042567
7.6 1.32198940634 0.936930356221
7.7 1.24484785816 0.963863361287
7.8 1.1685311625 0.983978781967
7.9 1.0944716472 0.996979586266
8 1.02381733804 1.00286137467
8.1 0.957414769859 1.00188294125
8.2 0.895822164129 0.994517186442
8.3 0.839343924431 0.981393107196
8.4 0.78807486175 0.963238555851
8.5 0.741947636552 0.940827977829
8.6 0.700779224249 0.914938191948
8.7 0.664310463639 0.886315552859
8.8 0.632238212832 0.855653129481
8.9 0.604240387227 0.823576369729
9 0.579994284823 0.790636162069
9.1 0.559189074355 0.75730716329
9.2 0.541532937034 0.723991466392
9.3 0.526758820134 0.69102135714
9.4 0.514625320005 0.658667311117
9.5 0.504917929768 0.62714395363
9.6 0.497447967893 0.596617516573
9.7 0.492051006361 0.567212751527
9.8 0.488585526718 0.539018895448
9.9 0.486930591536 0.512095819746
10 0.48698411363 0.48647894642
10.1 0.488660978079 0.462183808521
10.2 0.491891246335 0.439209985741
10.3 0.496618519016 0.417544414077
10.4 0.502798370278 0.397164249791
10.5 0.510397388171 0.378039331998
10.6 0.519391645251 0.36013402238
10.7 0.529765789684 0.343409266765
10.8 0.541512070184 0.327823547702
10.9 0.554629419086 0.313334528488
11 0.569122760675 0.29989955389
11.1 0.585002131416 0.287476887208
11.2 0.602282124184 0.276025988425
11.3 0.620981064713 0.265508393259
11.4 0.641120466629 0.255887914881
11.5 0.662724206879 0.247131253117
11.6 0.685817907041 0.239208193173
11.7 0.710427998958 0.232092096
11.8 0.736581074245 0.225759984396
11.9 0.764302956631 0.220192816607
12 0.793617154024 0.21537628521
12.1 0.824544306136 0.211300561025
12.2 0.857100303091 0.207960976742
12.3 0.891294651262 0.205358467273
12.4 0.927129136242 0.203499765129
12.5 0.964594743014 0.202398368073
12.6 1.0036698943 0.202074875013
12.7 1.04431743487 0.202557735456
12.8 1.08648035352 0.203884361027
12.9 1.13007929799 0.20610169853
13 1.17500691011 0.209267569889
13.1 1.22112300184 0.213451829056
13.2 1.2682496759 0.218737487957
13.3 1.31616343675 0.225222108469
13.4 1.36458932411 0.233019271365
13.5 1.41319335302 0.242259671199
13.6 1.46157424484 0.253091606094
13.7 1.50925571745 0.265682067854
13.8 1.5556810647 0.280215238156
13.9 1.60020482898 0.296892442711
14 1.64209420331 0.315925609832
14.1 1.68052352652 0.3375348132
14.2 1.71458843964 0.361934851419
14.3 1.74331860343 0.38932226096
14.4 1.76570239324 0.41985697402
14.5 1.78072215128 0.453638588103
14.6 1.78741020028 0.490674347327
14.7 1.78490744652 0.530848999767
14.8 1.77254017371 0.573888816236
14.9 1.74989189775 0.619336148533
15 1.71688548692 0.666521851514
15.1 1.67382181453 0.714576431627
15.2 1.62141489966 0.762442257434
15.3 1.56078048053 0.808919333631
15.4 1.49337560804 0.852741375277
15.5 1.42090834246 0.892658820276
15.6 1.34521830227 0.927533289764
15.7 1.26814697362 0.956422487538
15.8 1.19141723702 0.978643749534
15.9 1.11654048314 0.993808181217
16 1.04475403205 1.00182521709
16.1 0.976994743255 1.0028789664
16.2 0.913905398453 0.997383127587
16.3 0.855863009768 0.985925638089
16.4 0.803020183008 0.969210816797
16.5 0.755353669723 0.948003911922
16.6 0.712711172271 0.92308479661
16.7 0.674852691682 0.895212034105
16.8 0.641485233172 0.865096730323
16.9 0.612290342779 0.833385698565
17 0.586943969349 0.80065276158
17.1 0.56513057531 0.76739562855
17.2 0.546552136976 0.734037646061
17.3 0.53093374276 0.700931751146
17.4 0.518025988402 0.668366488291
17.5 0.507606535883 0.6365723316
17.6 0.499478792404 0.605729661307
17.7 0.493471281795 0.575974945734
17.8 0.489435791759 0.547407507696
17.9 0.487245263073 0.520095600072
18 0.486792204291 0.494081464543
18.1 0.487986531515 0.469386232447
18.2 0.490753876251 0.446013917477
18.3 0.495033969103 0.423954968224
18.4 0.500778832504 0.403189192199
18.5 0.507951911764 0.383688458461
18.6 0.516526511324 0.365418529566
18.7 0.526484792637 0.348341280862
18.8 0.53781680947 0.332415758392
18.9 0.550519551897 0.317599796622
19 0.564596222121 0.303850723321
19.1 0.580055382763 0.291126457161
19.2 0.596910323038 0.279386034879
19.3 0.615178315324 0.268590301743
19.4 0.634879975339 0.258702354026
19.5 0.656038552483 0.249687958978
19.6 0.678679208825 0.241515954545
19.7 0.702828237152 0.234158563994
19.8 0.728512232712 0.227591719645
19.9 0.755757422129 0.221795094086
20 0.784588089983 0.216752954189
