"Time" "Prey" "Predator"
0 1.0032680086 1.0032671633
0.1 0.93827431402 1.00030087474
0.2 0.878205683578 0.991122149074
0.3 0.823301116723 0.976397368718
0.4 0.773601291086 0.956873241765
0.5 0.728997443253 0.933330035549
0.6 0.689280218842 0.906537923101
0.7 0.654173980855 0.877229198528
0.8 0.623367167724 0.84607777658
0.9 0.596536385992 0.813686486934
1 0.573361829147 0.780582969514
1.1 0.553537540266 0.747219822684
1.2 0.536778991746 0.713977097298
1.3 0.522826619421 0.681167911905
1.4 0.511447115922 0.649045079745
1.5 0.502434261614 0.617807736208
1.6 0.495606683016 0.587609013885
1.7 0.49080713978 0.55856223363
1.8 0.487900506611 0.530747311879
1.9 0.486771721613 0.504216197018
2 0.487324014578 0.478997827769
2.1 0.489476993237 0.45510261888
2.2 0.493164947121 0.432525943374
2.3 0.498335326896 0.411251379763
2.4 0.504947135874 0.391253989655
2.5 0.512969885566 0.372501847423
2.6 0.522382382803 0.354957610428
2.7 0.533171634318 0.338581577395
2.8 0.545332051755 0.323331772098
2.9 0.558864439824 0.309165748757
3 0.573775347487 0.296041031968
3.1 0.590076253018 0.283916206235
3.2 0.607782951818 0.272751293861
3.3 0.626914794229 0.26250848854
3.4 0.647494099627 0.253152417114
3.5 0.669545336885 0.244650693458
3.6 0.69309447224 0.236974132068
3.7 0.71816804208 0.230097209232
3.8 0.744792568862 0.223998044555
3.9 0.772993250215 0.218659034011
4 0.802792841104 0.214067203445
4.1 0.83421081753 0.21021417016
4.2 0.867261189112 0.207096986603
4.3 0.901951384669 0.204718263256
4.4 0.938280262924 0.203086673627
4.5 0.976235130425 0.202217857599
4.6 1.0157901909 0.202134650935
4.7 1.05690256939 0.202868143996
4.8 1.0995088911 0.204458535801
4.9 1.14352207247 0.206955892015
5 1.18882513794 0.210421589494
5.1 1.23526721664 0.214929308941
5.2 1.28265747928 0.220566311974
5.3 1.33075744194 0.227434839064
5.4 1.37927518948 0.235653597648
5.5 1.42785727958 0.245358479274
5.6 1.47608043543 0.25670346755
5.7 1.5234448142 0.269860786217
5.8 1.56936738736 0.285020078936
5.9 1.61317629051 0.302386503098
6 1.65411085785 0.322174900525
6.1 1.69131946507 0.344605548873
6.2 1.72387690052 0.369888841808
6.3 1.75079698446 0.398212645911
6.4 1.77106095865 0.429721751122
6.5 1.78366140653 0.464490863051
6.6 1.78765531844 0.502493785754
6.7 1.78223212192 0.543571135016
6.8 1.76678771397 0.58739585735
6.9 1.74100091694 0.6334482701
7 1.70490496722 0.680997044002
7.1 1.65892323779 0.729113902606
7.2 1.6038958163 0.77669071918
7.3 1.54104820293 0.822499937412
7.4 1.47192518194 0.865270126428
7.5 1.39828798394 0.903775748538
7.6 1.32198963022 0.936930070511
7.7 1.24484811523 0.963863090607
7.8 1.16853144443 0.983978532218
7.9 1.0944719459 0.996979362219
8 1.02381764609 1.00286117978
8.1 0.957415080828 1.00188277761
8.2 0.895822472727 0.994517054856
8.3 0.839344226511 0.981393007346
8.4 0.788075154251 0.963238486508
8.5 0.741947917356 0.940827937084
8.6 0.70077949203 0.91493817743
8.7 0.664310717704 0.886315561926
8.8 0.632238452968 0.855653159377
8.9 0.604240613573 0.823576417712
9 0.579994497762 0.790636225494
9.1 0.559189274427 0.757307239678
9.2 0.541533124876 0.723991553456
9.3 0.526758996424 0.691021452814
9.4 0.514625485426 0.658667413563
9.5 0.504918084993 0.627144061222
9.6 0.497448113554 0.5966176279
9.7 0.492051143049 0.567212865372
9.8 0.488585654975 0.539019010772
9.9 0.486930711847 0.512095935672
10 0.486984226428 0.486479062215
10.1 0.488661083742 0.462183923581
10.2 0.491891345187 0.439210099571
10.3 0.496618611333 0.417544526283
10.4 0.502798456285 0.39716436006
10.5 0.510397468048 0.378039440093
10.6 0.51939171913 0.360134128122
10.7 0.529765857656 0.343409370032
10.8 0.541512132299 0.327823648414
10.9 0.554629475354 0.313334626605
11 0.569122811067 0.299899649399
11.1 0.585002175866 0.287476980124
11.2 0.602282162587 0.276026078784
11.3 0.620981096932 0.265508481113
11.4 0.641120492487 0.255888000295
11.5 0.662724226167 0.247131336167
11.6 0.685817919511 0.23920827394
11.7 0.710428004332 0.232092174571
11.8 0.736581072203 0.225760060861
11.9 0.764302946823 0.220192891058
12 0.793617136066 0.215376357733
12.1 0.824544279604 0.211300631708
12.2 0.857100267538 0.207961045662
12.3 0.891294606201 0.205358534504
12.4 0.927129081157 0.203499830734
12.5 0.964594677371 0.202398432101
12.6 1.00366981752 0.202074937501
12.7 1.0443173464 0.202557796422
12.8 1.08648025275 0.203884420463
12.9 1.13007918434 0.206101756404
13 1.175006783 0.209267626134
13.1 1.22112286073 0.213451883563
13.2 1.26824952028 0.21873754057
13.3 1.3161632662 0.22522215897
13.4 1.36458913832 0.233019319459
13.5 1.41319315179 0.242259716513
13.6 1.4615740282 0.253091648144
13.7 1.50925548566 0.265682106042
13.8 1.55568081832 0.280215271729
13.9 1.60020456897 0.296892470759
14 1.64209393104 0.31592563127
14.1 1.68052324399 0.337534826706
14.2 1.71458814933 0.361934855533
14.3 1.74331830852 0.389322253992
14.4 1.7657020977 0.419856954085
14.5 1.78072185967 0.453638553232
14.6 1.78740991788 0.49067429551
14.7 1.78490717905 0.530848929077
14.8 1.7725399272 0.573888725036
14.9 1.74989167817 0.619336035645
15 1.71688529981 0.666521716497
15.1 1.67382166473 0.714576274778
15.2 1.62141479067 0.762442080212
15.3 1.56078041444 0.808919138509
15.4 1.49337558514 0.852741165799
15.5 1.42090836137 0.892658600838
15.6 1.34521836007 0.927533065328
15.7 1.2681470661 0.956422263343
15.8 1.19141735914 0.978643530691
15.9 1.11654062947 0.993807972361
16 1.04475419714 1.00182502219
16.1 0.976994921939 1.00287878858
16.2 0.913905586121 0.997382969036
16.3 0.855863202448 0.985925500136
16.4 0.80302037743 0.969210699969
16.5 0.755353863311 0.94800381606
16.6 0.712711363078 0.923084721017
16.7 0.674852878282 0.895211977699
16.8 0.641485414597 0.865096691739
16.9 0.612290518421 0.833385676277
17 0.586944138878 0.800652753988
17.1 0.565130738604 0.76739563405
17.2 0.546552294074 0.734037663077
17.3 0.530933893797 0.700931778195
17.4 0.518026133593 0.668366523982
17.5 0.507606675483 0.636572374655
17.6 0.499478926686 0.605729710571
17.7 0.493471411046 0.575975000166
17.8 0.489435916258 0.547407566371
17.9 0.487245383086 0.520095662177
18 0.486792320071 0.494081529366
18.1 0.487986643289 0.469386299369
18.2 0.490753984226 0.446013985967
18.3 0.49503407346 0.423955037827
18.4 0.500778933399 0.40318926253
18.5 0.507952009325 0.383688529196
18.6 0.516526605654 0.365418600439
18.7 0.526484883813 0.348341351654
18.8 0.53781689754 0.332415828927
18.9 0.550519636884 0.317599866761
19 0.564596304019 0.30385079296
19.1 0.58005546154 0.291126526222
19.2 0.596910398632 0.279386103313
19.3 0.615178387645 0.268590369518
19.4 0.634880044267 0.258702421134
19.5 0.656038617867 0.249688025424
19.6 0.678679270482 0.241516020351
19.7 0.702828294866 0.234158629192
19.8 0.72851228623 0.227591784281
19.9 0.75575747116 0.221795158216
20 0.784588134201 0.216753017871
