"Time" "Prey" "Predator"
0 1.00325940306 1.0032601971
0.1 0.938267187528 1.00029314302
0.2 0.878199953664 0.991113851864
0.3 0.823296677911 0.976388699311
0.4 0.773598025903 0.956864378101
0.5 0.728995230858 0.93332113528
0.6 0.689278941358 0.906529121023
0.7 0.654173527774 0.877220605884
0.8 0.623367438431 0.846069481938
0.9 0.596537290565 0.813678558277
1 0.57336328909 0.780575456183
1.1 0.553539487848 0.747212758181
1.2 0.536781369278 0.713970501801
1.3 0.5228293783 0.68116179467
1.4 0.51145021558 0.649039441298
1.5 0.502437668499 0.617802570282
1.6 0.49561036965 0.587604309
1.7 0.490811083928 0.558557974512
1.8 0.487904690454 0.530743480632
1.9 0.486776131078 0.504212773972
2 0.487328638763 0.478994792288
2.1 0.489481823874 0.45509995003
2.2 0.493169978164 0.432523620215
2.3 0.498340554127 0.411249381825
2.4 0.504952556606 0.391252297059
2.5 0.512975498285 0.372500441433
2.6 0.522388186977 0.354956473363
2.7 0.533177630146 0.338580692543
2.8 0.545338239961 0.323331124109
2.9 0.558870821493 0.309165323461
3 0.57378192385 0.296040816543
3.1 0.59008302529 0.283916189124
3.2 0.607789921011 0.272751464826
3.3 0.626921960962 0.262508838624
3.4 0.647501463939 0.253152938654
3.5 0.669552898024 0.244651380063
3.6 0.693102228474 0.236974978591
3.7 0.718175990377 0.230098211831
3.8 0.744800704526 0.223999200815
3.9 0.773001566971 0.218660342556
4 0.802801330257 0.214068664398
4.1 0.834219467801 0.210215785029
4.2 0.867269986412 0.207098758179
4.3 0.90196031107 0.204720195976
4.4 0.938289296727 0.203088773362
4.5 0.976244245144 0.202220131871
4.6 1.01579935434 0.202137109127
4.7 1.05691174388 0.202870797146
4.8 1.09951803138 0.204461397055
4.9 1.1435311254 0.206958976622
5 1.18883404197 0.210424914762
5.1 1.2352758995 0.214932894558
5.2 1.28266585823 0.220570180005
5.3 1.33076542217 0.227439013719
5.4 1.37928266266 0.235658105254
5.5 1.42786412366 0.245363348488
5.6 1.47608651477 0.25670872787
5.7 1.52344997743 0.269866468485
5.8 1.56937147168 0.28502621184
5.9 1.6131791176 0.302393115169
6 1.65411224544 0.322182012766
6.1 1.69131922258 0.344613176147
6.2 1.72387484018 0.369896986882
6.3 1.7507929298 0.398221294134
6.4 1.77105476042 0.429730863233
6.5 1.783652947 0.464500372929
6.6 1.78764453636 0.502503590161
6.7 1.78221901989 0.54358109249
6.8 1.76677238157 0.587405780239
6.9 1.74098352605 0.633457936329
7 1.7048857945 0.681006188666
7.1 1.65890264512 0.729122239847
7.2 1.60387423494 0.776697960561
7.3 1.54102611633 0.822505806001
7.4 1.4719030893 0.865274385094
7.5 1.39826636637 0.903778218905
7.6 1.32196892276 0.936930645563
7.7 1.24482868044 0.963861745036
7.8 1.16851355687 0.983975320862
7.9 1.09445578849 0.996974410612
8 1.0238033164 1.00285466966
8.1 0.95740259922 1.00187493094
8.2 0.895811798957 0.994508115001
8.3 0.839335276236 0.981383222842
8.4 0.788067812698 0.963228099234
8.5 0.741942053655 0.940817171305
8.6 0.700774969543 0.914927233726
8.7 0.664307401416 0.886304614134
8.8 0.632236214632 0.855642353599
8.9 0.604239335135 0.823565872994
9 0.579994072858 0.790626035892
9.1 0.5591896089 0.757297476852
9.2 0.541534136656 0.723982269338
9.3 0.526760614715 0.69101268279
9.4 0.51462764988 0.658659179074
9.5 0.504920744609 0.627136372367
9.6 0.497451225614 0.596610485693
9.7 0.492054672128 0.567206263677
9.8 0.488589571938 0.539012938027
9.9 0.486934993046 0.512090376253
10 0.486988852901 0.486473997636
10.1 0.488666040551 0.462179333441
10.2 0.491896620849 0.439205962341
10.3 0.496624197252 0.417540819916
10.4 0.502804346366 0.397161062513
10.5 0.510403658266 0.378036529683
10.6 0.519398207189 0.360131583859
10.7 0.529772642685 0.343407171832
10.8 0.541519214567 0.327821777279
10.9 0.554636856011 0.313333064753
11 0.569130491902 0.299898380356
11.1 0.585010159068 0.287475988796
11.2 0.60229045052 0.276025351502
11.3 0.620989691891 0.265508005665
11.4 0.641129396459 0.255887765961
11.5 0.662733440573 0.247131333731
11.6 0.685827444926 0.239208495719
11.7 0.710437840184 0.232092614428
11.8 0.736591216419 0.225760714264
11.9 0.764313395488 0.220193755081
12 0.793627882973 0.215377431119
12.1 0.824555315765 0.211301914948
12.2 0.857111580716 0.207962541031
12.3 0.891306180203 0.205360246197
12.4 0.9271408952 0.203501764957
12.5 0.964606705325 0.20240059718
12.6 1.00368202693 0.202077344077
12.7 1.04432969762 0.20256045757
12.8 1.08649269777 0.203887351901
12.9 1.1300916655 0.206104976709
13 1.17501923187 0.209271156878
13.1 1.22113519641 0.213455749555
13.2 1.26826164795 0.218741770037
13.3 1.31617507573 0.225226783576
13.4 1.36460050241 0.233024374348
13.5 1.41320392458 0.242265240315
13.6 1.46158404439 0.25309768232
13.7 1.50926455931 0.265688694438
13.8 1.55568874339 0.280222459071
13.9 1.60021111957 0.296900301258
14 1.64209886467 0.315934145781
14.1 1.68052630619 0.337544058835
14.2 1.71458907826 0.361944828221
14.3 1.74331684789 0.389332971927
14.4 1.76569800936 0.419868396851
14.5 1.78071493811 0.453650667789
14.6 1.78740001204 0.49068698696
14.7 1.78489421146 0.530862052741
14.8 1.77252418251 0.573901820184
14.9 1.74987535059 0.619347139527
15 1.71686524408 0.666533509893
15.1 1.67379853446 0.714588012721
15.2 1.62138952018 0.762452763813
15.3 1.56075315511 0.808928877169
15.4 1.49334749352 0.85274894666
15.5 1.42088043659 0.892663808699
15.6 1.34519260271 0.927534776687
15.7 1.2681211712 0.956422717655
15.8 1.19139247111 0.978641876137
15.9 1.11651740289 0.993803938755
16 1.04473272505 1.00181887414
16.1 0.976975846789 1.00287028886
16.2 0.913889074486 0.997372467138
16.3 0.855849260979 0.985913399506
16.4 0.80300900956 0.969197305871
16.5 0.755345010625 0.947989469776
16.6 0.71270467087 0.923069921587
16.7 0.674847958366 0.895197113367
16.8 0.641482075109 0.865081972631
16.9 0.612288525121 0.833371159509
17 0.586943345313 0.80063868448
17.1 0.565130962768 0.767382221436
17.2 0.546553397542 0.734025008256
17.3 0.530935597608 0.700920025394
17.4 0.518028522723 0.668355482909
17.5 0.507609612604 0.636562130081
17.6 0.499482376702 0.605720225041
17.7 0.493475373362 0.575966217905
17.8 0.489440326112 0.547399487809
17.9 0.487250339277 0.520088181693
18 0.486797827819 0.494074623327
18.1 0.48799261799 0.469380017387
18.2 0.490760390055 0.446008293132
18.3 0.495040810414 0.423949891836
18.4 0.500786060573 0.403184635449
18.5 0.507959519787 0.38368435198
18.6 0.516534509956 0.365414881286
18.7 0.526493196415 0.348338036858
18.8 0.537825616375 0.332412925048
18.9 0.550528781203 0.317597328509
19 0.56460586907 0.303848626523
19.1 0.580065459112 0.291124703958
19.2 0.596920780112 0.279384713507
19.3 0.615189131929 0.268589436313
19.4 0.634891190016 0.258701807439
19.5 0.65605010112 0.249687803396
19.6 0.678691141247 0.241516108237
19.7 0.702840563478 0.234159004707
19.8 0.728525027182 0.227592365704
19.9 0.75577063992 0.221795982321
20 0.784601712785 0.21675411818
