"Time" "Prey" "Predator"
0 1.00326726574 1.00326760533
0.1 0.938273568713 1.00030124095
0.2 0.878204947608 0.991122438414
0.3 0.823300399162 0.976397582735
0.4 0.773600598506 0.956873383995
0.5 0.728996780072 0.933330110985
0.6 0.689279587703 0.906537937691
0.7 0.654173383007 0.877229158737
0.8 0.623366603367 0.846077689039
0.9 0.596535854572 0.813686358166
1 0.573361329592 0.780582805754
1.1 0.553537071182 0.747219629744
1.2 0.536778551557 0.71397688049
1.3 0.522826206479 0.681167676013
1.4 0.511446728582 0.649044829014
1.5 0.502433898289 0.617807474363
1.6 0.495606342208 0.587608744158
1.7 0.490806820106 0.558561958796
1.8 0.48790020681 0.530747034297
1.9 0.486771440557 0.504215918671
2 0.487323751268 0.47899755031
2.1 0.489476746805 0.455102343665
2.2 0.493164716824 0.432525671504
2.3 0.498335112114 0.411251112115
2.4 0.504946936101 0.391253726913
2.5 0.512969700405 0.372501590107
2.6 0.522382211966 0.354957358915
2.7 0.533171477618 0.338581331942
2.8 0.545331909103 0.323331532862
2.9 0.558864311224 0.309165515809
3 0.573775233036 0.296040805312
3.1 0.590076152902 0.283915985816
3.2 0.607782866311 0.272751079577
3.3 0.62691472369 0.262508280254
3.4 0.647494044501 0.25315221466
3.5 0.669545297701 0.244650496649
3.6 0.693094449613 0.2369739407
3.7 0.718168036707 0.230097023093
3.8 0.744792581522 0.223997863432
3.9 0.772993281774 0.218658857686
4 0.802792892506 0.214067031709
4.1 0.834210889798 0.210214002814
4.2 0.867261283351 0.207096823459
4.3 0.90195150205 0.204718104152
4.4 0.938280404694 0.20308651842
4.5 0.976235297886 0.20221770618
4.6 1.0157903854 0.202134503235
4.7 1.05690279231 0.202867999992
4.8 1.09950914384 0.204458395529
4.9 1.14352235643 0.206955755581
5 1.18882545446 0.210421457091
5.1 1.23526756697 0.214929180866
5.2 1.28265786456 0.220566188652
5.3 1.33075786309 0.227434721071
5.4 1.37927564713 0.235653485741
5.5 1.427857774 0.245358374439
5.6 1.47608096639 0.256703371025
5.7 1.52344538083 0.269860699562
5.8 1.56936798803 0.285020004035
5.9 1.61317692257 0.302386442289
6 1.65411151761 0.322174856532
6.1 1.6913201474 0.344605524949
6.2 1.72387759881 0.369888841692
6.3 1.75079769047 0.398212673788
6.4 1.77106166253 0.429721811522
6.5 1.78366209669 0.464490960771
6.6 1.78765598195 0.502493925531
6.7 1.78223274473 0.54357132126
6.8 1.76678828172 0.587396093616
6.9 1.74100141543 0.63344855879
7 1.70490538374 0.680997385578
7.1 1.65892356184 0.729114295346
7.2 1.60389604047 0.77669115889
7.3 1.54104832372 0.822500417242
7.4 1.47192519995 0.865270637192
7.5 1.39828790378 0.903776279187
7.6 1.32198946004 0.936930608822
7.7 1.24484786586 0.963863624081
7.8 1.16853112838 0.983979048909
7.9 1.09447157635 0.996979851458
8 1.023817236 1.00286163271
8.1 0.957414642197 1.00188318748
8.2 0.895822016166 0.994517417119
8.3 0.839343760984 0.981393319513
8.4 0.788074687028 0.963238747922
8.5 0.741947454106 0.940828148602
8.6 0.700779036982 0.914938341088
8.7 0.664310273858 0.886315680609
8.8 0.632238022323 0.85565323653
8.9 0.604240197332 0.823576457093
9 0.579994096514 0.790636230981
9.1 0.55918888831 0.757307215116
9.2 0.541532753695 0.723991502566
9.3 0.526758639762 0.691021379101
9.4 0.514625142731 0.658667320269
9.5 0.504917755613 0.627143951326
9.6 0.497447796813 0.596617504082
9.7 0.492050838257 0.567212730033
9.8 0.488585361461 0.539018866039
9.9 0.486930428978 0.512095783413
10 0.486983953614 0.486478904059
10.1 0.488660820446 0.462183760936
10.2 0.491891090933 0.439209933647
10.3 0.4966183657 0.417544358109
10.4 0.502798218921 0.397164190505
10.5 0.510397238661 0.37803926988
10.6 0.519391497492 0.360133957851
10.7 0.529765643606 0.343409200188
10.8 0.541511925739 0.327823479384
10.9 0.554629276251 0.31333445869
11 0.569122619453 0.299899482824
11.1 0.58500199184 0.28747681505
11.2 0.602281986319 0.276025915312
11.3 0.620980928657 0.265508319296
11.4 0.641120332517 0.25588784014
11.5 0.662724074885 0.247131177646
11.6 0.685817777381 0.239208116991
11.7 0.710427871894 0.232092019106
11.8 0.736580950092 0.225759906762
11.9 0.764302835756 0.220192738189
12 0.793617036855 0.215376205944
12.1 0.824544193168 0.211300480825
12.2 0.857100194884 0.20796089551
12.3 0.891294548458 0.20535838489
12.4 0.927129039569 0.20349968146
12.5 0.964594653283 0.20239828297
12.6 1.00366981243 0.202074788309
12.7 1.04431736188 0.202557646976
12.8 1.08648029053 0.20388427058
12.9 1.13007924628 0.206101605913
13 1.17500687102 0.209267474898
13.1 1.2211229769 0.213451731481
13.2 1.26824966673 0.218737387588
13.3 1.31616344511 0.225222005112
13.4 1.36458935186 0.233019164852
13.5 1.41319340214 0.242259561387
13.6 1.46157431736 0.253091492911
13.7 1.50925581546 0.265681951298
13.8 1.55568119023 0.280215118355
13.9 1.60020498399 0.296892319943
14 1.64209438954 0.315925484576
14.1 1.68052374532 0.337534686243
14.2 1.71458869203 0.361934723801
14.3 1.74331888967 0.389322134159
14.4 1.7657027127 0.419856850003
14.5 1.78072250236 0.45363846932
14.6 1.78741058006 0.490674236784
14.7 1.78490785076 0.530848901013
14.8 1.7725405967 0.573888733243
14.9 1.74989233247 0.619336085566
15 1.71688592521 0.666521812837
15.1 1.67382224731 0.714576421375
15.2 1.62141531774 0.762442278975
15.3 1.56078087495 0.808919389417
15.4 1.4933759708 0.852741466416
15.5 1.42090866702 0.892658946394
15.6 1.34521858391 0.927533448963
15.7 1.26814720964 0.956422676454
15.8 1.19141742672 0.978643963651
15.9 1.11654062748 0.99380841524
16 1.04475413346 1.00182546528
16.1 0.976994805156 1.00287922301
16.2 0.913905424844 0.997383387171
16.3 0.855863004923 0.985925895721
16.4 0.803020151175 0.96921106825
16.5 0.755353614913 0.948004153736
16.6 0.712711098136 0.923085026094
16.7 0.674852601467 0.895212249281
16.8 0.641485129675 0.865096929861
16.9 0.612290228367 0.833385881694
17 0.586943845996 0.800652927985
17.1 0.565130444636 0.767395778281
17.2 0.546552000283 0.734037779466
17.3 0.530933601095 0.70093186877
17.4 0.518025842582 0.668366590839
17.5 0.507606386543 0.636572419873
17.6 0.49947864003 0.605729736162
17.7 0.493471126745 0.575975008057
17.8 0.489435634295 0.547407558373
17.9 0.487245103376 0.520095639972
18 0.486792042481 0.494081494504
18.1 0.48798636766 0.469386253267
18.2 0.490753710383 0.446013929908
18.3 0.495033801226 0.423954972965
18.4 0.5007786626 0.403189189899
18.5 0.507951739803 0.383688449714
18.6 0.516526337269 0.365418514913
18.7 0.526484616448 0.348341260795
18.8 0.537816631108 0.332415733348
18.9 0.550519371331 0.317599766995
19 0.56459603933 0.303850689456
19.1 0.58005519774 0.291126419361
19.2 0.596910135796 0.279385993403
19.3 0.615178125896 0.268590256811
19.4 0.634879783788 0.258702305819
19.5 0.656038358902 0.249687907642
19.6 0.678679013347 0.241515900191
19.7 0.702828039949 0.234158506699
19.8 0.728512034009 0.227591659452
19.9 0.755757222207 0.221795031004
20 0.784587889184 0.216752888198
