"Time" "Prey" "Predator"
0 1.00326626574 1.00326860533
0.1 0.938272514907 1.00030213508
0.2 0.878203863205 0.991123218195
0.3 0.823299303427 0.976398244354
0.4 0.773599506775 0.956873927625
0.5 0.728995704055 0.933330540001
0.6 0.689278535934 0.906538257893
0.7 0.654172361355 0.877229377612
0.8 0.623365615546 0.846077815116
0.9 0.596534902637 0.813686400484
1 0.573360414313 0.780582773472
1.1 0.553536192409 0.747219531816
1.2 0.536777708491 0.713976725457
1.3 0.52282539789 0.681167471859
1.4 0.511445952979 0.649044583084
1.5 0.50243315404 0.617807193327
1.6 0.495605627639 0.587608434006
1.7 0.49080613356 0.558561624852
1.8 0.4878995467 0.530746681251
1.9 0.486770805395 0.504215550624
2 0.48732313969 0.478997170817
2.1 0.489476157582 0.455101955783
2.2 0.493164148871 0.432525277841
2.3 0.498334564494 0.411250714877
2.4 0.504946408026 0.391253327953
2.5 0.512969191241 0.372501190956
2.6 0.52238172123 0.354956960817
2.7 0.533171004977 0.338580935905
2.8 0.545331454378 0.32333113967
2.9 0.558863874389 0.309165126062
3 0.573774814216 0.296040419445
3.1 0.590075752379 0.283915604121
3.2 0.607782484526 0.272750702223
3.3 0.626914361246 0.262507907301
3.4 0.647493702167 0.253151846077
3.5 0.669544976422 0.244650132324
3.6 0.693094150512 0.236973580454
3.7 0.718167761095 0.230096666687
3.8 0.744792330907 0.223997510576
3.9 0.772993057868 0.218658508049
4 0.802792697236 0.214066684924
4.1 0.834210725318 0.210213658486
4.2 0.867261152048 0.207096481171
4.3 0.901951406557 0.204717763469
4.4 0.938280347898 0.203086178901
4.5 0.976235282933 0.202217367382
4.6 1.0157904157 0.202134164727
4.7 1.05690287155 0.20286766136
4.8 1.09950927595 0.204458056397
4.9 1.14352254558 0.206955415624
5 1.18882570508 0.210421116061
5.1 1.23526788365 0.21492883862
5.2 1.28265825202 0.220565845187
5.3 1.33075832611 0.227434376574
5.4 1.37927619045 0.235653140645
5.5 1.42785840215 0.245358029492
5.6 1.47608168355 0.256703027385
5.7 1.52344619053 0.269860358903
5.8 1.56936889292 0.285019668665
5.9 1.61317792401 0.302386115303
6 1.65411261531 0.322174541953
6.1 1.69132133887 0.344605227921
6.2 1.72387887885 0.369888568604
6.3 1.75079905072 0.39821243239
6.4 1.77106309091 0.429721610984
6.5 1.78366357703 0.464490811631
6.6 1.78765749388 0.502493839459
6.7 1.78223426382 0.543571310648
6.8 1.76678978003 0.587396170914
6.9 1.74100286259 0.633448735602
7 1.70490674845 0.680997671583
7.1 1.65892481375 0.729114697134
7.2 1.60389715231 0.776691678849
7.3 1.54104927319 0.822501052775
7.4 1.47192597137 0.865271380311
7.5 1.39828848903 0.903777116705
7.6 1.32198985868 0.93693152313
7.7 1.24484808453 0.963864594347
7.8 1.16853117957 0.98398005258
7.9 1.09447147679 0.996980865826
8 1.02381700489 1.00286263632
8.1 0.957414299675 1.00188416121
8.2 0.895821581978 0.9945183449
8.3 0.839343253502 0.98139418871
8.4 0.788074122708 0.963239549296
8.5 0.741946847161 0.940828876126
8.6 0.700778399325 0.914938991569
8.7 0.664309615216 0.886316253231
8.8 0.632237350461 0.855653732368
8.9 0.604239518289 0.823576878677
9 0.579993414876 0.790636581887
9.1 0.559188207473 0.757307499609
9.2 0.541532076069 0.723991725362
9.3 0.526757966994 0.691021545093
9.4 0.514624475887 0.658667434358
9.5 0.504917095274 0.627144018342
9.6 0.497447143232 0.596617528639
9.7 0.492050191429 0.5672127165
9.8 0.488584721197 0.539018818494
9.9 0.486929794973 0.512095705616
10 0.486983325477 0.486478799455
10.1 0.488660197749 0.462183632653
10.2 0.491890473235 0.439209784503
10.3 0.496617752559 0.417544190625
10.4 0.502797609929 0.397164006931
10.5 0.510396633447 0.378039072195
10.6 0.519390895741 0.360133747798
10.7 0.529765045065 0.34340897928
10.8 0.541511330227 0.327823248931
10.9 0.554628683674 0.313334219809
11 0.569122029808 0.299899236457
11.1 0.585001405225 0.287476561981
11.2 0.602281402947 0.276025656174
11.3 0.620980348862 0.26550805459
11.4 0.641119756771 0.255887570239
11.5 0.662723503807 0.24713090281
11.6 0.685817211753 0.239207837369
11.7 0.710427312675 0.232091734753
11.8 0.736580398452 0.225759617622
11.9 0.764302293069 0.220192444126
12 0.793616504736 0.215375906739
12.1 0.824543673514 0.211300176162
12.2 0.85709968985 0.207960585006
12.3 0.891294060547 0.205358068073
12.4 0.92712857163 0.203499357775
12.5 0.964594208529 0.202397951799
12.6 1.00366939453 0.202074448941
12.7 1.04431697492 0.202557298639
12.8 1.0864799391 0.203883912429
12.9 1.13007893553 0.206101237029
13 1.1750066066 0.209267094323
13.1 1.22112276508 0.213451338205
13.2 1.2682495144 0.218736980575
13.3 1.3161633597 0.225221583341
13.4 1.36458934147 0.233018727366
13.5 1.41319347538 0.242259107293
13.6 1.46157448326 0.253091021529
13.7 1.50925608342 0.265681462197
13.8 1.55568156969 0.280214611564
13.9 1.60020548428 0.296891796039
14 1.6420950194 0.315924944904
14.1 1.68052451216 0.337534133335
14.2 1.71458960208 0.361934161224
14.3 1.74331994646 0.389321567248
14.4 1.76570391623 0.419856286123
14.5 1.78072384884 0.453637917914
14.6 1.78741206034 0.490673709728
14.7 1.78490945014 0.530848412651
14.8 1.77254229424 0.5738883
14.9 1.74989410128 0.619335725507
15 1.71688773314 0.666521544527
15.1 1.67382405764 0.714576263363
15.2 1.62141709224 0.762442247225
15.3 1.56078257533 0.808919496572
15.4 1.49337756193 0.852741719935
15.5 1.4209101189 0.892659347769
15.6 1.34521987346 0.927533993347
15.7 1.26814832195 0.956423352703
15.8 1.191418355 0.978644755414
15.9 1.11654137217 0.993809302387
16 1.04475470135 1.00182642525
16.1 0.976995207723 1.00288023251
16.2 0.913905676497 0.997384423695
16.3 0.855863121756 0.985926938382
16.4 0.803020149664 0.969212098686
16.5 0.75535351098 0.948005156511
16.6 0.712710906567 0.92308598878
16.7 0.674852335619 0.895213162328
16.8 0.641484801254 0.865097786408
16.9 0.612289847432 0.833386677221
17 0.586943421051 0.800653659949
17.1 0.56512998277 0.767396445753
17.2 0.546551507297 0.734038382854
17.3 0.530933081725 0.700932409429
17.4 0.518025300604 0.668367070891
17.5 0.507605824954 0.636572841952
17.6 0.499478061179 0.605730103234
17.7 0.493470532427 0.575975323307
17.8 0.489435025868 0.547407825061
17.9 0.487244481837 0.520095861365
18 0.486791408533 0.494081673806
18.1 0.487985721776 0.469386393569
18.2 0.490753052853 0.446014034156
18.3 0.495033132194 0.423955043937
18.4 0.500777982101 0.40318923019
18.5 0.507951047799 0.383688461725
18.6 0.516525633665 0.365418500853
18.7 0.526483901121 0.348341222679
18.8 0.537815903926 0.332415672999
18.9 0.550518632168 0.317599686051
19 0.56459528809 0.303850589371
19.1 0.580054434369 0.291126301421
19.2 0.596909360303 0.27938585872
19.3 0.61517733837 0.268590106343
19.4 0.634878984419 0.258702140362
19.5 0.656037547996 0.249687727848
19.6 0.678678191355 0.241515706559
19.7 0.702827207482 0.234158299599
19.8 0.728511191883 0.227591439104
19.9 0.755756371458 0.221794797487
20 0.784587031095 0.21675264147
