"Time" "Prey" "Predator"
0 0.574086934328 1.13517262042
0.1 0.529209428497 1.08533393955
0.2 0.491168599483 1.0333975874
0.3 0.459063744023 0.980510185797
0.4 0.432097983122 0.927592806015
0.5 0.409580072919 0.875366923758
0.6 0.390918244389 0.824385841347
0.7 0.375611544911 0.775059306277
0.8 0.363239158319 0.727679172136
0.9 0.353451123637 0.682439424352
1 0.345956403886 0.639459606563
1.1 0.340513399635 0.598802425185
1.2 0.336925646455 0.56047708583
1.3 0.335031785291 0.524461788974
1.4 0.334701557557 0.490706697497
1.5 0.335830590393 0.459142814431
1.6 0.338336628134 0.429687574111
1.7 0.342156312609 0.402249356894
1.8 0.347242607744 0.376730894897
1.9 0.353562232865 0.353032757955
2 0.36109439934 0.331054541665
2.1 0.36982887212 0.310697293145
2.2 0.379765145683 0.291864156388
2.3 0.390911150562 0.274461746789
2.4 0.403282548747 0.258400614318
2.5 0.416902094668 0.243595642792
2.6 0.431798936724 0.229966543167
2.7 0.448008297336 0.217437829722
2.8 0.465571020317 0.205938993468
2.9 0.484533100282 0.195404683279
3 0.504945416674 0.185774618203
3.1 0.526863661512 0.176993250671
3.2 0.550347712163 0.169010159458
3.3 0.575461595666 0.161779673631
3.4 0.60227303063 0.155261014673
3.5 0.630853029331 0.149418199294
3.6 0.661275621309 0.144220007328
3.7 0.693617091446 0.1396401263
3.8 0.727955580545 0.135657134742
3.9 0.764370189611 0.13225470673
4 0.802939868209 0.129421909236
4.1 0.843742683937 0.127153314692
4.2 0.886853252545 0.125449879408
4.3 0.932343156162 0.124318609171
4.4 0.980275886068 0.123774372422
4.5 1.03070548166 0.123840279778
4.6 1.08367517001 0.124548035413
4.7 1.13920801296 0.125941237372
4.8 1.19730591295 0.128075619809
4.9 1.25794074234 0.131022059217
5 1.32105006563 0.134868017855
5.1 1.38652190555 0.139722752833
5.2 1.45418973802 0.145718970365
5.3 1.52381184169 0.153019605903
5.4 1.59505766391 0.161822295281
5.5 1.66748698112 0.172365978457
5.6 1.74052712152 0.184937773513
5.7 1.81344498797 0.199881175181
5.8 1.88531662432 0.217603316613
5.9 1.95499832041 0.238581634994
6 2.02109339774 0.26336714612
6.1 2.0819300521 0.292583420867
6.2 2.13554915953 0.326911546102
6.3 2.17971650351 0.367064986312
6.4 2.21197215003 0.413737693473
6.5 2.22973576442 0.467522355056
6.6 2.23047264897 0.528798779157
6.7 2.21194152152 0.597584930321
6.8 2.17250332218 0.673371920453
6.9 2.11145893036 0.754969695992
7 2.02934927633 0.840410552369
7.1 1.92813181169 0.9269621981
7.2 1.81113847763 1.01129985842
7.3 1.6828066134 1.08981518105
7.4 1.54818843826 1.15903583003
7.5 1.4123647438 1.21604639909
7.6 1.27989388137 1.25881617095
7.7 1.15441773253 1.28635917852
7.8 1.03848256831 1.29871244059
7.9 0.933554950832 1.29677420114
8 0.840177172694 1.28206235903
8.1 0.758190859908 1.25645725399
8.2 0.686966263299 1.22197497541
8.3 0.625601577153 1.18059603629
8.4 0.573074873542 1.13415114105
8.5 0.528349705656 1.08425737552
8.6 0.490441057805 1.0322926446
8.7 0.458451329413 0.979396343627
8.8 0.431585730548 0.926485753631
8.9 0.40915457012 0.874280585868
9 0.390567916374 0.823330470233
9.1 0.375326938098 0.774042090382
9.2 0.363012610753 0.72670471517
9.3 0.353275459763 0.681512288712
9.4 0.34582551924 0.638582697544
9.5 0.340423430187 0.597974013248
9.6 0.336872673795 0.559697898337
9.7 0.335013072584 0.523730382449
9.8 0.334714403215 0.490022412821
9.9 0.335872808163 0.458504630923
10 0.338406838279 0.429092990376
10.1 0.342253285708 0.401696391669
10.2 0.347365473194 0.37621743882
10.3 0.353710517561 0.352556554226
10.4 0.361267760781 0.330613554467
10.5 0.370027280013 0.310289278079
10.6 0.379988640111 0.291487151594
10.7 0.391160027568 0.274113784178
10.8 0.403557231287 0.258079837239
10.9 0.417203073204 0.243300402836
11 0.432126868706 0.229695230994
11.1 0.448364030771 0.217188774425
11.2 0.465955355245 0.205710899207
11.3 0.484947075267 0.195196184241
11.4 0.50539018259 0.185584441906
11.5 0.527340420239 0.176820283935
11.6 0.550857788675 0.168853359635
11.7 0.576006377311 0.161638142343
11.8 0.602853970575 0.155133931619
11.9 0.631471671743 0.149304855426
12 0.661933540947 0.144119796448
12.1 0.694315921678 0.139552547845
12.2 0.728697017895 0.135581773583
12.3 0.765155837265 0.132191306576
12.4 0.803771537581 0.1293702372
12.5 0.844621893904 0.127113365961
12.6 0.887782136171 0.125421517983
12.7 0.933322860836 0.124302192277
12.8 0.981307872467 0.123770248846
12.9 1.03179151319 0.123848776314
13 1.08481471656 0.124570406618
13.1 1.14040159215 0.125978461152
13.2 1.19855280312 0.128129182813
13.3 1.25924119287 0.131093233412
13.4 1.32240148553 0.134959161424
13.5 1.38792218629 0.139836164499
13.6 1.45563409063 0.145857921661
13.7 1.52529329873 0.153188174681
13.8 1.5965691023 0.16202480615
13.9 1.66901767312 0.172607864473
14 1.74206352819 0.185225709869
14.1 1.81497046617 0.200222574474
14.2 1.88681000203 0.218007041772
14.3 1.95643244439 0.239059529645
14.4 2.02243673483 0.263931738477
14.5 2.08314367417 0.293247803583
14.6 2.13658861425 0.327691059322
14.7 2.18053171254 0.367974986002
14.8 2.21251138303 0.414790845528
14.9 2.22994446624 0.46872960379
15 2.23029997372 0.530164774818
15.1 2.21134516611 0.599105559666
15.2 2.17145682083 0.675030322421
15.3 2.10995905051 0.756733334885
15.4 2.02742279122 0.842228752242
15.5 1.92583354136 0.928771437803
15.6 1.80855198226 1.0130253543
15.7 1.68003314148 1.09138122444
15.8 1.54533643161 1.16037383101
15.9 1.40953758989 1.21710298484
16 1.27717829369 1.25956003609
16.1 1.15187892833 1.28678057013
16.2 1.03616231566 1.29882195618
16.3 0.931473647828 1.29659803668
16.4 0.838338041426 1.28163698745
16.5 0.756584939208 1.25582417742
16.6 0.685576959035 1.221176536
16.7 0.624408347268 1.17967247249
16.8 0.572055882759 1.13313875885
16.9 0.527483633661 1.08318761004
17 0.489708119033 1.03119185859
17.1 0.457833782455 0.978286036137
17.2 0.431068041513 0.92538301064
17.3 0.408723355525 0.873198641554
17.4 0.390211825333 0.822279278148
17.5 0.375036378498 0.773028895773
17.6 0.362779564354 0.725734527431
17.7 0.353093260548 0.680588333166
17.8 0.34568864455 0.637706794914
17.9 0.340327330569 0.597146878112
18 0.336813633696 0.558919372402
18.1 0.334988049597 0.522999716532
18.2 0.334720914855 0.489338447346
18.3 0.335908999739 0.457865527603
18.4 0.338471139986 0.428497071265
18.5 0.342344607504 0.40114157493
18.6 0.347482946064 0.375701755957
18.7 0.353853601407 0.352077878052
18.8 0.361436119624 0.330169813671
18.9 0.370220802981 0.309878415778
19 0.380207419478 0.291107177382
19.1 0.391404299666 0.273762803968
19.2 0.403827405503 0.257756013564
19.3 0.417499672381 0.243002045741
19.4 0.43245061077 0.229420627675
19.5 0.448715677973 0.216936462308
19.6 0.466335837463 0.205479436272
19.7 0.485357406815 0.194984260465
19.8 0.505831477138 0.185390851693
19.9 0.527813900632 0.176643901745
20 0.551364742584 0.168693199878
