"Time" "Prey" "Predator"
0 1.00326616473 1.00326716285
0.1 0.938272600962 1.00030069633
0.2 0.8782041107 0.991121809381
0.3 0.823299687419 0.976396887502
0.4 0.773600004089 0.956872640244
0.5 0.728996293906 0.933329335179
0.6 0.689279200221 0.90653714463
0.7 0.654173084711 0.877228361305
0.8 0.623366385204 0.84607689813
0.9 0.596535708139 0.813685582761
1 0.573361247299 0.780582053015
1.1 0.553537046279 0.747218905212
1.2 0.536778578127 0.713976188284
1.3 0.522826279399 0.68116701903
1.4 0.511446843462 0.649044209128
1.5 0.502434051397 0.617806892607
1.6 0.495606530407 0.58760820088
1.7 0.490807040779 0.558561453803
1.8 0.487900457799 0.530746566977
1.9 0.486771720097 0.504215488092
2 0.48732405794 0.478997155309
2.1 0.489477079485 0.455101982924
2.2 0.493165074644 0.432525343595
2.3 0.498335494423 0.411250815555
2.4 0.504947342438 0.391253460192
2.5 0.512970130462 0.372501351748
2.6 0.522382665571 0.354957147473
2.7 0.533171954707 0.338581146011
2.8 0.545332409704 0.323331371114
2.9 0.558864835439 0.309165376989
3 0.573775781017 0.296040688257
3.1 0.59007672484 0.283915889453
3.2 0.607783462415 0.272751002933
3.3 0.626915344171 0.262508222456
3.4 0.647494689554 0.25315217494
3.5 0.669545967486 0.244650474347
3.6 0.693095144237 0.236973935261
3.7 0.718168756194 0.230097034076
3.8 0.744793325781 0.223997890527
3.9 0.772994050608 0.218658900674
4 0.802793685531 0.214067090511
4.1 0.834211706429 0.210214077482
4.2 0.867262122785 0.207096914165
4.3 0.901952363163 0.204718211229
4.4 0.93828128605 0.203086642341
4.5 0.97623619764 0.202217847579
4.6 1.01579130121 0.202134662937
4.7 1.05690372136 0.202868178987
4.8 1.09951008261 0.204458595027
4.9 1.14352330068 0.206955977014
5 1.1888263992 0.210421702112
5.1 1.23526850618 0.214929451391
5.2 1.2826587912 0.220566486868
5.3 1.33075876895 0.227435049423
5.4 1.37927652265 0.235653846947
5.5 1.4278586082 0.245358771525
5.6 1.47608174686 0.256703807202
5.7 1.52344609345 0.269861178302
5.8 1.56936861732 0.285020528755
5.9 1.61317745119 0.302387016584
6 1.65411192741 0.322175483481
6.1 1.69132041889 0.344606207303
6.2 1.72387771208 0.369889581309
6.3 1.75079762595 0.398213471138
6.4 1.77106140244 0.429722664989
6.5 1.78366162534 0.464491866414
6.6 1.78765528822 0.502494876012
6.7 1.78223182281 0.543572305631
6.8 1.76678713357 0.587397096365
6.9 1.74100005055 0.633449560782
7 1.70490382179 0.680998362956
7.1 1.65892183116 0.729115221411
7.2 1.60389417705 0.776692005642
7.3 1.54104636994 0.822501156587
7.4 1.47192320141 0.865271243643
7.5 1.39828590615 0.903776731791
7.6 1.32198750633 0.936930892605
7.7 1.24484599367 0.963863731365
7.8 1.16852936801 0.983978979536
7.9 1.09446995009 0.99697961224
8 1.02381575828 1.00286123634
8.1 0.957413320032 1.00188265122
8.2 0.895820850463 0.994516761096
8.3 0.83934274794 0.981392565235
8.4 0.788073819349 0.963237917073
8.5 0.741946722343 0.940827261918
8.6 0.700778430546 0.914937417658
8.7 0.664309781779 0.886314737463
8.8 0.632237633815 0.855652288416
8.9 0.60423990219 0.823575516439
9 0.579993885333 0.790635307997
9.1 0.559188752599 0.757306317963
9.2 0.541532685917 0.723990637562
9.3 0.526758633307 0.691020550966
9.4 0.514625191882 0.658666532344
9.5 0.504917855459 0.627143205811
9.6 0.497447943182 0.596616802221
9.7 0.492051027637 0.567212072302
9.8 0.488585590917 0.539018252303
9.9 0.486930696089 0.512095213056
10 0.486984256405 0.486478376102
10.1 0.488661157329 0.462183274134
10.2 0.491891460661 0.439209486565
10.3 0.496618767312 0.417543949186
10.4 0.50279865171 0.397163818114
10.5 0.510397702137 0.378038932363
10.6 0.51939199135 0.36013365356
10.7 0.529766167696 0.343408927507
10.8 0.541512480043 0.327823236755
10.9 0.554629860859 0.313334244628
11 0.569123234543 0.299899295929
11.1 0.585002637653 0.28747665402
11.2 0.602282663141 0.27602577895
11.3 0.6209816368 0.265508206515
11.4 0.641121072293 0.25588774997
11.5 0.66272484659 0.247131109238
11.6 0.685818581265 0.239208069621
11.7 0.710428708139 0.232091992179
11.8 0.736581818783 0.225759899814
11.9 0.764303736845 0.220192750897
12 0.793617970127 0.215376238129
12.1 0.824545158204 0.211300532457
12.2 0.857101191004 0.20796096672
12.3 0.891295574679 0.205358475977
12.4 0.927130094538 0.2034997929
12.5 0.964595735206 0.202398415436
12.6 1.003670919 0.202074942679
12.7 1.04431849018 0.202557824355
12.8 1.08648143695 0.203884472316
12.9 1.13008040636 0.20610183362
13 1.1750080394 0.209267730476
13.1 1.2211241471 0.213452017139
13.2 1.26825083107 0.218737705867
13.3 1.31616459452 0.225222358897
13.4 1.36459047573 0.233019557389
13.5 1.41319448814 0.242259996284
13.6 1.46157535135 0.253091974109
13.7 1.50925678134 0.265682483036
13.8 1.55568206991 0.280215705074
13.9 1.60020575741 0.296892966168
14 1.64209503482 0.315926194691
14.1 1.68052423908 0.337535464207
14.2 1.71458900985 0.361935572773
14.3 1.74331900704 0.389323055927
14.4 1.76570260599 0.41985784437
14.5 1.78072215028 0.453639533373
14.6 1.78740996535 0.490675364061
14.7 1.78490696211 0.530850080733
14.8 1.77253943068 0.573889949658
14.9 1.7498908952 0.619337317651
15 1.71688423366 0.666523034399
15.1 1.67382032956 0.714577601843
15.2 1.62141321228 0.762443384859
15.3 1.56077862886 0.808920386354
15.4 1.49337363681 0.852742321684
15.5 1.42090629998 0.892659631464
15.6 1.34521623706 0.927533941791
15.7 1.26814493121 0.956422963105
15.8 1.19141525737 0.978644039039
15.9 1.11653859877 0.993808282987
16 1.04475226743 1.00182513674
16.1 0.976993114798 1.00287871571
16.2 0.913903915241 0.997382723067
16.3 0.85586167477 0.985925099285
16.4 0.803018994384 0.969210164851
16.5 0.75535262212 0.948003168287
16.6 0.712710258002 0.92308398204
16.7 0.674851901737 0.895211167917
16.8 0.641484557955 0.865095829966
16.9 0.612289772662 0.833384779387
17 0.586943495067 0.800651836754
17.1 0.565130188208 0.767394709129
17.2 0.546551829116 0.734036741157
17.3 0.530933507027 0.700930868038
17.4 0.518025818473 0.66836563269
17.5 0.507606426218 0.636571507834
17.6 0.499478738208 0.60572887251
17.7 0.493471278935 0.575974194062
17.8 0.489435836725 0.547406794474
17.9 0.487245352905 0.520094925951
18 0.48679233652 0.494080829636
18.1 0.48798670411 0.469385636435
18.2 0.490754087569 0.44601335971
18.3 0.495034217842 0.4239544478
18.4 0.500779117659 0.403188708033
18.5 0.507952232601 0.383688009339
18.6 0.516526867337 0.365418114197
18.7 0.526485183526 0.348340897916
18.8 0.537817235111 0.332415406524
18.9 0.550520012319 0.317599474508
19 0.564596717486 0.303850429671
19.1 0.580055913341 0.291126190742
19.2 0.596910889193 0.279385794523
19.3 0.615178917489 0.268590086364
19.4 0.634880614 0.258702162625
19.5 0.656039228154 0.249687790653
19.6 0.678679922033 0.2415158085
19.7 0.702828988405 0.234158439545
19.8 0.728513022482 0.227591616222
19.9 0.755758250817 0.221795011243
20 0.784588957886 0.216752891617
