"Time" "Prey" "Predator"
0 1.000001 1
0.1 0.935645097739 0.996749836783
0.2 0.876171866396 0.987373804988
0.3 0.821812067724 0.972533841931
0.4 0.772602719577 0.952968872949
0.5 0.728434889941 0.929449589571
0.6 0.689101528245 0.902735797201
0.7 0.654330972447 0.873549377864
0.8 0.62381651228 0.84255442195
0.9 0.597239775257 0.810344986968
1 0.574286154634 0.777440883089
1.1 0.55465449749 0.744288156759
1.2 0.538064688913 0.711261427622
1.3 0.524261105779 0.678669433431
1.4 0.513013891651 0.646761548208
1.5 0.504119799124 0.615734294675
1.6 0.497400018696 0.585738846729
1.7 0.492699496557 0.556887162519
1.8 0.48988493018 0.529258268394
1.9 0.488842796072 0.502903568385
2 0.489477609234 0.477851793391
2.1 0.491710039068 0.454113357818
2.2 0.495475254406 0.431683818471
2.3 0.500721420533 0.410547079857
2.4 0.507408135715 0.39067856029
2.5 0.51550534904 0.372046915682
2.6 0.524992226172 0.354615363819
2.7 0.535856030692 0.338344664056
2.8 0.548091337173 0.323193503628
2.9 0.561699051809 0.309119981067
3 0.576685727753 0.296082251359
3.1 0.593062783532 0.284039469617
3.2 0.61084586841 0.272952261613
3.3 0.630054113571 0.262783387354
3.4 0.65070952777 0.25349805573
3.5 0.67283618988 0.245064434907
3.6 0.69645957903 0.237453894915
3.7 0.721605627678 0.230641467707
3.8 0.748300075895 0.224605897646
3.9 0.77656737853 0.219330039148
4 0.806429207251 0.214801544755
4.1 0.837903837933 0.211012641698
4.2 0.871004039691 0.207960916945
4.3 0.905735532656 0.205649676389
4.4 0.942095442045 0.204088223897
4.5 0.980069031711 0.203292866877
4.6 1.019627957 0.203287233092
4.7 1.06072694279 0.204103103753
4.8 1.10329936698 0.205781539412
4.9 1.14725464649 0.208373486954
5 1.19247226371 0.211941149272
5.1 1.23879678999 0.216559161019
5.2 1.28603280156 0.222315740829
5.3 1.33393686869 0.229313961666
5.4 1.38221142058 0.23767327466
5.5 1.43049722096 0.247530477966
5.6 1.47836549865 0.259039722913
5.7 1.52531012406 0.272373554001
5.8 1.5707434184 0.28772060726
5.9 1.61398815614 0.305285202923
6 1.65428155625 0.325279356215
6.1 1.69077132223 0.347919288043
6.2 1.72253257081 0.373410765459
6.3 1.74858627532 0.40193328546
6.4 1.76792640967 0.433620853061
6.5 1.77956051153 0.46853618009
6.6 1.78257085653 0.506637427664
6.7 1.77617572855 0.547748227188
6.8 1.75980821734 0.591523050693
6.9 1.73318609809 0.63742518518
7 1.696377956 0.684713381112
7.1 1.6498484418 0.732446584751
7.2 1.59446460255 0.779518070636
7.3 1.5314701269 0.824708486134
7.4 1.46241447684 0.866764037585
7.5 1.38904802224 0.904486288077
7.6 1.31320199974 0.936819703381
7.7 1.23665809036 0.962931830064
7.8 1.16104861682 0.982257435332
7.9 1.08776610157 0.994529495981
8 1.01792173982 0.999766556711
8.1 0.952330139524 0.998242842316
8.2 0.891524652281 0.9904389698
8.3 0.835791512805 0.976985164158
8.4 0.785213688752 0.95860501796
8.5 0.739718276747 0.936064241261
8.6 0.699120522539 0.910128915172
8.7 0.663162627957 0.881533440471
8.8 0.631545067155 0.850958517964
8.9 0.603950670574 0.819017684348
9 0.580062224876 0.786251277767
9.1 0.559574035836 0.753124757745
9.2 0.542200088155 0.720031126775
9.3 0.527677934527 0.687296212508
9.4 0.515770942533 0.655184448861
9.5 0.506268670676 0.623905790034
9.6 0.498985897641 0.593622866112
9.7 0.49376141688 0.564457442963
9.8 0.490456335181 0.536496670017
9.9 0.488952166692 0.509798758244
10 0.489148665222 0.484398158927
10.1 0.490962393769 0.46030974484
10.2 0.494324808376 0.437532657248
10.3 0.499180757924 0.416053740735
10.4 0.505486938217 0.395850228314
10.5 0.513210717072 0.37689220171
10.6 0.522328896623 0.3591444584
10.7 0.532826687538 0.342568319288
10.8 0.544696767816 0.327122896394
10.9 0.557938434399 0.31276631472
11 0.572556798667 0.299456644111
11.1 0.588562062036 0.287152681336
11.2 0.605968753507 0.27581471781
11.3 0.624795198303 0.265404776622
11.4 0.645062726579 0.255887293322
11.5 0.666794863971 0.247229765203
11.6 0.690016906684 0.239402533525
11.7 0.714754717421 0.232379676224
11.8 0.741034207198 0.226138899083
11.9 0.768880203497 0.220662003479
12 0.798315266905 0.215935323133
12.1 0.82935877727 0.211949767551
12.2 0.862024979831 0.208701542534
12.3 0.896321850727 0.206192294637
12.4 0.932248859021 0.204429740815
12.5 0.969794693977 0.203428269083
12.6 1.00893516711 0.203209392991
12.7 1.0496293866 0.203802771866
12.8 1.09181722619 0.20524679914
12.9 1.13541487579 0.207589680959
13 1.18031009236 0.210890581554
13.1 1.22635748304 0.215220680158
13.2 1.27337258142 0.22066444715
13.3 1.32112562743 0.227320952921
13.4 1.36933419774 0.235305107809
13.5 1.41765610355 0.244748919923
13.6 1.46568189011 0.255801848574
13.7 1.51292670861 0.268631801324
13.8 1.55882530069 0.283423166081
13.9 1.6027241601 0.300376606895
14 1.64388368939 0.319702374956
14.1 1.6814739552 0.341617002399
14.2 1.71458901302 0.366329883688
14.3 1.74226149092 0.394029421822
14.4 1.76348880457 0.424864221072
14.5 1.77726962243 0.458918995037
14.6 1.78266090486 0.496182567891
14.7 1.77883711644 0.536517985066
14.8 1.76516714518 0.579627244292
14.9 1.74128545799 0.625026817437
15 1.70716215695 0.672030092461
15.1 1.66315408953 0.719746971242
15.2 1.61002161564 0.767110826526
15.3 1.54891395301 0.812925139562
15.4 1.48130792304 0.855937055245
15.5 1.4089117301 0.894924280634
15.6 1.33354833457 0.928784635314
15.7 1.25702229088 0.956621561532
15.8 1.18101669319 0.977793552376
15.9 1.10699346731 0.99195426523
16 1.03614129239 0.9990484706
16.1 0.969353400325 0.999286407496
16.2 0.907235254323 0.993099196352
16.3 0.850135066672 0.9810826828
16.4 0.798185329497 0.963940922525
16.5 0.751350098377 0.942432968599
16.6 0.70947032588 0.917328363546
16.7 0.672304333971 0.889372459158
16.8 0.639561093568 0.85926190199
16.9 0.61092614719 0.827628958434
17 0.5860809022 0.795033937025
17.1 0.56471573417 0.761961930934
17.2 0.54653883543 0.728824925592
17.3 0.531281099051 0.695966201156
17.4 0.518699064826 0.663665713629
17.5 0.508575308312 0.632147311104
17.6 0.500717936981 0.601585629366
17.7 0.494959582607 0.572112610641
17.8 0.491155567166 0.543824074552
17.9 0.489182134839 0.516785436265
18 0.488934401638 0.491036995944
18.1 0.490324565726 0.466598486778
18.2 0.493280324323 0.443472857472
18.3 0.497743089087 0.421649952665
18.4 0.503666528849 0.401109309062
18.5 0.511015292353 0.381822720609
18.6 0.519763774187 0.363756190337
18.7 0.529895038628 0.346871850945
18.8 0.541399864789 0.331129248192
18.9 0.554275861503 0.316486697471
19 0.56852667019 0.302902180116
19.1 0.584161203955 0.290334237941
19.2 0.60119290038 0.278742717764
19.3 0.619639137611 0.268089135888
19.4 0.639520547564 0.258337171374
19.5 0.660860088737 0.249453574995
19.6 0.683682704871 0.241407826582
19.7 0.708014164553 0.234173009128
19.8 0.733880452079 0.227725837079
19.9 0.761306825948 0.222046945822
20 0.790316506433 0.217121488522
