"Time" "Prey" "Predator"
0 1.00326622008 1.00326679902
0.1 0.938272697764 1.00030034123
0.2 0.878204242079 0.99112146891
0.3 0.823299846935 0.976396566342
0.4 0.773600185951 0.956872341881
0.5 0.728996493076 0.933329061975
0.6 0.689279412436 0.906536897944
0.7 0.654173306457 0.877228141651
0.8 0.623366613648 0.846076705336
0.9 0.596535941036 0.813685416133
1 0.57336148292 0.780581911462
1.1 0.553537283316 0.747218787375
1.2 0.536778815618 0.713976092635
1.3 0.522826516659 0.681166943949
1.4 0.511447080023 0.649044152966
1.5 0.502434286964 0.617806853734
1.6 0.495606764813 0.587608177716
1.7 0.490807273959 0.558561444842
1.8 0.487900689757 0.530746570807
1.9 0.48677195089 0.504215503397
2 0.487324287661 0.478997180875
2.1 0.489477308248 0.455102017649
2.2 0.493165302574 0.432525386473
2.3 0.498335721647 0.411250865684
2.4 0.504947569081 0.391253516759
2.5 0.512970356638 0.372501414035
2.6 0.522382891378 0.35495721485
2.7 0.533172180225 0.338581217919
2.8 0.545332634987 0.323331447072
2.9 0.558865060514 0.309165456581
3 0.573776005881 0.29604077113
3.1 0.590076949452 0.283915975312
3.2 0.607783686697 0.272751091539
3.3 0.626915567999 0.262508313616
3.4 0.647494912754 0.25315226851
3.5 0.669546189831 0.244650570225
3.6 0.693095365438 0.236974033386
3.7 0.718168975896 0.230097134426
3.8 0.744793543549 0.223997993119
3.9 0.772994265932 0.218659005556
4 0.802793897803 0.214067197768
4.1 0.83421191494 0.210214187233
4.2 0.867262326716 0.207097026561
4.3 0.901952561564 0.204718326454
4.4 0.93828147784 0.203086760611
4.5 0.976236381584 0.202217969145
4.6 1.01579147589 0.20213478808
4.7 1.05690388521 0.20286830802
4.8 1.09951023385 0.204458728296
4.9 1.14352343731 0.206956114894
5 1.188826519 0.210421845002
5.1 1.23526860667 0.214929599714
5.2 1.28265886969 0.22056664106
5.3 1.33075882248 0.227435209923
5.4 1.379276548 0.235654014178
5.5 1.42785860192 0.245358945886
5.6 1.47608170534 0.256703989015
5.7 1.52344601288 0.269861367801
5.8 1.56936849388 0.285020725987
5.9 1.61317728104 0.302387221415
6 1.65411170701 0.322175695419
6.1 1.69132014502 0.344606425481
6.2 1.72387738219 0.369889804338
6.3 1.75079723844 0.398213696979
6.4 1.77106095708 0.429722890791
6.5 1.78366112345 0.46449208849
6.6 1.78765473318 0.50249508968
6.7 1.7822312202 0.543572505291
6.8 1.76678649146 0.587397275487
6.9 1.74099937921 0.633449712346
7 1.70490313377 0.680998479529
7.1 1.65892114049 0.729115295841
7.2 1.60389349842 0.776692031676
7.3 1.54104571797 0.822501129326
7.4 1.47192258953 0.865271160192
7.5 1.39828534572 0.903776591595
7.6 1.32198700608 0.93693069752
7.7 1.24484555927 0.963863485595
7.8 1.16852900209 0.98397868926
7.9 1.09446965249 0.996979285072
8 1.02381552659 1.00286088072
8.1 0.957413150114 1.00188227587
8.2 0.895820737061 0.994516374472
8.3 0.839342685234 0.981392175108
8.4 0.788073801348 0.963237530321
8.5 0.741946743245 0.940826884345
8.6 0.700778484955 0.914937053958
8.7 0.664309864823 0.886314391265
8.8 0.632237741199 0.855651962371
8.9 0.604240030212 0.823575212334
9 0.57999403085 0.790635026889
9.1 0.559188912979 0.757306060308
9.2 0.54153285899 0.723990403323
9.3 0.526758817298 0.69102033974
9.4 0.514625385355 0.658666343449
9.5 0.504918057272 0.627143038356
9.6 0.497448152432 0.596616655184
9.7 0.492051243623 0.567211944574
9.8 0.488585813105 0.539018142735
9.9 0.48693092408 0.512095120489
10 0.48698448991 0.486478299393
10.1 0.48866139615 0.462183212171
10.2 0.49189170467 0.439209438285
10.3 0.496619016438 0.417543913583
10.4 0.502798905925 0.397163794245
10.5 0.510397961444 0.37803891935
10.6 0.519392255776 0.360133650593
10.7 0.52976643728 0.343408933847
10.8 0.541512754831 0.327823251731
10.9 0.554630140896 0.313334267633
11 0.569123519864 0.299899326426
11.1 0.58500292828 0.287476691532
11.2 0.602282959072 0.276025823063
11.3 0.620981938006 0.265508256874
11.4 0.641121378707 0.255887806279
11.5 0.662725158099 0.247131171256
11.6 0.685818897705 0.239208137161
11.7 0.710429029281 0.232092065108
11.8 0.736582144322 0.225759978055
11.9 0.764304066394 0.220192834422
12 0.793618303198 0.215376326963
12.1 0.824545494189 0.211300626681
12.2 0.857101529176 0.207961066465
12.3 0.891295914152 0.205358581433
12.4 0.927130434255 0.203499904316
12.5 0.964596073925 0.202398533116
12.6 1.00367125525 0.202075066994
12.7 1.04431882225 0.202557955738
12.8 1.08648176285 0.20388461127
12.9 1.1300807238 0.206101980721
13 1.17500834573 0.209267886367
13.1 1.22112443932 0.213452182539
13.2 1.26825110573 0.21873788157
13.3 1.31616484776 0.225222545761
13.4 1.3645907032 0.233019756326
13.5 1.41319468501 0.242260208262
13.6 1.46157551231 0.2530922001
13.7 1.50925690058 0.265682724009
13.8 1.55568214122 0.280215961907
13.9 1.6002057742 0.296893239607
14 1.64209499032 0.315926485241
14.1 1.68052412657 0.337535771963
14.2 1.71458882274 0.361935897383
14.3 1.74331873945 0.38932339628
14.4 1.76570225321 0.419858198398
14.5 1.78072170909 0.453639897892
14.6 1.78740943483 0.490675734511
14.7 1.78490634403 0.530850451007
14.8 1.77253873013 0.573890312086
14.9 1.74989012081 0.619337663055
15 1.71688339768 0.666523352432
15.1 1.67381944772 0.714577881287
15.2 1.62141230279 0.762443614624
15.3 1.56077771167 0.808920556089
15.4 1.49337273214 0.852742422797
15.5 1.42090542706 0.892659657842
15.6 1.34521541288 0.927533890363
15.7 1.26814416951 0.956422834154
15.8 1.19141456815 0.978643836053
15.9 1.11653798823 0.993808012233
16 1.04475173809 1.0018248067
16.1 0.976992666097 1.00287833631
16.2 0.913903544227 0.997382304878
16.3 0.855861376751 0.985924652959
16.4 0.803018763605 0.969209700515
16.5 0.755352452324 0.94800269517
16.6 0.712710142851 0.923083508251
16.7 0.674851835105 0.895210700342
16.8 0.641484534139 0.865095374247
16.9 0.612289786495 0.833384339991
17 0.586943541961 0.800651417077
17.1 0.565130264157 0.767394311626
17.2 0.546551930676 0.734036367467
17.3 0.530933631262 0.700930519134
17.4 0.518025962916 0.668365308988
17.5 0.50760658881 0.636571209314
17.6 0.499478917246 0.605728598809
17.7 0.493471473028 0.575973944558
17.8 0.489436044744 0.547406568355
17.9 0.487245573948 0.520094722276
18 0.486792569876 0.494080647376
18.1 0.48798694923 0.469385474516
18.2 0.490754344038 0.446013217041
18.3 0.495034485359 0.423954323294
18.4 0.500779396018 0.403188600631
18.5 0.507952521671 0.383687918018
18.6 0.516527167051 0.365418037983
18.7 0.526485493865 0.348340835888
18.8 0.537817556094 0.332415357825
18.9 0.550520343994 0.317599438344
19 0.564597059915 0.303850405314
19.1 0.580056266595 0.291126177531
19.2 0.596911253339 0.279385791867
19.3 0.615179292583 0.268590093738
19.4 0.634881000073 0.258702179573
19.5 0.656039625208 0.249687816788
19.6 0.678680330021 0.241515843501
19.7 0.702829407226 0.234158483159
19.8 0.728513451961 0.227591668266
19.9 0.755758690693 0.221795071605
20 0.784589407796 0.21675296025
