"Time" "Prey" "Predator"
0 1.00326722008 1.00326779902
0.1 0.938273502133 1.00030142841
0.2 0.878204863853 0.991122616679
0.3 0.823300301689 0.976397749476
0.4 0.773600490387 0.956873537544
0.5 0.728996663949 0.933330250272
0.6 0.689279465783 0.906538062175
0.7 0.65417325709 0.877229268315
0.8 0.623366474882 0.846077783955
0.9 0.596535724636 0.813686438928
1 0.573361199049 0.780582873059
1.1 0.553536940657 0.747219684414
1.2 0.536778421496 0.713976923424
1.3 0.522826077188 0.68116770814
1.4 0.511446600256 0.649044851264
1.5 0.502433771039 0.617807487646
1.6 0.495606216082 0.587608749348
1.7 0.490806695104 0.558561956716
1.8 0.4879000829 0.530747025715
1.9 0.486771317682 0.504215904297
2 0.487323629358 0.478997530793
2.1 0.489476625782 0.455102319593
2.2 0.493164596607 0.432525643409
2.3 0.498334992624 0.411251080473
2.4 0.504946817263 0.391253692149
2.5 0.512969582153 0.372501552595
2.6 0.522382094243 0.35495731898
2.7 0.533171360379 0.338581289873
2.8 0.545331792319 0.323331488904
2.9 0.558864194882 0.309165470173
3 0.573775117139 0.296040758175
3.1 0.590076037475 0.283915937326
3.2 0.6077827514 0.272751029853
3.3 0.626914609367 0.262508229388
3.4 0.647493930863 0.253152162721
3.5 0.669545184876 0.244650443684
3.6 0.69309433776 0.236973886735
3.7 0.718167926023 0.230096968134
3.8 0.744792472243 0.223997807464
3.9 0.772993174178 0.218658800681
4 0.802792786922 0.214066973619
4.1 0.834210786607 0.210213943574
4.2 0.867261182991 0.20709676299
4.3 0.901951405027 0.204718042355
4.4 0.938280311582 0.203086455185
4.5 0.976235209338 0.202217641377
4.6 1.01579030215 0.202134436721
4.7 1.0569027152 0.202867931609
4.8 1.0995090738 0.204458325104
4.9 1.14352229448 0.206955682928
5 1.18882540177 0.210421382014
5.1 1.2352675248 0.214929103159
5.2 1.2826578343 0.220566108105
5.3 1.33075784625 0.227434637477
5.4 1.37927564535 0.235653398906
5.5 1.42785778901 0.245358284186
5.6 1.47608100001 0.25670327722
5.7 1.52344543496 0.269860602127
5.8 1.56936806455 0.285019902991
5.9 1.61317702334 0.302386337758
6 1.65411164433 0.322174748828
6.1 1.69132030158 0.344605414587
6.2 1.72387778155 0.369888729459
6.3 1.75079790239 0.398212560812
6.4 1.77106190351 0.429721699344
6.5 1.78366236579 0.464490851364
6.6 1.78765627715 0.502493821362
6.7 1.7822330629 0.543571225255
6.8 1.76678861844 0.587396009144
6.9 1.7410017652 0.633448489442
7 1.70490573994 0.680997335106
7.1 1.65892391716 0.729114267307
7.2 1.60389638734 0.77669115633
7.3 1.54104865469 0.822500442463
7.4 1.47192550829 0.86527069143
7.5 1.39828818387 0.903776362456
7.6 1.32198970769 0.936930719896
7.7 1.24484807848 0.963863760544
7.8 1.16853130494 0.983979207365
7.9 1.09447171725 0.996980027821
8 1.02381734275 1.00286182252
8.1 0.957414717186 1.00188338619
8.2 0.895822062285 0.994517620357
8.3 0.839343781378 0.981393523313
8.4 0.788074684886 0.963238948806
8.5 0.741947432482 0.940828343672
8.6 0.700778998694 0.914938528028
8.7 0.664310221429 0.886315857665
8.8 0.632237957962 0.855653402449
8.9 0.604240122931 0.823576611065
9 0.579994013669 0.790636372569
9.1 0.559188798349 0.757307344182
9.2 0.541532657705 0.723991619217
9.3 0.526758538626 0.691021483625
9.4 0.514625037158 0.658667413086
9.5 0.504917646162 0.627144032957
9.6 0.497447683923 0.596617575105
9.7 0.492050722264 0.567212791062
9.8 0.488585242617 0.539018917705
9.9 0.48693030747 0.512095826343
10 0.486983829571 0.486478938868
10.1 0.488660693957 0.462183788218
10.2 0.49189096205 0.439209953964
10.3 0.496618234449 0.417544371992
10.4 0.502798085307 0.397164198452
10.5 0.510397102676 0.378039272348
10.6 0.519391359118 0.360133955262
10.7 0.529765502818 0.343409192926
10.8 0.541511782511 0.327823467796
10.9 0.55462913056 0.313334443088
11 0.569122471284 0.299899463485
11.1 0.585001841182 0.287476792216
11.2 0.602281833178 0.276025889195
11.3 0.620980773054 0.265508290075
11.4 0.641120174492 0.255887807965
11.5 0.662723914504 0.247131142638
11.6 0.685817614738 0.239208079241
11.7 0.710427707117 0.232091978681
11.8 0.73658078335 0.225759863697
11.9 0.764302667261 0.220192692494
12 0.793616866872 0.215376157603
12.1 0.824544022025 0.211300429794
12.2 0.857100022971 0.207960841717
12.3 0.891294376249 0.205358328237
12.4 0.927128867623 0.203499621816
12.5 0.964594482259 0.202398220177
12.6 1.0036696431 0.202074722176
12.7 1.04431719515 0.20255757728
12.8 1.08648012744 0.203884197063
12.9 1.13007908803 0.206101528283
13 1.17500671898 0.209267392827
13.1 1.22112283264 0.213451644604
13.2 1.26824953203 0.218737295505
13.3 1.31616332196 0.225221907392
13.4 1.36458924251 0.233019061038
13.5 1.41319330907 0.242259451
13.6 1.4615742433 0.253091375468
13.7 1.50925576336 0.265681826329
13.8 1.55568116326 0.280214985438
13.9 1.60020498549 0.296892178731
14 1.64209442292 0.315925334852
14.1 1.68052381396 0.33753452801
14.2 1.71458879919 0.361934557297
14.3 1.74331903826 0.389321960018
14.4 1.76570290496 0.419856669358
14.5 1.78072273978 0.453638283879
14.6 1.7874108629 0.490674048963
14.7 1.78490817789 0.530848714015
14.8 1.77254096527 0.573888551062
14.9 1.74989273783 0.619335912952
15 1.71688636087 0.666521655108
15.1 1.67382270503 0.71457628427
15.2 1.62141578804 0.762442168119
15.3 1.56078134753 0.808919310018
15.4 1.49337643529 0.852741422741
15.5 1.42090911362 0.892658941403
15.6 1.34521900402 0.927533484038
15.7 1.26814759638 0.956422751246
15.8 1.19141777516 0.978644076174
15.9 1.11654093466 0.993808562103
16 1.0447543983 1.00182564198
16.1 0.976995028148 1.00287942434
16.2 0.913905607676 0.997383607631
16.3 0.855863150155 0.9859261298
16.4 0.803020261882 0.969211310737
16.5 0.755353694401 0.948004399908
16.6 0.71271114973 0.923085271823
16.7 0.674852628361 0.89521249108
16.8 0.641485134829 0.865097164892
16.9 0.612290214453 0.833386107728
17 0.586943815377 0.800653143342
17.1 0.56513039937 0.767395981767
17.2 0.546551942134 0.7340379703
17.3 0.530933531562 0.700932046514
17.4 0.51802576292 0.668366755332
17.5 0.507606297799 0.636572571176
17.6 0.499478543064 0.605729874505
17.7 0.49347102226 0.5759751338
17.8 0.489435522859 0.547407671967
17.9 0.48724498544 0.520095741932
18 0.486791918399 0.494081585384
18.1 0.487986237705 0.469386333642
18.2 0.490753574761 0.446014000357
18.3 0.495033660082 0.423955034063
18.4 0.500778516035 0.403189242204
18.5 0.50795158788 0.383688493762
18.6 0.516526180016 0.365418551215
18.7 0.526484453873 0.34834128983
18.8 0.537816463199 0.332415755563
18.9 0.550519198063 0.317599782802
19 0.564595860671 0.303850699232
19.1 0.580055013656 0.291126423447
19.2 0.596909946253 0.279385992104
19.3 0.615177930871 0.268590250398
19.4 0.634879583268 0.258702294527
19.5 0.656038152893 0.249687891668
19.6 0.678678801879 0.241515879697
19.7 0.702827823083 0.234158481815
19.8 0.728511811845 0.22759163027
19.9 0.755756994889 0.221794997579
20 0.784587656911 0.216752850552
