"Time" "Prey" "Predator"
0 1.06498605572 1.09880943969
0.1 0.982994824052 1.10139250008
0.2 0.907533577176 1.09531901471
0.3 0.8389896157 1.08146127044
0.4 0.777416861159 1.06085498701
0.5 0.722624920581 1.03460710163
0.6 0.674261641639 1.00382129872
0.7 0.631876503186 0.96954671124
0.8 0.594973795483 0.932741655602
0.9 0.563050761737 0.894254366354
1 0.535619910756 0.854817886284
1.1 0.51222624321 0.815049616892
1.2 0.492455245988 0.775458608973
1.3 0.475936403593 0.736455395607
1.4 0.462343397675 0.698363361855
1.5 0.451391804963 0.661430766406
1.6 0.442836285801 0.625841786058
1.7 0.436466975196 0.591726918717
1.8 0.432105891974 0.559172324298
1.9 0.429603335274 0.528228039646
2 0.428834609876 0.498914842335
2.1 0.429696871642 0.471230922159
2.2 0.432106643243 0.445156181091
2.3 0.435997206211 0.42065708148
2.4 0.441316928504 0.397689411134
2.5 0.448027054714 0.376202209131
2.6 0.456100582155 0.356139145429
2.7 0.465520661142 0.337441121492
2.8 0.476279543151 0.320047587455
2.9 0.488377669179 0.303897669721
3 0.501822660536 0.288931459251
3.1 0.516628745615 0.275090433718
3.2 0.532815745124 0.26231874105
3.3 0.550408905208 0.250562732589
3.4 0.569437901288 0.239772229081
3.5 0.589936565366 0.229900231687
3.6 0.611942116408 0.220903636682
3.7 0.635494705049 0.212743066554
3.8 0.660636739114 0.205383361981
3.9 0.687412190664 0.198793557688
4 0.715865926574 0.192947211976
4.1 0.746042679596 0.187822542229
4.2 0.777986172124 0.183402712677
4.3 0.811737588239 0.179676165205
4.4 0.8473354925 0.176636685089
4.5 0.88481259969 0.174284220795
4.6 0.924193791886 0.172625393607
4.7 0.965496635293 0.171673358104
4.8 1.00872515388 0.171449566359
4.9 1.0538676158 0.171984368863
5 1.10089352488 0.173317840437
5.1 1.14974845172 0.175501246036
5.2 1.20035040484 0.178598046351
5.3 1.25257958894 0.18268680926
5.4 1.30627672744 0.18786161328
5.5 1.36122827832 0.194235901559
5.6 1.41716355824 0.201943349147
5.7 1.47373879871 0.211141526777
5.8 1.53052666206 0.222014385844
5.9 1.58700412332 0.234773965657
6 1.64254050688 0.249662605301
6.1 1.69638309694 0.266952703089
6.2 1.74764781485 0.286946591209
6.3 1.79531357315 0.30996939761
6.4 1.83821880395 0.336364189771
6.5 1.87508088539 0.366468998961
6.6 1.90451610939 0.400598268243
6.7 1.92508676932 0.439007371674
6.8 1.93536918843 0.481847896309
6.9 1.93405136863 0.529111839741
7 1.92004838732 0.58057181552
7.1 1.8926316993 0.635722905463
7.2 1.85156340874 0.693732841422
7.3 1.79720027428 0.753428858599
7.4 1.73055025812 0.81331610794
7.5 1.65325652549 0.87165288867
7.6 1.5675021704 0.926570330884
7.7 1.47584205128 0.976227045246
7.8 1.38098564933 1.01897402813
7.9 1.28557082246 1.05349971866
8 1.19196638146 1.07893004407
8.1 1.1021318184 1.09487009767
8.2 1.01754637127 1.10138726936
8.3 0.939203735457 1.09894754187
8.4 0.867654357533 1.08832461493
8.5 0.803087586781 1.07049278551
8.6 0.745408840957 1.04653816132
8.7 0.694326664573 1.01757382436
8.8 0.649425432038 0.984677815036
8.9 0.610223777048 0.948850720452
9 0.576217673953 0.910990223445
9.1 0.546910588506 0.871878964539
9.2 0.521831978763 0.832184244097
9.3 0.500549318014 0.792460407395
9.4 0.482673149319 0.753158870489
9.5 0.46785780604 0.714639548239
9.6 0.455801242746 0.677181415436
9.7 0.446241789708 0.640994787138
9.8 0.438954652088 0.606232142951
9.9 0.433748668268 0.57299757683
10 0.430462410995 0.541355739193
10.1 0.428960811791 0.511339317117
10.2 0.429131936318 0.482955493301
10.3 0.430884204844 0.456191462107
10.4 0.434144047314 0.431018835595
10.5 0.438853551682 0.407397737547
10.6 0.444968645292 0.385279701341
10.7 0.452457435614 0.364610512209
10.8 0.461298852575 0.345332034256
10.9 0.471481363386 0.327384183937
11 0.483001985705 0.310706101809
11.1 0.495865346482 0.2952373688
11.2 0.51008287758 0.280918849243
11.3 0.525672115319 0.267693368164
11.4 0.542655982611 0.255506384938
11.5 0.561062389571 0.24430604885
11.6 0.580923438794 0.234043966858
11.7 0.602274922454 0.224675408256
11.8 0.625155886314 0.216159266739
11.9 0.649607743265 0.208458665929
12 0.675673974292 0.201540706491
12.1 0.703399075086 0.1953770445
12.2 0.732828010367 0.189943837846
12.3 0.764005121217 0.185222072332
12.4 0.796973022509 0.181197862395
12.5 0.831771537238 0.177862631586
12.6 0.868435771565 0.17521372275
12.7 0.906994880087 0.173254619881
12.8 0.947469353744 0.171995751643
12.9 0.989868980789 0.171455019472
13 1.03418968537 0.171658680248
13.1 1.08040969583 0.172642443347
13.2 1.12848590359 0.174452477747
13.3 1.17834817508 0.177147010414
13.4 1.22989449297 0.180797701008
13.5 1.28298294162 0.185491807888
13.6 1.3374250231 0.191334060683
13.7 1.39297556243 0.198449139018
13.8 1.44932308659 0.206984219268
13.9 1.50607828945 0.217111367085
14 1.56276124678 0.229030275059
14.1 1.61878913495 0.24297014904
14.2 1.67346335817 0.259190245714
14.3 1.72595625336 0.277981246454
14.4 1.77530723762 0.299658531735
14.5 1.82041357336 0.324559430323
14.6 1.86004389549 0.353025753286
14.7 1.89285341082 0.385386032332
14.8 1.9174199916 0.421926287202
14.9 1.93230209972 0.462849679282
15 1.93612836059 0.508223249514
15.1 1.9277005019 0.557921505766
15.2 1.90612014726 0.611565445112
15.3 1.87092346728 0.668468605225
15.4 1.82219984825 0.727605241067
15.5 1.76067556334 0.787611567994
15.6 1.68772528761 0.846841917536
15.7 1.6053171942 0.903463891306
15.8 1.51587068163 0.955603992881
15.9 1.4220568491 1.00151066495
16 1.32657127171 1.03971157332
16.1 1.23192057018 1.06913454694
16.2 1.14025301869 1.08917828415
16.3 1.05325613712 1.09971846691
16.4 0.972132369576 1.10105687631
16.5 0.897615822222 1.09384698715
16.6 0.830040347339 1.07898993332
16.7 0.769421654499 1.05753556523
16.8 0.715543526066 1.03059382337
16.9 0.668035931198 0.999263970417
17 0.626439937093 0.964583472251
17.1 0.590257043562 0.927496472684
17.2 0.558984634775 0.888836005495
17.3 0.532139310193 0.849318537959
17.4 0.509271298266 0.809546060664
17.5 0.489972123372 0.770013327467
17.6 0.473877415981 0.731118143829
17.7 0.460666649602 0.693172902609
17.8 0.450061021295 0.656416275114
17.9 0.441820241297 0.62102429439
18 0.435739201335 0.587120870941
18.1 0.431644104378 0.554786585999
18.2 0.429388833505 0.524067290124
18.3 0.428851852015 0.494980267282
18.4 0.429933199198 0.467520681961
18.5 0.432551762249 0.441666508714
18.6 0.436643167795 0.41738223165
18.7 0.442157555598 0.394622847169
18.8 0.449057965843 0.373336314253
18.9 0.457318861292 0.353465871352
19 0.466924628995 0.334952312056
19.1 0.477868676663 0.317735032764
19.2 0.490152654247 0.301752734366
19.3 0.503785033679 0.286945977458
19.4 0.518780921328 0.273256496309
19.5 0.535160965438 0.260628633894
19.6 0.552951003129 0.2490093192
19.7 0.572181357218 0.23834874176
19.8 0.592886331429 0.228600491493
19.9 0.615103609379 0.219721909872
20 0.638873688115 0.211674244438
