"Time" "Prey" "Predator"
0 1.5 1.5
0.1 1.30698852517 1.56156723776
0.2 1.13155556633 1.59592422458
0.3 0.976910130158 1.60431227911
0.4 0.843781740139 1.58971009782
0.5 0.731177253225 1.55602775832
0.6 0.63711345099 1.50743083129
0.7 0.559191748546 1.44787660952
0.8 0.494977019736 1.38085413257
0.9 0.44221660657 1.30927708997
1 0.398937213747 1.23548162346
1.1 0.363468059265 1.16127917389
1.2 0.334427953106 1.08802963113
1.3 0.310690665896 1.01672248793
1.4 0.291346255699 0.948050680815
1.5 0.275663620869 0.882474953379
1.6 0.263057076317 0.820277356676
1.7 0.253058276788 0.761604759107
1.8 0.245292997736 0.706503117206
1.9 0.239462501719 0.654944195463
2 0.235328585562 0.606846602416
2.1 0.232701671786 0.562091962534
2.2 0.231431460424 0.520537167148
2.3 0.231399389222 0.482023892747
2.4 0.232513600753 0.446384357604
2.5 0.23470329304 0.413448374678
2.6 0.237915699661 0.3830460982
2.7 0.242113046946 0.355010993661
2.8 0.247270358632 0.329181750385
2.9 0.253373662797 0.305403670074
3 0.260418575468 0.283529512419
3.1 0.268409125797 0.263420071529
3.2 0.277356950473 0.244944321246
3.3 0.287280716352 0.227979279093
3.4 0.298205212123 0.212410571294
3.5 0.310161416403 0.198131451215
3.6 0.323185731335 0.185043198242
3.7 0.337320141744 0.173054264982
3.8 0.35261176703 0.162080347274
3.9 0.369112974459 0.152043728382
4 0.38688116353 0.142873149206
4.1 0.405978858812 0.134503317123
4.2 0.426473624042 0.126874655114
4.3 0.448438143164 0.11993293389
4.4 0.471950215334 0.113629021329
4.5 0.497092806174 0.107918596225
4.6 0.52395400565 0.102761963373
4.7 0.552627150614 0.0981237889676
4.8 0.583210949498 0.0939728523125
4.9 0.615808946049 0.0902822563539
5 0.650529760784 0.0870290894019
5.1 0.687487239092 0.0841941557702
5.2 0.726799184747 0.081762778126
5.3 0.768587703647 0.0797243666375
5.4 0.812979264667 0.0780721855935
5.5 0.860101785272 0.0768049456462
5.6 0.910085305628 0.0759262753101
5.7 0.963061925051 0.0754445990837
5.8 1.01916034955 0.0753756488213
5.9 1.07850527368 0.075742671079
6 1.14121445351 0.0765774951282
6.1 1.20739424075 0.077922328952
6.2 1.27713699305 0.0798308863507
6.3 1.3505084277 0.0823735636651
6.4 1.42754363818 0.0856389365189
6.5 1.50823381379 0.0897389264424
6.6 1.59251329699 0.094814105403
6.7 1.68023933084 0.101041787785
6.8 1.77117022291 0.108644502804
6.9 1.86493067901 0.117903569944
7 1.96097696338 0.129172716686
7.1 2.05854794144 0.142896763977
7.2 2.1566055443 0.1596339863
7.3 2.25375886981 0.180083194104
7.4 2.34818420272 0.205110290206
7.5 2.43753190975 0.235776472567
7.6 2.51883258703 0.273356834029
7.7 2.58843099772 0.319339279736
7.8 2.64197496284 0.375373758579
7.9 2.67450477636 0.443165151545
8 2.68074033127 0.524236806001
8.1 2.65559099082 0.619578472863
8.2 2.59496305033 0.729146829652
8.3 2.49677304647 0.851311231811
8.4 2.36195099982 0.982410140239
8.5 2.19506650004 1.11666233627
8.6 2.00417408464 1.2466575673
8.7 1.79975105562 1.36441826501
8.8 1.5929489589 1.46277839852
8.9 1.39376000659 1.53660060758
9 1.20969550379 1.58343178969
9.1 1.04528415529 1.60346675394
9.2 0.902312560781 1.59898297686
9.3 0.780484791905 1.57355435979
9.4 0.678190095438 1.53130034822
9.5 0.593161266276 1.47631854265
9.6 0.522944118109 1.41233413099
9.7 0.465184697237 1.34252979331
9.8 0.417775539083 1.26950238947
9.9 0.378906211676 1.19529676661
10 0.347066481266 1.12146968156
10.1 0.321017723158 1.04917115632
10.2 0.299755437462 0.9792217826
10.3 0.282470976103 0.912181594042
10.4 0.268515488825 0.848408871871
10.5 0.257369945259 0.788107920887
10.6 0.248619520286 0.731367192923
10.7 0.241932889257 0.678189588602
10.8 0.237045664325 0.628515933863
10.9 0.233747181626 0.582243205874
11 0.231870092398 0.53923840186
11.1 0.231282176693 0.499349038916
11.2 0.231879775978 0.462411214928
11.3 0.233583027135 0.42825510605
11.4 0.236331307377 0.396710310418
11.5 0.240080200631 0.367608588487
11.6 0.244799110418 0.340786028944
11.7 0.250469209052 0.316084750031
11.8 0.257081872222 0.293354012179
11.9 0.264637392366 0.272450862624
12 0.273143965131 0.253240581288
12.1 0.282617152368 0.23559641561
12.2 0.293078954644 0.21940010975
12.3 0.304557565114 0.204541429962
12.4 0.317086934078 0.190918000472
12.5 0.33070648901 0.178435047319
12.6 0.345461030284 0.16700495323
12.7 0.361400499387 0.156547058469
12.8 0.378580016494 0.146987145513
12.9 0.397059727478 0.138257258752
13 0.41690490664 0.13029521176
13.1 0.438185860398 0.123044380476
13.2 0.460978054679 0.116453307805
13.3 0.485362061367 0.110475509773
13.4 0.511423649532 0.105069173537
13.5 0.539253694896 0.100197014607
13.6 0.568948424099 0.0958259558271
13.7 0.600609309909 0.0919270314875
13.8 0.634342500736 0.088475619752
13.9 0.670259444748 0.0854508430062
14 0.708476452655 0.0828357251278
14.1 0.749113390021 0.0806180093013
14.2 0.792294730482 0.0787892015242
14.3 0.838148472208 0.077345101531
14.4 0.886803120174 0.0762874001992
14.5 0.938389803382 0.0756223375334
14.6 0.993040150676 0.0753616675565
14.7 1.05088021453 0.0755254037888
14.8 1.1120318291 0.0761410923234
14.9 1.17660652993 0.0772461974045
15 1.24470389705 0.0788888184256
15.1 1.31640338025 0.0811310646217
15.2 1.39175513145 0.0840527925209
15.3 1.47077145125 0.0877548371878
15.4 1.55341587653 0.0923633587671
15.5 1.6395818337 0.0980384778745
15.6 1.72907834703 0.104979906917
15.7 1.82159448399 0.113440783735
15.8 1.91666877169 0.123739660061
15.9 2.01364789786 0.136276512769
16 2.1116272809 0.151555189897
16.1 2.20938806049 0.170206375726
16.2 2.30531739598 0.193015565843
16.3 2.39731631644 0.220951884633
16.4 2.4827123129 0.255189595041
16.5 2.55816905329 0.297123309493
16.6 2.61965074845 0.348336655254
16.7 2.66245532447 0.41052991109
16.8 2.6814015806 0.48534530522
16.9 2.67122926581 0.574071694217
17 2.62727297624 0.677206536553
17.1 2.54639537558 0.793914136757
17.2 2.42803536609 0.921502004089
17.3 2.27505693759 1.05513983072
17.4 2.09399533865 1.18806363174
17.5 1.89440178882 1.31239554883
17.6 1.68735519456 1.42042642422
17.7 1.48358531745 1.50596683619
17.8 1.29185289164 1.56529800702
17.9 1.11806426334 1.59744419307
18 0.96519781419 1.60381947079
18.1 0.833817358732 1.58750323842
18.2 0.722824205839 1.55244733764
18.3 0.630182151188 1.502815278
18.4 0.553477125527 1.4425335902
18.5 0.490284314639 1.37504483952
18.6 0.438372061144 1.30321403663
18.7 0.3957917482 1.22933194198
18.8 0.360897508667 1.15516974876
18.9 0.332330726806 1.08205381587
19 0.308984470533 1.01094666214
19.1 0.28996490647 0.942519908128
19.2 0.274554089835 0.877217815583
19.3 0.262176970431 0.81530989001
19.4 0.252373750237 0.75693357602
19.5 0.244777050827 0.702127880175
19.6 0.239093607748 0.65085956009
19.7 0.235089618185 0.603043681968
19.8 0.232579048405 0.55855946485
19.9 0.23141446791 0.517262255535
20 0.231479656973 0.478992828067
