"Time" "Prey" "Predator"
0 1.00326626574 1.00326660533
0.1 0.938272764344 1.00030015377
0.2 0.878204325834 0.991121290645
0.3 0.823299944408 0.976396399601
0.4 0.773600294069 0.956872188333
0.5 0.728996609199 0.933328922687
0.6 0.689279534355 0.90653677346
0.7 0.654173432374 0.877228032074
0.8 0.623366742133 0.846076610419
0.9 0.596536070973 0.813685335371
1 0.573361613463 0.780581844157
1.1 0.553537413841 0.747218732704
1.2 0.536778945678 0.713976049701
1.3 0.52282664595 0.681166911823
1.4 0.511447208349 0.649044130716
1.5 0.502434414214 0.61780684045
1.6 0.495606890939 0.587608172526
1.7 0.49080739896 0.558561446922
1.8 0.487900813667 0.530746579389
1.9 0.486772073765 0.504215517771
2 0.487324409572 0.478997200393
2.1 0.489477429271 0.455102041721
2.2 0.493165422791 0.432525414568
2.3 0.498335841137 0.411250897326
2.4 0.504947687919 0.391253551522
2.5 0.512970474891 0.372501451548
2.6 0.522383009102 0.354957254784
2.7 0.533172297464 0.338581259989
2.8 0.545332751771 0.323331491031
2.9 0.558865176857 0.309165502217
3 0.573776121778 0.296040818267
3.1 0.590077064879 0.283916023802
3.2 0.607783801607 0.272751141263
3.3 0.626915682322 0.262508364482
3.4 0.647495026392 0.253152320449
3.5 0.669546302656 0.24465062319
3.6 0.69309547729 0.236974087351
3.7 0.71816908658 0.230097189386
3.8 0.744793652829 0.223998049086
3.9 0.772994373528 0.21865906256
4 0.802794003388 0.214067255858
4.1 0.834212018132 0.210214246473
4.2 0.867262427076 0.20709708703
4.3 0.901952658587 0.20471838825
4.4 0.938281570952 0.203086823847
4.5 0.976236470131 0.202218033948
4.6 1.01579155914 0.202134854595
4.7 1.05690396232 0.202868376404
4.8 1.09951030389 0.204458798721
4.9 1.14352349925 0.206956187547
5 1.18882657169 0.21042192008
5.1 1.23526864885 0.214929677421
5.2 1.28265889995 0.220566721608
5.3 1.33075883932 0.227435293517
5.4 1.37927654978 0.235654101013
5.5 1.42785858691 0.245359036139
5.6 1.47608167172 0.256704082819
5.7 1.52344595876 0.269861465237
5.8 1.56936841737 0.285020827032
5.9 1.61317718027 0.302387325946
6 1.65411158028 0.322175803123
6.1 1.69131999085 0.344606535843
6.2 1.72387719945 0.369889916571
6.3 1.75079702652 0.398213809955
6.4 1.77106071609 0.429723002969
6.5 1.78366085434 0.464492197898
6.6 1.78765443797 0.502495193848
6.7 1.78223090203 0.543572601296
6.8 1.76678615474 0.587397359958
6.9 1.74099902944 0.633449781693
7 1.70490277757 0.680998530001
7.1 1.65892078516 0.72911532388
7.2 1.60389315156 0.776692034235
7.3 1.541045387 0.822501104104
7.4 1.4719222812 0.865271105954
7.5 1.39828506563 0.903776508326
7.6 1.32198675843 0.936930586446
7.7 1.24484534666 0.963863349132
7.8 1.16852882553 0.983978530803
7.9 1.09446951159 0.996979108709
8 1.02381541983 1.00286069092
8.1 0.957413075126 1.00188207717
8.2 0.895820690942 0.994516171235
8.3 0.83934266484 0.981391971308
8.4 0.788073803491 0.963237329436
8.5 0.74194676487 0.940826689275
8.6 0.700778523243 0.914936867017
8.7 0.664309917252 0.88631421421
8.8 0.63223780556 0.855651796453
8.9 0.604240104613 0.823575058362
9 0.579994113695 0.790634885302
9.1 0.55918900294 0.757305931242
9.2 0.54153295498 0.723990286672
9.3 0.526758918434 0.691020235217
9.4 0.514625490928 0.658666250632
9.5 0.504918166723 0.627142956725
9.6 0.497448265322 0.596616584162
9.7 0.492051359617 0.567211883545
9.8 0.488585931949 0.53901809107
9.9 0.486931045589 0.512095077559
10 0.486984613953 0.486478264583
10.1 0.48866152264 0.46218318489
10.2 0.491891833553 0.439209417968
10.3 0.496619147689 0.4175438997
10.4 0.502799039539 0.397163786298
10.5 0.510398097429 0.378038916882
10.6 0.519392394151 0.360133653183
10.7 0.529766578069 0.34340894111
10.8 0.541512898059 0.327823263319
10.9 0.554630286586 0.313334283235
11 0.569123668034 0.299899345766
11.1 0.585003078938 0.287476714366
11.2 0.602283112214 0.27602584918
11.3 0.620982093609 0.265508286095
11.4 0.641121536732 0.255887838455
11.5 0.66272531848 0.247131206265
11.6 0.685819060347 0.239208174911
11.7 0.710429194058 0.232092105534
11.8 0.736582311064 0.225760021121
11.9 0.764304234888 0.220192880118
12 0.79361847318 0.215376375304
12.1 0.824545665333 0.211300677713
12.2 0.857101701089 0.207961120257
12.3 0.891296086362 0.205358638086
12.4 0.927130606201 0.20349996396
12.5 0.964596244949 0.202398595909
12.6 1.00367142457 0.202075133127
12.7 1.04431898898 0.202558025435
12.8 1.08648192594 0.203884684787
12.9 1.13008088205 0.206102058351
13 1.17500849777 0.209267968439
13.1 1.22112458358 0.213452269416
13.2 1.26825124043 0.218737973654
13.3 1.3161649709 0.225222643481
13.4 1.36459081255 0.233019860139
13.5 1.41319477808 0.242260318649
13.6 1.46157558638 0.253092317543
13.7 1.50925695268 0.265682848978
13.8 1.55568216819 0.280216094825
13.9 1.6002057727 0.296893380819
14 1.64209495693 0.315926634966
14.1 1.68052405794 0.337535930196
14.2 1.71458871557 0.361936063888
14.3 1.74331859086 0.389323570421
14.4 1.76570206094 0.419858379043
14.5 1.78072147167 0.453640083334
14.6 1.78740915199 0.490675922332
14.7 1.7849060169 0.530850638005
14.8 1.77253836156 0.573890494266
14.9 1.74988971545 0.619337835669
15 1.71688296201 0.66652351016
15.1 1.67381899 0.71457801839
15.2 1.62141183249 0.762443725478
15.3 1.56077723909 0.808920635486
15.4 1.49337226765 0.85274246647
15.5 1.42090498047 0.89265966283
15.6 1.34521499278 0.927533855285
15.7 1.26814378277 0.956422759361
15.8 1.19141421971 0.978643723528
15.9 1.11653768105 0.993807865369
16 1.04475147324 1.00182463
16.1 0.976992443107 1.00287813497
16.2 0.913903361397 0.997382084418
16.3 0.855861231521 0.98592441888
16.4 0.803018652899 0.969209458027
16.5 0.755352372837 0.948002448998
16.6 0.712710091259 0.923083262523
16.7 0.674851808211 0.895210458543
16.8 0.641484528985 0.865095139217
16.9 0.61228980041 0.833384113959
17 0.58694357258 0.800651201721
17.1 0.565130309423 0.767394108142
17.2 0.546551988825 0.734036176633
17.3 0.530933700796 0.700930341391
17.4 0.518026042578 0.668365144496
17.5 0.507606677555 0.636571058012
17.6 0.499479014212 0.605728460467
17.7 0.493471577514 0.575973818816
17.8 0.489436156181 0.547406454762
17.9 0.487245691885 0.520094620317
18 0.486792693959 0.494080556497
18.1 0.487987079184 0.469385394142
18.2 0.490754479661 0.446013146592
18.3 0.495034626503 0.423954262198
18.4 0.500779542583 0.403188548327
18.5 0.507952673595 0.383687873971
18.6 0.516527324303 0.365418001681
18.7 0.52648565644 0.348340806854
18.8 0.537817724003 0.332415335611
18.9 0.550520517262 0.317599422538
19 0.564597238574 0.303850395538
19.1 0.58005645068 0.291126173445
19.2 0.596911442882 0.279385793165
19.3 0.615179487608 0.26859010015
19.4 0.634881200594 0.258702190866
19.5 0.656039831218 0.249687832763
19.6 0.678680541489 0.241515863995
19.7 0.702829624092 0.234158508043
19.8 0.728513674125 0.227591697448
19.9 0.755758918011 0.221795105029
20 0.784589640069 0.216752997895
