"Time" "Prey" "Predator"
0 1.00326522008 1.00326779902
0.1 0.938271643958 1.00030123537
0.2 0.878203157676 0.99112224869
0.3 0.823298751201 0.976397227961
0.4 0.77359909422 0.956872885511
0.5 0.728995417059 0.933329490991
0.6 0.689278360666 0.906537218147
0.7 0.654172284803 0.877228360527
0.8 0.623365625827 0.846076831414
0.9 0.5965349891 0.813685458452
1 0.573360567641 0.78058187918
1.1 0.553536404542 0.747218689448
1.2 0.536777972551 0.713975937602
1.3 0.522825708069 0.681166739795
1.4 0.511446304419 0.649043907037
1.5 0.502433542714 0.617806572699
1.6 0.495606050242 0.587607867564
1.7 0.490806587411 0.558561110898
1.8 0.487900029645 0.530746217761
1.9 0.486771315727 0.50421513535
2 0.487323676082 0.478996801383
2.1 0.489476719023 0.455101629766
2.2 0.493164734619 0.43252499281
2.3 0.498335174026 0.411250468445
2.4 0.504947041005 0.391253117798
2.5 0.512969847472 0.372501014883
2.6 0.52238240064 0.354956816752
2.7 0.533171707582 0.338580821881
2.8 0.545332180261 0.32333105388
2.9 0.558864623677 0.309165066834
3 0.57377558706 0.296040385263
3.1 0.590076548928 0.283915593617
3.2 0.607783304911 0.272750714183
3.3 0.626915205554 0.262507940662
3.4 0.64749457042 0.253151899926
3.5 0.669545868551 0.244650205899
3.6 0.693095066336 0.236973673139
3.7 0.718168700283 0.230096778019
3.8 0.744793292933 0.223997640262
3.9 0.772994042025 0.218658655918
4 0.802793702532 0.214066850982
4.1 0.834211750459 0.210213842904
4.2 0.867262195413 0.207096684271
4.3 0.901952466071 0.20471798577
4.4 0.938281421044 0.203086421091
4.5 0.976236366632 0.202217630346
4.6 1.0157915062 0.202134449571
4.7 1.05690396445 0.202867969387
4.8 1.09951036595 0.204458389163
4.9 1.14352362647 0.206955774936
5 1.18882676962 0.210421503971
5.1 1.23526892335 0.214929257466
5.2 1.28265925715 0.220566297594
5.3 1.3307592855 0.227434865425
5.4 1.37927709132 0.23565366908
5.5 1.42785923008 0.245358600938
5.6 1.4760824225 0.256703645375
5.7 1.52344682259 0.269861027142
5.8 1.56936939877 0.285020390615
5.9 1.61317828249 0.302386894428
6 1.65411280472 0.32217538084
6.1 1.69132133649 0.344606128451
6.2 1.72387866224 0.369889531249
6.3 1.7507985987 0.39821345558
6.4 1.77106238546 0.429722690254
6.5 1.78366260379 0.46449193935
6.6 1.78765624512 0.50249500361
6.7 1.78223273929 0.54357249468
6.8 1.76678798978 0.587397352787
6.9 1.74100082638 0.633449889161
7 1.70490449849 0.680998765537
7.1 1.6589223924 0.729115697632
7.2 1.60389461026 0.776692551639
7.3 1.54104666744 0.822501764862
7.4 1.47192336095 0.865271903315
7.5 1.39828593097 0.903777429117
7.6 1.32198740472 0.936931611831
7.7 1.24484577794 0.963864455864
7.8 1.16852905328 0.983979692934
7.9 1.09446955292 0.996980299441
8 1.02381529547 1.00286188434
8.1 0.95741280759 1.0018832496
8.2 0.895820302871 0.994517302253
8.3 0.839342177751 0.981393044305
8.4 0.788073237026 0.963238331695
8.5 0.741946136299 0.940827611868
8.6 0.700777847297 0.91493770444
8.7 0.66430920618 0.886314963886
8.8 0.632237069336 0.855652458209
8.9 0.604239351168 0.823575633919
9 0.579993349211 0.790635377795
9.1 0.559188232141 0.7573063448
9.2 0.541532181362 0.723990626119
9.3 0.526758144529 0.691020505732
9.4 0.51462471851 0.658666457538
9.5 0.504917396931 0.627143105371
9.6 0.497447498849 0.596616679741
9.7 0.492050596794 0.567211931041
9.8 0.488585172839 0.539018095189
9.9 0.486930290073 0.512095042691
10 0.486983861771 0.486478194788
10.1 0.488660773451 0.462183083887
10.2 0.49189108697 0.43920928914
10.3 0.496618403295 0.417543746099
10.4 0.502798296931 0.39716361067
10.5 0.510397356229 0.378038721664
10.6 0.519391654023 0.360133440539
10.7 0.529765838737 0.343408712938
10.8 0.541512159318 0.327823021276
10.9 0.554629548317 0.313334028751
11 0.569122930218 0.299899080058
11.1 0.585002341663 0.287476438462
11.2 0.602282375699 0.276025563924
11.3 0.620981358209 0.265507992168
11.4 0.641120802959 0.255887536377
11.5 0.662724587019 0.247130896419
11.6 0.685818332076 0.239207857539
11.7 0.710428470061 0.232091780754
11.8 0.73658159268 0.225759688914
11.9 0.764303523705 0.220192540358
12 0.793617771078 0.215376027757
12.1 0.824544974535 0.211300322016
12.2 0.857101024142 0.20796075596
12.3 0.89129542624 0.205358264615
12.4 0.927129966316 0.20349958063
12.5 0.964595629171 0.202398201943
12.6 1.00367083735 0.202074727625
12.7 1.04431843529 0.2025576074
12.8 1.08648141142 0.203884253119
12.9 1.13008041305 0.206101611836
13 1.17500808131 0.20926750579
13.1 1.22112422749 0.213451789262
13.2 1.2682509534 0.218737474555
13.3 1.31616476236 0.225222123989
13.4 1.36459069281 0.233019318839
13.5 1.41319475826 0.242259754165
13.6 1.46157567822 0.253091728717
13.7 1.50925716854 0.265682234906
13.8 1.55568252069 0.280215455114
13.9 1.6002062745 0.296892715701
14 1.64209562018 0.315925945568
14.1 1.68052489341 0.337535219053
14.2 1.7145897328 0.361935334805
14.3 1.74331979625 0.389322829368
14.4 1.76570345675 0.419857634518
14.5 1.78072305558 0.453639346486
14.6 1.78741091511 0.490675207456
14.7 1.78490794342 0.530849962646
14.8 1.77254042767 0.573889878847
14.9 1.74989188962 0.619337302999
15 1.71688520561 0.666523084127
15.1 1.67382125805 0.714577723279
15.2 1.62141407728 0.76244358288
15.3 1.56077941205 0.808920663251
15.4 1.49337432327 0.852742676323
15.5 1.42090687893 0.892660059224
15.6 1.34521670243 0.927534434753
15.7 1.26814528181 0.956423510409
15.8 1.19141549642 0.978644627821
15.9 1.11653873291 0.993808899384
16 1.04475230598 1.00182576667
16.1 0.976993068658 1.00287934582
16.2 0.913903795876 0.997383341405
16.3 0.855861493579 0.985925695622
16.4 0.803018762089 0.969210730952
16.5 0.755352348387 0.948003697946
16.6 0.712709951278 0.923084470937
16.7 0.674851569254 0.895211613388
16.8 0.641484205715 0.865096230793
16.9 0.612289405557 0.833385135517
17 0.586943117013 0.80065214904
17.1 0.565129802288 0.767394979097
17.2 0.546551437687 0.734036970854
17.3 0.530933111889 0.700931059792
17.4 0.518025420936 0.668365789039
17.5 0.507606027218 0.636571631391
17.6 0.499478338393 0.605728965881
17.7 0.493470878708 0.575974259806
17.8 0.489435436315 0.547406835042
17.9 0.487244952407 0.520094943667
18 0.486791935926 0.494080826676
18.1 0.487986303344 0.469385614816
18.2 0.490753686506 0.446013321287
18.3 0.495033816325 0.423954394265
18.4 0.500778715517 0.40318864092
18.5 0.507951829664 0.383687930029
18.6 0.516526463445 0.365418023921
18.7 0.526484778536 0.348340797772
18.8 0.53781682891 0.332415297474
18.9 0.550519604829 0.317599357399
19 0.564596308672 0.303850305228
19.1 0.580055503222 0.291126059591
19.2 0.596910477845 0.279385657183
19.3 0.615178505054 0.268589943269
19.4 0.634880200702 0.258702014115
19.5 0.656038814299 0.249687636992
19.6 0.678679508027 0.241515649868
19.7 0.702828574758 0.234158276058
19.8 0.728512609833 0.227591447917
19.9 0.755757839943 0.221794838087
20 0.784588549706 0.216752713521
