Time Prey Predator
0.0  1.58041173534 1.37943738578
0.1 1.39873847486 1.4485511866 
0.2 1.22846966086 1.49452385495 
0.3 1.07402175959 1.51707826308 
0.4 0.937562912825 1.51772238698 
0.5 0.819447710589 1.49916796661 
0.6 0.718772304108 1.46474775487 
0.7 0.633914376509 1.41792390677 
0.8 0.56293825967 1.36196597775 
0.9 0.503877409528 1.29975903681 
1 0.454897245007 1.2337276765 
1.1 0.414369231103 1.16583661825 
1.2 0.380897802488 1.09762487862 
1.3 0.353312862398 1.03026328543 
1.4 0.33064725547 0.964616103335 
1.5 0.312109371924 0.90129845293 
1.6 0.29705546428 0.840727615138 
1.7 0.28496372655 0.783166477685 
1.8 0.275412549868 0.728759633945 
1.9 0.268062148191 0.677561378981 
2 0.262639013799 0.629559045249 
2.1 0.258923490967 0.584691188052 
2.2 0.256739780368 0.542861647697 
2.3 0.255948066928 0.503950245622 
2.4 0.256438061232 0.467821267466 
2.5 0.258123830871 0.434329946543 
2.6 0.260939754594 0.403327247376 
2.7 0.264837359398 0.374663353463 
2.8 0.269782623832 0.348190502296 
2.9 0.27575387082 0.32376493058 
3 0.282740250721 0.301247997031 
3.1 0.290740481444 0.280507122261 
3.2 0.299761576179 0.261416649003 
3.3 0.309818215205 0.24385789305 
3.4 0.320932025067 0.227719380255 
3.5 0.333131004697 0.212896897312 
3.6 0.346449251658 0.199293264386 
3.7 0.360926645969 0.186818190058 
3.8 0.376608405185 0.175388206534 
3.9 0.393545042127 0.164926308823 
4 0.411792506597 0.155361440457 
4.1 0.431411603362 0.146628591647 
4.2 0.452468418107 0.138668274377 
4.3 0.475033884097 0.131426378187 
4.4 0.499183981264 0.124853914746 
4.5 0.524999593498 0.118906739326 
4.6 0.552566445735 0.113545435642 
4.7 0.581975072916 0.108735121024 
4.8 0.613320666146 0.104445280932 
4.9 0.64670281716 0.100649862101 
5 0.682225451011 0.0973270014057 
5.1 0.71999594477 0.0944594837952 
5.2 0.76012552418 0.092034233347 
5.3 0.802728382539 0.0900426553961 
5.4 0.84791916034 0.088481933596 
5.5 0.895814549445 0.087353900712 
5.6 0.946531011747 0.0866660217144 
5.7 1.00018008691 0.0864334240445 
5.8 1.05686956996 0.086678216886 
5.9 1.11669745074 0.0874318576284 
6 1.17975118065 0.0887354274385 
6.1 1.24609990371 0.0906427042052 
6.2 1.31578746089 0.093222909699 
6.3 1.38882474727 0.0965635188671 
6.4 1.46518080631 0.100773686939 
6.5 1.54476534892 0.105991065682 
6.6 1.62741692297 0.112386323599 
6.7 1.71287529193 0.120173518791 
6.8 1.80075663933 0.129619462382 
6.9 1.89052081931 0.14105594667 
7 1.98142734071 0.15489569776 
7.1 2.07248782882 0.171649220442 
7.2 2.16240196002 0.191946140445 
7.3 2.249493928 0.21655403787 
7.4 2.33164195674 0.246397097844 
7.5 2.40620960854 0.282564465254 
7.6 2.47000508125 0.326301208361 
7.7 2.51929140294 0.378955296328 
7.8 2.54987226264 0.441885196801 
7.9 2.55733735854 0.516264631994 
8 2.53746568122 0.602810050436 
8.1 2.48684476745 0.701404307365 
8.2 2.40363266092 0.810688066617 
8.3 2.28831683936 0.927730746671 
8.4 2.14421919456 1.04794654291 
8.5 1.97746929035 1.16541205413 
8.6 1.79632806008 1.27359918309 
8.7 1.60996416553 1.36638236238 
8.8 1.42705282752 1.43900800514 
8.9 1.25462282827 1.48873391195 
9 1.09746119398 1.51495965205 
9.1 0.958076722272 1.51893938962 
9.2 0.837076558849 1.50323337176 
9.3 0.733721450482 1.47111023181 
9.4 0.646470207715 1.4260396497 
9.5 0.573416039079 1.37133665318 
9.6 0.512584438647 1.30995458776 
9.7 0.462112102567 1.24439380501 
9.8 0.420335964449 1.17668941513 
9.9 0.385823616721 1.1084445876 
10 0.357369887201 1.04088514234 
10.1 0.333977291701 0.97492007599 
10.2 0.31482799026 0.911200785026 
10.3 0.299256301386 0.850173095969 
10.4 0.286722659302 0.792122007576 
10.5 0.276790986986 0.737208557322 
10.6 0.26910966245 0.685499540339 
10.7 0.263394898542 0.63699286929 
10.8 0.25941964646 0.591632691357 
10.9 0.257001691286 0.549327657491 
11 0.255996024307 0.509960800839 
11.1 0.256287982416 0.473398602962 
11.2 0.257787987837 0.439497441247 
11.3 0.260427414754 0.408108672907 
11.4 0.264155236704 0.379082478367 
11.5 0.2689352235 0.352270672819 
11.6 0.27474381977 0.327528795476 
11.7 0.281568768701 0.30471695314 
11.8 0.289407143683 0.283701894902 
11.9 0.298264838207 0.264356657529 
12 0.308155266996 0.246561578185 
12.1 0.31909902614 0.230203960063 
12.2 0.331123108928 0.215178485958 
12.3 0.34426066458 0.20138684866 
12.4 0.358550577673 0.188737762537 
12.5 0.374037279883 0.177146638416 
12.6 0.390770544319 0.166535367148 
12.7 0.408805361319 0.156832047745 
12.8 0.428201852791 0.147970702112 
12.9 0.449025148888 0.139891052528 
13 0.471345470405 0.132538122389 
13.1 0.495238068356 0.125862012528 
13.2 0.520782934004 0.119817942639 
13.3 0.548065112622 0.114365705175 
13.4 0.577174367348 0.109469695826 
13.5 0.608205081861 0.105098783992 
13.6 0.641256306611 0.10122610354 
13.7 0.676431145994 0.0978292111894 
13.8 0.713836744214 0.0948899714323 
13.9 0.753583772925 0.0923946677563 
14 0.795785404608 0.0903343250146 
14.1 0.840557180943 0.0887047363878 
14.2 0.888015242088 0.0875070832271 
14.3 0.938275065621 0.0867484043123 
14.4 0.991450325852 0.0864420519216 
14.5 1.0476489105 0.0866091709626 
14.6 1.10697151856 0.0872792883055 
14.7 1.16950768329 0.0884918518192 
14.8 1.23532866368 0.0902989331324 
14.9 1.30448337977 0.092766840589 
15 1.37698864401 0.0959798566222 
15.1 1.45282126088 0.100043299813 
15.2 1.53190140267 0.105089907972 
15.3 1.61407957329 0.111284854196 
15.4 1.69911254438 0.118834795468 
15.5 1.78663896224 0.127997111529 
15.6 1.87614806106 0.139091573925 
15.7 1.96693299984 0.15251746325 
15.8 2.05804675735 0.168768959003 
15.9 2.1482447019 0.188454867756 
16 2.23591585673 0.212319332582 
16.1 2.31901175651 0.241262226485 
16.2 2.3949820672 0.276345939033 
16.3 2.46072715112 0.318789893844 
16.4 2.51258682024 0.369936302666 
16.5 2.54643341401 0.431146593351 
16.6 2.55786466873 0.503642827784 
16.7 2.54259302472 0.588236737548 
16.8 2.49702965964 0.684970930802 
16.9 2.41903102485 0.792708239316 
17 2.30867242632 0.908780856749 
17.1 2.16880834942 1.02885844403 
17.2 2.00515206 1.14719018595 
17.3 1.82569656407 1.25728091333 
17.4 1.6395595213 1.3528723577 
17.5 1.45557934859 1.42894156768 
17.6 1.28110393933 1.48240156803 
17.7 1.12129177751 1.51232213514 
17.8 0.978995794679 1.5196958753 
17.9 0.855095912428 1.50691086131 
18 0.749024742253 1.47716515255 
18.1 0.659337578881 1.43392264207 
18.2 0.584161149847 1.38054178637 
18.3 0.521516750604 1.32004194121 
18.4 0.469515728657 1.2549976304 
18.5 0.426459848838 1.18751661704 
18.6 0.390879117129 1.11926788724 
18.7 0.361534067706 1.05153225497 
18.8 0.337395872704 0.985265046137 
18.9 0.317620115677 0.921154971458 
19 0.301518674151 0.859677340433 
19.1 0.288533607206 0.801140095149 
19.2 0.278213723071 0.745721819666 
19.3 0.270194897246 0.69350282502 
19.4 0.264184103804 0.644489556415 
19.5 0.259945685289 0.5986344694 
19.6 0.257290904765 0.555851103073 
19.7 0.256069260255 0.516025941309 
19.8 0.256161624705 0.479027506593 
19.9 0.257474777824 0.444713360501 
20 0.259937028442 0.412935408601 
