Time Prey Predator
0.0  1.55891005488 1.40820962712
0.1 1.37458691706 1.47537360015 
0.2 1.20317246826 1.51842095373 
0.3 1.04880043944 1.53743527432 
0.4 0.913294399528 1.53427833081 
0.5 0.796676955287 1.51195736031 
0.6 0.697775354542 1.47401166105 
0.7 0.61476889351 1.42403049206 
0.8 0.545594029539 1.3653393979 
0.9 0.488210466614 1.30083105796 
1 0.440748051425 1.23290734049 
1.1 0.401566814628 1.16349421563 
1.2 0.369275570645 1.09408402642 
1.3 0.342716113758 1.02580075717 
1.4 0.320936693487 0.959464266184 
1.5 0.303162195768 0.895649582423 
1.6 0.288764184081 0.834739248871 
1.7 0.277235417893 0.77696620266 
1.8 0.268167163215 0.722449375036 
1.9 0.261230586767 0.671222123555 
2 0.256161603859 0.623254389201 
2.1 0.252748736454 0.578470137641 
2.2 0.25082312479 0.536761264842 
2.3 0.250250646951 0.497998121027 
2.4 0.250925802043 0.462037299988 
2.5 0.252766948633 0.428727391812 
2.6 0.255711993501 0.397914234862 
2.7 0.259715411809 0.369444032225 
2.8 0.264745617242 0.343165862855 
2.9 0.270783113333 0.318933318044 
3 0.277818881541 0.296605769412 
3.1 0.285853124525 0.276049215976 
3.2 0.294894221474 0.257136785653 
3.3 0.304957918558 0.239749057305 
3.4 0.316066924489 0.223773762666 
3.5 0.328250109495 0.209106284831 
3.6 0.341542345528 0.195649185538 
3.7 0.35598415371 0.183312050462 
3.8 0.37162144095 0.17201131781 
3.9 0.388505474797 0.161669815586 
4 0.406692619317 0.152216692003 
4.1 0.426244429843 0.143586888937 
4.2 0.447227447761 0.13572107467 
4.3 0.469713318002 0.128565190313 
4.4 0.493778632733 0.122070324063 
4.5 0.519505020416 0.116192387516 
4.6 0.546979012645 0.110891991598 
4.7 0.576292056656 0.106134227674 
4.8 0.607540264306 0.101888617699 
4.9 0.640824480807 0.0981289264516 
5 0.676250186031 0.0948330668247 
5.1 0.713926361138 0.0919835416882 
5.2 0.753965987573 0.0895670346526 
5.3 0.79648556636 0.0875745160542 
5.4 0.841602451122 0.0860025115031 
5.5 0.889436172771 0.0848522462319 
5.6 0.940106983347 0.0841302174841 
5.7 0.993730867548 0.0838504105734 
5.8 1.05042063784 0.0840336594485 
5.9 1.11028055688 0.0847097306232 
6 1.17340475993 0.0859179437869 
6.1 1.23987159878 0.0877094378048 
6.2 1.30973468908 0.0901507435693 
6.3 1.38301740254 0.0933257882811 
6.4 1.45970257199 0.0973398555602 
6.5 1.53971768497 0.102325435564 
6.6 1.62292054575 0.108447781582 
6.7 1.70907570313 0.115913832442 
6.8 1.79782709422 0.12498264391 
6.9 1.88866648327 0.135977327046 
7 1.98089117423 0.149300641291 
7.1 2.07355432753 0.165453006272 
7.2 2.16540058984 0.185054454145 
7.3 2.25480136229 0.208864978332 
7.4 2.33967800463 0.237806441178 
7.5 2.41742846306 0.272974234665 
7.6 2.48487298743 0.315636734561 
7.7 2.53824893201 0.36718903423 
7.8 2.57327611466 0.429071867225 
7.9 2.58537927146 0.502585296005 
8 2.57007332289 0.588620867019 
8.1 2.52358088464 0.687276629366 
8.2 2.44362327522 0.797419722228 
8.3 2.33025015575 0.916303147198 
8.4 2.18644236809 1.03941934454 
8.5 2.01819909544 1.16075232368 
8.6 1.83391748611 1.27350078025 
8.7 1.64314493166 1.37113144345 
8.8 1.45508087934 1.44844165163 
8.9 1.27729420103 1.50229659221 
9 1.11501686416 1.53183365362 
9.1 0.971050521457 1.53819595163 
9.2 0.846145165629 1.52396049746 
9.3 0.739584550133 1.49250018415 
9.4 0.649775665874 1.44743074844 
9.5 0.574722433318 1.39222287966 
9.6 0.512350866436 1.32997321024 
9.7 0.460702995418 1.26330366074 
9.8 0.418033215359 1.19434643484 
9.9 0.382841107379 1.12477859257 
10 0.353867619193 1.0558799166 
10.1 0.33007278792 0.988597557037 
10.2 0.310606959408 0.923608381974 
10.3 0.294779970435 0.861374591312 
10.4 0.282033873992 0.802190661111 
10.5 0.271918723605 0.746222231553 
10.6 0.264072333559 0.693537449077 
10.7 0.258203722495 0.644131698503 
10.8 0.254079190666 0.597947922233 
10.9 0.251511781258 0.554891186819 
11 0.250353360631 0.514839143623 
11.1 0.250486415333 0.477653841974 
11.2 0.251819166391 0.4431870939 
11.3 0.25428120016 0.411285665959 
11.4 0.257819920301 0.381795197987 
11.5 0.262397825831 0.354563245382 
11.6 0.267990316039 0.329441190071 
11.7 0.274583863283 0.306285768337 
11.8 0.282174673079 0.284960015037 
11.9 0.290767759554 0.26533355928 
12 0.300375611037 0.247283821954 
12.1 0.311017988514 0.23069530179 
12.2 0.322720982369 0.21546017236 
12.3 0.335516910036 0.201477717774 
12.4 0.349443747287 0.188654526122 
12.5 0.36454507861 0.176903951376 
12.6 0.380869775283 0.166146077219 
12.7 0.398471982199 0.156307251937 
12.8 0.417410937964 0.147319910178 
12.9 0.437750993513 0.139122195873 
13 0.459561520121 0.13165775466 
13.1 0.482916896136 0.124875437759 
13.2 0.507896478343 0.118729073334 
13.3 0.534584734744 0.113177123893 
13.4 0.56307091035 0.108182722987 
13.5 0.593449047608 0.103713470878 
13.6 0.625818102147 0.0997411746342 
13.7 0.660281300058 0.0962420148821 
13.8 0.696946166618 0.0931964171917 
13.9 0.735924305655 0.0905890484612 
14 0.777330217086 0.0884092043117 
14.1 0.821281260325 0.0866507913758 
14.2 0.867896715495 0.0853126583226 
14.3 0.917295479281 0.0843994198232 
14.4 0.969595910566 0.08392157241 
14.5 1.02491323042 0.0838964839229 
14.6 1.08335527777 0.0843499929941 
14.7 1.14502197904 0.085316714419 
14.8 1.20999926368 0.0868423715277 
14.9 1.27835166703 0.0889866367078 
15 1.35011772169 0.0918249941077 
15.1 1.42529879863 0.0954530504066 
15.2 1.50385145579 0.0999895293179 
15.3 1.58566475698 0.105585022806 
15.4 1.67054612442 0.112427376169 
15.5 1.75819832812 0.120750474188 
15.6 1.84818421938 0.130847696527 
15.7 1.93989485673 0.143083772716 
15.8 2.03249665147 0.157914023006 
15.9 2.12488117208 0.175901994213 
16 2.21559254217 0.197743724424 
16.1 2.302760564 0.224287173411 
16.2 2.38402336324 0.256550111555 
16.3 2.45646261256 0.295725880263 
16.4 2.51657108006 0.343160441745 
16.5 2.56027959621 0.400292216433 
16.6 2.58311005042 0.468508919175 
16.7 2.58047318299 0.54892564933 
16.8 2.54818966955 0.642044078928 
16.9 2.48321196527 0.747330913906 
17 2.38446194783 0.862792066599 
17.1 2.25357746346 0.984692705753 
17.2 2.09525116294 1.10762568325 
17.3 1.91693929281 1.22502212693 
17.4 1.72785885444 1.3300918983 
17.5 1.53754487277 1.41692508663 
17.6 1.35441631323 1.48141137709 
17.7 1.18478389048 1.52169157484 
17.8 1.03250371923 1.53807609973 
17.9 0.899169264691 1.53258602867 
18 0.784637732045 1.50831705849 
18.1 0.687637335471 1.46883681813 
18.2 0.60630250909 1.41771568446 
18.3 0.538563595754 1.35823484384 
18.4 0.482393468205 1.29323346663 
18.5 0.435945172456 1.22505874616 
18.6 0.397608583213 1.15558305122 
18.7 0.366019630236 1.0862542812 
18.8 0.340045084349 1.01815879818 
18.9 0.31875459324 0.95208605825 
19 0.301390879116 0.888587053319 
19.1 0.287340654205 0.828025281146 
19.2 0.276108857772 0.770619190648 
19.3 0.267296828825 0.716476473394 
19.4 0.260583321987 0.665623150213 
19.5 0.25571116904 0.618022215278 
19.6 0.252474092298 0.573593562093 
19.7 0.250707579199 0.532226210732 
19.8 0.25028112397 0.493788570831 
19.9 0.251092152074 0.458136060514 
20 0.253061261548 0.425117064502 
