Time Prey Predator
0.0  1.19315359835 1.17579806279
0.1 1.08898935514 1.19243404025 
0.2 0.992505725787 1.19722115251 
0.3 0.904670475761 1.1909919845 
0.4 0.825845181487 1.17496272598 
0.5 0.755935076115 1.1505636803 
0.6 0.694526923888 1.11930313796 
0.7 0.641010919975 1.08266060815 
0.8 0.594684397286 1.04200814972 
0.9 0.554814495502 0.998575176713 
1 0.520689234168 0.953424061323 
1.1 0.491645047921 0.907448588686 
1.2 0.467081521498 0.8613823184 
1.3 0.44646709263 0.815812922461 
1.4 0.429337920522 0.771200233039 
1.5 0.415294385295 0.727893985398 
1.6 0.403995342656 0.686151352179 
1.7 0.3951518614 0.6461528739 
1.8 0.388520937834 0.608016341618 
1.9 0.383899489937 0.571809652737 
2 0.381119089082 0.537560639344 
2.1 0.380040904944 0.505266234205 
2.2 0.380552105745 0.474898728174 
2.3 0.382561765889 0.446413051098 
2.4 0.385998276683 0.419750554317 
2.5 0.39080665404 0.394843330411 
2.6 0.39694621767 0.37161765047 
2.7 0.404389149905 0.349995792541 
2.8 0.413118652337 0.3298986665 
2.9 0.42312782826 0.311247066653 
3 0.434418651484 0.29396283541 
3.1 0.447000913201 0.277970050629 
3.2 0.460891630636 0.263195430333 
3.3 0.476114333319 0.24956896934 
3.4 0.492698314684 0.237024614004 
3.5 0.510678350964 0.225500134325 
3.6 0.530094170153 0.214937434116 
3.7 0.55098996555 0.205282788041 
3.8 0.573414035857 0.196486857604 
3.9 0.597418264146 0.1885048439 
4 0.623057735413 0.181296454844 
4.1 0.650390150188 0.174826075906 
4.2 0.679475297874 0.169062772975 
4.3 0.710374370058 0.16398046362 
4.4 0.74314913012 0.159558044016 
4.5 0.777860921435 0.15577963521 
4.6 0.814569418977 0.15263487845 
4.7 0.853332541145 0.150118863393 
4.8 0.894202480509 0.148233379632 
4.9 0.937225037466 0.146987028501 
5 0.982439109857 0.146395278632 
5.1 1.02986955361 0.146482796196 
5.2 1.07952640448 0.147283596404 
5.3 1.13139960173 0.148842670165 
5.4 1.18545528857 0.151217122256 
5.5 1.24162824629 0.154478562747 
5.6 1.29981387872 0.158715638941 
5.7 1.35986267061 0.164035658118 
5.8 1.42156381782 0.170569561582 
5.9 1.48463721206 0.178474253137 
6 1.54871852494 0.187936934047 
6.1 1.61334140614 0.199179771994 
6.2 1.67792062237 0.212464355798 
6.3 1.74173021363 0.228095802689 
6.4 1.80388576511 0.246426346031 
6.5 1.86332318729 0.267855344958 
6.6 1.91878388368 0.292829389758 
6.7 1.96880951013 0.32182883383 
6.8 2.01174889731 0.355352452887 
6.9 2.04578242621 0.393888600692 
7 2.06898931127 0.437861700307 
7.1 2.07943652204 0.487571627112 
7.2 2.07532304884 0.543104904566 
7.3 2.05516124017 0.604236292401 
7.4 2.01798642029 0.670328314013 
7.5 1.96356625896 0.740251275337 
7.6 1.89256762128 0.812350532208 
7.7 1.80663416713 0.884487002982 
7.8 1.70832338589 0.95417493734 
7.9 1.60091775461 1.01878929257 
8 1.48810807024 1.07583304989 
8.1 1.37362538234 1.12319839997 
8.2 1.26089307205 1.15937054263 
8.3 1.15276081194 1.18354015781 
8.4 1.05136189287 1.19560463488 
8.5 0.958088773275 1.1960832353 
8.6 0.873662242708 1.1859741024 
8.7 0.798255349796 1.16659103115 
8.8 0.731636514975 1.13940864882 
8.9 0.673305460332 1.10593429652 
9 0.622607325155 1.06761368561 
9.1 0.578819745855 1.02576961934 
9.2 0.541213933426 0.981568593102 
9.3 0.509093962853 0.936008448006 
9.4 0.48181935779 0.889920543527 
9.5 0.458815712931 0.843981082055 
9.6 0.439576765423 0.798727686396 
9.7 0.423663758753 0.754575982304 
9.8 0.410700122475 0.711838440377 
9.9 0.400365371112 0.670741308675 
10 0.392388739244 0.631439788095 
10.1 0.386543099262 0.594031441991 
10.2 0.382639114807 0.558567717279 
10.3 0.380520066234 0.52506370726 
10.4 0.38005753198 0.493506097666 
10.5 0.381147356969 0.46386012311 
10.6 0.383706355711 0.436074834969 
10.7 0.387669476295 0.410087806194 
10.8 0.392987410831 0.385828570268 
10.9 0.399624605061 0.363221535953 
11 0.407557528522 0.342188391617 
11.1 0.416773328685 0.32264975379 
11.2 0.427268572385 0.304526739725 
11.3 0.439048235289 0.287742066786 
11.4 0.452125013596 0.272220576557 
11.5 0.466518431695 0.257890225446 
11.6 0.482254238398 0.244682549462 
11.7 0.499363963026 0.232532760487 
11.8 0.517884260103 0.2213802797 
11.9 0.537856655387 0.211168584069 
12 0.559326898391 0.201845698331 
12.1 0.582344748328 0.193363932478 
12.2 0.606963316043 0.185680247918 
12.3 0.63323878422 0.178756085522 
12.4 0.661229682319 0.172557628242 
12.5 0.690996453338 0.167055750217 
12.6 0.722600568714 0.162226256281 
12.7 0.7561038477 0.158049972121 
12.8 0.79156717431 0.15451308485 
12.9 0.829049650361 0.151607288995 
13 0.868607267064 0.149330111769 
13.1 0.910289829843 0.147685956566 
13.2 0.954141198887 0.146685802744 
13.3 1.00019434831 0.146348817638 
13.4 1.04846872409 0.146703153199 
13.5 1.09896950665 0.147786064169 
13.6 1.15167747865 0.149647209758 
13.7 1.20654725595 0.152349133852 
13.8 1.26349889834 0.155969832908 
13.9 1.32241291303 0.160604320191 
14 1.38311598408 0.166369039059 
14.1 1.44537481433 0.173403727417 
14.2 1.50887763895 0.181876652654 
14.3 1.57322473884 0.19198746136 
14.4 1.637905394 0.203972944679 
14.5 1.70228456076 0.218110728129 
14.6 1.76557799147 0.234723104181 
14.7 1.82683495727 0.254181138862 
14.8 1.88492024153 0.276902027435 
14.9 1.93849765685 0.303346854841 
15 1.98603432594 0.334005965028 
15.1 2.02581169756 0.369377785596 
15.2 2.05596102819 0.40993394402 
15.3 2.07454436728 0.456059857255 
15.4 2.07965968364 0.5079855241 
15.5 2.06960168665 0.565691105259 
15.6 2.04305597587 0.628806035996 
15.7 1.99931280568 0.696513297849 
15.8 1.93846572806 0.767484165222 
15.9 1.86154982595 0.839870611815 
16 1.77057077928 0.911381100307 
16.1 1.66839148726 0.979448317416 
16.2 1.55849078646 1.04146388054 
16.3 1.44461853753 1.09504983928 
16.4 1.33042621224 1.13830438503 
16.5 1.21914397224 1.16997370731 
16.6 1.11335981169 1.18952134306 
16.7 1.01492267025 1.1970949603 
16.8 0.924956712103 1.19341523152 
16.9 0.843959998392 1.17961785107 
17 0.771935942232 1.1570943402 
17.1 0.708535576294 1.12734573611 
17.2 0.653187376471 1.09186558916 
17.3 0.605201842745 1.05205863688 
17.4 0.563848225205 1.0091908691 
17.5 0.528406604696 0.964365182621 
17.6 0.498200150377 0.918515561518 
17.7 0.472612302857 0.872413036633 
17.8 0.451094681666 0.826678828907 
17.9 0.433167548972 0.78180163645 
18 0.418416344055 0.738155973034 
18.1 0.406486413306 0.696019740712 
18.2 0.397076938156 0.655590449654 
18.3 0.389934484655 0.6169999061 
18.4 0.384846991922 0.580326877991 
18.5 0.381637900577 0.545608024335 
18.6 0.380161901349 0.512846699711 
18.7 0.380300188237 0.48202074492 
18.8 0.381956940505 0.453088630214 
18.9 0.385056164873 0.425994641659 
19 0.389539057121 0.400672864897 
19.1 0.395361748832 0.377050593702 
19.2 0.402493423729 0.35505099455 
19.3 0.410914781985 0.334595116961 
19.4 0.420616658056 0.315603663315 
19.5 0.43159889277 0.297998299782 
19.6 0.443869570139 0.281702287278 
19.7 0.457444007646 0.266641695597 
19.8 0.472344161244 0.252745827608 
19.9 0.48859806416 0.239947519221 
20 0.50623920236 0.228183629648 
