Time Prey Predator
0.0  0.911890679109 0.921777700912
0.1 0.862578278621 0.911413172028 
0.2 0.817289934842 0.896909522102 
0.3 0.776068739609 0.878827987942 
0.4 0.738859171863 0.85774102601 
0.5 0.705533426557 0.834213904722 
0.6 0.675916836708 0.808784155498 
0.7 0.649807015513 0.781949234704 
0.8 0.626987753378 0.754158908123 
0.9 0.607240345528 0.72581132407 
1 0.59035233 0.697252106259 
1.1 0.576122347089 0.668776237868 
1.2 0.564363116709 0.640631251452 
1.3 0.554903821811 0.613020822274 
1.4 0.547590738242 0.58610933213 
1.5 0.542287147496 0.560026443953 
1.6 0.538872887869 0.534871571132 
1.7 0.537243766671 0.510718138715 
1.8 0.537309819524 0.487617627127 
1.9 0.538994750877 0.465602965121 
2 0.542234552536 0.44469196174 
2.1 0.546976444684 0.424889729491 
2.2 0.553177755898 0.406191696836 
2.3 0.560804965666 0.388585109428 
2.4 0.569832662583 0.372051524609 
2.5 0.580242726904 0.356567808888 
2.6 0.592023447394 0.342107812437 
2.7 0.605168708731 0.328643527855 
2.8 0.619677171039 0.316146282265 
2.9 0.635551669835 0.304586897422 
3 0.652798527123 0.293936233233 
3.1 0.671426546787 0.284167293642 
3.2 0.691446604643 0.275254344649 
3.3 0.71287060436 0.267173944756 
3.4 0.735710686023 0.25990533633 
3.5 0.759978424997 0.253430614402 
3.6 0.785683680888 0.247735428645 
3.7 0.812833714792 0.24280902994 
3.8 0.841431643056 0.238644890532 
3.9 0.8714753419 0.235240898316 
4 0.902955624635 0.232599904846 
4.1 0.935854544536 0.230730132659 
4.2 0.970143416142 0.229645611618 
4.3 1.00578020853 0.229366830495 
4.4 1.04270734082 0.229921182828 
4.5 1.0808482056 0.231343740882 
4.6 1.12010428316 0.233677861406 
4.7 1.16035111959 0.236975926235 
4.8 1.20143429916 0.241300123988 
4.9 1.2431651295 0.246723094271 
5 1.28531569578 0.253328510979 
5.1 1.32761388835 0.261212112656 
5.2 1.36973901258 0.270481010324 
5.3 1.41131654211 0.281253790756 
5.4 1.45191211675 0.29366132701 
5.5 1.49103297592 0.307841946017 
5.6 1.52812258336 0.323940962155 
5.7 1.56256353425 0.342105422226 
5.8 1.59368364363 0.362476872056 
5.9 1.62076581898 0.385182411037 
6 1.64305864548 0.410325456871 
6.1 1.65980772935 0.437966645748 
6.2 1.67028095112 0.468109112839 
6.3 1.67380490264 0.50067940954 
6.4 1.66981243909 0.535505684672 
6.5 1.657887888 0.572300652535 
6.6 1.63781372089 0.610647125911 
6.7 1.60961275668 0.649991289436 
6.8 1.57357389435 0.68964968842 
6.9 1.53026489919 0.728825053085 
7 1.48051339843 0.766644517746 
7.1 1.42537577498 0.802200094093 
7.2 1.3660753383 0.834606229536 
7.3 1.30393057859 0.863054854755 
7.4 1.2402761766 0.886867198069 
7.5 1.17638797778 0.905533864474 
7.6 1.11342013233 0.918739082501 
7.7 1.05236011555 0.926367313662 
7.8 0.994003792683 0.928493232082 
7.9 0.938949600223 0.925358362906 
8 0.8876082311 0.917338985259 
8.1 0.84022221296 0.904910791037 
8.2 0.796896027955 0.888610529413 
8.3 0.757620457487 0.869007396528 
8.4 0.722301865425 0.846673790036 
8.5 0.690787939839 0.822163307974 
8.6 0.662888487103 0.795995518206 
8.7 0.638392730685 0.768645660068 
8.8 0.617082147477 0.740538804653 
8.9 0.598740400367 0.712047386462 
9 0.583159210367 0.683493317118 
9.1 0.570143958474 0.655147652161 
9.2 0.559514730175 0.627236759188 
9.3 0.551109294279 0.599944273642 
9.4 0.544781868876 0.573417660883 
9.5 0.540404077889 0.547771162358 
9.6 0.537863404849 0.523091249727 
9.7 0.537062589775 0.499440251333 
9.8 0.537918498973 0.476860239801 
9.9 0.540360846698 0.455376447457 
10 0.5443312512 0.43500020573 
10.1 0.549781934447 0.415731662472 
10.2 0.556674852751 0.397562045147 
10.3 0.564980353613 0.380475636881 
10.4 0.574676729093 0.364451572079 
10.5 0.585749044199 0.349465089677 
10.6 0.598188371715 0.33548905984 
10.7 0.611991046942 0.322494840808 
10.8 0.627157880017 0.310453253471 
10.9 0.643693443425 0.299335406157 
11 0.661605372504 0.289113174931 
11.1 0.68090353095 0.279760054404 
11.2 0.701599389044 0.271251330871 
11.3 0.723705044855 0.26356484099 
11.4 0.747232537417 0.256681107246 
11.5 0.77219272121 0.250583926884 
11.6 0.798594365302 0.245260602442 
11.7 0.826442837816 0.240702408919 
11.8 0.855738898485 0.23690490843 
11.9 0.886477394226 0.233868221371 
12 0.918644987529 0.231597820255 
12.1 0.952218888395 0.230104647189 
12.2 0.987164365565 0.229405745686 
12.3 1.023432045 0.229524915993 
12.4 1.0609557908 0.230493112614 
12.5 1.09964873294 0.232349326588 
12.6 1.13940029088 0.235141200968 
12.7 1.18007233199 0.238925736526 
12.8 1.22149427773 0.243770045394 
12.9 1.26345913893 0.249752201166 
13 1.30571850898 0.256961467257 
13.1 1.34797731048 0.265498949328 
13.2 1.38988867771 0.27547805097 
13.3 1.43105120021 0.287022445879 
13.4 1.47100205231 0.300267142942 
13.5 1.50921622391 0.315355280549 
13.6 1.54510916321 0.33243267282 
13.7 1.57803618593 0.351644553241 
13.8 1.6073018016 0.373126996615 
13.9 1.6321686041 0.396998062598 
14 1.6518833044 0.423341257668 
14.1 1.66569438408 0.452193085124 
14.2 1.67289499581 0.483521935453 
14.3 1.67285594629 0.517209281464 
14.4 1.6650763768 0.553031149171 
14.5 1.64923364669 0.590635164501 
14.6 1.62522075361 0.629539775557 
14.7 1.59318543066 0.669128934936 
14.8 1.55355215036 0.70865951608 
14.9 1.50701632305 0.747293374037 
15 1.45452348202 0.784133956612 
15.1 1.39721787859 0.818277366968 
15.2 1.33637915631 0.848867812681 
15.3 1.27334303244 0.875154858166 
15.4 1.2094232478 0.896537730222 
15.5 1.14584323767 0.912598667812 
15.6 1.08368288356 0.923117240795 
15.7 1.02383802865 0.928072661494 
15.8 0.967010123712 0.927622700818 
15.9 0.913705182043 0.92207826699 
16 0.864250239757 0.91186796329 
16.1 0.818817475219 0.897501672336 
16.2 0.777451963027 0.879536295114 
16.3 0.74010058033 0.858545360485 
16.4 0.706638579135 0.835094391199 
16.5 0.676893047646 0.809722158506 
16.6 0.650662044153 0.782927790397 
16.7 0.627729637814 0.755162680537 
16.8 0.607877270703 0.72682695813 
16.9 0.590892008056 0.69826825412 
17 0.576571475075 0.669783710965 
17.1 0.564728174225 0.641622043755 
17.2 0.555190432087 0.613988746423 
17.3 0.547804082266 0.587049263182 
17.4 0.542431829593 0.560934457557 
17.5 0.53895293647 0.535744779771 
17.6 0.537262505442 0.511554449172 
17.7 0.537270119948 0.488415667212 
17.8 0.538899060025 0.46636193261 
17.9 0.542084968792 0.445411416437 
18 0.546774632441 0.42556978441 
18.1 0.55292498159 0.406832665922 
18.2 0.560502255167 0.389187653682 
18.3 0.569480758688 0.372616318473 
18.4 0.579842144102 0.357095781169 
18.5 0.591574458709 0.342599990198 
18.6 0.604671418236 0.32910098266 
18.7 0.619131613186 0.316569716812 
18.8 0.634957751331 0.304977103388 
18.9 0.65215597799 0.29429450329 
19 0.670735081084 0.284494556374 
19.1 0.690705823405 0.275551506331 
19.2 0.712080054176 0.267441870071 
19.3 0.734869968721 0.260144701086 
19.4 0.759087056741 0.253642164136 
19.5 0.784741417246 0.247919569539 
19.6 0.811840386581 0.242966017196 
19.7 0.840387173713 0.238774924649 
19.8 0.870380013989 0.235343932272 
19.9 0.90180991328 0.232675755079 
20 0.934659217531 0.230778437687 
