Time Prey Predator
0.0  0.904845981812 1.57643815987
0.1 0.784988734616 1.5519235732 
0.2 0.684014536283 1.51103677788 
0.3 0.599810868763 1.45769585739 
0.4 0.53005976525 1.39548166983 
0.5 0.472519176649 1.32747104974 
0.6 0.425165085882 1.2561895115 
0.7 0.386249968132 1.18363494499 
0.8 0.354306529606 1.11133956613 
0.9 0.32812560159 1.04044144432 
1 0.306722518547 0.971758513312 
1.1 0.289301154134 0.905854638227 
1.2 0.275220742873 0.843095358519 
1.3 0.263967511681 0.783693175962 
1.4 0.255129482747 0.727746330274 
1.5 0.248375762468 0.675269194475 
1.6 0.243442856027 0.626211361618 
1.7 0.240120216028 0.580478800198 
1.8 0.238240317885 0.537946849222 
1.9 0.237670719858 0.49847046226 
2 0.238307211767 0.461892981732 
2.1 0.240069366035 0.42805111807 
2.2 0.242896188127 0.396779972368 
2.3 0.24674300093 0.367916253195 
2.4 0.251579073136 0.341300433728 
2.5 0.257385478603 0.316778607414 
2.6 0.264153537146 0.294203572695 
2.7 0.271883656726 0.273435442138 
2.8 0.280584351569 0.254342054823 
2.9 0.29027105586 0.236799629719 
3 0.300966264799 0.220691841355 
3.1 0.312698380958 0.205910522523 
3.2 0.325501835964 0.192354963824 
3.3 0.339416484035 0.179931969926 
3.4 0.354487633841 0.168555336582 
3.5 0.370765781069 0.15814565376 
3.6 0.388306583586 0.148629896693 
3.7 0.407170799898 0.1399411384 
3.8 0.427424260163 0.132018203605 
3.9 0.44913793974 0.124805402956 
4 0.472387802185 0.118252171467 
4.1 0.497254821709 0.112312808746 
4.2 0.52382529489 0.106946452916 
4.3 0.552190551101 0.102116550332 
4.4 0.5824469645 0.0977908443764 
4.5 0.614695876902 0.0939415473115 
4.6 0.64904368759 0.0905446617849 
4.7 0.685601309765 0.0875804362824 
4.8 0.724483856523 0.0850334769264 
4.9 0.765810979605 0.0828921745813 
5 0.809704950158 0.0811498201688 
5.1 0.856290658983 0.0798044419183 
5.2 0.905695558795 0.0788586357623 
5.3 0.958045129577 0.0783216916547 
5.4 1.01346413125 0.0782088852961 
5.5 1.07207491864 0.0785421278037 
5.6 1.13398921706 0.0793534447846 
5.7 1.1993084677 0.0806847550443 
5.8 1.26811622576 0.0825908209334 
5.9 1.34047527173 0.0851404470638 
6 1.41641433797 0.0884218236864 
6.1 1.49591879917 0.0925462108027 
6.2 1.57891560145 0.0976536922138 
6.3 1.66525835573 0.103919122941 
6.4 1.75469901796 0.111563331402 
6.5 1.84686397954 0.120862252167 
6.6 1.94121015026 0.132163772312 
6.7 2.03698293248 0.145903675979 
6.8 2.13315841366 0.162626886573 
6.9 2.22837481177 0.183011837701 
7 2.32085028469 0.207897236578 
7.1 2.40830030957 0.238304865289 
7.2 2.48785277001 0.27545799571 
7.3 2.55598444123 0.320773864496 
7.4 2.60851875623 0.375818766951 
7.5 2.6407150235 0.442197996853 
7.6 2.6475367097 0.521339279675 
7.7 2.62413536287 0.61415886727 
7.8 2.56659740513 0.720601829282 
7.9 2.47288366379 0.839129823656 
8 2.34376400402 0.96630867077 
8.1 2.18341209265 1.09671772108 
8.2 1.99930220755 1.22338040196 
8.3 1.80126825695 1.33872566688 
8.4 1.59991636083 1.43585617024 
8.5 1.40490733241 1.50970295196 
8.6 1.22367001781 1.5576877075 
8.7 1.06086036755 1.57974406871 
8.8 0.918505160663 1.57784208872 
8.9 0.796583524466 1.55526640452 
9 0.69373446033 1.51590453434 
9.1 0.607889755168 1.46369190273 
9.2 0.536739086203 1.40225424093 
9.3 0.478023924246 1.33472442717 
9.4 0.429693995222 1.26368518202 
9.5 0.389972092598 1.19118726184 
9.6 0.357362447762 1.11880768567 
9.7 0.330630594289 1.04772241174 
9.8 0.308769835349 0.978780048247 
9.9 0.29096594283 0.912568147945 
10 0.27656346154 0.849470434401 
10.1 0.265036229672 0.789714040622 
10.2 0.25596266062 0.733407444344 
10.3 0.249004470652 0.680572326753 
10.4 0.2438920885 0.631163493403 
10.5 0.240409820771 0.585091057191 
10.6 0.238386096997 0.542233040239 
10.7 0.237685014164 0.502446421402 
10.8 0.238199794191 0.46557516762 
10.9 0.239847681929 0.431456564381 
11 0.242565832775 0.399925749099 
11.1 0.246307967846 0.370819193292 
11.2 0.251041999777 0.343976862881 
11.3 0.256747884927 0.319244131482 
11.4 0.263415956909 0.296473092971 
11.5 0.271045663737 0.275523183707 
11.6 0.279644661449 0.256261462673 
11.7 0.28922784415 0.238563095411 
11.8 0.299816912025 0.222311069996 
11.9 0.311439716829 0.207396376832 
12 0.324130040174 0.193717577632 
12.1 0.337927200274 0.181180697034 
12.2 0.352875927596 0.169698828852 
12.3 0.369026185577 0.159191870458 
12.4 0.386433051736 0.149586207778 
12.5 0.405156767152 0.140814264486 
12.6 0.425262714707 0.132814179426 
12.7 0.446821180495 0.125529789155 
12.8 0.469907695242 0.118909967519 
12.9 0.494602807283 0.1129085863 
13 0.520992175636 0.107484220082 
13.1 0.549166646077 0.102599881227 
13.2 0.579222025235 0.0982229926423 
13.3 0.611259255057 0.0943251254409 
13.4 0.645384099367 0.0908820080832 
13.5 0.681707002192 0.0878734860283 
13.6 0.720342949617 0.085283498436 
13.7 0.761410688957 0.0831003040188 
13.8 0.805032609343 0.0813165164729 
13.9 0.851333612408 0.0799295061718 
14 0.900440048724 0.0789418071977 
14.1 0.952478877736 0.0783614782886 
14.2 1.0075747511 0.0782032169619 
14.3 1.06584889339 0.0784888655521 
14.4 1.12741532867 0.0792489050206 
14.5 1.19237632141 0.0805242595012 
14.6 1.26081952986 0.0823674968866 
14.7 1.33280774908 0.0848468360045 
14.8 1.40837409064 0.0880481127892 
14.9 1.48751114467 0.0920790665276 
15 1.57015219247 0.0970766987046 
15.1 1.65615733427 0.103212736618 
15.2 1.74529174231 0.110702132438 
15.3 1.83719516167 0.119814935864 
15.4 1.93134525258 0.130890507869 
15.5 2.02701195723 0.144354503999 
15.6 2.12320253206 0.160739393165 
15.7 2.21859238335 0.180708639607 
15.8 2.31144871486 0.205083139981 
15.9 2.39954449095 0.234863454786 
16 2.48006666037 0.271255037605 
16.1 2.54956378084 0.315654749444 
16.2 2.60392404851 0.369617322314 
16.3 2.63845814718 0.434750814571 
16.4 2.64814066556 0.512515490521 
16.5 2.62807493563 0.603899252297 
16.6 2.57420578994 0.7089732066 
16.7 2.48425732738 0.826373410321 
16.8 2.35867277627 0.952873418234 
16.9 2.20126207911 1.08324944204 
17 2.01918939592 1.21064803409 
17.1 1.82211146457 1.3275029071 
17.2 1.6206296919 1.42679359212 
17.3 1.42457510879 1.50321771675 
17.4 1.24164737832 1.55392632528 
17.5 1.07679319061 1.57860784913 
17.6 0.932290755158 1.57905248491 
17.7 0.808298574901 1.55844328498 
17.8 0.703564321115 1.52063367101 
17.9 0.616066231454 1.46957623234 
18 0.543502120955 1.40893995208 
18.1 0.483598743708 1.34191296603 
18.2 0.434280450193 1.27113465652 
18.3 0.393740848732 1.19870841251 
18.4 0.360455619708 1.126257197 
18.5 0.333164763167 1.05499474435 
18.6 0.310839731243 0.985800275965 
18.7 0.292648041643 0.919285580434 
18.8 0.277919261981 0.855853152105 
18.9 0.266115045042 0.795744474142 
19 0.256803855094 0.739079035281 
19.1 0.249640111104 0.68588529978 
19.2 0.244347395062 0.636125064917 
19.3 0.240704955308 0.589712307236 
19.4 0.238537034368 0.546527804957 
19.5 0.237704385167 0.506430188577 
19.6 0.23809747148 0.469264550893 
19.7 0.239631293303 0.434868543274 
19.8 0.242241068467 0.403077392754 
19.9 0.245879001612 0.373727198936 
20 0.250511617523 0.346657537969 
