Time Prey Predator
0.0  1.40889285284 1.14570672726
0.1 1.28899112991 1.1863588379 
0.2 1.17392192099 1.21407670903 
0.3 1.06611952411 1.22865004365 
0.4 0.967159819129 1.23059869342 
0.5 0.877846173744 1.22099756046 
0.6 0.798352348646 1.20129057242 
0.7 0.728390666362 1.17310904497 
0.8 0.667377432166 1.13811646703 
0.9 0.614558696865 1.09790833906 
1 0.569113740571 1.05393706154 
1.1 0.530223218712 1.00747628094 
1.2 0.497112317944 0.959608381347 
1.3 0.469073789895 0.911229289348 
1.4 0.445477751948 0.863062689864 
1.5 0.425774494202 0.815677871112 
1.6 0.409490287434 0.769511573354 
1.7 0.3962210146 0.724888555622 
1.8 0.385624699058 0.682040605283 
1.9 0.377414157641 0.641123518046 
2 0.37134918468 0.602232208863 
2.1 0.367230711024 0.565412841772 
2.2 0.364894469375 0.530673856803 
2.3 0.364206176507 0.497994527163 
2.4 0.365057321656 0.467331721943 
2.5 0.367361254852 0.438626416842 
2.6 0.371050311361 0.411807946343 
2.7 0.376073272398 0.386797761072 
2.8 0.382393010725 0.363512802834 
2.9 0.389984944994 0.34186739521 
3 0.398835290984 0.32177558013 
3.1 0.408940320059 0.303151581435 
3.2 0.420304665688 0.285912268637 
3.3 0.432940959191 0.269976973259 
3.4 0.446868764851 0.255268616157 
3.5 0.462114169052 0.241713828896 
3.6 0.47870917987 0.229243398627 
3.7 0.496691252713 0.2177924764 
3.8 0.51610290129 0.207300679402 
3.9 0.536991251326 0.197712220619 
4 0.559407662936 0.188975958473 
4.1 0.583407364042 0.18104539982 
4.2 0.609049192968 0.17387853739 
4.3 0.636394769168 0.167438332294 
4.4 0.665508320704 0.161692413761 
4.5 0.696456087536 0.156613138076 
4.6 0.729305181358 0.152178039679 
4.7 0.764123385893 0.148369575048 
4.8 0.800977610269 0.145175654503 
4.9 0.839932751587 0.142589925857 
5 0.881050665326 0.140611962908 
5.1 0.924387294857 0.139248202545 
5.2 0.969991449512 0.138512247683 
5.3 1.01790176172 0.138425814702 
5.4 1.06814234672 0.139020125337 
5.5 1.12072074368 0.140336534194 
5.6 1.17562072741 0.142428837186 
5.7 1.23279732249 0.145364881847 
5.8 1.29217104357 0.149228424791 
5.9 1.35361552229 0.15412303865 
6 1.41694953703 0.160174685838 
6.1 1.4819234423 0.167535817429 
6.2 1.54820579015 0.176389566338 
6.3 1.6153646539 0.186955010146 
6.4 1.68284809439 0.19949279595 
6.5 1.74996354301 0.214309998161 
6.6 1.81585283858 0.231765280934 
6.7 1.8794689741 0.252273621019 
6.8 1.9395574791 0.276303303464 
6.9 1.99464002333 0.304372924655 
7 2.04301064044 0.3370383797 
7.1 2.08275471785 0.374864966797 
7.2 2.11180207625 0.418379959271 
7.3 2.12800690439 0.4680128342 
7.4 2.12929240252 0.524000737135 
7.5 2.11383923687 0.586279678883 
7.6 2.08032148843 0.654362770989 
7.7 2.02815820989 0.727229862121 
7.8 1.95773022873 0.803265580661 
7.9 1.87051352118 0.880270518041 
8 1.76907197069 0.955575555372 
8.1 1.65687254856 1.02626772664 
8.2 1.5379516452 1.08948725744 
8.3 1.41648991066 1.14274376518 
8.4 1.29638979573 1.18417814497 
8.5 1.18094146921 1.21271879489 
8.6 1.0726288808 1.22810955484 
8.7 0.973082921066 1.23082493367 
8.8 0.883152351204 1.22191009314 
8.9 0.803046265984 1.20279068001 
9 0.732502769214 1.17508973622 
9.1 0.670950259428 1.14047545879 
9.2 0.617642442837 1.10054934673 
9.3 0.571760419173 1.05677417608 
9.4 0.532483453116 1.01043499521 
9.5 0.499032638443 0.962626836809 
9.6 0.470696143121 0.914256898138 
9.7 0.446839229349 0.866058871131 
9.8 0.42690710308 0.818611256954 
9.9 0.410421609043 0.772358288282 
10 0.396974392495 0.727631207687 
10.1 0.386219712128 0.684667173489 
10.2 0.377867147501 0.64362626254 
10.3 0.371673965245 0.604606705447 
10.4 0.367438658046 0.56765750593 
10.5 0.364994882421 0.532789099759 
10.6 0.364206675663 0.499982252281 
10.7 0.364963975965 0.469195136647 
10.8 0.367178917118 0.440369511337 
10.9 0.370782734759 0.413435319477 
11 0.375723224928 0.388314465617 
11.1 0.381962478981 0.364924033742 
11.2 0.38947516837 0.343178472189 
11.3 0.398246988221 0.322991611791 
11.4 0.408273406737 0.304278079041 
11.5 0.419558627766 0.286954393437 
11.6 0.432114673229 0.270939878928 
11.7 0.445960865311 0.256156869754 
11.8 0.461122797841 0.242531959411 
11.9 0.477632202827 0.229995558394 
12 0.495526157715 0.218482628262 
12.1 0.514846897144 0.207932443653 
12.2 0.53564124993 0.198288956728 
12.3 0.557960369328 0.189500685439 
12.4 0.58185927713 0.181520816639 
12.5 0.607396486093 0.174307218075 
12.6 0.634633555652 0.167822441068 
12.7 0.663634542473 0.162033823944 
12.8 0.694465489663 0.156913490813 
12.9 0.72719360408 0.152438564305 
13 0.761886525239 0.14859125196 
13.1 0.798611076566 0.145359196302 
13.2 0.837432774161 0.142735462976 
13.3 0.878413115551 0.140719458489 
13.4 0.921608561229 0.139317152491 
13.5 0.967069286369 0.138541356903 
13.6 1.01483299599 0.138413832679 
13.7 1.06492620198 0.138964697041 
13.8 1.11735827809 0.140234378017 
13.9 1.17211362735 0.142276218814 
14 1.22914953992 0.145157049594 
14.1 1.28838735756 0.148960018923 
14.2 1.34970561479 0.153786812685 
14.3 1.41292567442 0.159762269854 
14.4 1.47780452067 0.16703651492 
14.5 1.54401396296 0.175791250951 
14.6 1.61113166088 0.186242450613 
14.7 1.67861223894 0.198648363417 
14.8 1.74577168755 0.213313166482 
14.9 1.81176376878 0.23059233495 
15 1.87555483862 0.250895867058 
15.1 1.93590366755 0.274689764215 
15.2 1.99134550999 0.302489956826 
15.3 2.0401880203 0.334851254054 
15.4 2.08053223543 0.372336665827 
15.5 2.11031102315 0.415480819608 
15.6 2.12738218086 0.464719832686 
15.7 2.12965974908 0.520306111218 
15.8 2.11530235071 0.582197794723 
15.9 2.08294576836 0.64993802842 
16 2.03195311865 0.722544469096 
16.1 1.96263927481 0.798439712635 
16.2 1.87641217133 0.875456936433 
16.3 1.77577051157 0.950951546078 
16.4 1.66413257613 1.0220178288 
16.5 1.5455108847 1.08578343809 
16.6 1.42409037703 1.13972567134 
16.7 1.30380268358 1.18193973734 
16.8 1.18798387748 1.21130254853 
16.9 1.07917093059 1.22750880942 
17 0.979047115141 1.230991603 
17.1 0.888502255466 1.2227686404 
17.2 0.807787252418 1.20424160473 
17.3 0.736659971952 1.17703057319 
17.4 0.674565760342 1.14280255985 
17.5 0.6207655155 1.10316620189 
17.6 0.574442674774 1.05959412825 
17.7 0.53477504237 1.01338342057 
17.8 0.500980711483 0.965640268986 
17.9 0.472342679182 0.917283862842 
18 0.44822167687 0.869057908109 
18.1 0.428058149811 0.821549903285 
18.2 0.411369067558 0.775212152187 
18.3 0.397741944417 0.730382382429 
18.4 0.386827424862 0.687303066557 
18.5 0.378331776184 0.646138723103 
18.6 0.372009479554 0.606991070135 
18.7 0.367656654686 0.569911868684 
18.8 0.365104813403 0.534913730338 
18.9 0.364216304426 0.50197901198 
19 0.364879515691 0.471067179584 
19.1 0.367005300739 0.44212081298 
19.2 0.370523771005 0.415070524086 
19.3 0.375381758421 0.389838605728 
19.4 0.381540515551 0.366342369921 
19.5 0.388973961121 0.344496397019 
19.6 0.3976671531 0.324214482972 
19.7 0.407614969856 0.305411189957 
19.8 0.418821081265 0.28800291767 
19.9 0.431297070756 0.271908738088 
20 0.445061813886 0.257050799023 
