Time Prey Predator
0.0  1.50382355754 1.23171518696
0.1 1.35887208832 1.28596238197 
0.2 1.22037394762 1.32365986894 
0.3 1.09173824693 1.34435153838 
0.4 0.975044200808 1.3487053026 
0.5 0.87119650884 1.33823069509 
0.6 0.780179856062 1.31496872104 
0.7 0.701351803273 1.2811935157 
0.8 0.633697480375 1.23918817874 
0.9 0.576032091611 1.19108544517 
1 0.527141093285 1.1387781094 
1.1 0.485868835016 1.08387943152 
1.2 0.451161584579 1.02772454063 
1.3 0.422091542621 0.971383693169 
1.4 0.39785811526 0.915693451089 
1.5 0.37778085414 0.861290170693 
1.6 0.361287522413 0.808642660116 
1.7 0.347900973835 0.758082503527 
1.8 0.337225204518 0.709831181714 
1.9 0.32893358163 0.664022506727 
2 0.322757644602 0.620722072974 
2.1 0.318477740493 0.579943031947 
2.2 0.315915210759 0.541658402183 
2.3 0.314925625558 0.505811774496 
2.4 0.315393251235 0.472325567463 
2.5 0.317226616158 0.441107375837 
2.6 0.320354863387 0.412054986736 
2.7 0.324724412934 0.385060874588 
2.8 0.330297190156 0.360014002252 
2.9 0.337047763012 0.336803853503 
3 0.344962245273 0.315321144937 
3.1 0.354036656317 0.295459554054 
3.2 0.364275989645 0.277116481567 
3.3 0.375693303108 0.260193746394 
3.4 0.388308971589 0.244598132847 
3.5 0.40215010473 0.23024161545 
3.6 0.417250041028 0.217041549888 
3.7 0.433647935131 0.204920768422 
3.8 0.451388605569 0.19380725408 
3.9 0.47052192391 0.183634651763 
4 0.491102832037 0.174341762045 
4.1 0.513191027631 0.165872517879 
4.2 0.536850615781 0.158176045491 
4.3 0.562150126383 0.151206249735 
4.4 0.589161961666 0.144922059982 
4.5 0.617962372765 0.139287095381 
4.6 0.648630897443 0.134269791511 
4.7 0.681250014162 0.129843364664 
4.8 0.715904664785 0.12598581876 
4.9 0.7526813339 0.122680194642 
5 0.791667593946 0.119914591005 
5.1 0.832950567471 0.117682641166 
5.2 0.876616044349 0.115983741285 
5.3 0.922746569521 0.114823659988 
5.4 0.971419244916 0.11421526492 
5.5 1.02270361861 0.114179228519 
5.6 1.07665759641 0.114745429206 
5.7 1.13332465447 0.115953925025 
5.8 1.19272730642 0.117857228326 
5.9 1.25486244127 0.120521951966 
6 1.31969246 0.124031902395 
6.1 1.38713610413 0.128491297291 
6.2 1.45705791118 0.13402844525 
6.3 1.52925089799 0.140801702766 
6.4 1.60342386254 0.149003893771 
6.5 1.67917450895 0.158871124331 
6.6 1.75597003993 0.170689456228 
6.7 1.83311379324 0.184804747949 
6.8 1.90971251453 0.20163288411 
6.9 1.98464189571 0.221668663117 
7 2.05650407371 0.245493203604 
7.1 2.12359347596 0.273778965288 
7.2 2.18387727786 0.307279881531 
7.3 2.23498671724 0.346812692196 
7.4 2.27424373777 0.393215364134 
7.5 2.29876451872 0.447260731299 
7.6 2.30561101164 0.509545605031 
7.7 2.29205511124 0.580322114519 
7.8 2.25592694961 0.659300094818 
7.9 2.19602284165 0.745443437401 
8 2.11250644313 0.836810533465 
8.1 2.00717015746 0.930528257941 
8.2 1.88348794572 1.02292322677 
8.3 1.746340507 1.10987166539 
8.4 1.6014657382 1.18728962613 
8.5 1.45474347682 1.25166448626 
8.6 1.31150079228 1.30048476357 
8.7 1.17600118042 1.3324685294 
8.8 1.05120169713 1.34756052872 
8.9 0.938766584242 1.34674178081 
9 0.839260784354 1.33173474897 
9.1 0.752427847647 1.30468841292 
9.2 0.67747330938 1.26790338306 
9.3 0.613305899701 1.22362606069 
9.4 0.558718144384 1.17391575334 
9.5 0.512508062323 1.12057303066 
9.6 0.473549438979 1.06511871392 
9.7 0.440830581759 1.00879490677 
9.8 0.413466603334 0.952590044429 
9.9 0.390697978734 0.897270082355 
10 0.371881825942 0.843411665947 
10.1 0.356479502859 0.791434154593 
10.2 0.344042533425 0.741629406218 
10.3 0.334199594619 0.694187093703 
10.4 0.326644752679 0.649216211462 
10.5 0.321126880634 0.606763068348 
10.6 0.317440921025 0.566826000745 
10.7 0.315420360815 0.529367177258 
10.8 0.314930968202 0.494322260005 
10.9 0.315865639287 0.461608028351 
11 0.318140209578 0.431128265718 
11.1 0.321689972881 0.402778510375 
11.2 0.326466820518 0.376449781792 
11.3 0.332436972799 0.352031300522 
11.4 0.339579050461 0.329412711653 
11.5 0.347882542689 0.308485680558 
11.6 0.357346758135 0.2891447245 
11.7 0.367979383736 0.271288874125 
11.8 0.379796092105 0.254821458054 
11.9 0.392819508567 0.239651082556 
12 0.407078943434 0.225691407656 
12.1 0.422609707896 0.212861665722 
12.2 0.43945292111 0.201086380256 
12.3 0.457655053063 0.190295584844 
12.4 0.477267763609 0.180424568825 
12.5 0.498347563199 0.171413917644 
12.6 0.520955669546 0.163209295419 
12.7 0.545157701694 0.155761435791 
12.8 0.571023436152 0.149026014713 
12.9 0.59862657608 0.142963544299 
13 0.628044689351 0.137539109941 
13.1 0.659358194345 0.132722847696 
13.2 0.692650383837 0.12848962853 
13.3 0.72800714891 0.124818926427 
13.4 0.765514954972 0.121695693061 
13.5 0.805261432022 0.119109810986 
13.6 0.847333993478 0.117056523389 
13.7 0.891816379703 0.115537789301 
13.8 0.938790294741 0.114561374486 
13.9 0.988331550743 0.114142273362 
14 1.04050502113 0.114304582752 
14.1 1.09536465898 0.115081304471 
14.2 1.15294641638 0.116516835097 
14.3 1.21326664212 0.118667509939 
14.4 1.2763097554 0.121606043691 
14.5 1.34202653409 0.125422057541 
14.6 1.41031887471 0.1302273793 
14.7 1.48102823253 0.136160077251 
14.8 1.55392082939 0.143389554792 
14.9 1.62867184997 0.152121944024 
15 1.70483756078 0.162609403453 
15.1 1.78183373717 0.175156942601 
15.2 1.85890170801 0.19013298625 
15.3 1.93507442612 0.207978503792 
15.4 2.00914034739 0.229216695243 
15.5 2.07960317534 0.254458162058 
15.6 2.14464993667 0.284405569726 
15.7 2.20213261054 0.319836766204 
15.8 2.24957426421 0.361581041569 
15.9 2.28421372638 0.410466278612 
16 2.30312708028 0.467220833831 
16.1 2.30341348305 0.532346296544 
16.2 2.28248965234 0.605936055429 
16.3 2.23846325938 0.687471389494 
16.4 2.17054699795 0.77562664785 
16.5 2.07942797095 0.868145056612 
16.6 1.96747676308 0.961855724481 
16.7 1.83868178085 1.05288929264 
16.8 1.69828466181 1.13707523975 
16.9 1.55215347574 1.21046426922 
17 1.40605539959 1.26983866187 
17.1 1.2650030599 1.31308859202 
17.2 1.13283596901 1.33935306859 
17.3 1.0120643118 1.34895378722 
17.4 0.903954945682 1.3431562914 
17.5 0.808764379561 1.32386014115 
17.6 0.726025458138 1.29329270201 
17.7 0.654820302205 1.25375478201 
17.8 0.59400230389 1.20744086249 
17.9 0.542355240213 1.15632874217 
18 0.498696566423 1.10212614307 
18.1 0.461936327876 1.04625775291 
18.2 0.431104776735 0.989877770144 
18.3 0.405359778611 0.933896405556 
18.4 0.383982226145 0.879012343524 
18.5 0.366366010305 0.825745939752 
18.6 0.352003968467 0.774471033647 
18.7 0.340474852931 0.72544263131 
18.8 0.331430488822 0.678821145982 
18.9 0.324584379629 0.634692745436 
19 0.319701831325 0.59308608935 
19.1 0.316591608935 0.553985958924 
19.2 0.315098105794 0.517345871809 
19.3 0.31509697687 0.48309362984 
19.4 0.316489325781 0.451140663273 
19.5 0.319197925081 0.421387589723 
19.6 0.323163861276 0.393728306105 
19.7 0.328344139379 0.368052883054 
19.8 0.334709268659 0.344250532647 
19.9 0.342241687416 0.322211340157 
20 0.350934333085 0.301827862441 
