Time Prey Predator
0.0  1.280059347 0.908397387248
0.1 1.21032049217 0.930944997001 
0.2 1.14140027911 0.947451550497 
0.3 1.07448566605 0.957713701276 
0.4 1.01053159952 0.961765266012 
0.5 0.950251946635 0.959849103145 
0.6 0.8941324867 0.952374802237 
0.7 0.842453786242 0.93987769358 
0.8 0.795324780469 0.922973712441 
0.9 0.752719698653 0.902317560449 
1 0.714514443114 0.878567350169 
1.1 0.680515676281 0.852361044127 
1.2 0.650488101574 0.824295065958 
1.3 0.624174982984 0.794912488056 
1.4 0.601313566364 0.764696551693 
1.5 0.581646909465 0.734067700943 
1.6 0.564930125535 0.703386048322 
1.7 0.550935491944 0.672954015067 
1.8 0.53945533414 0.643020290658 
1.9 0.530303095393 0.613785447976 
2 0.523313004182 0.585407847463 
2.1 0.518339482514 0.55800900729 
2.2 0.515255938962 0.5316788189 
2.3 0.513953552288 0.506480386775 
2.4 0.514339817241 0.482454406757 
2.5 0.516336831399 0.459623215136 
2.6 0.519880247925 0.437994028583 
2.7 0.524917742234 0.417561957031 
2.8 0.531407873482 0.398312679027 
2.9 0.539318859368 0.380224537539 
3 0.548627601915 0.363270532341 
3.1 0.559318696053 0.347419752816 
3.2 0.571383539021 0.33263889683 
3.3 0.584819534771 0.318893208036 
3.4 0.599629294802 0.306147603486 
3.5 0.615819942116 0.294367299971 
3.6 0.633402343408 0.283518635661 
3.7 0.652390415897 0.273569564806 
3.8 0.672800383712 0.264490194061 
3.9 0.694650201792 0.256252909396 
4 0.717958396079 0.248833351756 
4.1 0.742743494977 0.242210352073 
4.2 0.769023058131 0.236366258003 
4.3 0.796812264327 0.231287636767 
4.4 0.826123247632 0.226965141655 
4.5 0.856963238111 0.223394270524 
4.6 0.889333223362 0.220575648022 
4.7 0.923226372803 0.218515334996 
4.8 0.958625324865 0.217225645773 
4.9 0.995500639198 0.216725393904 
5 1.0338075615 0.217040713923 
5.1 1.07348290295 0.218205807667 
5.2 1.11444219715 0.220263551044 
5.3 1.156574688 0.223266576894 
5.4 1.19973976489 0.227278088446 
5.5 1.24376188822 0.232372815365 
5.6 1.28842457541 0.238638000708 
5.7 1.33346514137 0.246174376937 
5.8 1.37856879394 0.25509651959 
5.9 1.42336193359 0.26553385803 
6 1.46740744172 0.277629527207 
6.1 1.51019787374 0.291540655937 
6.2 1.55115439645 0.307434776833 
6.3 1.58962354295 0.325487136012 
6.4 1.62487926069 0.345875072144 
6.5 1.65613472529 0.368766838423 
6.6 1.68255278691 0.394311629575 
6.7 1.7032672454 0.422623977192 
6.8 1.7174168531 0.453763037618 
6.9 1.72418468941 0.487709489791 
7 1.72284959137 0.524341535437 
7.1 1.71284328267 0.563407602065 
7.2 1.6938071638 0.604508732112 
7.3 1.6656563437 0.647076682447 
7.4 1.62860762059 0.69038583294 
7.5 1.58321076624 0.733559880613 
7.6 1.53034346657 0.775605881771 
7.7 1.47116866637 0.815471934229 
7.8 1.40707169199 0.852108015506 
7.9 1.33957244554 0.884538376225 
8 1.27022484474 0.911930489478 
8.1 1.20052343269 0.933646056253 
8.2 1.13182193997 0.949276814883 
8.3 1.06527327244 0.958656636407 
8.4 1.00179874832 0.961849526048 
8.5 0.942080561842 0.959122610234 
8.6 0.8865731485 0.950906745471 
8.7 0.835531224269 0.937750664706 
8.8 0.789043252243 0.920277523136 
8.9 0.747067505919 0.899144760834 
9 0.709467816309 0.875009999382 
9.1 0.676043794887 0.848505902085 
9.2 0.646555778593 0.820222153734 
9.3 0.62074537654 0.790693639243 
9.4 0.598350092777 0.760394808982 
9.5 0.57911388007 0.729737860492 
9.6 0.562794277087 0.699074146694 
9.7 0.549166341857 0.668698257715 
9.8 0.538025396681 0.638851676902 
9.9 0.529187857835 0.609728686012 
10 0.522490599295 0.581482382375 
10.1 0.517790968101 0.554229284828 
10.2 0.514964911041 0.528055306401 
10.3 0.513905962755 0.503020130345 
10.4 0.514523746185 0.47916164315 
10.5 0.516742418804 0.456499793709 
10.6 0.520499425933 0.435039901189 
10.7 0.525744106271 0.414775651754 
10.8 0.532436411701 0.395691545491 
10.9 0.540545742888 0.377765070011 
11 0.550050223878 0.360968617029 
11.1 0.560935431541 0.345270766965 
11.2 0.573193660688 0.330638047341 
11.3 0.586823114222 0.317035513515 
11.4 0.601827063423 0.304428142921 
11.5 0.618213222633 0.292781238349 
11.6 0.635992931749 0.282061326356 
11.7 0.655180501786 0.272236615705 
11.8 0.675792483435 0.263277448318 
11.9 0.697846849655 0.255156860872 
12 0.721362303753 0.247850755176 
12.1 0.746357217699 0.241338504276 
12.2 0.772848864873 0.235603054834 
12.3 0.800852051181 0.230631524688 
12.4 0.830378295661 0.226415239861 
12.5 0.861434239635 0.222950255975 
12.6 0.894019654575 0.22023806663 
12.7 0.928126454522 0.218285553464 
12.8 0.963735821787 0.217105861764 
12.9 1.00081604942 0.21671889518 
13 1.03932033076 0.217151769914 
13.1 1.07918249601 0.218439900651 
13.2 1.12031444994 0.220627540422 
13.3 1.16260204119 0.223768666213 
13.4 1.20589954731 0.227928072278 
13.5 1.25002602299 0.233182243426 
13.6 1.29475915096 0.239620191945 
13.7 1.33982920099 0.247344420832 
13.8 1.38491324514 0.256472037292 
13.9 1.42962987375 0.267133708197 
14 1.47353187739 0.279474897388 
14.1 1.51610069973 0.293655325373 
14.2 1.5567479171 0.309843226773 
14.3 1.59480920656 0.328214586946 
14.4 1.62955253862 0.348944508755 
14.5 1.66017924142 0.372201422612 
14.6 1.68584527532 0.398131328639 
14.7 1.70568571369 0.426840471812 
14.8 1.71884318013 0.458378418571 
14.9 1.72450967233 0.492714016038 
15 1.72198283785 0.529707699403 
15.1 1.71071939598 0.569088992526 
15.2 1.6903987846 0.610433925501 
15.3 1.66097257001 0.653154956926 
15.4 1.62270505934 0.696502310873 
15.5 1.57619521212 0.739579548718 
15.6 1.5223616505 0.781383658588 
15.7 1.46240428547 0.820857531489 
15.8 1.39773324912 0.856957740767 
15.9 1.32987850019 0.888725340635 
16 1.26039254791 0.915351014053 
16.1 1.19075377794 0.936228259841 
16.2 1.12228985083 0.950983031424 
16.3 1.05612360272 0.959481924336 
16.4 0.993142049749 0.961820275724 
16.5 0.933993996092 0.958290495027 
16.6 0.879104377428 0.949342648083 
16.7 0.828701681181 0.935539192214 
16.8 0.782854089173 0.917510034735 
16.9 0.741504918071 0.895914283029 
17 0.70450674837 0.871407795778 
17.1 0.671652266911 0.844618010343 
17.2 0.642698312194 0.816127389005 
17.3 0.617384939457 0.786462667266 
17.4 0.595450039881 0.756089472519 
17.5 0.576639233575 0.725411133858 
17.6 0.560712048889 0.694771213053 
17.7 0.54744662635 0.664456009212 
17.8 0.536640911845 0.634700418405 
17.9 0.528114426408 0.605692343188 
18 0.521706942592 0.577579459646 
18.1 0.517278448186 0.550473706226 
18.2 0.514707544948 0.524456942204 
18.3 0.513890030258 0.499585599848 
18.4 0.514737724474 0.475894767017 
18.5 0.517176719943 0.453402153566 
18.6 0.521146209041 0.432111262867 
18.7 0.526597125092 0.412014349023 
18.8 0.533490781198 0.393094784465 
18.9 0.541797893559 0.375329259699 
19 0.551497685056 0.358689517788 
19.1 0.562576730014 0.343143778035 
19.2 0.575028205605 0.3286583148 
19.3 0.588851078662 0.315198084155 
19.4 0.604049280388 0.302728112055 
19.5 0.620631097206 0.291213782933 
19.6 0.638608309827 0.280621880487 
19.7 0.657995613558 0.270920837987 
19.8 0.678809783133 0.262081393742 
19.9 0.701068968648 0.254076932496 
20 0.724791863829 0.246883845555 
