Time Prey Predator
0.0  1.6931173342 1.99836454345
0.1 1.37556701739 2.10728517248 
0.2 1.1058081774 2.15770847207 
0.3 0.8861589691 2.15596279206 
0.4 0.712373517707 2.1123711824 
0.5 0.577259846072 2.03806922268 
0.6 0.47312855179 1.94311949199 
0.7 0.393079529005 1.83570772704 
0.8 0.331441962659 1.72206314539 
0.9 0.28378102039 1.60670139086 
1 0.246723508386 1.49276742061 
1.1 0.217741789105 1.38236502744 
1.2 0.194953198028 1.27683549142 
1.3 0.176957308858 1.17697144424 
1.4 0.162710148969 1.08317854417 
1.5 0.151430071546 0.995594154287 
1.6 0.142528609971 0.914172742747 
1.7 0.135560117693 0.838747067418 
1.8 0.13018515183 0.769071676875 
1.9 0.126143817096 0.704853702175 
2 0.123236474439 0.645774306638 
2.1 0.121308803444 0.591504624822 
2.2 0.120242083902 0.541715052526 
2.3 0.119944900495 0.496082997183 
2.4 0.120347354395 0.45429744709 
2.5 0.121396652516 0.416061900546 
2.6 0.12305376905 0.381096090541 
2.7 0.125291040613 0.349136714978 
2.8 0.128089766751 0.319938165157 
2.9 0.131439322228 0.293271668047 
3 0.135335560877 0.268925264294 
3.1 0.13978029777 0.246702858452 
3.2 0.144780365594 0.226423670734 
3.3 0.150347207245 0.207921265337 
3.4 0.15649654917 0.191042654351 
3.5 0.163248006961 0.175647450353 
3.6 0.170625004806 0.161606961561 
3.7 0.178654661813 0.148803386314 
3.8 0.187367492874 0.137128911781 
3.9 0.196797544186 0.126485013023 
4 0.206982632454 0.116781779084 
4.1 0.217963926273 0.107937004012 
4.2 0.229786510604 0.099875936468 
4.3 0.242499108602 0.0925302717602 
4.4 0.256154453802 0.0858379271152 
4.5 0.270809368847 0.0797423991319 
4.6 0.286524882513 0.0741922173455 
4.7 0.303366607657 0.0691408105933 
4.8 0.321404732584 0.0645457188409 
4.9 0.340714471456 0.0603686301531 
5 0.361376168497 0.0565747759961 
5.1 0.383475660356 0.0531328107528 
5.2 0.407104552722 0.0500145306565 
5.3 0.432360397581 0.0471944065252 
5.4 0.459347100044 0.044649556845 
5.5 0.488175355354 0.0423597867751 
5.6 0.518962936799 0.0403073134814 
5.7 0.55183507325 0.038476722937 
5.8 0.586924381806 0.0368542655535 
5.9 0.624371654603 0.035428422674 
6 0.664326165792 0.0341898023828 
6.1 0.706945607729 0.0331309889001 
6.2 0.75239659207 0.0322466317113 
6.3 0.800855055826 0.0315335370918 
6.4 0.852505907108 0.0309909098921 
6.5 0.907542942557 0.0306205881065 
6.6 0.966169511659 0.0304270953391 
6.7 1.02859762588 0.030418237234 
6.8 1.0950459 0.0306062022285 
6.9 1.16574095555 0.0310073442564 
7 1.24091568884 0.0316432241483 
7.1 1.32080331531 0.0325434565672 
7.2 1.40563753379 0.0337460164902 
7.3 1.49564543472 0.0353006945259 
7.4 1.59104356272 0.0372711551074 
7.5 1.69203008358 0.0397387572841 
7.6 1.79876400518 0.0428121277995 
7.7 1.91135386002 0.0466325050918 
7.8 2.02983681118 0.0513834021994 
7.9 2.15413761664 0.0573096699156 
8 2.28402410213 0.06473781452 
8.1 2.4190459434 0.0741040410153 
8.2 2.55844141925 0.0859974485138 
8.3 2.70101090764 0.101217677814 
8.4 2.84494564704 0.120853057203 
8.5 2.98759835494 0.146383781124 
8.6 3.1251761079 0.179816216266 
8.7 3.25236429916 0.223838624245 
8.8 3.36190599138 0.28197428328 
8.9 3.44422876307 0.358666025316 
9 3.48734974911 0.459137408319 
9.1 3.47745033591 0.588800894076 
9.2 3.40067062178 0.751898876626 
9.3 3.24656536671 0.949213751684 
9.4 3.01286660416 1.17526768975 
9.5 2.70971301166 1.41641192195 
9.6 2.36024358088 1.65183637172 
9.7 1.99566964175 1.85832091999 
9.8 1.64656978141 2.01686701976 
9.9 1.33519045212 2.11754097512 
10 1.07244562442 2.16022987083 
10.1 0.859516493624 2.15203062249 
10.2 0.691557413265 2.10353770699 
10.3 0.561187018121 2.02582618773 
10.4 0.460777956313 1.9287195958 
10.5 0.383587910903 1.82012678004 
10.6 0.324123118682 1.70602119186 
10.7 0.278108426794 1.59070789939 
10.8 0.242301397501 1.47716764827 
10.9 0.214274826993 1.36738405084 
11 0.192223477493 1.26260842672 
11.1 0.174801229398 1.16357429815 
11.2 0.161005505823 1.07064362762 
11.3 0.15008537324 0.983923627438 
11.4 0.141474850225 0.903348818226 
11.5 0.134744883244 0.828738983235 
11.6 0.129568283232 0.759840763948 
11.7 0.125694521984 0.696356588857 
11.8 0.122930865739 0.637965637842 
11.9 0.121128715064 0.584338127752 
12 0.120173514738 0.535145173575 
12.1 0.119977204823 0.490065539853 
12.2 0.120472317561 0.448790329336 
12.3 0.121608132769 0.41102520084 
12.4 0.123347359845 0.376492179594 
12.5 0.125663599084 0.344930506769 
12.6 0.128539492379 0.316096772414 
12.7 0.131965299736 0.289764649823 
12.8 0.135937860012 0.265724361931 
12.9 0.140459766802 0.243781990468 
13 0.14553829677 0.223758975223 
13.1 0.151185675663 0.205490696863 
13.2 0.157418038884 0.188826015578 
13.3 0.16425566939 0.173626183231 
13.4 0.171722401088 0.159764078649 
13.5 0.179845835305 0.147123317536 
13.6 0.188657012839 0.135597440182 
13.7 0.198190598603 0.125089174214 
13.8 0.208484755059 0.115509671891 
13.9 0.21958130268 0.106777890229 
14 0.231525792743 0.0988199884144 
14.1 0.244367574994 0.091568660127 
14.2 0.258159756471 0.0849623442888 
14.3 0.272959825448 0.0789454132237 
14.4 0.288829507099 0.0734672019646 
14.5 0.30583487488 0.0684814448289 
14.6 0.324046970545 0.0639465773136 
14.7 0.343541656464 0.0598246919125 
14.8 0.364399968527 0.0560813963441 
14.9 0.386708626941 0.0526859710437 
15 0.41055996654 0.0496104362545 
15.1 0.436052457925 0.046829734883 
15.2 0.463291082229 0.0443216386757 
15.3 0.492387419196 0.0420661135016 
15.4 0.523460191078 0.0400456085473 
15.5 0.556635571393 0.0382448453026 
15.6 0.592047393078 0.0366504162311 
15.7 0.629837604556 0.0352512558617 
15.8 0.67015655376 0.0340382119096 
15.9 0.713163336592 0.0330040155497 
16 0.759025804725 0.0321435908778 
16.1 0.807920842915 0.0314541820609 
16.2 0.860034900452 0.0309353640741 
16.3 0.915563636887 0.0305893460945 
16.4 0.974710649129 0.0304212368927 
16.5 1.03768888776 0.0304394127402 
16.6 1.10471984673 0.0306559825537 
16.7 1.17603006906 0.0310883950302 
16.8 1.25185154525 0.0317596923313 
16.9 1.33241859207 0.0327002142269 
17 1.41796315473 0.0339499256299 
17.1 1.50871507325 0.0355586677922 
17.2 1.60488693774 0.0375931977575 
17.3 1.70666955844 0.0401395054474 
17.4 1.81421675941 0.0433098544133 
17.5 1.92763289219 0.0472487403866 
17.6 2.04693745562 0.0521492548949 
17.7 2.17203573717 0.0582664345755 
17.8 2.30267304027 0.0659383562946 
17.9 2.43835850896 0.0756213929475 
18 2.57827642599 0.0879306021724 
18.1 2.72115386652 0.103700642222 
18.2 2.86508138635 0.124067226486 
18.3 3.00726812844 0.150576891813 
18.4 3.14373218495 0.185321791607 
18.5 3.26891120812 0.231099097342 
18.6 3.37524125824 0.291559639175 
18.7 3.45280859489 0.371269634185 
18.8 3.48931416837 0.475531002197 
18.9 3.47079519821 0.609691090242 
19 3.38362592585 0.777663154311 
19.1 3.21821156189 0.97951572337 
19.2 2.97382770621 1.20868882657 
19.3 2.66252116719 1.45038242681 
19.4 2.30898961968 1.68308416851 
19.5 1.94490953912 1.88377238093 
19.6 1.60006161838 2.034519223 
19.7 1.29515225331 2.12682562001 
19.8 1.03954677373 2.16180304189 
19.9 0.833341424742 2.14726004865 
20 0.67114797956 2.09401091116 
