Time Prey Predator
0.0  1.08529318501 1.22804805515
0.1 0.984481781328 1.23224598773 
0.2 0.893248658212 1.22463606207 
0.3 0.811872399722 1.20661289814 
0.4 0.740132396209 1.17979249451 
0.5 0.67748277664 1.14584932236 
0.6 0.623188315517 1.10640210685 
0.7 0.576430476008 1.06293686194 
0.8 0.536384440113 1.01676300884 
0.9 0.502261802077 0.969000895796 
1 0.47333973852 0.920581146711 
1.1 0.448972565265 0.872258198679 
1.2 0.428595313205 0.824628356371 
1.3 0.411719724521 0.778151466209 
1.4 0.397928766616 0.733171330558 
1.5 0.386869183236 0.689935268719 
1.6 0.378243830923 0.64861164254 
1.7 0.371804328204 0.609305090588 
1.8 0.367344427375 0.572069235446 
1.9 0.364693638746 0.536918920428 
2 0.363712603371 0.503837336458 
2.1 0.364288237697 0.472784837407 
2.2 0.366330072689 0.44370464438 
2.3 0.369767286989 0.416527370505 
2.4 0.374545731922 0.391175568027 
2.5 0.380625891319 0.367566456326 
2.6 0.387981065853 0.345614372375 
2.7 0.396595723947 0.325232891335 
2.8 0.40646421903 0.306336319132 
2.9 0.417589774221 0.288840722763 
3 0.429983561301 0.272664809851 
3.1 0.443664041046 0.257730494859 
3.2 0.458656125571 0.243963660589 
3.3 0.474990870553 0.231294098761 
3.4 0.492704773493 0.219656088762 
3.5 0.511839517499 0.208988275462 
3.6 0.532441459184 0.199233935491 
3.7 0.554561311432 0.190340938617 
3.8 0.578253737578 0.182261768085 
3.9 0.603576934973 0.174953669222 
4 0.630592179026 0.168378648601 
4.1 0.659363326851 0.162503303342 
4.2 0.689956468362 0.157299080853 
4.3 0.722438743459 0.15274244279 
4.4 0.756877967433 0.148814881728 
4.5 0.793341835962 0.145503093806 
4.6 0.831895523216 0.142799695744 
4.7 0.872602170398 0.140702918311 
4.8 0.915519285733 0.139217781921 
4.9 0.96069711775 0.138356552307 
5 1.00817794952 0.138138851522 
5.1 1.05798895236 0.138594073159 
5.2 1.11014157804 0.139761467575 
5.3 1.16462451663 0.141692409297 
5.4 1.22140073194 0.144451326902 
5.5 1.28039691945 0.148119148607 
5.6 1.34149817177 0.152795007694 
5.7 1.4045363632 0.158599865441 
5.8 1.46927664917 0.165680766766 
5.9 1.53540443604 0.174214734164 
6 1.60251065682 0.184413206325 
6.1 1.67006815611 0.196528529875 
6.2 1.73741487061 0.210858353077 
6.3 1.80372629644 0.227751637332 
6.4 1.8679958219 0.24761146269 
6.5 1.92900925728 0.270897808038 
6.6 1.98533144418 0.298121843044 
6.7 2.03529892349 0.329834341776 
6.8 2.07703222738 0.366603923835 
6.9 2.10847947617 0.408973806333 
7 2.12749585901 0.457401041414 
7.1 2.13196954082 0.512172720631 
7.2 2.12000511388 0.573296820422 
7.3 2.09015083111 0.64038212654 
7.4 2.04164987143 0.712523689903 
7.5 1.97467350853 0.788224640024 
7.6 1.89048166938 0.865386851634 
7.7 1.79143310379 0.941415705512 
7.8 1.68084890642 1.01341371939 
7.9 1.56269807894 1.07847450713 
8 1.44118279899 1.1340006605 
8.1 1.32030582693 1.17798315992 
8.2 1.20350966945 1.2091847224 
8.3 1.09345054509 1.2271926805 
8.4 0.99193099659 1.2323481421 
8.5 0.899943859907 1.22560353174 
8.6 0.817809152469 1.20832993273 
8.7 0.745341186591 1.18213025827 
8.8 0.682013486378 1.14868002497 
8.9 0.627101808088 1.10960417569 
9 0.579791956428 1.06640048838 
9.1 0.539256333014 1.02039402411 
9.2 0.504702880771 0.972719502363 
9.3 0.475403217633 0.924321860298 
9.4 0.450705725414 0.875968435883 
9.5 0.430038910695 0.828267285999 
9.6 0.412908808292 0.781687991775 
9.7 0.398893106238 0.736582544333 
9.8 0.387633880088 0.693205008153 
9.9 0.378830114468 0.651729276475 
10 0.372229798982 0.612264604703 
10.1 0.36762354199 0.574868367244 
10.2 0.364838457333 0.539557455677 
10.3 0.363732833847 0.506317553643 
10.4 0.364191716527 0.475110520666 
10.5 0.366123118697 0.445880514977 
10.6 0.369454740404 0.418559121083 
10.7 0.374131140995 0.39306956193 
10.8 0.380111681549 0.369329478665 
10.9 0.387368963935 0.347252736883 
11 0.395886490267 0.326753316455 
11.1 0.405658001362 0.307745268413 
11.2 0.416686047453 0.290144527791 
11.3 0.428981226113 0.273869588716 
11.4 0.442561414627 0.25884214793 
11.5 0.457451086274 0.244987716709 
11.6 0.473680809668 0.23223584018 
11.7 0.491286699325 0.220520403463 
11.8 0.510309978919 0.209779822228 
11.9 0.530796685049 0.199956959857 
12 0.552797285703 0.190999182789 
12.1 0.576366030541 0.182858839298 
12.2 0.601560971503 0.175492667998 
12.3 0.628443133476 0.168862273637 
12.4 0.65707624606 0.162933957629 
12.5 0.687526192897 0.157678756492 
12.6 0.719860081532 0.153072778029 
12.7 0.754145871563 0.149097046475 
12.8 0.790450911523 0.145737994814 
12.9 0.828841143414 0.142987585379 
13 0.869379589967 0.140843720348 
13.1 0.912124234699 0.139310895848 
13.2 0.957126687501 0.138400538856 
13.3 1.00442850449 0.13813218251 
13.4 1.05405898238 0.138534135795 
13.5 1.10603100735 0.139644802609 
13.6 1.16033556989 0.14151444685 
13.7 1.21693739653 0.14420659406 
13.8 1.27576640216 0.147800758102 
13.9 1.33671133968 0.152394508088 
14 1.39960748005 0.158107324669 
14.1 1.46422652195 0.165083838097 
14.2 1.53026143963 0.173498332274 
14.3 1.59730954529 0.183559815244 
14.4 1.66485535146 0.195516890572 
14.5 1.7322464218 0.209663582031 
14.6 1.7986726644 0.226345063956 
14.7 1.86314300892 0.245959126818 
14.8 1.92445813821 0.268962739794 
14.9 1.98119898352 0.29586435811 
15 2.03172156107 0.327210816935 
15.1 2.07416441996 0.363569222206 
15.2 2.10648147294 0.405490071791 
15.3 2.12653373387 0.453437559145 
15.4 2.13220093114 0.507716006414 
15.5 2.1215627431 0.568359450981 
15.6 2.09312382018 0.63501153768 
15.7 2.04606631098 0.706809868631 
15.8 1.98048628822 0.782302299837 
15.9 1.89755245577 0.859439094962 
16 1.79954342065 0.93565625434 
16.1 1.68971428297 1.00807103643 
16.2 1.5719973012 1.07376635326 
16.3 1.45059280525 1.13010973923 
16.4 1.32953295801 1.17503934629 
16.5 1.21231389984 1.20725387665 
16.6 1.10165941415 1.22627630741 
16.7 0.999434911648 1.23239655676 
16.8 0.906691028966 1.22652647363 
16.9 0.823794829179 1.21001077447 
17 0.750595012322 1.18443985315 
17.1 0.686586117219 1.15148827768 
17.2 0.631054095918 1.11278947577 
17.3 0.583188174737 1.06985328603 
17.4 0.542159674533 1.02401881121 
17.5 0.507172462305 0.976435786406 
17.6 0.477492698373 0.928063472379 
17.7 0.452462283652 0.879682552588 
17.8 0.431503480396 0.831912596385 
17.9 0.414116764517 0.785232811291 
18 0.399874577105 0.740003562369 
18.1 0.38841424676 0.696485894082 
18.2 0.379430566918 0.654859201431 
18.3 0.37266814088 0.615237031082 
18.4 0.367914606623 0.577680402596 
18.5 0.364994277728 0.542209059241 
18.6 0.3637633293 0.508810723904 
18.7 0.364104904123 0.477448803723 
18.8 0.365925348427 0.448068684828 
18.9 0.369150913841 0.420602849586 
19 0.373725085042 0.394974766112 
19.1 0.379606228789 0.371102302019 
19.2 0.386765724417 0.348900198008 
19.3 0.395186406403 0.328282035954 
19.4 0.404861180374 0.309161910318 
19.5 0.415791927552 0.291455609382 
19.6 0.42798871049 0.27508127437 
19.7 0.441468896219 0.25996029327 
19.8 0.456256439564 0.246017947652 
19.9 0.472381495409 0.233183392744 
20 0.489879719762 0.22139025868 
