Time Prey Predator
0.0  1.28652413562 0.811297443695
0.1 1.23241149543 0.832632374297 
0.2 1.17753579169 0.849878431979 
0.3 1.12284553663 0.862735552035 
0.4 1.06918503503 0.871048269565 
0.5 1.01727083694 0.874806163847 
0.6 0.967680363187 0.874129161435 
0.7 0.920851393517 0.869249247709 
0.8 0.877089515923 0.860488386566 
0.9 0.836582143185 0.848234021817 
1 0.799417723864 0.832912639913 
1.1 0.765603969755 0.814970750801 
1.2 0.735086730016 0.794855059907 
1.3 0.707766891259 0.772998000801 
1.4 0.683514998614 0.749806934345 
1.5 0.662183166304 0.725656936753 
1.6 0.643615391158 0.700885482365 
1.7 0.62765325315 0.67579277959 
1.8 0.614142437039 0.650639762587 
1.9 0.602935897201 0.625650117976 
2 0.593896610705 0.601012239338 
2.1 0.586898757883 0.57688240832 
2.2 0.581828433301 0.55338785731 
2.3 0.57858378576 0.530629939759 
2.4 0.577074804996 0.508687373223 
2.5 0.577222875162 0.487619246436 
2.6 0.578960043398 0.467467945352 
2.7 0.58222814406 0.448261878266 
2.8 0.58697848336 0.430017411388 
2.9 0.593170520994 0.412741411524 
3 0.600771462685 0.396432877884 
3.1 0.609755193626 0.381084703786 
3.2 0.620101729351 0.36668504245 
3.3 0.631796323198 0.353218567895 
3.4 0.644828814182 0.340667609433 
3.5 0.659192866719 0.329013010776 
3.6 0.67488527372 0.318235037987 
3.7 0.691905222781 0.308313993353 
3.8 0.710253523127 0.299230943623 
3.9 0.729931828756 0.29096820932 
4 0.750941773896 0.283509927548 
4.1 0.773284274983 0.276842204466 
4.2 0.796958254577 0.270953971898 
4.3 0.821959694972 0.26583726089 
4.4 0.84828072214 0.261487275922 
4.5 0.875907742765 0.257903263532 
4.6 0.90482042549 0.255088574698 
4.7 0.934990114135 0.253051034362 
4.8 0.966377421699 0.251803713039 
4.9 0.998930901163 0.251365005664 
5 1.03258448085 0.251759205897 
5.1 1.06725457865 0.253017103761 
5.2 1.10283806516 0.255176300245 
5.3 1.13920874509 0.258281720767 
5.4 1.17621414625 0.262386109023 
5.5 1.21367234137 0.267550496028 
5.6 1.25136847578 0.273843989601 
5.7 1.28905083379 0.281344367188 
5.8 1.32642739735 0.290137961284 
5.9 1.3631647239 0.300317599806 
6 1.39888250739 0.311983509964 
6.1 1.43315375563 0.325240536624 
6.2 1.46550847772 0.340193290581 
6.3 1.49543032548 0.35694526516 
6.4 1.52236837443 0.375590015778 
6.5 1.54574195432 0.396206039487 
6.6 1.5649556312 0.418846693109 
6.7 1.5794179382 0.443529357532 
6.8 1.58856171563 0.470223746735 
6.9 1.59187666371 0.498837415217 
7 1.58893350349 0.529204283814 
7.1 1.57942412147 0.561071864103 
7.2 1.56318631788 0.594094278702 
7.3 1.5402368838 0.627828317826 
7.4 1.5107863695 0.661738953563 
7.5 1.47524532383 0.695216020247 
7.6 1.43421927181 0.727591215149 
7.7 1.38848339347 0.758172438616 
7.8 1.33894719734 0.786278054308 
7.9 1.28660739533 0.811275039857 
8 1.23249392849 0.832615773505 
8.1 1.17761825537 0.849866668449 
8.2 1.12292701716 0.862728795345 
8.3 1.06926419804 0.871047937095 
8.4 1.01734643868 0.874812527061 
8.5 0.967751920699 0.87414166979 
8.6 0.920918399891 0.869267535211 
8.7 0.877151265643 0.860512124524 
8.8 0.836638434674 0.848262054337 
8.9 0.799468495331 0.832944583798 
9 0.765649216559 0.815006048114 
9.1 0.735126478911 0.794893108993 
9.2 0.70780137418 0.773038024451 
9.3 0.683544506716 0.749848259826 
9.4 0.662208104893 0.725698865696 
9.5 0.643635653359 0.700928083216 
9.6 0.627669158614 0.67583546733 
9.7 0.614154235775 0.650682057812 
9.8 0.602943932094 0.625691522515 
9.9 0.593901474114 0.601052174191 
10 0.586900615499 0.576920819175 
10.1 0.58182750083 0.553424619137 
10.2 0.578580114514 0.530665056012 
10.3 0.577068516064 0.508720779632 
10.4 0.577214022014 0.487650946003 
10.5 0.578948650382 0.467497970667 
10.6 0.582214388403 0.448290116331 
10.7 0.586962392071 0.43004388759 
10.8 0.593152225157 0.412766116712 
10.9 0.600751057144 0.396455843608 
11 0.609732705329 0.381105958119 
11.1 0.620077191364 0.366704652867 
11.2 0.631769762281 0.353236577332 
11.3 0.644800224155 0.340684053607 
11.4 0.659162262452 0.329027968994 
11.5 0.674852662869 0.318248498561 
11.6 0.691870590364 0.308326053692 
11.7 0.710216897956 0.299241585599 
11.8 0.729893221291 0.290977462352 
11.9 0.750901280588 0.28351770417 
12 0.773241880824 0.276848586808 
12.1 0.796913984281 0.270959027384 
12.2 0.821913690349 0.265840905362 
12.3 0.848232904258 0.26148961433 
12.4 0.875858259918 0.257904245772 
12.5 0.904769381237 0.255088172982 
12.6 0.93493751015 0.253049306398 
12.7 0.966323477923 0.251800602038 
12.8 0.998875752038 0.251360480084 
12.9 1.03252822086 0.251753252387 
13 1.06719748228 0.253009660557 
13.1 1.10278036141 0.255167305741 
13.2 1.13915063553 0.258271122929 
13.3 1.17615596529 0.262373894043 
13.4 1.21361449456 0.267536469832 
13.5 1.25131117289 0.273828178829 
13.6 1.2889943879 0.28132681115 
13.7 1.32637276351 0.290118186148 
13.8 1.3631114196 0.300296098734 
13.9 1.39883147919 0.31195998858 
14 1.43310626462 0.325214468858 
14.1 1.46546501534 0.34016469667 
14.2 1.49539276059 0.356913493735 
14.3 1.52233684027 0.375555372972 
14.4 1.54571841935 0.396168041121 
14.5 1.56493898598 0.418806076991 
14.6 1.57940778122 0.44348664704 
14.7 1.58855992338 0.470178604915 
14.8 1.5918830045 0.498790300173 
14.9 1.58894880995 0.529155379322 
15 1.57944797584 0.561021578672 
15.1 1.5632197822 0.594042481782 
15.2 1.54027962695 0.627775876265 
15.3 1.51083947931 0.661686523477 
15.4 1.47530815148 0.695164264757 
15.5 1.43429035204 0.727541593864 
15.6 1.38856240219 0.758125431341 
15.7 1.33903277305 0.786235084962 
15.8 1.28669766847 0.811237398282 
15.9 1.23258740731 0.832584161654 
16 1.17771251755 0.849842484518 
16.1 1.12302018542 0.862712759416 
16.2 1.06935436622 0.871040475744 
16.3 1.01743209186 0.874813456025 
16.4 0.9678319796 0.874150678297 
16.5 0.920991755209 0.869284186704 
16.6 0.877217811116 0.860535173333 
16.7 0.836698216937 0.84829055952 
16.8 0.799521569036 0.832977585222 
16.9 0.765696160493 0.815042328255 
17 0.735167664512 0.794931803259 
17.1 0.70783721837 0.77307841557 
17.2 0.683575486395 0.749889687157 
17.3 0.662234604936 0.725740740197 
17.4 0.643658075225 0.700969896092 
17.5 0.627687724973 0.675876970833 
17.6 0.614169200206 0.650722933737 
17.7 0.602955694941 0.625731295627 
17.8 0.593909855217 0.601091095203 
17.9 0.586905962061 0.576958528319 
18 0.581829855948 0.553461061152 
18.1 0.578579829529 0.530699923553 
18.2 0.57706563675 0.508754111889 
18.3 0.577208712013 0.487682650601 
18.4 0.578940978414 0.467528041466 
18.5 0.582204437823 0.448318537186 
18.6 0.58695022239 0.430070670877 
18.7 0.59313786685 0.412791274756 
18.8 0.600734498867 0.396479399614 
18.9 0.609714037429 0.381127936861 
19 0.620056494302 0.366725101174 
19.1 0.631747051061 0.353255531768 
19.2 0.644775476894 0.340701542264 
19.3 0.659135487566 0.329044079887 
19.4 0.674823868727 0.31826322524 
19.5 0.691839766381 0.308339430596 
19.6 0.710184016143 0.299253707988 
19.7 0.729858321384 0.290988254141 
19.8 0.750864303231 0.283527274002 
19.9 0.773202869929 0.276856909539 
20 0.796872947126 0.270966102339 
