Time Prey Predator
0.0  0.993782153889 0.936121061724
0.1 0.937790906069 0.932896608448 
0.2 0.885632293559 0.924665589284 
0.3 0.837550614991 0.911924285124 
0.4 0.793641605001 0.895230400678 
0.5 0.753884234629 0.875173932413 
0.6 0.718173142514 0.852345652793 
0.7 0.686344120811 0.827315640012 
0.8 0.658195323411 0.800617652339 
0.9 0.633504184868 0.772739017955 
1 0.612043673947 0.74411307266 
1.1 0.593588289731 0.715120170698 
1.2 0.577922705622 0.686086597181 
1.3 0.564845714722 0.657287529694 
1.4 0.554172729261 0.628950919046 
1.5 0.545736729296 0.601262067619 
1.6 0.539389289213 0.574368040426 
1.7 0.534998930978 0.548382994415 
1.8 0.532451190284 0.523392368567 
1.9 0.531647169326 0.499457283484 
2 0.532502459789 0.476618247457 
2.1 0.534945970191 0.454898883016 
2.2 0.538918664095 0.434308762395 
2.3 0.544372461775 0.414846216251 
2.4 0.551269106143 0.396500730719 
2.5 0.559579203491 0.379254730857 
2.6 0.569281124856 0.363085978674 
2.7 0.580360302663 0.347968230436 
2.8 0.592808306738 0.333872293641 
2.9 0.606622067916 0.320768317445 
3 0.621803202349 0.308625697824 
3.1 0.638357154723 0.297414252649 
3.2 0.656292538632 0.287104726556 
3.3 0.675620382868 0.27766938478 
3.4 0.696353390476 0.269082543691 
3.5 0.718505136482 0.261320942368 
3.6 0.742089179906 0.254364221196 
3.7 0.767118199042 0.248195195371 
3.8 0.79360283627 0.242800354705 
3.9 0.821550648561 0.238170106094 
4 0.850964603827 0.234299287851 
4.1 0.881842196068 0.23118722784 
4.2 0.914172858242 0.228838602668 
4.3 0.947936582902 0.227263768728 
4.4 0.983102607663 0.226478967407 
4.5 1.01962438056 0.226507506488 
4.6 1.05743976661 0.227379776603 
4.7 1.09646660089 0.229134164606 
4.8 1.13659725962 0.231818137624 
4.9 1.17769921949 0.235488276082 
5 1.21960637817 0.240211680855 
5.1 1.26211551221 0.246066685486 
5.2 1.30498207681 0.253143215167 
5.3 1.3479146153 0.261543479813 
5.4 1.39057006186 0.271382113692 
5.5 1.43254749343 0.282785662997 
5.6 1.47338508462 0.295892472164 
5.7 1.51255801359 0.310848412873 
5.8 1.54947366433 0.327807730227 
5.9 1.58348043994 0.346922377574 
6 1.61386996252 0.368337637691 
6.1 1.63988958423 0.392181879566 
6.2 1.66076206019 0.418552363649 
6.3 1.67570785103 0.447500296653 
6.4 1.68398585286 0.479009329717 
6.5 1.68493157544 0.512976058369 
6.6 1.67800282081 0.54918958276 
6.7 1.66283384783 0.587311743696 
6.8 1.63928056843 0.626865836802 
6.9 1.60745999544 0.66723306929 
7 1.56777540999 0.707661618384 
7.1 1.52091581428 0.747293708881 
7.2 1.46783476986 0.785203874104 
7.3 1.40969894391 0.820453618695 
7.4 1.3478246264 0.852146930336 
7.5 1.28359410943 0.879491076414 
7.6 1.2183739444 0.901846149285 
7.7 1.15343973774 0.918761527686 
7.8 1.08991757652 0.929993708658 
7.9 1.0287454686 0.935505899649 
8 0.970656032314 0.93545112603 
8.1 0.916177992053 0.930143198808 
8.2 0.865652121712 0.92002060495 
8.3 0.819256499923 0.905608222405 
8.4 0.777036235264 0.887480842335 
8.5 0.738933657537 0.866231692821 
8.6 0.704816809674 0.842444776787 
8.7 0.67450347307 0.816677495138 
8.8 0.647782061201 0.789445269934 
8.9 0.62442710073 0.761213897432 
9 0.604210268543 0.732396213597 
9.1 0.586909828559 0.703350103987 
9.2 0.572316030225 0.674380554411 
9.3 0.560233979836 0.645743332176 
9.4 0.550486229665 0.617648487216 
9.5 0.542913380166 0.590265241636 
9.6 0.537373691724 0.563726920169 
9.7 0.533742758676 0.53813544809 
9.8 0.53191245961 0.513565842197 
9.9 0.531789991277 0.490070489566 
10 0.533296580138 0.467682622927 
10.1 0.536366088144 0.446419898575 
10.2 0.540944075186 0.426286927182 
10.3 0.546986536755 0.407278369913 
10.4 0.55445894261 0.389380461526 
10.5 0.563335115847 0.372573680092 
10.6 0.573596471029 0.356833575509 
10.7 0.585230983085 0.342132910551 
10.8 0.598232530556 0.328442169304 
10.9 0.61259999566 0.315731083278 
11 0.628336624328 0.303969082838 
11.1 0.645449196773 0.29312643542 
11.2 0.663947355579 0.283174483275 
11.3 0.68384300841 0.274085848019 
11.4 0.705149232644 0.265836005049 
11.5 0.727879785226 0.258402741553 
11.6 0.75204796478 0.251766968594 
11.7 0.777665747816 0.245912965315 
11.8 0.804742700149 0.240828722583 
11.9 0.833284740838 0.23650639866 
12 0.863292863166 0.23294258317 
12.1 0.894761380019 0.230138828852 
12.2 0.927676442478 0.228101955687 
12.3 0.962013694462 0.226844690451 
12.4 0.997736326488 0.226386069287 
12.5 1.03479210071 0.226752138179 
12.6 1.07311077481 0.227976516893 
12.7 1.11260062939 0.230101127618 
12.8 1.15314446352 0.233177022225 
12.9 1.1945960438 0.237265093641 
13 1.23677502317 0.242436813927 
13.1 1.27946238033 0.248775159031 
13.2 1.32239537856 0.256374952009 
13.3 1.36526208144 0.265343372003 
13.4 1.40769601147 0.275800364408 
13.5 1.44927301547 0.287876787099 
13.6 1.48950452402 0.301715126204 
13.7 1.52783955068 0.317464520328 
13.8 1.56366212199 0.335278183206 
13.9 1.5962922671 0.35530887638 
14 1.62500394936 0.37769544715 
14.1 1.64903269064 0.402554806746 
14.2 1.66759689917 0.429967795483 
14.3 1.67992753555 0.459961093038 
14.4 1.68530885941 0.492485349414 
14.5 1.68311890489 0.527396595107 
14.6 1.6728825351 0.564433523097 
14.7 1.65431797984 0.603202819418 
14.8 1.62738348129 0.643169850741 
14.9 1.59231013086 0.683660083315 
15 1.54961775594 0.723874964693 
15.1 1.50010750966 0.762923651033 
15.2 1.44482552685 0.799868772992 
15.3 1.38501000989 0.833780631829 
15.4 1.32201270519 0.86379985859 
15.5 1.25721987885 0.889189428158 
15.6 1.19196694064 0.909384748851 
15.7 1.1274772923 0.924015596736 
15.8 1.06480334587 0.932924226323 
15.9 1.00480132195 0.936153166526 
16 0.948120253542 0.933924469844 
16.1 0.895210078209 0.926607172726 
16.2 0.846342730539 0.914679027659 
16.3 0.801638633715 0.898689533187 
16.4 0.761097666088 0.879224419144 
16.5 0.724628862685 0.856876008027 
16.6 0.692077182913 0.832219869397 
16.7 0.663246345731 0.805797677516 
16.8 0.637917103684 0.778105799647 
16.9 0.61586152512 0.749588775429 
17 0.596853340551 0.720637115209 
17.1 0.580674822258 0.691587114329 
17.2 0.567121962988 0.662723235048 
17.3 0.556006702009 0.634282313779 
17.4 0.547158962051 0.60645708001 
17.5 0.540426452537 0.579401687206 
17.6 0.535674574594 0.55323616486 
17.7 0.532785759964 0.528050960385 
17.8 0.531658174407 0.50391150117 
17.9 0.532204829871 0.480861909933 
18 0.534352298051 0.458928661562 
18.1 0.538039199821 0.438123868765 
18.2 0.543215491169 0.418447832581 
18.3 0.549841143961 0.399891459878 
18.4 0.557885140282 0.382438492301 
18.5 0.567324498527 0.366067162017 
18.6 0.578143383889 0.350751810092 
18.7 0.590332287143 0.33646406269 
18.8 0.603887192179 0.323174055721 
18.9 0.618808854916 0.310851256466 
19 0.635102036732 0.299465348353 
19.1 0.652774821185 0.288986821757 
19.2 0.671837833225 0.279387630964 
19.3 0.692303529115 0.270641639344 
19.4 0.714185313462 0.262725181731 
19.5 0.737496841981 0.255617277468 
19.6 0.762251144848 0.249299952783 
19.7 0.788459200771 0.243759128836 
19.8 0.816129360441 0.238984374769 
19.9 0.845265751445 0.234969547919 
20 0.875866696152 0.231713304028 
