Time Prey Predator
0.0  1.56986689568 1.16833368437
0.1 1.43008461021 1.22822314679 
0.2 1.29362906682 1.27342446583 
0.3 1.16438320843 1.30282643691 
0.4 1.04505570485 1.31642116371 
0.5 0.93720232411 1.31512262863 
0.6 0.841387947142 1.3005137082 
0.7 0.757431911946 1.27456372173 
0.8 0.68465355262 1.23938954424 
0.9 0.622087548905 1.19706836436 
1 0.56864722964 1.14951602955 
1.1 0.523237241208 1.09841933485 
1.2 0.484819887272 1.04521288191 
1.3 0.452454654147 0.991077419558 
1.4 0.425312280191 0.936959951243 
1.5 0.402675915968 0.883600503377 
1.6 0.38393465956 0.831561547415 
1.7 0.368573332572 0.781257111012 
1.8 0.356160535055 0.732979681539 
1.9 0.346337568041 0.686923284887 
2 0.338807511613 0.643203957522 
2.1 0.333325803253 0.601876567107 
2.2 0.329691986144 0.562948776955 
2.3 0.327742764913 0.526392416005 
2.4 0.327346173738 0.492152682051 
2.5 0.328396661796 0.46015559164 
2.6 0.33081111577 0.430313717966 
2.7 0.334525654178 0.402530552456 
2.8 0.33949263138 0.37670487099 
2.9 0.345678685654 0.352732792949 
3 0.353062684374 0.330510435085 
3.1 0.36163435232 0.309935264778 
3.2 0.371392993072 0.290907423788 
3.3 0.382346467888 0.273330656957 
3.4 0.39451044266 0.257112835608 
3.5 0.407907599367 0.242166555938 
3.6 0.422567193831 0.228409228914 
3.7 0.438524471088 0.215763443534 
3.8 0.455820370214 0.204156877032 
3.9 0.474501070729 0.193522480703 
4 0.494617943282 0.183798075464 
4.1 0.516226946422 0.174926787795 
4.2 0.539388564275 0.166856704669 
4.3 0.56416751964 0.159540778378 
4.4 0.590632344115 0.152936919071 
4.5 0.618855280559 0.147007713801 
4.6 0.648911613335 0.141720673982 
4.7 0.680879482311 0.13704803534 
4.8 0.714839080022 0.132966956872 
4.9 0.750872061059 0.129459600348 
5 0.789060735701 0.126513286204 
5.1 0.829486693717 0.124120904056 
5.2 0.872229957315 0.122281102159 
5.3 0.917366655553 0.12099903725 
5.4 0.964967605026 0.120286806871 
5.5 1.01509527822 0.120164450563 
5.6 1.06780060932 0.120661021372 
5.7 1.12311953657 0.121815756898 
5.8 1.18106705534 0.123680106154 
5.9 1.24163284503 0.126319241404 
6 1.30477164642 0.12981534657 
6.1 1.37039650885 0.134269958639 
6.2 1.43836551822 0.139808446735 
6.3 1.50846938734 0.146584248509 
6.4 1.58041548368 0.154784159078 
6.5 1.65380545239 0.164635594623 
6.6 1.72811663845 0.176412647547 
6.7 1.80266928771 0.190445403417 
6.8 1.87660100282 0.207128126377 
6.9 1.94883202393 0.22692552415 
7 2.0180287458 0.250382422122 
7.1 2.08257573673 0.278123748526 
7.2 2.14055945577 0.310842509087 
7.3 2.18976328063 0.349284061586 
7.4 2.22770207783 0.394201990571 
7.5 2.25170551186 0.446286501654 
7.6 2.25906889437 0.506056923335 
7.7 2.24728399121 0.573716425384 
7.8 2.21434420633 0.64897931891 
7.9 2.15911152547 0.730890192193 
8 2.08165950082 0.817691503643 
8.1 1.98352219085 0.906787283049 
8.2 1.86774560418 0.994860375749 
8.3 1.73867547732 1.07816140061 
8.4 1.60149580588 1.15293232655 
8.5 1.46160941834 1.21587505928 
8.6 1.32402551676 1.26453828274 
8.7 1.19286757993 1.29755801383 
8.8 1.07111851957 1.31468338984 
8.9 0.960584642226 1.31664036791 
9 0.862036768234 1.30488373236 
9.1 0.775440487686 1.28131927436 
9.2 0.700208543251 1.24804851039 
9.3 0.635423645607 1.20717087832 
9.4 0.580014339557 1.16064703202 
9.5 0.53287911124 1.11021956494 
9.6 0.492963778895 1.05737981136 
9.7 0.459304196209 1.00336465803 
9.8 0.431045375499 0.94917203282 
9.9 0.407445305243 0.895586380885 
10 0.387869781051 0.843207916652 
10.1 0.371783022745 0.792481671448 
10.2 0.358735901807 0.743725313086 
10.3 0.348354156429 0.697153443529 
10.4 0.340327748568 0.652898202541 
10.5 0.334400995361 0.611026990581 
10.6 0.330364101119 0.571557114131 
10.7 0.328045874971 0.534467660134 
10.8 0.327307705762 0.499709153057 
10.9 0.328038469864 0.467211335347 
11 0.330150305229 0.436889329319 
11.1 0.333575168862 0.408648510352 
11.2 0.338261979886 0.382388424451 
11.3 0.344174276747 0.358005603305 
11.4 0.351288290624 0.335396016977 
11.5 0.35959142598 0.314456633375 
11.6 0.369080883126 0.29508695408 
11.7 0.379762715987 0.277189761416 
11.8 0.391650839474 0.260672024964 
11.9 0.404766437022 0.245445174429 
12 0.419137293268 0.231425559551 
12.1 0.434797349953 0.218534559591 
12.2 0.451786284237 0.206698704297 
12.3 0.470149105686 0.195849765066 
12.4 0.489936039597 0.185924458186 
12.5 0.511202043486 0.176864692039 
12.6 0.534006563251 0.168617483739 
12.7 0.558413440246 0.161134626268 
12.8 0.584490322966 0.154372962977 
12.9 0.612308671493 0.148294003108 
13 0.641943114054 0.142864144515 
13.1 0.673471166167 0.138054564542 
13.2 0.706972666629 0.133841267024 
13.3 0.742528936156 0.130205302561 
13.4 0.780222291746 0.127132773245 
13.5 0.820134541266 0.124615297486 
13.6 0.86234619721 0.122650179128 
13.7 0.906934501803 0.121241025013 
13.8 0.953971525277 0.120398347895 
13.9 1.00352213341 0.120140218986 
14 1.05563997744 0.120493615536 
14.1 1.11036489688 0.121495297809 
14.2 1.1677170392 0.1231938082 
14.3 1.22769238378 0.125651014986 
14.4 1.29025449514 0.128944937101 
14.5 1.35532639544 0.133172544435 
14.6 1.42278029988 0.138453250587 
14.7 1.49242281407 0.144933904922 
14.8 1.5639824364 0.15279303074 
14.9 1.63708610715 0.162248376023 
15 1.71124182926 0.173562734702 
15.1 1.78580794693 0.187052748049 
15.2 1.85996604507 0.203097457203 
15.3 1.9326887176 0.222145115497 
15.4 2.00270302458 0.244721496001 
15.5 2.06845844965 0.271434837054 
15.6 2.12811124256 0.302962635827 
15.7 2.17951428688 0.340039790829 
15.8 2.22023269691 0.383427219076 
15.9 2.24762985628 0.433835420323 
16 2.2589927048 0.491833336755 
16.1 2.25174208383 0.557711629902 
16.2 2.22372854613 0.631310200397 
16.3 2.17358517075 0.711839957772 
16.4 2.10108455359 0.797731804497 
16.5 2.0074157363 0.886577030149 
16.6 1.89529411782 0.975200143715 
16.7 1.76879932962 1.05991921049 
16.8 1.63297697283 1.13693588205 
16.9 1.49324032996 1.20280648816 
17 1.35473623608 1.25486221106 
17.1 1.22182069515 1.29148255982 
17.2 1.09774413509 1.3121728229 
17.3 0.984571300705 1.3174572894 
17.4 0.883287145901 1.30865115518 
17.5 0.794020391721 1.28757930804 
17.6 0.71628710235 1.25631964549 
17.7 0.649227142725 1.2169862497 
17.8 0.591791854596 1.17157943657 
17.9 0.542878650085 1.1218952743 
18 0.501417603052 1.06948351209 
18.1 0.466421681726 1.01563807847 
18.2 0.437010139503 0.961409203588 
18.3 0.412415294343 0.907627320268 
18.4 0.391979555301 0.854931380126 
18.5 0.375145811615 0.803799116271 
18.6 0.361446229236 0.754574873194 
18.7 0.350490636841 0.707494530476 
18.8 0.341955444385 0.662707161471 
18.9 0.335573436061 0.620293462614 
19 0.331125063158 0.580280967331 
19.1 0.328431031381 0.54265639701 
19.2 0.327345852312 0.507376008682 
19.3 0.327752567975 0.474373684829 
19.4 0.329558400185 0.443567367387 
19.5 0.332691097832 0.414864273272 
19.6 0.337095952627 0.388164968099 
19.7 0.342733383137 0.363366448792 
19.8 0.34957688633 0.340364655004 
19.9 0.357611385605 0.319056336793 
20 0.366832116974 0.299340022066 
