Time Prey Predator
0.0  1.66351088248 0.917907598801
0.1 1.56715187835 0.97622060782 
0.2 1.46554895533 1.02798403104 
0.3 1.36183881813 1.07140882828 
0.4 1.25895853129 1.10516633921 
0.5 1.15942389783 1.12848717103 
0.6 1.06519971381 1.14117385841 
0.7 0.97765752271 1.1435514042 
0.8 0.897607472638 1.13636608877 
0.9 0.825380856181 1.12066044815 
1 0.760939188924 1.09764668433 
1.1 0.703975784803 1.06860497324 
1.2 0.654018268294 1.03479135249 
1.3 0.610507724098 0.997377867375 
1.4 0.572844496086 0.957428854548 
1.5 0.540438739096 0.915869822652 
1.6 0.512731472952 0.873489307085 
1.7 0.489209927894 0.830942102552 
1.8 0.46941376091 0.788760081993 
1.9 0.452937244659 0.747365002738 
2 0.439426694589 0.707083309792 
2.1 0.428577242205 0.668159948187 
2.2 0.420128345998 0.630771521132 
2.3 0.413859030579 0.595038201461 
2.4 0.409583316941 0.561034098378 
2.5 0.40714593116 0.528796252458 
2.6 0.406418464102 0.498332141872 
2.7 0.40729557931 0.469627196691 
2.8 0.409692508656 0.442648369123 
2.9 0.413542042155 0.417349953828 
3 0.418792462174 0.393676701343 
3.1 0.425405718964 0.371566630233 
3.2 0.433355544168 0.350953943014 
3.3 0.442626374078 0.331770290262 
3.4 0.453211939453 0.313946790434 
3.5 0.465114351544 0.297415037139 
3.6 0.478343325953 0.282107894447 
3.7 0.492915074995 0.267960884411 
3.8 0.508852158911 0.254911765983 
3.9 0.526182446653 0.24290181758 
4 0.544938897109 0.231875599336 
4.1 0.565158787932 0.221781674094 
4.2 0.586883401925 0.212572399947 
4.3 0.610157382947 0.204204414365 
4.4 0.635028270336 0.196638536478 
4.5 0.661545895733 0.189840068727 
4.6 0.689761700013 0.183778824387 
4.7 0.719727904959 0.178429375264 
4.8 0.751496583474 0.173771217105 
4.9 0.785119549477 0.169788847374 
5 0.820646586718 0.166472166377 
5.1 0.85812248354 0.163817193894 
5.2 0.897587986728 0.161825830204 
5.3 0.939075542513 0.160507104475 
5.4 0.982608084348 0.159877466322 
5.5 1.02819737575 0.159961219684 
5.6 1.07583650954 0.160792848475 
5.7 1.12549937618 0.162417081832 
5.8 1.1771332816 0.164891059273 
5.9 1.23065595867 0.168285211832 
6 1.28594458075 0.172686531838 
6.1 1.34283134134 0.178199851813 
6.2 1.40109028235 0.18495142888 
6.3 1.46042900051 0.193091326347 
6.4 1.52047413432 0.202796965885 
6.5 1.58075753845 0.214276700597 
6.6 1.64070260751 0.227772200092 
6.7 1.69960468157 0.243562022895 
6.8 1.75662083883 0.261962433507 
6.9 1.81075094948 0.283325363982 
7 1.86083278912 0.308034658757 
7.1 1.90554261677 0.336493757669 
7.2 1.94340702355 0.369107504245 
7.3 1.97283432045 0.406253101633 
7.4 1.99217707862 0.448234267124 
7.5 1.99981394987 0.495228069597 
7.6 1.99427370601 0.547212653254 
7.7 1.97438353574 0.603891104708 
7.8 1.93943331381 0.664618157847 
7.9 1.88933316345 0.728346932395 
8 1.82473322941 0.79361457669 
8.1 1.74706700385 0.85858893177 
8.2 1.65850187669 0.92117489877 
8.3 1.56178187009 0.979184515652 
8.4 1.45998745281 1.03053928556 
8.5 1.35625320506 1.07347066754 
8.6 1.25349690433 1.10667950411 
8.7 1.15420695353 1.12942682838 
8.8 1.06031564644 1.14154658043 
8.9 0.973161901217 1.14338950361 
9 0.893527746202 1.13571999258 
9.1 0.821722901131 1.11959160092 
9.2 0.757691139757 1.09622362851 
9.3 0.701117528607 1.06689406509 
9.4 0.651522999964 1.03285681 
9.5 0.608341465117 0.995282557268 
9.6 0.57097557977 0.95522509385 
9.7 0.538836053049 0.913603593097 
9.8 0.511366248094 0.871198994807 
9.9 0.488056095734 0.82865923365 
10 0.468448357786 0.786509844532 
10.1 0.452139791614 0.745167334025 
10.2 0.438779681168 0.704953249631 
10.3 0.428065587305 0.666108625435 
10.4 0.41973917871 0.628806749923 
10.5 0.413581491375 0.593165022126 
10.6 0.409408318023 0.559255337853 
10.7 0.407065906884 0.527113039942 
10.8 0.406427122024 0.496744405508 
10.9 0.407387913212 0.468133341892 
11 0.409864323234 0.441246722608 
11.1 0.413790182517 0.416037491415 
11.2 0.419114538387 0.392450150271 
11.3 0.425800021568 0.370422448861 
11.4 0.433821021017 0.349888397571 
11.5 0.44316245496 0.330779684826 
11.6 0.453818535774 0.313027396979 
11.7 0.465791790533 0.296563193327 
11.8 0.479092245085 0.281320179739 
11.9 0.493736592423 0.267233736323 
12 0.50974757552 0.254242026232 
12.1 0.527153390226 0.242286434279 
12.2 0.545987289336 0.231311616708 
12.3 0.566286721648 0.221266421372 
12.4 0.588093208321 0.212103421942 
12.5 0.611451548357 0.20377946542 
12.6 0.636409403015 0.196255664922 
12.7 0.663016748282 0.18949747152 
12.8 0.691325034529 0.183475048233 
12.9 0.721386735025 0.178163122448 
13 0.75325411197 0.173541467202 
13.1 0.786978558519 0.169594908863 
13.2 0.822609099629 0.166313772356 
13.3 0.860191085153 0.163694202965 
13.4 0.899764575598 0.161738567949 
13.5 0.941361863143 0.1604561988 
13.6 0.985005697544 0.159863837246 
13.7 1.03070547443 0.159986780661 
13.8 1.07845444376 0.16085968149 
13.9 1.12822487234 0.162527971489 
14 1.17996337951 0.16504924806 
14.1 1.23358488856 0.168495047235 
14.2 1.28896495689 0.172953087764 
14.3 1.34593257342 0.178529362956 
14.4 1.40425870322 0.185351269378 
14.5 1.463646971 0.193570298289 
14.6 1.52371912195 0.203365460533 
14.7 1.58400189342 0.214946847747 
14.8 1.64391162141 0.228558096542 
14.9 1.70273730596 0.244479780724 
15 1.75962577704 0.263030515917 
15.1 1.81356982766 0.284563837231 
15.2 1.86339952236 0.309464176966 
15.3 1.9077809654 0.338136648665 
15.4 1.94523204936 0.370986316613 
15.5 1.97415953883 0.408385470259 
15.6 1.99291272501 0.450634140246 
15.7 1.99987545883 0.497900326639 
15.8 1.99358773722 0.550149325172 
15.9 1.97289825481 0.607066963912 
16 1.93712495559 0.667988494221 
16.1 1.8862204359 0.731840384705 
16.2 1.82087213728 0.797142680781 
16.3 1.74255769926 0.86204310312 
16.4 1.65347988895 0.92443786953 
16.5 1.55640727715 0.982139715372 
16.6 1.45443024122 1.03308215872 
16.7 1.35067776846 1.07551877062 
16.8 1.24804876227 1.10817898372 
16.9 1.14900382655 1.13035504038 
17 1.05544373643 1.14191016268 
17.1 0.968676731846 1.14321965617 
17.2 0.889457559008 1.13506640392 
17.3 0.818073669312 1.11851597942 
17.4 0.75445226365 1.09479356355 
17.5 0.698267239176 1.065177933 
17.6 0.649033183775 1.03091965332 
17.7 0.606180610107 0.993184495476 
17.8 0.569111603607 0.953019324381 
17.9 0.537238248329 0.911335473383 
18 0.510005789825 0.868907157498 
18.1 0.486907104879 0.826375129507 
18.2 0.467487607699 0.784258868543 
18.3 0.451346930345 0.742969396849 
18.4 0.438137083679 0.702823432201 
18.5 0.427558126218 0.664057993589 
18.6 0.419353930153 0.626843064631 
18.7 0.413307652768 0.591293244882 
18.8 0.409236825929 0.557478261409 
18.9 0.406989260691 0.525431692422 
19 0.406439138268 0.495158524675 
19.1 0.407483494292 0.46664151011 
19.2 0.410039567322 0.439846272579 
19.3 0.414041953976 0.414725858033 
19.4 0.41944053448 0.391224070237 
19.5 0.426198528258 0.369278611309 
19.6 0.434290985172 0.348823097725 
19.7 0.443703315643 0.329789247583 
19.8 0.454430228211 0.312108105839 
19.9 0.466474683756 0.295711389446 
20 0.479847058812 0.280532338726 
