Time Prey Predator
0.0  1.17291258483 1.38203706518
0.1 1.04154093919 1.39678073782 
0.2 0.92414972957 1.39422006339 
0.3 0.821127372457 1.37641105962 
0.4 0.731966873081 1.34584493812 
0.5 0.655614625561 1.30512581025 
0.6 0.590739357405 1.25674886278 
0.7 0.535934599382 1.202958472 
0.8 0.489837284301 1.14568819789 
0.9 0.451200432257 1.08654192541 
1 0.418923110681 1.02681076689 
1.1 0.392057730944 0.967504880206 
1.2 0.369801408206 0.909393583878 
1.3 0.351482280183 0.853044561791 
1.4 0.336542710595 0.798860907404 
1.5 0.324522679987 0.747113587517 
1.6 0.315044410828 0.697969286598 
1.7 0.307798666276 0.651514130451 
1.8 0.302533207459 0.607771924576 
1.9 0.299043414604 0.566719236932 
2 0.297163941135 0.528298253142 
2.1 0.296762089636 0.492426450364 
2.2 0.297732634333 0.459003816843 
2.3 0.299993320865 0.427919056314 
2.4 0.303481174889 0.399054394379 
2.5 0.308149803205 0.372288786067 
2.6 0.31396694914 0.347500787362 
2.7 0.320912839416 0.32457019077 
2.8 0.328978231411 0.303380306354 
2.9 0.33816339889 0.283818506517 
3 0.348477122613 0.265776992866 
3.1 0.359935864205 0.249153368338 
3.2 0.372563124914 0.233850911763 
3.3 0.386388932752 0.219778733526 
3.4 0.401449379146 0.206851843368 
3.5 0.417786262312 0.194991161109 
3.6 0.435446920889 0.18412323474 
3.7 0.454483962125 0.1741801814 
3.8 0.474954870565 0.16509986891 
3.9 0.496922193526 0.156825205458 
4 0.520452998585 0.149304455775 
4.1 0.545618949696 0.142490812703 
4.2 0.57249605444 0.136342321569 
4.3 0.601164329523 0.130821900287 
4.4 0.631707764936 0.125897059114 
4.5 0.664213673993 0.121540088795 
4.6 0.698772550285 0.117727919418 
4.7 0.735477330462 0.114442280527 
4.8 0.77442266555 0.111669871272 
4.9 0.81570430407 0.109402483776 
5 0.859417397356 0.107637551391 
5.1 0.905655737673 0.106378367729 
5.2 0.954509323498 0.105634913418 
5.3 1.00606227224 0.10542458013 
5.4 1.0603903973 0.105773029783 
5.5 1.11755621235 0.106715966293 
5.6 1.17760636606 0.108300080013 
5.7 1.24056383892 0.110585843767 
5.8 1.30642209786 0.113649638295 
5.9 1.37513713477 0.117586637382 
6 1.44661300202 0.122515993304 
6.1 1.52069144424 0.128584578729 
6.2 1.59713255713 0.135973809577 
6.3 1.67559722689 0.144905898183 
6.4 1.75561709783 0.155654109678 
6.5 1.83656925202 0.168551516815 
6.6 1.91763582472 0.184003359817 
6.7 1.99776659502 0.202499229479 
6.8 2.07563347743 0.224623219011 
6.9 2.14958119844 0.251067439768 
7 2.2175916683 0.282630145367 
7.1 2.27725834885 0.320204085481 
7.2 2.32578853078 0.364750106607 
7.3 2.36005983056 0.41723031937 
7.4 2.37676684799 0.478491365782 
7.5 2.37264940193 0.549108225101 
7.6 2.34485984478 0.629156158211 
7.7 2.29142586377 0.717960732888 
7.8 2.21175206231 0.81386248245 
7.9 2.10703802817 0.914091289755 
8 1.98047511868 1.01482348164 
8.1 1.83708009488 1.11149675793 
8.2 1.68314716592 1.19934737987 
8.3 1.52542504734 1.27406035025 
8.4 1.37023839858 1.33235266057 
8.5 1.22278543357 1.3723368558 
8.6 1.08675633987 1.39359416869 
8.7 0.964287962695 1.39699141555 
8.8 0.856169044429 1.38434139007 
8.9 0.762172051017 1.35801921323 
9 0.681403355745 1.32061916472 
9.1 0.612604363307 1.27469512015 
9.2 0.554376529441 1.22259263955 
9.3 0.505330896001 1.16635930844 
9.4 0.464173757532 1.10771675099 
9.5 0.429750323109 1.04806422879 
9.6 0.401058668836 0.988507465077 
9.7 0.377245744944 0.92989680577 
9.8 0.357594961394 0.872867183525 
9.9 0.341509989478 0.817876249826 
10 0.328497959134 0.765238561652 
10.1 0.318153527487 0.715155109733 
10.2 0.310144512253 0.667738159887 
10.3 0.30419961663 0.623031594234 
10.4 0.300098342715 0.581027244558 
10.5 0.297662161029 0.541678425661 
10.6 0.296747477188 0.504910372516 
10.7 0.29723986 0.470628523944 
10.8 0.299049298186 0.438725064991 
10.9 0.302106343558 0.409084045942 
11 0.306359025178 0.381585209151 
11.1 0.311770263251 0.356107072764 
11.2 0.318315966298 0.332528913615 
11.3 0.325983300066 0.310732590796 
11.4 0.334769281667 0.290603913215 
11.5 0.344679772765 0.272033300393 
11.6 0.355728605466 0.254916360448 
11.7 0.367936826078 0.239154359551 
11.8 0.381332207998 0.224654285436 
11.9 0.395948702758 0.21132908659 
12 0.411826174645 0.199097504338 
12.1 0.429009992588 0.187884144838 
12.2 0.447550883044 0.177619223809 
12.3 0.467504635809 0.168238550125 
12.4 0.488931975665 0.159683283724 
12.5 0.511898328061 0.151899852085 
12.6 0.536473857169 0.144839569225 
12.7 0.562732989689 0.13845881565 
12.8 0.590754330961 0.132718814927 
12.9 0.620620574711 0.127585389465 
13 0.652417793702 0.123029195993 
13.1 0.686235459671 0.119025472966 
13.2 0.722165723758 0.11555421222 
13.3 0.760302627394 0.112600367989 
13.4 0.800741775075 0.110153836857 
13.5 0.843578569768 0.108210036833 
13.6 0.888907432738 0.106770128211 
13.7 0.936820200674 0.105841542168 
13.8 0.987403016362 0.105439054599 
13.9 1.04073524417 0.105585173078 
14 1.09688467724 0.106311831863 
14.1 1.15590360814 0.10766180447 
14.2 1.21782534059 0.109689982628 
14.3 1.28265442766 0.11246687426 
14.4 1.35036065126 0.116080801015 
14.5 1.42086764589 0.12064197421 
14.6 1.49404167801 0.126286544692 
14.7 1.56967465547 0.133182657376 
14.8 1.64746427264 0.141537515006 
14.9 1.72699287481 0.151604678 
15 1.80769432931 0.163695160589 
15.1 1.88882659573 0.178186725838 
15.2 1.96942576523 0.195537353041 
15.3 2.04826781626 0.216297640226 
15.4 2.12382083038 0.241118988047 
15.5 2.19419796744 0.270762186805 
15.6 2.25713296491 0.306089177753 
15.7 2.30996595966 0.348042956939 
15.8 2.34968464279 0.397592470246 
15.9 2.37302304781 0.455644332917 
16 2.37667218058 0.522891111887 
16.1 2.35758974243 0.599614011618 
16.2 2.31343416819 0.685434834411 
16.3 2.24306239053 0.779068498207 
16.4 2.14699726921 0.878144956187 
16.5 2.02772305492 0.979190577692 
16.6 1.88964793047 1.07785653819 
16.7 1.73869626807 1.16937789114 
16.8 1.58155880345 1.24920541824 
16.9 1.42480594323 1.31363240876 
17 1.27409971639 1.36025094531 
17.1 1.13368709848 1.38813066671 
17.2 1.00624364393 1.39771491109 
17.3 0.893002980186 1.3905240435 
17.4 0.79405752429 1.36877590607 
17.5 0.70871291334 1.33502075069 
17.6 0.635811143825 1.29184999481 
17.7 0.57398297563 1.24169701416 
17.8 0.521823133131 1.186721874 
17.9 0.477997540168 1.12876231503 
18 0.441300115013 1.06932904071 
18.1 0.410673550543 1.00962925955 
18.2 0.385212779079 0.950599709026 
18.3 0.364154557345 0.892947271948 
18.4 0.346861796435 0.837188550914 
18.5 0.332806679693 0.783685422316 
18.6 0.321554467069 0.732676256739 
18.7 0.312748248367 0.684302459134 
18.8 0.306096440805 0.638630102591 
18.9 0.301361510279 0.595667908109 
19 0.298350863057 0.555381542835 
19.1 0.296909219802 0.51770516497 
19.2 0.296912350594 0.482550449628 
19.3 0.298262027224 0.449813662234 
19.4 0.300881892147 0.419381221523 
19.5 0.304714052114 0.39113405265 
19.6 0.309716333586 0.36495090222 
19.7 0.315860394223 0.340710255389 
19.8 0.323129408598 0.318293193236 
19.9 0.331517121711 0.297583856446 
20 0.34102627967 0.278471060994 
