Time Prey Predator
0.0  1.00490877181 0.937176435813
0.1 0.948093059031 0.934949870739 
0.2 0.895061774766 0.927615840902 
0.3 0.846090062171 0.915656215933 
0.4 0.801298228567 0.899622060505 
0.5 0.760683445255 0.880102853305 
0.6 0.724152973723 0.857693607287 
0.7 0.691550675853 0.832971915595 
0.8 0.66267850354 0.806481681451 
0.9 0.637315028949 0.778721442186 
1 0.61523233014 0.75013605368 
1.1 0.596202436499 0.721117400267 
1.2 0.58000670367 0.692002636085 
1.3 0.566440096793 0.663076968081 
1.4 0.555313990243 0.634577383311 
1.5 0.546457324111 0.606697174134 
1.6 0.539717795229 0.579590309123 
1.7 0.534960219417 0.553376922814 
1.8 0.532066682295 0.528147456419 
1.9 0.530935177178 0.503967220493 
2 0.531478418721 0.480880172379 
2.1 0.533622746252 0.458912675195 
2.2 0.537306819178 0.438076561257 
2.3 0.542480497435 0.418371847529 
2.4 0.549103708183 0.399789300291 
2.5 0.557145432087 0.382312349355 
2.6 0.566582637602 0.365919386592 
2.7 0.577399541391 0.350584425367 
2.8 0.589586642927 0.336278486703 
2.9 0.603140004224 0.322971800783 
3 0.618060510298 0.310633501325 
3.1 0.634353015438 0.299233198897 
3.2 0.652025732305 0.2887411689 
3.3 0.671089416887 0.279129245807 
3.4 0.691556705065 0.270371122599 
3.5 0.713441227149 0.262442941157 
3.6 0.73675686205 0.255323581938 
3.7 0.761516725665 0.248995138181 
3.8 0.787732232493 0.243443218649 
3.9 0.815411855577 0.238657375706 
4 0.844559988541 0.23463139271 
4.1 0.875175635851 0.231363586485 
4.2 0.907250229289 0.228857582968 
4.3 0.940766441349 0.22712240204 
4.4 0.975695683959 0.226173122933 
4.5 1.01199555002 0.226031511538 
4.6 1.04960771639 0.22672641973 
4.7 1.08845397625 0.228294712013 
4.8 1.12843340069 0.230781860674 
4.9 1.16941843658 0.234242700478 
5 1.21124995991 0.238742284674 
5.1 1.25373340532 0.244356730827 
5.2 1.296633407 0.251173651827 
5.3 1.33966842101 0.259292972327 
5.4 1.38250544909 0.268827478649 
5.5 1.42475626664 0.279901320976 
5.6 1.46597038082 0.292651266379 
5.7 1.50563413488 0.307223408667 
5.8 1.5431699261 0.323769594616 
5.9 1.57793317021 0.342445409197 
6 1.60922529082 0.363398833584 
6.1 1.63629970812 0.386763352519 
6.2 1.65837700129 0.412646078043 
6.3 1.67467572153 0.441108889738 
6.4 1.68443597876 0.472153688552 
6.5 1.68697128399 0.505696936535 
6.6 1.68170758471 0.541551653595 
6.7 1.66823471444 0.579407491851 
6.8 1.6463576409 0.618815334015 
6.9 1.61613701762 0.659183218209 
7 1.57791581592 0.699783348123 
7.1 1.53232769626 0.739772980982 
7.2 1.48028094648 0.778231227912 
7.3 1.42290808241 0.814213503862 
7.4 1.36150705907 0.846805769003 
7.5 1.2974603016 0.875185376971 
7.6 1.23215053155 0.898674344498 
7.7 1.16688334691 0.916778871885 
7.8 1.10282396227 0.929211606521 
7.9 1.04095428339 0.935894670967 
8 0.982051307063 0.936945703114 
8.1 0.926685323842 0.932650553054 
8.2 0.875233587156 0.923427917617 
8.3 0.82790421071 0.909790965029 
8.4 0.784765559264 0.892309997761 
8.5 0.74577688657 0.871579350753 
8.6 0.710817177048 0.848190181206 
8.7 0.679711143407 0.822707720493 
8.8 0.652250278525 0.79565871847 
8.9 0.628208743426 0.767521679303 
9 0.607357199701 0.738720831518 
9.1 0.589471003974 0.709625999908 
9.2 0.57433617629 0.680553733686 
9.3 0.561754089694 0.651769568969 
9.4 0.551543122446 0.623492654142 
9.5 0.543539410182 0.595900335134 
9.6 0.537597338375 0.569132711367 
9.7 0.53358878159 0.543297626362 
9.8 0.531402116697 0.518475093375 
9.9 0.530941224886 0.49472137995 
10 0.532124521388 0.472073342262 
10.1 0.534883333656 0.450551028829 
10.2 0.539160841254 0.430161543207 
10.3 0.544911020943 0.410900759158 
10.4 0.552097443069 0.392756590654 
10.5 0.560692406953 0.375709922174 
10.6 0.570675818547 0.359737305744 
10.7 0.582034523626 0.344811428271 
10.8 0.59476127681 0.330903208056 
10.9 0.608854153807 0.317982047021 
11 0.624315635348 0.30601737628 
11.1 0.641152017147 0.294978833883 
11.2 0.659372585607 0.28483738016 
11.3 0.678988882011 0.275565594442 
11.4 0.700014127121 0.267137735771 
11.5 0.722462100762 0.259531130922 
11.6 0.746346545372 0.252725861465 
11.7 0.771680038512 0.246705353561 
11.8 0.798472977463 0.24145674866 
11.9 0.826732447997 0.236971164496 
12 0.85646080843 0.233244210383 
12.1 0.887654331406 0.230276245386 
12.2 0.920301225053 0.228072949177 
12.3 0.954379999648 0.226645661002 
12.4 0.989856885803 0.226012046266 
12.5 1.02668363469 0.226196566633 
12.6 1.06479429684 0.227231201934 
12.7 1.10410228582 0.22915609448 
12.8 1.14449671119 0.232020290093 
12.9 1.18583788453 0.235882599406 
13 1.22795351048 0.240812371824 
13.1 1.27063341899 0.246890098701 
13.2 1.31362452397 0.254208368313 
13.3 1.3566258161 0.262872063903 
13.4 1.39928308601 0.272998352741 
13.5 1.44118315368 0.284717207521 
13.6 1.48185261441 0.298168252328 
13.7 1.52075110808 0.313501109324 
13.8 1.55727358672 0.330870230096 
13.9 1.59075510942 0.350428052219 
14 1.62047582454 0.372318581483 
14.1 1.64567319101 0.396666898516 
14.2 1.66556356019 0.423564430725 
14.3 1.67936986336 0.453051403503 
14.4 1.68635659805 0.485098534278 
14.5 1.68587470949 0.519584169744 
14.6 1.67740731426 0.556275794063 
14.7 1.6606259349 0.59480770583 
14.8 1.63543282749 0.634673473636 
14.9 1.60199641395 0.67522808023 
15 1.56077581617 0.715693698812 
15.1 1.51251589747 0.755191806797 
15.2 1.45821966626 0.792786494684 
15.3 1.399094255 0.827537105431 
15.4 1.33648158914 0.858558223392 
15.5 1.27177342146 0.885079686378 
15.6 1.20633013015 0.906492293297 
15.7 1.14140909244 0.922381712969 
15.8 1.07810596675 0.932544675903 
15.9 1.01732355643 0.936982288988 
16 0.959756892665 0.935882347553 
16.1 0.905897636147 0.929587547396 
16.2 0.856053812689 0.918557832406 
16.3 0.810374361734 0.903333749725 
16.4 0.768881265909 0.884498492051 
16.5 0.731499345084 0.862647641218 
16.6 0.698082994551 0.83836477076 
16.7 0.668441490167 0.812201860778 
16.8 0.642357639174 0.784667488082 
16.9 0.61960278624 0.756219086812 
17 0.599948310866 0.727259622953 
17.1 0.583173190487 0.698137525949 
17.2 0.569069256318 0.669148658727 
17.3 0.557444194309 0.640540038401 
17.4 0.548123258467 0.612513658667 
17.5 0.540950045123 0.585231343769 
17.6 0.535785657705 0.558820156501 
17.7 0.532508800314 0.53337619547 
17.8 0.531014094259 0.508969754389 
17.9 0.531211311783 0.485648953668 
18 0.533024034091 0.463443557719 
18.1 0.536388410499 0.442368182946 
18.2 0.541252069903 0.422425143536 
18.3 0.54757292399 0.403606974498 
18.4 0.55531814787 0.385898552351 
18.5 0.564463007399 0.369278858882 
18.6 0.574990342064 0.353722803788 
18.7 0.586889413531 0.339202176063 
18.8 0.600155168032 0.325687198229 
18.9 0.614787515527 0.313147217328 
19 0.630790551522 0.301551562591 
19.1 0.648171810585 0.290870440188 
19.2 0.66694164498 0.281075158541 
19.3 0.687112290742 0.272139101213 
19.4 0.70869730775 0.264037758141 
19.5 0.731710548116 0.256749455755 
19.6 0.756165410365 0.250255572499 
19.7 0.782073740167 0.244540896566 
19.8 0.809444769756 0.239594156484 
19.9 0.838283919761 0.235408157496 
20 0.868591115003 0.231980437051 
