Time Prey Predator
0.0  1.29696892281 1.21210304312
0.1 1.17702895042 1.24110286331 
0.2 1.0650523921 1.25612398243 
0.3 0.962672241013 1.25775838279 
0.4 0.870663887309 1.24721051241 
0.5 0.789129834574 1.22606790876 
0.6 0.717686533821 1.19610575354 
0.7 0.655641052311 1.15912383714 
0.8 0.602145749098 1.116821557 
0.9 0.556292483312 1.07073907324 
1 0.517189808368 1.02221398505 
1.1 0.484004813646 0.972373497666 
1.2 0.455985302005 0.922142206256 
1.3 0.432467828158 0.872259661907 
1.4 0.41287712792 0.823302653421 
1.5 0.396720920362 0.77570862859 
1.6 0.383581794407 0.729798445642 
1.7 0.373108382586 0.685797103849 
1.8 0.365006857068 0.643851877109 
1.9 0.359032862793 0.604048007895 
2 0.354984408964 0.566421832402 
2.1 0.35269562704 0.530971729443 
2.2 0.352031500684 0.497666988042 
2.3 0.352882618857 0.466456611519 
2.4 0.35516241602 0.437272826779 
2.5 0.358803795708 0.410035996445 
2.6 0.363755695153 0.384661149114 
2.7 0.369981732994 0.36105826324 
2.8 0.377457825617 0.339135977402 
2.9 0.386170946888 0.318802738005 
3 0.396117801022 0.299968296743 
3.1 0.407303785709 0.282544950156 
3.2 0.419742240113 0.26644810652 
3.3 0.433453534877 0.251597033758 
3.4 0.448464595943 0.237915114712 
3.5 0.464808309057 0.225330253394 
3.6 0.482523298827 0.21377462156 
3.7 0.501653129078 0.203185522096 
3.8 0.522246322155 0.193504782717 
3.9 0.544355764379 0.184679095497 
4 0.568038462972 0.176659891204 
4.1 0.593355206971 0.169403301396 
4.2 0.620370046924 0.16287033162 
4.3 0.649150052924 0.157026638131 
4.4 0.679764524042 0.151842807699 
4.5 0.712284655031 0.147294240593 
4.6 0.74678251652 0.143361439379 
4.7 0.78333035728 0.140030107963 
4.8 0.821999385864 0.137291464095 
4.9 0.86285834617 0.135142644316 
5 0.905972136093 0.133587069648 
5.1 0.951399213621 0.132635264331 
5.2 0.999189808569 0.132305388002 
5.3 1.0493819963 0.132624502349 
5.4 1.10199878436 0.133629509023 
5.5 1.15704274483 0.135368902403 
5.6 1.21449075419 0.137904501598 
5.7 1.27428737821 0.141313619714 
5.8 1.33633537041 0.145692169138 
5.9 1.40048769425 0.151157285985 
6 1.46653244233 0.157852111347 
6.1 1.53418173676 0.165949427281 
6.2 1.60305146628 0.175657652351 
6.3 1.67264363364 0.187226381132 
6.4 1.74232321437 0.200952360268 
6.5 1.81129186511 0.217186326913 
6.6 1.87856315533 0.236338769036 
6.7 1.94293624904 0.258880997812 
6.8 2.00297338348 0.285346082693 
6.9 2.0569885588 0.316319691406 
7 2.10304691573 0.352422615126 
7.1 2.1390081302 0.394265978241 
7.2 2.16258540353 0.442400982512 
7.3 2.1714728219 0.497229037117 
7.4 2.16352763631 0.558888418446 
7.5 2.13701316528 0.62712069748 
7.6 2.0908746406 0.701135829756 
7.7 2.02501665273 0.779504257078 
7.8 1.94050106115 0.860129792593 
7.9 1.83962461829 0.940313705663 
8 1.72579234171 1.01696248002 
8.1 1.60320579371 1.08689290731 
8.2 1.47640977749 1.14719349774 
8.3 1.34979972308 1.19555325925 
8.4 1.22719895247 1.23048842021 
8.5 1.11158318787 1.25142437105 
8.6 1.00497839174 1.25863794878 
8.7 0.908508127929 1.25309726312 
8.8 0.822539620967 1.23625165803 
8.9 0.74687272636 1.20981936796 
9 0.680927882988 1.1756054669 
9.1 0.623906724204 1.13536510986 
9.2 0.574914917733 1.09071355344 
9.3 0.53304774858 1.0430760889 
9.4 0.497443801517 0.993669199748 
9.5 0.467314801169 0.943502340275 
9.6 0.441958658947 0.89339154438 
9.7 0.42076327696 0.843979629898 
9.8 0.403202070001 0.795760303226 
9.9 0.388826713459 0.749101411687 
10 0.377258737303 0.704266340094 
10.1 0.368181031623 0.66143319903 
10.2 0.361329168132 0.620711828104 
10.3 0.356484039655 0.582157891558 
10.4 0.353464993956 0.545784742672 
10.5 0.352124429798 0.511573277058 
10.6 0.352342759883 0.479479791401 
10.7 0.354024297701 0.449442690285 
10.8 0.357093808323 0.421387617844 
10.9 0.361493710865 0.39523150405 
11 0.367181588756 0.370886082189 
11.1 0.374128296045 0.348260290836 
11.2 0.382316305552 0.327262351118 
11.3 0.391738312295 0.307801375849 
11.4 0.402396125351 0.289788520114 
11.5 0.414299779532 0.273137777304 
11.6 0.427466822686 0.257766516822 
11.7 0.441921393608 0.243596491071 
11.8 0.457694018322 0.23055348493 
11.9 0.47482080872 0.218568069574 
12 0.493343337389 0.207575258957 
12.1 0.51330801108 0.197515002802 
12.2 0.534765934648 0.188331864557 
12.3 0.557772380636 0.179975292642 
12.4 0.58238659786 0.172399410782 
12.5 0.608671286705 0.165563163897 
12.6 0.636692303946 0.159430210652 
12.7 0.666518054051 0.153969044604 
12.8 0.698219019208 0.149152998332 
12.9 0.731866808926 0.144960473976 
13 0.767533713746 0.141374925381 
13.1 0.805291917521 0.138384989079 
13.2 0.845210697514 0.135985521767 
13.3 0.887356923095 0.134177162856 
13.4 0.931793271581 0.132966862056 
13.5 0.978572789181 0.132369811898 
13.6 1.0277394925 0.132409054886 
13.7 1.07932253559 0.133117401094 
13.8 1.13333436745 0.134537986441 
13.9 1.18976365303 0.136726659045 
14 1.24856866324 0.139754187978 
14.1 1.30967355804 0.143707391011 
14.2 1.37295201265 0.148694522868 
14.3 1.43822129302 0.154847162439 
14.4 1.505227717 0.162324873797 
14.5 1.57363051033 0.171320197571 
14.6 1.64298311762 0.182064408452 
14.7 1.71271064876 0.194833638536 
14.8 1.782088501 0.20995488746 
14.9 1.85021268266 0.227812082809 
15 1.91597757405 0.248850769309 
15.1 1.97804855972 0.273577563718 
15.2 2.03484396715 0.302560194336 
15.3 2.08453586308 0.3364045731 
15.4 2.1250651162 0.375732118937 
15.5 2.15419200658 0.421130748769 
15.6 2.16960304148 0.473075618716 
15.7 2.1690601453 0.531832676662 
15.8 2.1506214403 0.597329218922 
15.9 2.11290670589 0.669017171806 
16 2.05537967387 0.745750061864 
16.1 1.97859192909 0.825712897978 
16.2 1.88432168 0.906443196546 
16.3 1.77552620015 0.984986306352 
16.4 1.65611823573 1.05815354844 
16.5 1.53055726077 1.12287369131 
16.6 1.40336078854 1.17654485961 
16.7 1.27864048419 1.21731132744 
16.8 1.15975487991 1.24421233074 
16.9 1.04913507766 1.25717803281 
17 0.948273893037 1.25690732825 
17.1 0.857837713122 1.2446718961 
17.2 0.777843682349 1.22209991097 
17.3 0.707852243244 1.19097852081 
17.4 0.647141215103 1.15309724444 
17.5 0.594844955748 1.11013870503 
17.6 0.550055075358 1.06361289152 
17.7 0.511886906244 1.01482599397 
17.8 0.479518742925 0.964874089819 
17.9 0.452211799318 0.914652540694 
18 0.429315177055 0.864875976803 
18.1 0.410266622003 0.816098618821 
18.2 0.394585609877 0.768739008254 
18.3 0.381865155994 0.723102436405 
18.4 0.371763048131 0.679401151326 
18.5 0.363993406226 0.637772204067 
18.6 0.358318649394 0.598292744535 
18.7 0.354542495248 0.560992881126 
18.8 0.352503958226 0.525866150999 
18.9 0.352072069307 0.492878509072 
19 0.353141409414 0.461975277359 
19.1 0.355628456157 0.433086910136 
19.2 0.359468405474 0.406133668275 
19.3 0.364612661447 0.381029109337 
19.4 0.371026661635 0.357683075074 
19.5 0.378688095302 0.336003920794 
19.6 0.387585433133 0.315900258258 
19.7 0.397716740899 0.297282217828 
19.8 0.409088772062 0.28006226509 
19.9 0.421715824117 0.264156573791 
20 0.435619399558 0.249484836172 
