Time Prey Predator
0.0  1.69842837858 0.951117884926
0.1 1.59241664472 1.01459037573 
0.2 1.48114174433 1.07057150132 
0.3 1.36824010828 1.11701562369 
0.4 1.25704754619 1.15245919941 
0.5 1.15034430763 1.1761193324 
0.6 1.05021721524 1.18789854827 
0.7 0.9580358122 1.18830385203 
0.8 0.874515780687 1.17830841459 
0.9 0.799840334975 1.15919208507 
1 0.733794540822 1.13239564666 
1.1 0.675902030516 1.09939026489 
1.2 0.625532603031 1.06159019134 
1.3 0.58198557297 1.02029341524 
1.4 0.544551589389 0.976646253924 
1.5 0.512551162822 0.931631360101 
1.6 0.485357773638 0.886068728702 
1.7 0.462406906673 0.840628079617 
1.8 0.443201413823 0.795841730567 
1.9 0.427309063634 0.752122971681 
2 0.414358229782 0.709783545443 
2.1 0.404032163533 0.669050053987 
2.2 0.396062926211 0.630078852617 
2.3 0.390225523706 0.592969156799 
2.4 0.386331967169 0.557774506702 
2.5 0.384226810012 0.524512062538 
2.6 0.383782355259 0.493170818477 
2.7 0.384895014568 0.463718147267 
2.8 0.387481968155 0.436105371589 
2.9 0.39147840835 0.410272050478 
3 0.396835164521 0.386149675071 
3.1 0.403516719215 0.363664531872 
3.2 0.411499576882 0.342739922443 
3.3 0.420770802985 0.323298100538 
3.4 0.431326833302 0.305261699796 
3.5 0.443172629479 0.288554519638 
3.6 0.45632067098 0.273102731976 
3.7 0.470790251918 0.258835518493 
3.8 0.486606949327 0.245685306254 
3.9 0.503801916816 0.233588407333 
4 0.522411576487 0.222484945732 
4.1 0.542476953049 0.212319414576 
4.2 0.564043439543 0.203040444402 
4.3 0.587160150379 0.194601219962 
4.4 0.611879657417 0.186959293264 
4.5 0.638257302355 0.180076878793 
4.6 0.666350823897 0.173920760194 
4.7 0.696219549268 0.168462538685 
4.8 0.727923813796 0.163678665776 
4.9 0.761523778629 0.15955077966 
5 0.797078892791 0.156065696257 
5.1 0.83464664963 0.153215717242 
5.2 0.874279701874 0.150999668633 
5.3 0.916026452606 0.149422405114 
5.4 0.959927699732 0.148495894018 
5.5 1.00601216507 0.148240673943 
5.6 1.05429632526 0.148685745604 
5.7 1.10477764186 0.149870700154 
5.8 1.157433496 0.151846001308 
5.9 1.21221091612 0.154676262669 
6 1.26902420003 0.158440936042 
6.1 1.32774463939 0.163237428237 
6.2 1.38818950526 0.169184472761 
6.3 1.45011248586 0.17642488855 
6.4 1.51319189779 0.185129058401 
6.5 1.57701192954 0.195499964399 
6.6 1.64104942644 0.207776756618 
6.7 1.70465112421 0.22223950648 
6.8 1.76701840515 0.239212442481 
6.9 1.82718427598 0.259065754332 
7 1.88399937526 0.282216030073 
7.1 1.93612022792 0.309117684931 
7.2 1.98201194359 0.340250683088 
7.3 2.0199600818 0.376099727295 
7.4 2.04812388706 0.417108366468 
7.5 2.06460426054 0.463629664875 
7.6 2.0675639903 0.515848502304 
7.7 2.05538577392 0.573691512074 
7.8 2.02686442818 0.636729121174 
7.9 1.98141311412 0.704086740643 
8 1.91924909255 0.774388974809 
8.1 1.84151887306 0.845759893233 
8.2 1.75029488154 0.915919896322 
8.3 1.64846371158 0.982344556012 
8.4 1.53946851627 1.04250667831 
8.5 1.42697330805 1.09413456068 
8.6 1.31450835252 1.13544246639 
8.7 1.20516719819 1.16528667673 
8.8 1.10140646873 1.18321987559 
8.9 1.00496450267 1.18944952258 
9 0.916884681346 1.18472452711 
9.1 0.837611017081 1.17018427243 
9.2 0.767119642755 1.14720212319 
9.3 0.705055730906 1.1172465606 
9.4 0.650856005197 1.08177210601 
9.5 0.603847258044 1.04214304021 
9.6 0.563318939766 0.999586943366 
9.7 0.528572394437 0.955172178987 
9.8 0.49895141312 0.909802679032 
9.9 0.473858589499 0.864224483207 
10 0.452761867795 0.819039213865 
10.1 0.43519530693 0.774720276013 
10.2 0.420756376401 0.731630071473 
10.3 0.409100566417 0.690037496392 
10.4 0.399935321714 0.650133718462 
10.5 0.393013964942 0.612046182806 
10.6 0.388130007749 0.575850866986 
10.7 0.385111656819 0.541582758373 
10.8 0.383817231788 0.509244673297 
10.9 0.384131047521 0.478814425544 
11 0.38595985429 0.450251140552 
11.1 0.389229786562 0.423499930599 
11.2 0.393883805973 0.398496137955 
11.3 0.399879516337 0.375168433263 
11.4 0.407187369511 0.353441382208 
11.5 0.415789071318 0.333237640358 
11.6 0.42567637065 0.314479377652 
11.7 0.436849891482 0.297089715775 
11.8 0.449318214264 0.280993680186 
11.9 0.463097220514 0.266118692359 
12 0.478209312651 0.252395354143 
12.1 0.494682758506 0.239758029233 
12.2 0.512551362477 0.228144739187 
12.3 0.531853740638 0.217497799028 
12.4 0.552633133774 0.207763551551 
12.5 0.574936712486 0.198892900187 
12.6 0.598815363199 0.190841040783 
12.7 0.624323000158 0.183567807461 
12.8 0.651516229487 0.177037556608 
12.9 0.680453602519 0.171219393973 
13 0.711195067259 0.16608720735 
13.1 0.743801049171 0.161619876029 
13.2 0.778331608446 0.157801455813 
13.3 0.814845163916 0.154621480848 
13.4 0.853397173101 0.152075312566 
13.5 0.894039002364 0.150164372878 
13.6 0.936814450541 0.148897295646 
13.7 0.981759509712 0.148289835628 
13.8 1.02889759948 0.148366379626 
13.9 1.07823609719 0.14916101733 
14 1.12976520195 0.150717798729 
14.1 1.18344733346 0.153094138596 
14.2 1.23921506486 0.156361388053 
14.3 1.29696151021 0.160607760139 
14.4 1.35653480595 0.165940036944 
14.5 1.41772257627 0.172488263816 
14.6 1.48024551624 0.180407630335 
14.7 1.54373694152 0.189884079937 
14.8 1.60773360303 0.201136950028 
14.9 1.67165050197 0.214424793945 
15 1.7347690032 0.230048375777 
15.1 1.79621075531 0.248353479451 
15.2 1.85492362722 0.269733960231 
15.3 1.90966616983 0.294624678303 
15.4 1.95900200607 0.323494567497 
15.5 2.00130548636 0.356830683577 
15.6 2.03479520286 0.395103112981 
15.7 2.05759101441 0.438719809329 
15.8 2.06780604175 0.487963927476 
15.9 2.063686199 0.542908567574 
16 2.04378597638 0.603321878629 
16.1 2.00717167815 0.668570174823 
16.2 1.95362270078 0.73754215484 
16.3 1.88379174768 0.808618158017 
16.4 1.79927693632 0.879711873236 
16.5 1.70256497162 0.948400338622 
16.6 1.59684745871 1.01212581796 
16.7 1.48571826097 1.0684518158 
16.8 1.37281925105 1.11531518787 
16.9 1.26150399875 1.15122388176 
17 1.15457786179 1.17536835276 
17.1 1.05415433694 1.18762664508 
17.2 0.961632729935 1.18848103714 
17.3 0.877753635244 1.178888152 
17.4 0.802719340608 1.16011847502 
17.5 0.736330633267 1.13360681884 
17.6 0.678118102939 1.10082746521 
17.7 0.627455281983 1.06319831803 
17.8 0.583643687733 1.02202222253 
17.9 0.545973721994 0.978451908251 
18 0.513764170406 0.933476788323 
18.1 0.486385529931 0.887923870948 
18.2 0.46327134982 0.842467953139 
18.3 0.443921708048 0.797646777668 
18.4 0.427901747822 0.753878289123 
18.5 0.414837397684 0.711478082029 
18.6 0.404409667883 0.670675823361 
18.7 0.396348986803 0.631630661691 
18.8 0.390428485842 0.594443950706 
18.9 0.386458963551 0.559170724207 
19 0.384283627693 0.525829620267 
19.1 0.383773727194 0.494410660634 
19.2 0.38482478476 0.464881919692 
19.3 0.387353164425 0.437195306727 
19.4 0.391293338795 0.411290850945 
19.5 0.396595593855 0.387100209462 
19.6 0.403223701776 0.364550203988 
19.7 0.411153805055 0.343563921056 
19.8 0.420372644334 0.324063393767 
19.9 0.430876348309 0.305971232153 
20 0.442669492042 0.2892113549 
