Time Prey Predator
0.0  1.05128662179 0.81499845041
0.1 1.00784774503 0.817401906395 
0.2 0.966116181507 0.816325967799 
0.3 0.926453243124 0.811938357605 
0.4 0.889124717302 0.804469077964 
0.5 0.854313488271 0.794197328611 
0.6 0.822129246794 0.781434585327 
0.7 0.79262207519 0.766508859961 
0.8 0.765792448838 0.749753490317 
0.9 0.741602618842 0.731496408673 
1 0.719986302411 0.712052061235 
1.1 0.700858133043 0.691714856633 
1.2 0.68412127939 0.67075478556 
1.3 0.669671656631 0.649416871601 
1.4 0.657403445176 0.627918886546 
1.5 0.647212445207 0.606451671186 
1.6 0.638998573072 0.585180080202 
1.7 0.632667486934 0.564244567745 
1.8 0.62813168616 0.543762985295 
1.9 0.625311584906 0.52383235333 
2 0.624134861161 0.504531691683 
2.1 0.624537128642 0.485923558145 
2.2 0.626461506594 0.468056379459 
2.3 0.629858191333 0.450966265716 
2.4 0.634684182013 0.434679004068 
2.5 0.640902574793 0.419211490904 
2.6 0.648482182516 0.404573513956 
2.7 0.657396792339 0.390768857467 
2.8 0.667624641676 0.377796614889 
2.9 0.679147782226 0.36565236754 
3 0.691951488516 0.354329463894 
3.1 0.706023405898 0.343818787195 
3.2 0.721353088329 0.334110838292 
3.3 0.737931122038 0.325195380105 
3.4 0.755748519454 0.317062654841 
3.5 0.774795823772 0.309703749755 
3.6 0.795062224473 0.303110848037 
3.7 0.816534859929 0.297278171675 
3.8 0.839197391534 0.292201845244 
3.9 0.863029491153 0.287880760868 
4 0.888005038318 0.284316648052 
4.1 0.914091277727 0.281514560108 
4.2 0.94124715921 0.279483229917 
4.3 0.969421495775 0.278235334572 
4.4 0.998552517033 0.277787996163 
4.5 1.02856412149 0.278162914748 
4.6 1.05936488747 0.279386766036 
4.7 1.09084674629 0.281491549014 
4.8 1.12288055085 0.2845145334 
4.9 1.15531575951 0.288498797309 
5 1.18797770422 0.293493087427 
5.1 1.22066411509 0.299551164332 
5.2 1.25314416496 0.306732834543 
5.3 1.28515690826 0.315101704116 
5.4 1.3164093751 0.324724540817 
5.5 1.34657408791 0.335672206063 
5.6 1.37529399133 0.348013583722 
5.7 1.40218157871 0.361814458699 
5.8 1.42682414832 0.377133795047 
5.9 1.44878590537 0.394020670887 
6 1.46762059341 0.412506233064 
6.1 1.48288145055 0.432597425713 
6.2 1.494134934 0.454270452472 
6.3 1.50097585918 0.477462918175 
6.4 1.50304899579 0.502064567657 
6.5 1.50006806393 0.527911264508 
6.6 1.491836505 0.554778172866 
6.7 1.47826695296 0.58237785963 
6.8 1.45939629035 0.610359453908 
6.9 1.43539695492 0.638314280388 
7 1.40657806916 0.665786189746 
7.1 1.37337917302 0.692287710253 
7.2 1.33635785976 0.71731721253 
7.3 1.29616485672 0.740383360088 
7.4 1.25351665722 0.761027535335 
7.5 1.20916268697 0.778846692772 
7.6 1.16385134337 0.793512592663 
7.7 1.11830039642 0.804785208266 
7.8 1.07317065951 0.812521158161 
7.9 1.0290460804 0.816675301501 
8 0.986422817479 0.817295019692 
8.1 0.945703337616 0.814511536331 
8.2 0.907196746655 0.808527035717 
8.3 0.871126035281 0.799598358963 
8.4 0.837635785678 0.788022622941 
8.5 0.80680563157 0.774120070939 
8.6 0.778658567743 0.758223469548 
8.7 0.753174282595 0.740664668711 
8.8 0.73029966468 0.721765461877 
8.9 0.709957766224 0.70183081518 
9 0.692056188676 0.681143560656 
9.1 0.676493556059 0.659961466547 
9.2 0.663164450408 0.638515560016 
9.3 0.651963701079 0.617009484645 
9.4 0.642788773191 0.595621286657 
9.5 0.635542516983 0.574502983663 
9.6 0.630133865371 0.553783374425 
9.7 0.626479171686 0.533569568591 
9.8 0.62450246281 0.513949148017 
9.9 0.62413540617 0.49499260415 
10 0.625317561966 0.476754860017 
10.1 0.627995557214 0.459278004154 
10.2 0.632123257592 0.442592509493 
10.3 0.637660687372 0.426719572929 
10.4 0.644574050069 0.41167218846 
10.5 0.652834665069 0.397456969738 
10.6 0.66241874619 0.384075212109 
10.7 0.673306519728 0.371524156117 
10.8 0.685481789863 0.359797986712 
10.9 0.698931050735 0.348888677019 
11 0.71364296828 0.338786875302 
11.1 0.729607776833 0.329482633521 
11.2 0.746816396492 0.320965829753 
11.3 0.765259660662 0.313227079882 
11.4 0.784927568235 0.306258019024 
11.5 0.805808415668 0.300051702849 
11.6 0.827887654077 0.294603373924 
11.7 0.851147114192 0.289910482749 
11.8 0.875563694027 0.285973262777 
11.9 0.901108040623 0.282795181221 
12 0.927743468077 0.280383043752 
12.1 0.955424095466 0.278747590783 
12.2 0.984093417744 0.277903723319 
12.3 1.01368258623 0.277870793548 
12.4 1.04410816301 0.278673036033 
12.5 1.07527034616 0.280339792734 
12.6 1.10705067882 0.28290573735 
12.7 1.13930967177 0.28641107246 
12.8 1.17188441324 0.290901791815 
12.9 1.20458664009 0.296429239758 
13 1.23720000475 0.303050266791 
13.1 1.26947796653 0.310826863047 
13.2 1.30114377883 0.319824383718 
13.3 1.33188697793 0.330111753988 
13.4 1.36136535665 0.341758654834 
13.5 1.38920698344 0.354832591085 
13.6 1.41500815723 0.369397855559 
13.7 1.43834375333 0.385508905685 
13.8 1.45877336353 0.403205422451 
13.9 1.47584925485 0.422507221767 
14 1.48912808635 0.443407217571 
14.1 1.49818821728 0.465863116645 
14.2 1.50264811305 0.489788666737 
14.3 1.50218433228 0.515047337567 
14.4 1.49655417436 0.541444655548 
14.5 1.4856139501 0.568724260454 
14.6 1.46933803222 0.596566030374 
14.7 1.44783354027 0.62458735152 
14.8 1.42134006617 0.652355863615 
14.9 1.39023389859 0.679397328181 
15 1.35501847519 0.705213314705 
15.1 1.31630105928 0.729305152782 
15.2 1.27477006609 0.751195237687 
15.3 1.23116219551 0.770450782611 
15.4 1.18623105666 0.786704017924 
15.5 1.14071193929 0.799671195003 
15.6 1.09529704178 0.809160185646 
15.7 1.05061001873 0.815077711757 
15.8 1.00719110502 0.817426439189 
15.9 0.965489333891 0.816297873683 
16 0.925859397292 0.811860624661 
16.1 0.888566266769 0.804346442602 
16.2 0.853791812048 0.794034693668 
16.3 0.821646349288 0.781235935925 
16.4 0.792178360012 0.766279154703 
16.5 0.765387969968 0.749497425529 
16.6 0.741236838855 0.731218641132 
16.7 0.719658632904 0.711756766383 
16.8 0.700567906189 0.691405986354 
16.9 0.683866803329 0.670436738476 
17 0.669451380135 0.649093323946 
17.1 0.657215801307 0.627593103502 
17.2 0.647055976349 0.606126407673 
17.3 0.638871889619 0.58485773151 
17.4 0.632569428217 0.563926998419 
17.5 0.628061071914 0.543452089149 
17.6 0.625267206118 0.523529642484 
17.7 0.624115623251 0.504238425206 
17.8 0.624542132254 0.485640651465 
17.9 0.626489826504 0.467784633305 
18 0.629909144902 0.450706233331 
18.1 0.634757093314 0.43443106404 
18.2 0.640996946284 0.41897592364 
18.3 0.64859753291 0.404350448776 
18.4 0.657532766574 0.390558369665 
18.5 0.667780946588 0.377598804073 
18.6 0.679324185445 0.365467301597 
18.7 0.692147757136 0.35415686149 
18.8 0.706239409978 0.343658716017 
18.9 0.721588628757 0.333962986189 
19 0.738186049692 0.325059682829 
19.1 0.756022676538 0.316939043091 
19.2 0.775089087046 0.309591923202 
19.3 0.795374431263 0.303010805588 
19.4 0.816865703205 0.297189812245 
19.5 0.839546776936 0.292125066486 
19.6 0.863396956831 0.287815575001 
19.7 0.888390188741 0.284263133191 
19.8 0.914493707973 0.28147273699 
19.9 0.941666160848 0.279453287244 
20 0.969856582302 0.278217548564 
