Time Prey Predator
0.0  1.48298170678 0.806748172455
0.1 1.41996213869 0.844037597463 
0.2 1.35322339629 0.877329138 
0.3 1.28431499582 0.905757744051 
0.4 1.21474504523 0.928642946374 
0.5 1.14589713061 0.945529205886 
0.6 1.0789661412 0.956200345834 
0.7 1.01492098474 0.960672893981 
0.8 0.954491996813 0.959172199082 
0.9 0.898179708272 0.952096742606 
1 0.846278055064 0.939972131006 
1.1 0.798907610625 0.923407284425 
1.2 0.756053619613 0.903051298663 
1.3 0.717596202159 0.879563977324 
1.4 0.683348873169 0.853581137798 
1.5 0.653081178172 0.825699424613 
1.6 0.626539196437 0.796464240149 
1.7 0.603461547352 0.766362092392 
1.8 0.583591277856 0.735817359969 
1.9 0.56668357558 0.705193414903 
2 0.552510443662 0.674795805873 
2.1 0.54086366212 0.644876469954 
2.2 0.531555694716 0.615639184404 
2.3 0.524419812467 0.587245147123 
2.4 0.519309337377 0.559818412929 
2.5 0.516096663365 0.533451075695 
2.6 0.514671964285 0.508208192813 
2.7 0.514941705088 0.484132205823 
2.8 0.51682721078 0.4612467535 
2.9 0.520263308302 0.439560022037 
3 0.525196912783 0.419068544481 
3.1 0.531585897257 0.399758657776 
3.2 0.539397774288 0.38160956805 
3.3 0.54860887297 0.364594635373 
3.4 0.55920317581 0.348683591104 
3.5 0.571171613454 0.333843290094 
3.6 0.58451107618 0.320039396335 
3.7 0.599223784008 0.307236853484 
3.8 0.615316425768 0.295401132765 
3.9 0.632799536911 0.284498517124 
4 0.651686723585 0.274497016498 
4.1 0.671993963609 0.26536652308 
4.2 0.693738863899 0.257079697786 
4.3 0.716939787721 0.249611993954 
4.4 0.741615086674 0.242942019104 
4.5 0.767782142087 0.237052138933 
4.6 0.79545609596 0.231928540915 
4.7 0.824649145162 0.227561805761 
4.8 0.855368395632 0.223947162059 
4.9 0.887615304212 0.221084879477 
5 0.92138285965 0.218980840087 
5.1 0.956654433622 0.217646883839 
5.2 0.993400984491 0.21710147553 
5.3 1.03157813454 0.2173703707 
5.4 1.07112428507 0.218487097419 
5.5 1.111954996 0.220494175909 
5.6 1.15396194964 0.223443407633 
5.7 1.19700533 0.2273973786 
5.8 1.24091192892 0.232429956118 
5.9 1.28546761863 0.238627445949 
6 1.33041245481 0.246089543719 
6.1 1.37543545607 0.254929787251 
6.2 1.42016639523 0.265276012137 
6.3 1.46417251343 0.277270836268 
6.4 1.50695234975 0.291068710949 
6.5 1.54793032538 0.306837756736 
6.6 1.5864594382 0.324751698387 
6.7 1.62182090468 0.344985736222 
6.8 1.65323353686 0.36770788715 
6.9 1.67986210273 0.393069545395 
7 1.70084694076 0.421184889808 
7.1 1.71532955045 0.452115277092 
7.2 1.72249310799 0.485846038887 
7.3 1.72161291697 0.522260550867 
7.4 1.71211422287 0.561115528705 
7.5 1.69362890869 0.60202021959 
7.6 1.6660519027 0.644421086736 
7.7 1.62958566632 0.687600420817 
7.8 1.58476029077 0.730692338393 
7.9 1.53242962278 0.772715748727 
8 1.47373783801 0.812623543237 
8.1 1.41005389389 0.849368713466 
8.2 1.34288559746 0.881974148139 
8.3 1.27378163206 0.909600336961 
8.4 1.20423647467 0.931599339455 
8.5 1.13560830685 0.947550992304 
8.6 1.06905972203 0.957275132896 
8.7 1.00552125766 0.960824130114 
8.8 0.945688930866 0.958450835019 
8.9 0.890029267376 0.950575811652 
9 0.838808237634 0.937739507038 
9.1 0.792123987592 0.920559028053 
9.2 0.749943403697 0.899687596426 
9.3 0.712136534029 0.875781315843 
9.4 0.678507717066 0.849472393208 
9.5 0.648820878726 0.821351251001 
9.6 0.622820084495 0.791954490439 
9.7 0.600244299739 0.761758867075 
9.8 0.580837891336 0.731179613276 
9.9 0.564358366201 0.70057108955 
10 0.55058077267 0.670230268291 
10.1 0.539299882443 0.640401570056 
10.2 0.530331212966 0.611282051389 
10.3 0.523511093271 0.583026890746 
10.4 0.518695867827 0.555754945818 
10.5 0.515760677308 0.529553901594 
10.6 0.514598174777 0.504484994246 
10.7 0.515117405666 0.480587804827 
10.8 0.51724170218 0.45788327306 
10.9 0.520907808259 0.436377986075 
11 0.526064362765 0.416066342794 
11.1 0.532670743446 0.396933652633 
11.2 0.540695896996 0.378958012994 
11.3 0.550117360788 0.362112196472 
11.4 0.560920233788 0.34636538991 
11.5 0.573096404663 0.331684191116 
11.6 0.586643609768 0.318034131406 
11.7 0.601564797314 0.305380167676 
11.8 0.617867284635 0.293687864053 
11.9 0.635562043621 0.282923945969 
12 0.654663172438 0.27305634556 
12.1 0.675186934524 0.264055433481 
12.2 0.697151101496 0.255894241187 
12.3 0.720574168665 0.248548601402 
12.4 0.745474348751 0.241997804575 
12.5 0.771868765168 0.23622467196 
12.6 0.799772231277 0.2312161296 
12.7 0.829196198121 0.226963376219 
12.8 0.860147139058 0.223462414094 
12.9 0.89262523446 0.220714320354 
13 0.926622275685 0.218725842182 
13.1 0.96211986998 0.217509790185 
13.2 0.999086754653 0.217085711183 
13.3 1.03747638437 0.2174804448 
13.4 1.07722362193 0.218728887877 
13.5 1.11824109583 0.220874834183 
13.6 1.16041558616 0.223971752286 
13.7 1.2036029725 0.228083788113 
13.8 1.24762386349 0.233286719117 
13.9 1.29225777174 0.239668781115 
14 1.33723739438 0.247331774591 
14.1 1.38224284083 0.256391421195 
14.2 1.4268952715 0.266977812152 
14.3 1.47075095372 0.279235554189 
14.4 1.51329810892 0.293321346914 
14.5 1.55394977817 0.309404194175 
14.6 1.59204803541 0.327658458475 
14.7 1.62686383454 0.348259248281 
14.8 1.65760730187 0.371372638697 
14.9 1.6834379856 0.397145187945 
15 1.70349450783 0.42568474834 
15.1 1.71691948253 0.457043272799 
15.2 1.72290847771 0.491191891613 
15.3 1.72075485241 0.527996343317 
15.4 1.70991043388 0.567193453013 
15.5 1.69004697653 0.608364579225 
15.6 1.66110237416 0.650933375853 
15.7 1.6233258553 0.694159930952 
15.8 1.57729986849 0.737155926671 
15.9 1.52392503177 0.77892724589 
16 1.46438425876 0.818422483202 
16.1 1.4000738754 0.854600360703 
16.2 1.33251325646 0.886501493311 
16.3 1.2632496306 0.91331156754 
16.4 1.19375833364 0.934417784243 
16.5 1.12537365148 0.949433610724 
16.6 1.05922385831 0.958215589662 
16.7 0.99620601298 0.960847085688 
16.8 0.936978895844 0.957610421007 
16.9 0.881977139628 0.948946800263 
17 0.831439182843 0.93541108641 
17.1 0.785440967473 0.917628380797 
17.2 0.743932499562 0.896254425007 
17.3 0.706772055951 0.871943078514 
17.4 0.673756280631 0.845321460703 
17.5 0.644644921191 0.816972563307 
17.6 0.619180159003 0.78742424162 
17.7 0.597101049284 0.757144269115 
17.8 0.578153840935 0.726538136639 
17.9 0.562098166087 0.695951635594 
18 0.548711973748 0.665673278082 
18.1 0.537793140159 0.635939951006 
18.2 0.529160289271 0.606942057734 
18.3 0.522652971241 0.578828770353 
18.4 0.518130360348 0.551713983755 
18.5 0.515470418717 0.525681064625 
18.6 0.514568436494 0.500787728099 
18.7 0.515335552284 0.477070302601 
18.8 0.517697380279 0.454547471339 
18.9 0.521592343924 0.433223743983 
19 0.52697093427 0.413092015106 
19.1 0.533793997971 0.394136289794 
19.2 0.542031896117 0.376333775093 
19.3 0.551663342316 0.359656620424 
19.4 0.562674557588 0.344073497704 
19.5 0.575058349236 0.329550825548 
19.6 0.588813320106 0.316053923441 
19.7 0.60394310876 0.303547850566 
19.8 0.620455662613 0.291998224393 
19.9 0.638362517407 0.281371829062 
20 0.657678081546 0.271637195501 
