Time Prey Predator
0.0  1.53657935117 1.50534303822
0.1 1.33740879456 1.57239179006 
0.2 1.1558524513 1.61138531419 
0.3 0.99558311738 1.62332930045 
0.4 0.857583255319 1.6111567638 
0.5 0.74093819744 1.5788681103 
0.6 0.643627431733 1.53079356175 
0.7 0.563154400539 1.47107894553 
0.8 0.496964490796 1.40339386909 
0.9 0.442688323877 1.33080760292 
1 0.398249893843 1.2557817941 
1.1 0.361893431059 1.18022432725 
1.2 0.332170183404 1.10556630336 
1.3 0.307901460444 1.03284805628 
1.4 0.288137234926 0.962797520694 
1.5 0.272116022628 0.895898528031 
1.6 0.259229256824 0.832447447535 
1.7 0.24899137233 0.772599103756 
1.8 0.241015181074 0.716402895357 
1.9 0.23499209547 0.663830990948 
2 0.230676435165 0.614800241519 
2.1 0.227872876716 0.569189140842 
2.2 0.226426664832 0.526850580841 
2.3 0.226215719084 0.487621765882 
2.4 0.227145409826 0.451330164855 
2.5 0.229142615835 0.417800907738 
2.6 0.232152632024 0.386859509169 
2.7 0.236136042827 0.358334936935 
2.8 0.24106643 0.332061589698 
2.9 0.246928513829 0.307880742869 
3 0.253716691944 0.285641378006 
3.1 0.26143382445 0.265200800927 
3.2 0.270090494257 0.246424620212 
3.3 0.279704205081 0.229186952407 
3.4 0.290298717422 0.213370547765 
3.5 0.301903875383 0.198866146111 
3.6 0.31455499675 0.18557262599 
3.7 0.328292934835 0.17339626606 
3.8 0.343163665564 0.162250744988 
3.9 0.359218398001 0.152056472097 
4 0.376513342613 0.142740472399 
4.1 0.395109836333 0.134235828799 
4.2 0.415074226041 0.126481466128 
4.3 0.43647799981 0.119421722199 
4.4 0.45939774816 0.113006122707 
4.5 0.483915268443 0.107189047492 
4.6 0.510117515881 0.101929548617 
4.7 0.538096832402 0.0971910102622 
4.8 0.567950909223 0.0929410058683 
4.9 0.599782415652 0.0891514224648 
5 0.633699495945 0.0857978956657 
5.1 0.669815389254 0.0828599835717 
5.2 0.708247773461 0.0803216077805 
5.3 0.749119448325 0.0781702574735 
5.4 0.792557104615 0.0763977214426 
5.5 0.8386901506 0.0750007258874 
5.6 0.887651853337 0.0739800309942 
5.7 0.939576323128 0.073341935985 
5.8 0.99459645365 0.073099221993 
5.9 1.05284395929 0.0732709579307 
6 1.11444378918 0.0738848257813 
6.1 1.17951471074 0.0749769038114 
6.2 1.24816056306 0.076595300599 
6.3 1.32046579731 0.0788019903254 
6.4 1.39648702891 0.0816760947071 
6.5 1.47624593747 0.0853167743517 
6.6 1.55971127754 0.0898505355405 
6.7 1.64678905707 0.0954351584626 
6.8 1.73729398916 0.102270960056 
6.9 1.83092470979 0.110610645389 
7 1.92723059642 0.120772444167 
7.1 2.02556430906 0.133158545978 
7.2 2.12502983514 0.148275022258 
7.3 2.22440858755 0.166759252777 
7.4 2.32208083553 0.189407480655 
7.5 2.41593462425 0.217205053098 
7.6 2.50325934353 0.251354826407 
7.7 2.58066389583 0.293288586378 
7.8 2.64401606594 0.344648563462 
7.9 2.6884833174 0.407208653089 
8 2.70870134199 0.482706484346 
8.1 2.69919135496 0.572533526765 
8.2 2.65504966984 0.677282458206 
8.3 2.57293331891 0.796169704451 
8.4 2.45217070769 0.926474067469 
8.5 2.29568202764 1.06321763488 
8.6 2.11024784909 1.19937577728 
8.7 1.90583554059 1.32672926611 
8.8 1.69400562238 1.43723557237 
8.9 1.48591774929 1.52446343691 
9 1.29061433626 1.58459958009 
9.1 1.11411320825 1.61671176637 
9.2 0.95935908777 1.62235934307 
9.3 0.826791141007 1.60481361508 
9.4 0.715152330108 1.56821691933 
9.5 0.622253341824 1.5168932022 
9.6 0.545550937063 1.45489074038 
9.7 0.482521271907 1.3857352386 
9.8 0.430861433752 1.31234315632 
9.9 0.388574267008 1.23703259467 
10 0.353983244113 1.16158496908 
10.1 0.325710243979 1.08732703111 
10.2 0.302636914571 1.01521499522 
10.3 0.283863432295 0.94591055191 
10.4 0.268669251952 0.879846352044 
10.5 0.256478917441 0.817279833944 
10.6 0.246833427249 0.758336502283 
10.7 0.239366222196 0.703045212043 
10.8 0.233786195798 0.651361289162 
10.9 0.229861067094 0.603191071694 
11 0.22740639578 0.558405774521 
11.1 0.226276223707 0.516853589763 
11.2 0.226355814063 0.478368633198 
11.3 0.227555994273 0.442777882818 
11.4 0.229808573153 0.409906081445 
11.5 0.233062762933 0.379579511767 
11.6 0.237282795201 0.35162793751 
11.7 0.242445030089 0.325887610353 
11.8 0.248536819025 0.302201510965 
11.9 0.255554695656 0.280420738029 
12 0.263503578027 0.260404549438 
12.1 0.272395771281 0.242020762458 
12.2 0.282250335824 0.225145718106 
12.3 0.293092622225 0.209664087436 
12.4 0.304953788259 0.195468739347 
12.5 0.317870600993 0.182460324744 
12.6 0.331885147927 0.170547058888 
12.7 0.347044712124 0.159644315816 
12.8 0.363401712563 0.14967422216 
12.9 0.381013749416 0.140565174454 
13 0.399943296116 0.132251858578 
13.1 0.420258031926 0.124674521735 
13.2 0.442030689753 0.117778833048 
13.3 0.465339130091 0.111515562274 
13.4 0.490266483105 0.105840222138 
13.5 0.516901030701 0.10071296535 
13.6 0.545336420235 0.0960982490741 
13.7 0.575671524653 0.091964746748 
13.8 0.608010486869 0.0882851944252 
13.9 0.642462684778 0.0850362868427 
14 0.679142413482 0.0821987040445 
14.1 0.718168918427 0.0797570539515 
14.2 0.759665736934 0.0777000681778 
14.3 0.803760412408 0.076020705423 
14.4 0.850583777167 0.0747164288814 
14.5 0.900268634531 0.0737897140246 
14.6 0.952949226002 0.0732483223364 
14.7 1.00875850666 0.073106372156 
14.8 1.06782670668 0.0733849777698 
14.9 1.13027843772 0.0741134505643 
15 1.19622748697 0.0753313792804 
15.1 1.26577455462 0.0770896388262 
15.2 1.33899756041 0.0794542505418 
15.3 1.41594577897 0.0825087884942 
15.4 1.49663037192 0.0863582033117 
15.5 1.58100531875 0.0911363964749 
15.6 1.66895377704 0.0970117229234 
15.7 1.76026619441 0.10419573137 
15.8 1.85460919136 0.112955461058 
15.9 1.95148665975 0.123628720769 
16 2.05019535057 0.136641213193 
16.1 2.14976456069 0.152529586656 
16.2 2.24888647395 0.171967139957 
16.3 2.34582750781 0.195794697586 
16.4 2.43833428802 0.225049713709 
16.5 2.5235380841 0.260989934472 
16.6 2.59786293619 0.305105184389 
16.7 2.65699824002 0.359079077356 
16.8 2.69595316038 0.424697910963 
16.9 2.70928804456 0.503646644808 
17 2.69158931388 0.597167251036 
17.1 2.63824148865 0.705566194373 
17.2 2.54646159642 0.827626424804 
17.3 2.41640216868 0.960079673722 
17.4 2.25195063722 1.0973958556 
17.5 2.06078261522 1.23214865722 
17.6 1.85343520676 1.35602432079 
17.7 1.64155683337 1.46125546363 
17.8 1.4359149085 1.54199410256 
17.9 1.24484953394 1.59514659121 
18 1.07358957035 1.62045745302 
18.1 0.924388087395 1.61999143162 
18.2 0.797186263238 1.59731073749 
18.3 0.690430025367 1.55665820044 
18.4 0.601796316077 1.50232346028 
18.5 0.528720043027 1.43823995429 
18.6 0.468718673761 1.36778560623 
18.7 0.419560712038 1.29372459858 
18.8 0.379329554091 1.21823446803 
18.9 0.346425558521 1.14297587401 
19 0.31953914238 1.06917579428 
19.1 0.297610085051 0.997710575503 
19.2 0.279786598613 0.929179372112 
19.3 0.265387147185 0.863966754009 
19.4 0.253867726128 0.80229362325 
19.5 0.244794096652 0.744258976074 
19.6 0.237820308793 0.689870620279 
19.7 0.232670910765 0.639070466274 
19.8 0.229126593492 0.591754651564 
19.9 0.227013230377 0.54778774297 
20 0.226193203885 0.507013678271 
