Time Prey Predator
0.0  1.72996762278 0.97098938385
0.1 1.61722893447 1.03871422906 
0.2 1.49901076752 1.09836793868 
0.3 1.37934724334 1.14767599161 
0.4 1.26190722838 1.18503173309 
0.5 1.14970430992 1.20960725669 
0.6 1.04494884256 1.2213517054 
0.7 0.949034424352 1.22088835261 
0.8 0.862627211763 1.20934656289 
0.9 0.785811944025 1.18817976348 
1 0.718255224455 1.15899368259 
1.1 0.659359623943 1.12340476979 
1.2 0.608379824015 1.08294979186 
1.3 0.564516665538 1.03901971038 
1.4 0.526979126458 0.992828953543 
1.5 0.495022675395 0.945406398638 
1.6 0.467970011639 0.897601118626 
1.7 0.445218462337 0.850097858615 
1.8 0.426242608604 0.803433952581 
1.9 0.410589760325 0.758020605241 
2 0.397873734904 0.714162621951 
2.1 0.387767665004 0.672076535252 
2.2 0.379996926748 0.631906822211 
2.3 0.374331964883 0.593740091452 
2.4 0.370582358914 0.557616901733 
2.5 0.368591157275 0.523541777326 
2.6 0.368230217229 0.491491596123 
2.7 0.369396007345 0.461422408342 
2.8 0.372006219032 0.433274875884 
2.9 0.375996792954 0.406978877048 
3 0.38131949667 0.382457011549 
3.1 0.387939902259 0.359627427702 
3.2 0.39583562585 0.338406172907 
3.3 0.404994887604 0.318708973447 
3.4 0.415415505293 0.300452218658 
3.5 0.427103667393 0.283554507939 
3.6 0.440073216042 0.267937227239 
3.7 0.454344914534 0.253525116752 
3.8 0.469945820422 0.240246742305 
3.9 0.486908811296 0.228034712148 
4 0.505272050519 0.216826018753 
4.1 0.525078643682 0.206562015482 
4.2 0.546376151427 0.197188664758 
4.3 0.569216287542 0.188656437489 
4.4 0.593654409925 0.180920497848 
4.5 0.619749196736 0.173940601622 
4.6 0.647562050437 0.167681270925 
4.7 0.677156587354 0.162111789295 
4.8 0.708597854337 0.157206399211 
4.9 0.741952169744 0.15294407123 
5 0.777285640026 0.149309024303 
5.1 0.814662291468 0.146291434546 
5.2 0.854145014239 0.143886664761 
5.3 0.89579266809 0.142096295304 
5.4 0.939656126516 0.1409294899 
5.5 0.985779099827 0.140402486548 
5.6 1.0341924626 0.140540422469 
5.7 1.08491364914 0.141377463015 
5.8 1.13793950607 0.142959168204 
5.9 1.19324161314 0.145343994301 
6 1.25076324809 0.148604165704 
6.1 1.31040492288 0.152830328153 
6.2 1.37202034725 0.158132788347 
6.3 1.43540364989 0.164645506036 
6.4 1.50027778231 0.172529618332 
6.5 1.56627642065 0.181978873552 
6.6 1.63292873576 0.193223722026 
6.7 1.69963814062 0.206537133282 
6.8 1.76566103019 0.222239044323 
6.9 1.83008411414 0.240701479228 
7 1.89180311036 0.26234857189 
7.1 1.94950149934 0.287659242111 
7.2 2.00164525441 0.317153516148 
7.3 2.04648623355 0.351375864307 
7.4 2.08208514186 0.390867886602 
7.5 2.10638141753 0.436109988516 
7.6 2.11729029809 0.487454391383 
7.7 2.11285733354 0.545028720273 
7.8 2.09146046632 0.608624185456 
7.9 2.05204451732 0.677581356401 
8 1.99435734508 0.750697305486 
8.1 1.91913853439 0.826186262872 
8.2 1.82820558818 0.901724246829 
8.3 1.72437913657 0.974605056774 
8.4 1.61126219994 1.04197758995 
8.5 1.49287666965 1.10114875692 
8.6 1.3732466475 1.14987567006 
8.7 1.25601306579 1.1865877606 
8.8 1.14414972893 1.21049992156 
8.9 1.03982333124 1.22159987487 
9 0.944386747933 1.22054028574 
9.1 0.858472729637 1.20847130524 
9.2 0.782142025169 1.18685658995 
9.3 0.715045756926 1.1573043158 
9.4 0.656574216851 1.12143155986 
9.5 0.605977909315 1.08076787192 
9.6 0.562457091006 1.03669550509 
9.7 0.525222437924 0.990419462427 
9.8 0.493532455583 0.942959231413 
9.9 0.46671358459 0.895155008775 
10 0.444167190583 0.847683520535 
10.1 0.425371612851 0.801075282354 
10.2 0.409877703589 0.755735561248 
10.3 0.397302506635 0.711964198326 
10.4 0.387322032125 0.66997368144 
10.5 0.379664045804 0.62990523179 
10.6 0.374101320223 0.591842759856 
10.7 0.37044510295 0.555824810492 
10.8 0.368540133232 0.521854321426 
10.9 0.368259553093 0.489906963283 
11 0.36950102759 0.459937812136 
11.1 0.372183220289 0.431886974382 
11.2 0.376242961418 0.405683809929 
11.3 0.381632771796 0.381250640253 
11.4 0.388318853685 0.358505504403 
11.5 0.396279434931 0.337364321996 
11.6 0.405503289315 0.317742764248 
11.7 0.415988563632 0.299557575016 
11.8 0.427741916492 0.282727350056 
11.9 0.44077758123 0.267173545341 
12 0.455116609748 0.252821194041 
12.1 0.470786430146 0.239598971852 
12.2 0.487820133944 0.227439827409 
12.3 0.506256217465 0.216280841247 
12.4 0.526137953208 0.206063725457 
12.5 0.547513190194 0.196734564414 
12.6 0.570433768805 0.188244163118 
12.7 0.594955295422 0.18054784084 
12.8 0.621136531937 0.17360566764 
12.9 0.649039078146 0.167382343988 
13 0.678726654449 0.161847405504 
13.1 0.710264593193 0.156975220753 
13.2 0.743718763491 0.152745292321 
13.3 0.779155202342 0.149142174564 
13.4 0.816638934868 0.146155775182 
13.5 0.856231211317 0.143782374232 
13.6 0.897990304803 0.142024031829 
13.7 0.94196867389 0.140889518477 
13.8 0.988208044095 0.140395994048 
13.9 1.0367399195 0.140568646 
14 1.08757907853 0.141442786716 
14.1 1.14072251618 0.143064138266 
14.2 1.19614031182 0.145491842062 
14.3 1.25377179372 0.148799659727 
14.4 1.31351837822 0.15307819241 
14.5 1.37522972848 0.158439282089 
14.6 1.4386965231 0.165018210458 
14.7 1.50363736787 0.172977742806 
14.8 1.56968111607 0.182513270568 
14.9 1.63635149622 0.193857304908 
15 1.70304395261 0.207285145071 
15.1 1.7690078846 0.223119440385 
15.2 1.83331964589 0.241734354551 
15.3 1.89486476751 0.263558106987 
15.4 1.95231737265 0.289069285363 
15.5 2.00412910181 0.318793118189 
15.6 2.04854212887 0.353273687093 
15.7 2.08361163335 0.393049083796 
15.8 2.10726978244 0.438597323459 
15.9 2.11743601751 0.490260314964 
16 2.11216744388 0.548151574023 
16.1 2.08986522093 0.61204179433 
16.2 2.04950995482 0.681245590666 
16.3 1.99089654716 0.754530449643 
16.4 1.91481870498 0.830081301591 
16.5 1.82314924626 0.905549474915 
16.6 1.7187550125 0.978215345841 
16.7 1.60527016069 1.04522832302 
16.8 1.48672684333 1.10391173881 
16.9 1.36713807894 1.15205283604 
17 1.25011550957 1.18812034384 
17.1 1.13859422507 1.21136913859 
17.2 1.03469840392 1.22182441636 
17.3 0.939740060996 1.22016947583 
17.4 0.854320317154 1.2075733544 
17.5 0.778475499415 1.18551127364 
17.6 0.711839695655 1.15559501824 
17.7 0.65379254321 1.11943988103 
17.8 0.603580156646 1.07856891774 
17.9 0.560401883464 1.03435585233 
18 0.523470324027 0.987995931863 
18.1 0.492046876887 0.940499461134 
18.2 0.465461466478 0.892698020939 
18.3 0.443119964033 0.845259748642 
18.4 0.424504420754 0.798708406641 
18.5 0.409169323805 0.753443367089 
18.6 0.396734909959 0.709759539331 
18.7 0.386880002795 0.667865385042 
18.8 0.379334837727 0.62789887092 
18.9 0.373874297431 0.589941294903 
19 0.370311625974 0.554029095213 
19.1 0.368492957388 0.520163711492 
19.2 0.368292883894 0.48831951458 
19.3 0.369610202638 0.458450792105 
19.4 0.372364590455 0.430496894213 
19.5 0.376493727958 0.404386818182 
19.6 0.38195088323 0.380042602681 
19.7 0.388702941175 0.357382067119 
19.8 0.396728665282 0.33632116724 
19.9 0.406017370516 0.31677553569 
20 0.416567698582 0.298661929618 
