Time Prey Predator
0.0  1.2959097455 1.74198779864
0.1 1.09522926688 1.77597311902 
0.2 0.923498533671 1.77720497808 
0.3 0.780059319165 1.75065951312 
0.4 0.662246611734 1.70217736443 
0.5 0.56651711143 1.63751286459 
0.6 0.489209231909 1.56177996872 
0.7 0.426950341416 1.47923004068 
0.8 0.376837579623 1.39322443664 
0.9 0.336471387841 1.30631967607 
1 0.303916121374 1.22039550319 
1.1 0.277634344899 1.13678677142 
1.2 0.25641573078 1.05640290908 
1.3 0.239311092127 0.979830642393 
1.4 0.225577575026 0.907413421216 
1.5 0.214633633953 0.839315781316 
1.6 0.206023459422 0.775572567226 
1.7 0.199389246567 0.716126306832 
1.8 0.194449744033 0.660855365523 
1.9 0.19098374522 0.609595054958 
2 0.188817420778 0.562153266117 
2.1 0.187814555575 0.518322039573 
2.2 0.187869045184 0.477886007691 
2.3 0.188899080655 0.440628550035 
2.4 0.19084238843 0.40633647938 
2.5 0.193653154549 0.374802463966 
2.6 0.197299182072 0.345827356705 
2.7 0.201759650457 0.319221645601 
2.8 0.207023499298 0.294806162481 
2.9 0.213088216578 0.272412342496 
3 0.219958758157 0.25188241609 
3.1 0.227646859227 0.233069184346 
3.2 0.236170208768 0.215835944585 
3.3 0.245552112424 0.200055996647 
3.4 0.255821347341 0.185611963565 
3.5 0.267011620953 0.172395640988 
3.6 0.279161637635 0.160307283111 
3.7 0.292314814944 0.149255227382 
3.8 0.306519385023 0.139155292006 
3.9 0.321828272566 0.129930351313 
4 0.338299230076 0.121509820379 
4.1 0.355994825169 0.113829238849 
4.2 0.374982604567 0.10682984946 
4.3 0.395335198387 0.100458251509 
4.4 0.417130434547 0.0946659932196 
4.5 0.440451308043 0.0894090395043 
4.6 0.465386468958 0.0846479382464 
4.7 0.492030269297 0.0803473471966 
4.8 0.520482741922 0.0764754802628 
4.9 0.550849904063 0.0730045474857 
5 0.58324386562 0.0699102238743 
5.1 0.617782929213 0.0671712940208 
5.2 0.654591403281 0.0647703232096 
5.3 0.693799903259 0.0626930530501 
5.4 0.735545360812 0.0609282964505 
5.5 0.77996992132 0.0594689666766 
5.6 0.82722170389 0.0583113333178 
5.7 0.877454287521 0.057455299146 
5.8 0.930823822225 0.0569060920995 
5.9 0.987490828764 0.0566731899033 
6 1.04761843697 0.0567712067381 
6.1 1.11136656961 0.0572226907554 
6.2 1.17889326264 0.0580574927085 
6.3 1.25034804576 0.0593155879659 
6.4 1.32587059905 0.0610477693176 
6.5 1.40558152235 0.0633196782367 
6.6 1.4895728726 0.0662158973708 
6.7 1.57789773595 0.0698442274421 
6.8 1.67055821813 0.0743407990427 
6.9 1.76747935399 0.0798812048013 
7 1.86849264151 0.0866873961494 
7.1 1.97328991288 0.095046842577 
7.2 2.08138468818 0.105328761502 
7.3 2.1920565031 0.118007249831 
7.4 2.30426914933 0.13369480473 
7.5 2.41657588274 0.153180194414 
7.6 2.52700266887 0.177473797283 
7.7 2.63290360877 0.207860844192 
7.8 2.7308023374 0.245951551035 
7.9 2.81624618609 0.293714379283 
8 2.88369871507 0.353462997771 
8.1 2.92658654322 0.427743622013 
8.2 2.93757839899 0.519064175843 
8.3 2.90928825334 0.629374047908 
8.4 2.83548539069 0.759274327888 
8.5 2.71277068433 0.907041368819 
8.6 2.54234348608 1.06776755703 
8.7 2.33113399158 1.23311187562 
8.8 2.0914720055 1.39214645969 
8.9 1.83904649434 1.53328171387 
9 1.58973612749 1.6466786616 
9.1 1.35660452877 1.72615893818 
9.2 1.14819516775 1.76987579041 
9.3 0.96837167286 1.77978772734 
9.4 0.81727466094 1.76040538394 
9.5 0.692671665075 1.71743916201 
9.6 0.591174017538 1.65673717571 
9.7 0.509098299634 1.58362618979 
9.8 0.442965618017 1.50260657533 
9.9 0.389735657052 1.41728106712 
10 0.346870275981 1.3304185073 
10.1 0.31231110062 1.2440731632 
10.2 0.284417349434 1.15971870087 
10.3 0.261894467506 1.07837234593 
10.4 0.243726717096 1.00070131989 
10.5 0.229118990718 0.927109332942 
10.6 0.217448566466 0.857805812034 
10.7 0.208227782825 0.79285738979 
10.8 0.201074204712 0.732228654356 
10.9 0.195687136875 0.675813626942 
11 0.191830056805 0.623457999602 
11.1 0.1893170057 0.574975982275 
11.2 0.188002130748 0.53016316208 
11.3 0.187771491067 0.488805691425 
11.4 0.188536903634 0.450686933426 
11.5 0.190231279957 0.415592024356 
11.6 0.192804549303 0.383311826781 
11.7 0.196220864146 0.353644943312 
11.8 0.200456473633 0.326399023403 
11.9 0.205497722105 0.301392005837 
12 0.211339816972 0.278452384605 
12.1 0.217985733694 0.257419400428 
12.2 0.225445299485 0.238143027736 
12.3 0.233734625174 0.220483642184 
12.4 0.242875563995 0.204311732145 
12.5 0.252895308185 0.189507497156 
12.6 0.263826340726 0.175960083084 
12.7 0.275705920636 0.163567529081 
12.8 0.288576191897 0.152235968718 
12.9 0.302484043824 0.141879196748 
13 0.317481081786 0.132418198498 
13.1 0.333623729362 0.123780589512 
13.2 0.350973184788 0.115900285714 
13.3 0.369595621998 0.108716954462 
13.4 0.389562193766 0.102175729244 
13.5 0.410949254298 0.0962267683439 
13.6 0.433838426578 0.0908249589738 
13.7 0.458316810881 0.0859295943008 
13.8 0.484477100171 0.0815041212048 
13.9 0.512417759536 0.077515900816 
14 0.542243135252 0.0739360150282 
14.1 0.574063601533 0.0707391039391 
14.2 0.607995772532 0.0679032240693 
14.3 0.644162315473 0.0654098266726 
14.4 0.682692087501 0.0632436994449 
14.5 0.723720252871 0.061392949237 
14.6 0.767387619993 0.0598492283394 
14.7 0.813840727831 0.0586077860142 
14.8 0.863231555028 0.0576676682019 
14.9 0.915715851013 0.0570324080694 
15 0.971453151397 0.0567101772088 
15.1 1.03060543804 0.0567144437479 
15.2 1.09333337968 0.0570655525876 
15.3 1.15979625994 0.0577909665858 
15.4 1.23014816788 0.0589269481781 
15.5 1.30453034944 0.0605217662167 
15.6 1.383069234 0.0626367224416 
15.7 1.46586433448 0.065351253576 
15.8 1.55298479263 0.0687645134875 
15.9 1.64444676656 0.0730048722137 
16 1.74019930499 0.0782358855727 
16.1 1.84010044956 0.0846662821187 
16.2 1.94388665824 0.0925629033608 
16.3 2.0511266582 0.102270029491 
16.4 2.16117060096 0.114230234627 
16.5 2.27307775917 0.129014356682 
16.6 2.38552738237 0.147357484947 
16.7 2.49670502295 0.170203603545 
16.8 2.60416433266 0.198757126979 
16.9 2.70467622265 0.234532916499 
17 2.79407216893 0.279399294971 
17.1 2.86711881816 0.335580028491 
17.2 2.91751654828 0.405575059239 
17.3 2.9380929988 0.491943954103 
17.4 2.92138166287 0.596856940895 
17.5 2.86067917419 0.721382493056 
17.6 2.75161968039 0.864539532146 
17.7 2.59397189848 1.02236413419 
17.8 2.39304025508 1.18743128583 
17.9 2.15979002393 1.34938067641 
18 1.90926895125 1.49656806663 
18.1 1.65763507326 1.61844008553 
18.2 1.41896908483 1.70767975591 
18.3 1.20314593047 1.76124646691 
18.4 1.01526216137 1.78015330621 
18.5 0.856359644227 1.76834349118 
18.6 0.724729602046 1.73131790645 
18.7 0.61720174632 1.67496831745 
18.8 0.530109832718 1.60481001701 
18.9 0.459886536924 1.52558632667 
19 0.403357868476 1.44114655162 
19.1 0.357846789109 1.35447957888 
19.2 0.32116706279 1.26782436066 
19.3 0.291569575336 1.1828021503 
19.4 0.267670914882 1.10054520735 
19.5 0.248384405784 1.02180819076 
19.6 0.232859039024 0.947060279632 
19.7 0.220428730817 0.87655853322 
19.8 0.210571338891 0.810405326207 
19.9 0.20287815193 0.748589466254 
20 0.197027736385 0.69102215586 
