Time Prey Predator
0.0  0.907951866067 1.2232153127
0.1 0.82529443057 1.2069112039 
0.2 0.752259768708 1.18159305776 
0.3 0.688358314948 1.14891820024 
0.4 0.632888374482 1.11050617392 
0.5 0.585050436622 1.06785567446 
0.6 0.544025489776 1.02229799534 
0.7 0.509024735087 0.974977172999 
0.8 0.479321065885 0.926848494434 
0.9 0.454260862904 0.878690798941 
1 0.433269697326 0.831123077863 
1.1 0.415850020717 0.784625063424 
1.2 0.401575919788 0.739557913314 
1.3 0.390086008518 0.696183747667 
1.4 0.381075673396 0.654683504351 
1.5 0.374289841186 0.61517230535 
1.6 0.36951629223 0.577712597468 
1.7 0.366579611958 0.54232550113 
1.8 0.365335883278 0.50900015332 
1.9 0.365668227706 0.477701207715 
2 0.367482923795 0.448375214194 
2.1 0.370705775156 0.420956449438 
2.2 0.375280362241 0.395368658806 
2.3 0.381164952076 0.371530406226 
2.4 0.388330843454 0.34935729432 
2.5 0.396760691936 0.328763775223 
2.6 0.406447311124 0.309664514999 
2.7 0.417392446893 0.291975878383 
2.8 0.429605989066 0.275616534986 
2.9 0.443105113834 0.260508474315 
3 0.457913698794 0.246577262913 
3.1 0.474061669052 0.233752520687 
3.2 0.491584521437 0.221968198431 
3.3 0.510522981347 0.211162552875 
3.4 0.530922600836 0.201278246574 
3.5 0.552833110817 0.192262891593 
3.6 0.576308433688 0.184068436399 
3.7 0.601405893899 0.176651680048 
3.8 0.6281860535 0.169974002086 
3.9 0.656712097626 0.164001525511 
4 0.687049221393 0.158705255415 
4.1 0.719264165986 0.154060993663 
4.2 0.753424053619 0.150049734735 
4.3 0.789595850639 0.146657647672 
4.4 0.827844789786 0.143876553011 
4.5 0.868233190862 0.141704211097 
4.6 0.910818756183 0.140144794431 
4.7 0.955652000857 0.139209687245 
4.8 1.00277451001 0.138917979061 
4.9 1.05221475486 0.139297798429 
5 1.1039850102 0.140387281501 
5.1 1.15807612427 0.142236233257 
5.2 1.21445242948 0.144907764563 
5.3 1.27304433947 0.148480660764 
5.4 1.33374019675 0.153051999589 
5.5 1.39637666873 0.158740165229 
5.6 1.46072592075 0.165688828357 
5.7 1.52648322444 0.174070766194 
5.8 1.59324836354 0.184093213839 
5.9 1.66050940473 0.196002657894 
6 1.7276193465 0.210090261191 
6.1 1.79377458516 0.226697719144 
6.2 1.85799268704 0.246218933001 
6.3 1.91908586631 0.269105566375 
6.4 1.97564981736 0.295859470483 
6.5 2.02605554019 0.327022346787 
6.6 2.06845958668 0.363154742521 
6.7 2.10084211168 0.404797220302 
6.8 2.1210820407 0.452411623319 
6.9 2.12707960402 0.506298916717 
7 2.11692951998 0.566495364342 
7.1 2.08913929583 0.632655329025 
7.2 2.04288308911 0.7039339699 
7.3 1.97823293195 0.77890639924 
7.4 1.8963130417 0.855559201638 
7.5 1.79934941604 0.931365480235 
7.6 1.69053540588 1.00347976394 
7.7 1.57374511223 1.06901332639 
7.8 1.45313070404 1.12534939711 
7.9 1.3326943662 1.1704251043 
8 1.2159225942 1.20292295777 
8.1 1.10554776837 1.22233825464 
8.2 1.00345716028 1.22892729051 
8.3 0.910729869948 1.22356839362 
8.4 0.827762198358 1.20757641191 
8.5 0.754428466377 1.18251877239 
8.6 0.690246505395 1.15005192123 
8.7 0.634520606102 1.11179766512 
8.8 0.586453340358 1.06925955122 
8.9 0.545225121804 1.02377471158 
9 0.510045905159 0.976493246851 
9.1 0.480185693253 0.928376469247 
9.2 0.454988158213 0.880209034947 
9.3 0.433876534057 0.832614384268 
9.4 0.416351033888 0.786076268262 
9.5 0.401983535519 0.740959315708 
9.6 0.390410618693 0.697528539171 
9.7 0.381325974783 0.655967107987 
9.8 0.374473167442 0.616391895869 
9.9 0.369638750223 0.578866878066 
10 0.366646294454 0.54341439676 
10.1 0.36535082227 0.510024377081 
10.2 0.365634690949 0.478662287687 
10.3 0.367403475241 0.449275067172 
10.4 0.370582742651 0.421796656429 
10.5 0.375115323498 0.396151753538 
10.6 0.380959041324 0.372259210264 
10.7 0.388084737192 0.350034674753 
10.8 0.396474782906 0.329392412361 
10.9 0.40612162688 0.310247169941 
11 0.417026822593 0.292515098489 
11.1 0.429199986193 0.276114907186 
11.2 0.442658047436 0.260968482126 
11.3 0.457424680633 0.247001224824 
11.4 0.473529701026 0.23414249255 
11.5 0.491008414709 0.222326164151 
11.6 0.509901447053 0.211490299974 
11.7 0.530254049774 0.201577692242 
11.8 0.552115987975 0.192535523502 
11.9 0.57554090677 0.184315779083 
12 0.600586141686 0.176874984005 
12.1 0.627312097976 0.1701744312 
12.2 0.655781904195 0.164180099092 
12.3 0.686060735945 0.158862792544 
12.4 0.718215221429 0.154198216276 
12.5 0.752312572361 0.150167139262 
12.6 0.788419678202 0.146755614136 
12.7 0.826601902038 0.143955253194 
12.8 0.866921490745 0.141763687628 
12.9 0.909436584958 0.140184773105 
13 0.954197581748 0.139229789451 
13.1 1.00124652046 0.138917518561 
13.2 1.05061252705 0.139275714553 
13.3 1.1023075648 0.140342474032 
13.4 1.15632527214 0.142166516908 
13.5 1.21262963696 0.144810934581 
13.6 1.27115243772 0.148353944469 
13.7 1.33178265998 0.152892237759 
13.8 1.39435999503 0.158543059116 
13.9 1.45865771381 0.165449590475 
14 1.52437487759 0.173783293219 
14.1 1.59111327587 0.183750612323 
14.2 1.65836622942 0.195596206037 
14.3 1.7254895833 0.209610334488 
14.4 1.7916874069 0.226132188721 
14.5 1.8559804916 0.245554896004 
14.6 1.9171913116 0.268327655354 
14.7 1.97392169342 0.294950119829 
14.8 2.02454916014 0.325963662207 
14.9 2.06723797754 0.361928300658 
15 2.0999705873 0.403387320408 
15.1 2.12062923501 0.450805193627 
15.2 2.12711056477 0.504489816677 
15.3 2.11749955046 0.564487743843 
15.4 2.09028936624 0.630466257216 
15.5 2.04462757582 0.7015988313 
15.6 1.9805504647 0.776482059689 
15.7 1.89915098452 0.85311801784 
15.8 1.80262164808 0.928993332399 
15.9 1.69412748701 1.00126964517 
16 1.57752729172 1.06705453493 
16.1 1.45697146411 1.12371747802 
16.2 1.33647358911 1.1691742845 
16.3 1.21954128495 1.20208206556 
16.4 1.10893268325 1.22191104189 
16.5 1.00656113045 1.22889582435 
16.6 0.913527875542 1.22389872187 
16.7 0.830250812566 1.2082216861 
16.8 0.756618141635 1.18342702368 
16.9 0.692156342795 1.15117079725 
17 0.636174361651 1.11307736302 
17.1 0.587876781716 1.07065481032 
17.2 0.546444006011 1.02524555235 
17.3 0.511084417947 0.97800619339 
17.4 0.481065639654 0.929904095666 
17.5 0.45572935763 0.881728602199 
17.6 0.434496065082 0.834108323209 
17.7 0.416863513282 0.78753121219 
17.8 0.40240152157 0.742365237956 
17.9 0.390744750655 0.698878277988 
18 0.381585215803 0.657255865275 
18.1 0.374665051869 0.617616755107 
18.2 0.369769409197 0.580026485169 
18.3 0.366720727188 0.544508535078 
18.4 0.365373257208 0.51105373667 
18.5 0.36560851862 0.479628157799 
18.6 0.367331384482 0.450179405554 
18.7 0.370466849773 0.422641651728 
18.8 0.37495722691 0.396939881658 
18.9 0.38075986507 0.372993126836 
19 0.387845256787 0.350717024875 
19.1 0.396195381484 0.330025964243 
19.2 0.405802354203 0.310834703983 
19.3 0.416667514936 0.293059183979 
19.4 0.428800220335 0.276618044338 
19.5 0.442217242191 0.261432984831 
19.6 0.456942021551 0.247429368753 
19.7 0.473004126555 0.23453654742 
19.8 0.490438769886 0.222688097828 
19.9 0.509286329283 0.211822069136 
20 0.529591996816 0.201880974616 
