Time Prey Predator
0.0  1.50820790625 1.59495832082
0.1 1.29721899262 1.66023087665 
0.2 1.10842124065 1.69390381625 
0.3 0.944752308448 1.69804933123 
0.4 0.80621634533 1.67669406537 
0.5 0.690939315891 1.63476736619 
0.6 0.596117281926 1.57726997678 
0.7 0.51867023815 1.50878233736 
0.8 0.455658283659 1.4332012663 
0.9 0.404474473556 1.35368244167 
1 0.362911532271 1.27268134062 
1.1 0.329153192022 1.19204552749 
1.2 0.301731495352 1.11312061191 
1.3 0.279473307057 1.03685155918 
1.4 0.261447220378 0.96387108918 
1.5 0.246915614089 0.894574939123 
1.6 0.235295454211 0.829179414938 
1.7 0.226125783579 0.76776858105 
1.8 0.219041985769 0.710330397973 
1.9 0.213755555657 0.656784327796 
2 0.210038165775 0.607002453409 
2.1 0.20770945408 0.560825188694 
2.2 0.20662743223 0.518073138957 
2.3 0.206680925255 0.478556054231 
2.4 0.207784089885 0.442078916925 
2.5 0.209871408929 0.408447444261 
2.6 0.212894268723 0.377471074567 
2.7 0.216818321869 0.348965204902 
2.8 0.22162125138 0.322752884787 
2.9 0.227291063573 0.298665859347 
3 0.233824695322 0.276545172364 
3.1 0.241226971356 0.256241446751 
3.2 0.249510016433 0.237614537442 
3.3 0.258692138832 0.220534194046 
3.4 0.268797865388 0.204878991566 
3.5 0.279857117411 0.190536628902 
3.6 0.291905301919 0.177403045609 
3.7 0.304982863997 0.165382354172 
3.8 0.319135354461 0.154386144974 
3.9 0.334413227413 0.144333243578 
4 0.350871920468 0.135149155785 
4.1 0.368571791794 0.126765722415 
4.2 0.387578221453 0.119120673561 
4.3 0.407961641218 0.112157294128 
4.4 0.429797649238 0.105824056111 
4.5 0.453167060453 0.100074327117 
4.6 0.478156081045 0.0948660457738 
4.7 0.504856452518 0.0901614464138 
4.8 0.533365322244 0.0859269613968 
4.9 0.563785555529 0.0821329302875 
5 0.596225751478 0.078753472297 
5.1 0.6308000241 0.0757664591369 
5.2 0.667628295973 0.0731533680293 
5.3 0.706835976536 0.0708993488321 
5.4 0.748553575259 0.0689933438699 
5.5 0.792916853819 0.0674280763554 
5.6 0.84006570332 0.06620047287 
5.7 0.890143556849 0.0653119463573 
5.8 0.943296990664 0.0647686527834 
5.9 0.99967294902 0.0645826050602 
6 1.05941793964 0.0647721170283 
6.1 1.12267604867 0.0653627084706 
6.2 1.18958286489 0.0663895714159 
6.3 1.26026446981 0.0678981465459 
6.4 1.33483178838 0.0699465012851 
6.5 1.41336862786 0.0726102027244 
6.6 1.49592487879 0.0759851971879 
6.7 1.58250482785 0.0801926618212 
6.8 1.67305078818 0.0853857413742 
6.9 1.76741791776 0.091759930555 
7 1.86535017323 0.0995628331603 
7.1 1.9664400289 0.109110371505 
7.2 2.07008544628 0.120804283365 
7.3 2.17542615799 0.13515777961 
7.4 2.28127389224 0.15282261686 
7.5 2.38600927687 0.174628037879 
7.6 2.48748009287 0.201616613608 
7.7 2.58287798683 0.235084328738 
7.8 2.66861110595 0.276610321338 
7.9 2.7402118767 0.32805767004 
8 2.79233032476 0.391506916649 
8.1 2.81887661753 0.469093957825 
8.2 2.8134356539 0.562680156655 
8.3 2.77004847924 0.673320943665 
8.4 2.68437073425 0.800558853492 
8.5 2.55510895755 0.941658014589 
8.6 2.3852271685 1.09113477072 
8.7 2.18244044272 1.24089404492 
8.8 1.95842693977 1.38125944311 
8.9 1.72683166139 1.50269965309 
9 1.50071254232 1.59766906186 
9.1 1.29040056049 1.66185817073 
9.2 1.10243312857 1.6944791339 
9.3 0.939633358554 1.69768611329 
9.4 0.801927650536 1.67555008578 
9.5 0.687399719586 1.63301144154 
9.6 0.59322064551 1.5750704584 
9.7 0.516312899635 1.50628320255 
9.8 0.453744925544 1.43052245355 
9.9 0.402923072681 1.35091868384 
10 0.361653772119 1.26990498615 
10.1 0.328133350008 1.18931005979 
10.2 0.300905073437 1.11046403546 
10.3 0.27880477451 1.03430001272 
10.4 0.260908262283 0.96144185943 
10.5 0.246484009632 0.892277702989 
10.6 0.234953679495 0.827018679353 
10.7 0.225860014984 0.765745085519 
10.8 0.218841322444 0.708442167342 
10.9 0.213611268519 0.65502767151 
11 0.209943499627 0.605372104076 
11.1 0.207659064367 0.559315092494 
11.2 0.206617272794 0.516676594929 
11.3 0.206707862774 0.477266260627 
11.4 0.207845522557 0.440889395856 
11.5 0.209965409981 0.407351614757 
11.6 0.213019464975 0.376462505065 
11.7 0.216973781202 0.348037722082 
11.8 0.22180644869 0.32190056445 
11.9 0.227505761213 0.297883126613 
12 0.234068890821 0.275826848034 
12.1 0.241501124294 0.255582362554 
12.2 0.24981458416 0.237010237979 
12.3 0.259027975611 0.219980284086 
12.4 0.269165841459 0.204371623538 
12.5 0.280258425975 0.190072045516 
12.6 0.292341210067 0.176977909072 
12.7 0.305454890837 0.164993481252 
12.8 0.31964513285 0.154030690106 
12.9 0.334962604836 0.144008548747 
13 0.351462878542 0.134852812633 
13.1 0.369206505367 0.126495504176 
13.2 0.388259021802 0.118874567666 
13.3 0.408691025287 0.111933476276 
13.4 0.430578272571 0.105620883893 
13.5 0.454001859474 0.0998902516262 
13.6 0.479048131737 0.0946996981341 
13.7 0.505808939351 0.0900116556973 
13.8 0.534381749368 0.0857926394676 
13.9 0.564869535401 0.0820131459061 
14 0.597381066066 0.0786474275783 
14.1 0.6320307659 0.0756734466342 
14.2 0.668938613234 0.0730728466487 
14.3 0.708230279031 0.0708308818745 
14.4 0.750036501796 0.0689366090966 
14.5 0.794492998232 0.0673829512899 
14.6 0.841740065798 0.0661668921223 
14.7 0.891921123118 0.0652900490882 
14.8 0.945182580832 0.0647588360581 
14.9 1.00167192192 0.0645852797073 
15 1.06153516443 0.0647880888428 
15.1 1.12491615168 0.0653930896472 
15.2 1.19195140328 0.0664353469759 
15.3 1.26276584804 0.0679609787903 
15.4 1.33746756415 0.0700293938928 
15.5 1.41614051837 0.0727163189204 
15.6 1.49883472482 0.0761178981315 
15.7 1.5855518894 0.0803566305439 
15.8 1.6762315069 0.0855870831367 
15.9 1.77072464069 0.0920065501422 
16 1.86877280857 0.0998637446207 
16.1 1.96996223495 0.109477466483 
16.2 2.07368100906 0.12125381143 
16.3 2.17906083866 0.135709342542 
16.4 2.28489694884 0.153502456857 
16.5 2.38955731207 0.175467881564 
16.6 2.49086841659 0.202656756347 
16.7 2.5859969852 0.236373533085 
16.8 2.67131979779 0.27820975394 
16.9 2.74234132279 0.330035003507 
17 2.79368181733 0.393935926199 
17.1 2.81923154388 0.472045499541 
17.2 2.81257625191 0.566207145717 
17.3 2.7677898289 0.677437376759 
17.4 2.68061245703 0.80521055265 
17.5 2.54987613646 0.946703958246 
17.6 2.37870984132 1.09633465475 
17.7 2.17498404318 1.2459323176 
17.8 1.95048320888 1.38579482357 
17.9 1.71887446186 1.50643028354 
18 1.49315286129 1.60038844316 
18.1 1.28352793241 1.66348299211 
18.2 1.09640194421 1.69504150449 
18.3 0.934483555769 1.69730013161 
18.4 0.797617061063 1.67437802465 
18.5 0.683840851234 1.63122843984 
18.6 0.590308257698 1.5728431838 
18.7 0.513941574866 1.50375734052 
18.8 0.451819353353 1.42781752538 
18.9 0.401360844968 1.3481297106 
19 0.360386300933 1.26710447681 
19.1 0.327104848923 1.18655148089 
19.2 0.300070728661 1.10778558832 
19.3 0.278129089978 1.03172765393 
19.4 0.260363137538 0.958992358812 
19.5 0.24604730028 0.889960863057 
19.6 0.234607710576 0.824839178559 
19.7 0.225590884137 0.763703712498 
19.8 0.218638037694 0.70653696319 
19.9 0.213465249856 0.653254599669 
20 0.209847892626 0.6037260404 
