Time Prey Predator
0.0  1.10155671139 1.78028850816
0.1 0.928233109098 1.78250810429 
0.2 0.783467528851 1.75659492398 
0.3 0.664597788966 1.70843646884 
0.4 0.568051354692 1.64384931828 
0.5 0.490121937225 1.56801324792 
0.6 0.427397663117 1.48523311612 
0.7 0.376938420505 1.39891546179 
0.8 0.336313940597 1.31165124228 
0.9 0.303565690156 1.22534467187 
1 0.27713845206 1.14134817909 
1.1 0.255808419152 1.06058357576 
1.2 0.238616949007 0.983644419887 
1.3 0.224814144428 0.910878854065 
1.4 0.213813083323 0.842454419865 
1.5 0.205154117903 0.778407082195 
1.6 0.198476591384 0.718679556127 
1.7 0.19349715585 0.663149746436 
1.8 0.189993027594 0.611652061854 
1.9 0.187789294052 0.563993102186 
2 0.186748642628 0.519963910326 
2.1 0.186764231682 0.479347771859 
2.2 0.187753607056 0.441926755068 
2.3 0.189654154314 0.407486155713 
2.4 0.192419652764 0.375817434107 
2.5 0.196017515618 0.346720297007 
2.6 0.200426616554 0.320004089858 
2.7 0.205635755144 0.295488422572 
2.8 0.211641933512 0.273004030527 
2.9 0.218449908287 0.252392167521 
3 0.226070965867 0.233504938058 
3.1 0.234522687725 0.216204707189 
3.2 0.24382811318 0.200364044336 
3.3 0.25401571323 0.185864988712 
3.4 0.265118938149 0.172598737601 
3.5 0.277176137534 0.160465037305 
3.6 0.290230464888 0.149371712699 
3.7 0.304329792499 0.139234148925 
3.8 0.319526825838 0.129974810348 
3.9 0.335878795232 0.121522717588 
4 0.353447901597 0.113813078633 
4.1 0.372301389275 0.106786826586 
4.2 0.392511334063 0.100390121345 
4.3 0.41415521387 0.0945742796229 
4.4 0.437315720304 0.08929511597 
4.5 0.462081029123 0.0845128220284 
4.6 0.488545037418 0.0801917903332 
4.7 0.516807367427 0.07630006366 
4.8 0.546973615025 0.072809578808 
4.9 0.579155470739 0.0696956558724 
5 0.613470776613 0.0669369810705 
5.1 0.650043539411 0.0645157790169 
5.2 0.689004161978 0.0624173104142 
5.3 0.730488944775 0.0606304234475 
5.4 0.774640229767 0.0591473846923 
5.5 0.821606247191 0.0579639410841 
5.6 0.871539789184 0.0570799707491 
5.7 0.924598291235 0.0564996251901 
5.8 0.980942743049 0.0562318743246 
5.9 1.04073500713 0.056291402349 
6 1.10413767264 0.0566991427497 
6.1 1.17131059031 0.057483739943 
6.2 1.24240534151 0.0586838382414 
6.3 1.31756478407 0.0603485724753 
6.4 1.39691403217 0.0625413421442 
6.5 1.48054999129 0.0653442039609 
6.6 1.5685334899 0.0688613714939 
6.7 1.66087475869 0.0732253811614 
6.8 1.75751612114 0.0786043984732 
6.9 1.85829941644 0.0852158863821 
7 1.96293854783 0.0933380647578 
7.1 2.07097708074 0.103327705283 
7.2 2.18172862816 0.115645095414 
7.3 2.29420225931 0.130884412062 
7.4 2.40700718953 0.14981231558 
7.5 2.51824038397 0.17341200905 
7.6 2.62534130653 0.202937111495 
7.7 2.72493439979 0.239963394146 
7.8 2.8126742645 0.28642646853 
7.9 2.88313271526 0.344618751367 
8 2.92980959553 0.417093332277 
8.1 2.94538030187 0.506415937115 
8.2 2.92233993534 0.614675304239 
8.3 2.85415840489 0.742717778515 
8.4 2.73693312916 0.889168185096 
8.5 2.57120472862 1.04951653674 
8.6 2.36323733701 1.21575271848 
8.7 2.12489566808 1.37707660534 
8.8 1.8717764003 1.5217337354 
8.9 1.62006368987 1.63945793115 
9 1.38339360796 1.72351629478 
9.1 1.17093819827 1.7715512884 
9.2 0.987080648193 1.78516541133 
9.3 0.832298078603 1.76869825042 
9.4 0.704519969208 1.72784161599 
9.5 0.60039312936 1.66852106459 
9.6 0.516196025927 1.59618541309 
9.7 0.448378874488 1.5154659212 
9.8 0.393822741106 1.43008553052 
9.9 0.349916286372 1.34291429764 
10 0.314538808202 1.25608709266 
10.1 0.28599864289 1.17113958863 
10.2 0.262961216941 1.08913528615 
10.3 0.244379700007 1.01077523394 
10.4 0.229435295296 0.936486971762 
10.5 0.217486959111 0.866496937692 
10.6 0.20803306613 0.800883263978 
10.7 0.200680235239 0.739618438835 
10.8 0.195119533102 0.682600867372 
10.9 0.191108095029 0.629678522268 
11 0.188455035606 0.580666553812 
11.1 0.187010711325 0.535360218788 
11.2 0.186657884327 0.493545110506 
11.3 0.18730595673 0.455003104055 
11.4 0.188885700296 0.41951786201 
11.5 0.19134537037 0.38687834935 
11.6 0.194647735822 0.356881177421 
11.7 0.198767743433 0.329332155969 
11.8 0.203690766204 0.30404718842 
11.9 0.209411181153 0.280852784802 
12 0.215930810549 0.259586735059 
12.1 0.223258874949 0.240097067576 
12.2 0.23141063121 0.222242631227 
12.3 0.240407270002 0.205892323744 
12.4 0.250275332937 0.190924863931 
12.5 0.261046484698 0.177228231289 
12.6 0.272757373855 0.164699155319 
12.7 0.285449393604 0.15324263146 
12.8 0.299168755443 0.142771385363 
12.9 0.313966383976 0.133205398091 
13 0.329898008387 0.124471415889 
13.1 0.3470239133 0.116502430654 
13.2 0.365409550687 0.10923739938 
13.3 0.385125318244 0.102620688732 
13.4 0.40624662537 0.0966016997953 
13.5 0.428854366626 0.0911347826734 
13.6 0.453034710526 0.0861785313706 
13.7 0.478879465421 0.0816958437717 
13.8 0.506486214978 0.0776535745878 
13.9 0.535958387922 0.0740221378713 
14 0.567405456783 0.0707757736327 
14.1 0.600943074178 0.0678919533488 
14.2 0.636693055064 0.0653515506482 
14.3 0.674783397108 0.06313890478 
14.4 0.715348485854 0.061241403093 
14.5 0.758528369174 0.0596501847151 
14.6 0.80446913349 0.0583597580359 
14.7 0.853322259181 0.0573683534909 
14.8 0.905243191281 0.056678790973 
14.9 0.960392218633 0.0562979081464 
15 1.01893076958 0.0562384282493 
15.1 1.08102131061 0.0565190258186 
15.2 1.14682606697 0.0571649058737 
15.3 1.21649953145 0.0582111852227 
15.4 1.29018846946 0.059702918602 
15.5 1.36802282961 0.0616989663092 
15.6 1.45011328241 0.0642731601089 
15.7 1.53653500415 0.0675212293725 
15.8 1.62731836529 0.0715647616862 
15.9 1.72242995006 0.076559101212 
16 1.82175169345 0.0827022619065 
16.1 1.92504976951 0.0902480630017 
16.2 2.03193478001 0.0995226629957 
16.3 2.14180692537 0.110947408806 
16.4 2.25379479755 0.125064227316 
16.5 2.36666364117 0.142572966146 
16.6 2.47870811412 0.1643737576 
16.7 2.58762109885 0.191616853573 
16.8 2.69033718848 0.225757318301 
16.9 2.78287461007 0.268599045539 
17 2.8602002213 0.322312470155 
17.1 2.91618543254 0.389374274843 
17.2 2.94374924494 0.472389641186 
17.3 2.93534999723 0.573689120322 
17.4 2.88394158366 0.694668528239 
17.5 2.7844715477 0.834864077551 
17.6 2.63569929094 0.990968324648 
17.7 2.44176534591 1.15620772263 
17.8 2.21265349541 1.32062518766 
17.9 1.96294059458 1.47254027305 
18 1.7089887827 1.60087918542 
18.1 1.46564738826 1.69747540709 
18.2 1.24380005096 1.75839641026 
18.3 1.04949061147 1.78393950284 
18.4 0.884447640597 1.7776266833 
18.5 0.747353688573 1.74481412713 
18.6 0.635189419902 1.69144557661 
18.7 0.54428602162 1.62319555873 
18.8 0.470991627983 1.54500760282 
18.9 0.412016688747 1.46092917886 
19 0.364567147737 1.37412372454 
19.1 0.326352464242 1.28697378733 
19.2 0.295535403134 1.20121413302 
19.3 0.270662221894 1.11806352615 
19.4 0.250590523348 1.03834146921 
19.5 0.234425968092 0.962564653932 
19.6 0.221469032317 0.891024191494 
19.7 0.21117242025 0.823845495231 
19.8 0.203106670414 0.761035547894 
19.9 0.196934916535 0.702516198752 
20 0.192392914355 0.648150337575 
