Time Prey Predator
0.0  1.01604705253 1.49722826211
0.1 0.889789582652 1.48997774263 
0.2 0.780901895746 1.4654386323 
0.3 0.688255460272 1.42686988904 
0.4 0.6101870673 1.37752892034 
0.5 0.544843666254 1.32041301909 
0.6 0.490398176432 1.25812619115 
0.7 0.445173582797 1.19283371363 
0.8 0.407694484194 1.12627555243 
0.9 0.376701451966 1.05980691905 
1 0.351140382014 0.994452862949 
1.1 0.330139703975 0.930965103258 
1.2 0.312985217751 0.869874083907 
1.3 0.299094986034 0.811534793262 
1.4 0.287996639941 0.756165421642 
1.5 0.27930785528 0.703878894892 
1.6 0.272719423636 0.654709411877 
1.7 0.26798238992 0.608631287263 
1.8 0.264896810724 0.565575564391 
1.9 0.263302694984 0.525443205465 
2 0.26307284499 0.488114517007 
2.1 0.264107242685 0.453456328951 
2.2 0.266328451573 0.421327822913 
2.3 0.269677992307 0.391584911454 
2.4 0.274113308528 0.364083475867 
2.5 0.27960543051 0.338681805307 
2.6 0.286137428422 0.315241730117 
2.7 0.293702330608 0.293630892046 
2.8 0.302302484444 0.273722598851 
2.9 0.311948155216 0.255397008705 
3 0.322657132002 0.238540863618 
3.1 0.334453852466 0.223048042806 
3.2 0.347369130776 0.208819228767 
3.3 0.361439672494 0.195762010176 
3.4 0.376707858778 0.183790583622 
3.5 0.39322149781 0.172825587492 
3.6 0.41103367405 0.162793852611 
3.7 0.430202633172 0.153628142252 
3.8 0.45079163335 0.145266950917 
3.9 0.472869009038 0.137654106482 
4 0.496508077276 0.130738570494 
4.1 0.521786839399 0.12447448826 
4.2 0.54878827334 0.118820629859 
4.3 0.577599948671 0.113740456978 
4.4 0.608313964053 0.109201958187 
4.5 0.641026916437 0.105177467529 
4.6 0.67583928627 0.101643826455 
4.7 0.712855444796 0.0985822389561 
4.8 0.752182989774 0.0959784355477 
4.9 0.793931875389 0.0938229333532 
5 0.838214142604 0.0921110967941 
5.1 0.885142012658 0.0908437953088 
5.2 0.934826974687 0.0900277411026 
5.3 0.987378133505 0.0896761093277 
5.4 1.04289851154 0.0898098989112 
5.5 1.1014838964 0.0904584202437 
5.6 1.16321772622 0.0916612223483 
5.7 1.22816551587 0.0934702083728 
5.8 1.29636988641 0.0959515583378 
5.9 1.36784111061 0.0991893086974 
6 1.44254934242 0.103288337399 
6.1 1.52040775865 0.108380760153 
6.2 1.60126105139 0.114630313707 
6.3 1.68485995321 0.122241821818 
6.4 1.77084010345 0.131469157413 
6.5 1.85868901903 0.142627337092 
6.6 1.94770323321 0.15610804629 
6.7 2.03694545421 0.172394249931 
6.8 2.12519025836 0.19207856768 
6.9 2.21085943851 0.215881910599 
7 2.29195564018 0.244672046363 
7.1 2.36600489499 0.279467304543 
7.2 2.43001499861 0.321429287744 
7.3 2.48046966209 0.371827908299 
7.4 2.51342241409 0.431940241429 
7.5 2.52468351251 0.502899260376 
7.6 2.51018717429 0.585440108552 
7.7 2.46653751233 0.679566882816 
7.8 2.39169963259 0.784175698285 
7.9 2.28571499956 0.896732515862 
8 2.15121841501 1.01315511619 
8.1 1.99352604192 1.12802842571 
8.2 1.820120875 1.23521935044 
8.3 1.63960765768 1.3287736143 
8.4 1.4604213129 1.40384254504 
8.5 1.28968429495 1.45735458792 
8.6 1.13251449835 1.48825550051 
8.7 0.991867681348 1.49732509488 
8.8 0.868802167957 1.48671360184 
8.9 0.762960466976 1.45938851794 
9 0.673086176999 1.41863293684 
9.1 0.597461738829 1.36767190376 
9.2 0.534225343165 1.30943870004 
9.3 0.481570189984 1.24645940724 
9.4 0.43785264277 1.18082042635 
9.5 0.401636268604 1.1141887001 
9.6 0.37170032433 1.0478550944 
9.7 0.347025303561 0.982791165486 
9.8 0.326770197629 0.919704678005 
9.9 0.310246633391 0.859090999622 
10 0.296894197806 0.801277649806 
10.1 0.286258265667 0.746461614117 
10.2 0.277970790803 0.694739866198 
10.3 0.271734590991 0.646133989823 
10.4 0.267310317896 0.600609561227 
10.5 0.26450578181 0.558091638298 
10.6 0.263167363353 0.518476804889 
10.7 0.263173214509 0.481642291777 
10.8 0.264427758628 0.447453116613 
10.9 0.266857233386 0.415767641211 
11 0.270406217835 0.386441567747 
11.1 0.275034750844 0.359331109221 
11.2 0.280716291151 0.33429488008 
11.3 0.287435681348 0.311195935667 
11.4 0.295187834181 0.289902720078 
11.5 0.303976468425 0.270289938499 
11.6 0.313813380534 0.252238734248 
11.7 0.3247175046 0.23563729867 
11.8 0.336714540231 0.220380625833 
11.9 0.349836343805 0.206370748501 
12 0.364120699034 0.193516417943 
12.1 0.37961096716 0.181733034699 
12.2 0.396355927417 0.170942372825 
12.3 0.414409608282 0.161072359679 
12.4 0.43383112823 0.152056860929 
12.5 0.454684737402 0.143835275902 
12.6 0.477039711621 0.136352335133 
12.7 0.500970078214 0.129558126658 
12.8 0.526554898116 0.123407505846 
12.9 0.553877894157 0.117860167713 
13 0.583027470564 0.112880406553 
13.1 0.614096647859 0.108436940051 
13.2 0.647182593696 0.104503006821 
13.3 0.682386684049 0.101056165705 
13.4 0.719813836711 0.0980784569077 
13.5 0.759572047766 0.0955564966435 
13.6 0.801771978357 0.0934815665141 
13.7 0.846525437524 0.0918501183802 
13.8 0.893944913504 0.0906639394261 
13.9 0.944141634824 0.0899308508438 
14 0.997223315754 0.0896655400184 
14.1 1.05329283015 0.0898900937769 
14.2 1.1124433914 0.0906357946705 
14.3 1.1747554594 0.0919443223369 
14.4 1.24029102929 0.0938699271602 
14.5 1.30908755409 0.0964817521163 
14.6 1.38114944616 0.099867084182 
14.7 1.45643628856 0.104135843932 
14.8 1.5348519436 0.109424721241 
14.9 1.61622339451 0.115905104597 
15 1.70028522277 0.123788973131 
15.1 1.78664578431 0.133341396334 
15.2 1.8747623677 0.14488983045 
15.3 1.96389475257 0.158840474737 
15.4 2.05305616523 0.175695449351 
15.5 2.14096079679 0.196069376757 
15.6 2.22596060913 0.220708731856 
15.7 2.30597709596 0.250506784802 
15.8 2.37844103833 0.286512477658 
15.9 2.44026426648 0.329910113423 
16 2.4878467609 0.381977045264 
16.1 2.51717601532 0.44398068152 
16.2 2.5240538218 0.517001965578 
16.3 2.50449195121 0.601669775725 
16.4 2.45528440483 0.697816530948 
16.5 2.3747237975 0.804098552937 
16.6 2.26329200743 0.917702460402 
16.7 2.12412131823 1.03427529795 
16.8 1.96297686175 1.14821544846 
16.9 1.78763579172 1.253350543 
17 1.60676531302 1.34386500832 
17.1 1.4286381146 1.41519193188 
17.2 1.26004864984 1.46462172209 
17.3 1.10572043943 1.49145635332 
17.4 0.968236238395 1.49676378778 
17.5 0.848357634964 1.48288466248 
17.6 0.745526742051 1.45287764356 
17.7 0.658374562008 1.41003855529 
17.8 0.585136668639 1.35755352051 
17.9 0.523949827883 1.29828700822 
18 0.473031586712 1.23468544858 
18.1 0.430773978558 1.16875668741 
18.2 0.39578048434 1.10209512109 
18.3 0.366868004336 1.03592993618 
18.4 0.343051531044 0.97118041725 
18.5 0.323519764202 0.908512136895 
18.6 0.307609248063 0.848387120806 
18.7 0.294780234874 0.791106720603 
18.8 0.284595064636 0.736847713685 
18.9 0.27669970968 0.685691765346 
19 0.270808364648 0.637648978954 
19.1 0.266690907011 0.592676637304 
19.2 0.264162693796 0.550693855314 
19.3 0.263076338809 0.511593022773 
19.4 0.263315145961 0.475248738718 
19.5 0.264787763339 0.441524469366 
19.6 0.267424008437 0.410277799868 
19.7 0.271171457065 0.381364322056 
19.8 0.275992792812 0.354640448508 
19.9 0.281863582177 0.329965650451 
20 0.28877059738 0.307203879029 
