Time Prey Predator
0.0  0.924645871902 1.90156142125
0.1 0.768298024434 1.87208706092 
0.2 0.642037008679 1.81727533249 
0.3 0.541160461717 1.74421541488 
0.4 0.460997682644 1.65907289986 
0.5 0.397400515904 1.56683305259 
0.6 0.346903635944 1.47134338616 
0.7 0.306719563546 1.37545143453 
0.8 0.274654830956 1.28119325585 
0.9 0.249005278697 1.18997045234 
1 0.228455980269 1.10270216267 
1.1 0.211993823522 1.01995064504 
1.2 0.198836280436 0.942019559487 
1.3 0.188381368035 0.869020177666 
1.4 0.180162634694 0.800932269613 
1.5 0.17381793509 0.737643669952 
1.6 0.169065393508 0.678980424058 
1.7 0.165684827635 0.624729553134 
1.8 0.163504624445 0.574654300104 
1.9 0.162390988351 0.528506345453 
2 0.162240149394 0.486033995833 
2.1 0.162972267182 0.446988111915 
2.2 0.164526848763 0.411126155965 
2.3 0.166859262547 0.378214850013 
2.4 0.169937500062 0.34803252201 
2.5 0.173740840978 0.320369073899 
2.6 0.178257732251 0.295027165136 
2.7 0.183484510415 0.271822296577 
2.8 0.189424626495 0.25058242365 
2.9 0.196087711458 0.231147800522 
3 0.20348901314 0.213370461421 
3.1 0.211649049519 0.19711362457 
3.2 0.220593282112 0.182251120842 
3.3 0.230351638776 0.168666867635 
3.4 0.240958581646 0.156254158729 
3.5 0.252453143596 0.144914945818 
3.6 0.26487852838 0.134559400927 
3.7 0.278282540287 0.125105286199 
3.8 0.292717214049 0.116477362456 
3.9 0.308239268268 0.108606991753 
4 0.324909908708 0.101431485302 
4.1 0.342795203127 0.0948938396957 
4.2 0.361966072235 0.0889421458347 
4.3 0.382498562848 0.0835293441522 
4.4 0.404474009786 0.0786128085241 
4.5 0.427979233642 0.074154058917 
4.6 0.453106787027 0.0701185083673 
4.7 0.479955095884 0.0664750094615 
4.8 0.508628726304 0.0631958553464 
4.9 0.539238658693 0.0602566736625 
5 0.571902602493 0.0576362254104 
5.1 0.606744895142 0.0553161453098 
5.2 0.643896654393 0.0532808436839 
5.3 0.683496287549 0.0515176997885 
5.4 0.725689131209 0.0500170013294 
5.5 0.770627444836 0.0487720095754 
5.6 0.818470736 0.0477790641372 
5.7 0.869384818459 0.0470379792556 
5.8 0.923541387136 0.0465523518623 
5.9 0.981118149286 0.0463297320841 
6 1.04229638739 0.0463827301394 
6.1 1.10725956851 0.046729774 
6.2 1.17619309632 0.0473954669899 
6.3 1.24927890579 0.0484129861963 
6.4 1.32669146327 0.0498259517959 
6.5 1.40859398312 0.0516902769451 
6.6 1.49512861478 0.0540784853482 
6.7 1.58641321156 0.0570813096651 
6.8 1.68251752861 0.0608180061528 
6.9 1.7834520242 0.0654413009871 
7 1.88914501728 0.0711472946461 
7.1 1.99940885469 0.078190316694 
7.2 2.11389518812 0.0869022943132 
7.3 2.23204199263 0.0977154355542 
7.4 2.35299461897 0.111196537133 
7.5 2.47550870963 0.128088229982 
7.6 2.5978139649 0.149366042592 
7.7 2.71745728105 0.176302251047 
7.8 2.83110001354 0.21054375141 
7.9 2.93429770196 0.254186440983 
8 3.02129024603 0.309824709445 
8.1 3.0848842918 0.380520159628 
8.2 3.11655581352 0.469615568901 
8.3 3.10700402842 0.580257604012 
8.4 3.04735533257 0.714539859799 
8.5 2.93117558804 0.872229552514 
8.6 2.75699381141 1.04936186866 
8.7 2.53050215052 1.23732228035 
8.8 2.2650692136 1.42330339359 
8.9 1.97971214192 1.59249012454 
9 1.69490771939 1.73142221279 
9.1 1.42808250161 1.83103929402 
9.2 1.19075789093 1.88805788721 
9.3 0.98806974825 1.9044530041 
9.4 0.820069217826 1.88574423247 
9.5 0.683662185304 1.83907764576 
9.6 0.574337795613 1.77173442382 
9.7 0.487339123847 1.69024946103 
9.8 0.418302536685 1.60003389998 
9.9 0.363514496955 1.50532720141 
10 0.319954027021 1.40931103328 
10.1 0.285229066051 1.31428784882 
10.2 0.257474049301 1.22186523329 
10.3 0.235246444086 1.13311830568 
10.4 0.217434407247 1.0487239402 
10.5 0.203181686989 0.969066363378 
10.6 0.191827875522 0.894317924537 
10.7 0.182862309987 0.824500203621 
10.8 0.175888908575 0.759529738834 
10.9 0.170599520434 0.6992518085 
11 0.166753756887 0.643465280622 
11.1 0.164164667077 0.591939493767 
11.2 0.162685968412 0.544429412694 
11.3 0.162203978208 0.500683888644 
11.4 0.162630917886 0.460452392786 
11.5 0.163899851041 0.423489723994 
11.6 0.16596077927 0.389559217934 
11.7 0.168777543312 0.358434862412 
11.8 0.172325709216 0.329902267291 
11.9 0.176590591385 0.303759604445 
12 0.18156592688 0.27981779049 
12.1 0.187252682119 0.257900496711 
12.2 0.193658406352 0.237843622045 
12.3 0.200796376525 0.21949515177 
12.4 0.208685309908 0.202714362166 
12.5 0.217348851826 0.187371468626 
12.6 0.226815409827 0.173346859204 
12.7 0.237117925081 0.160530529999 
12.8 0.248293772884 0.148821459403 
12.9 0.260384714875 0.138126993349 
13 0.273436854209 0.128362295472 
13.1 0.287500790936 0.119449674013 
13.2 0.302631554816 0.11131818969 
13.3 0.318888735929 0.103903142566 
13.4 0.336336694055 0.0971455318581 
13.5 0.355044578924 0.0909917166829 
13.6 0.375086625812 0.0853929554868 
13.7 0.396542259632 0.0803050839237 
13.8 0.419496334393 0.0756881806928 
13.9 0.444039351134 0.0715062706711 
14 0.470267633616 0.0677270731166 
14.1 0.498283617083 0.0643217744079 
14.2 0.528195996317 0.0612648299728 
14.3 0.560119999206 0.0585338083375 
14.4 0.594177548248 0.0561092750115 
14.5 0.630497412259 0.0539747096139 
14.6 0.669215408806 0.052116457782 
14.7 0.710474294125 0.0505237802131 
14.8 0.75442404633 0.0491888451419 
14.9 0.801221685397 0.0481068792851 
15 0.851030542677 0.0472765214252 
15.1 0.904020651178 0.0466998642919 
15.2 0.960367681425 0.0463830110381 
15.3 1.02025122824 0.0463369039375 
15.4 1.08385507521 0.0465774631967 
15.5 1.15136392225 0.0471270950939 
15.6 1.22295991834 0.0480163114178 
15.7 1.29882236633 0.0492841259555 
15.8 1.3791196437 0.0509815969497 
15.9 1.46400223723 0.0531749446733 
16 1.55359549997 0.0559488867989 
16.1 1.6479876129 0.0594119400412 
16.2 1.7472169417 0.0637020115754 
16.3 1.85124128092 0.0689997205874 
16.4 1.95991589788 0.0755379381889 
16.5 2.07295872575 0.083616932 
16.6 2.1898891772 0.0936310481966 
16.7 2.30996564075 0.106095339476 
16.8 2.43209355424 0.12168509089 
16.9 2.55470665864 0.14128603237 
17 2.67561459329 0.166056984448 
17.1 2.79181511431 0.197503861914 
17.2 2.89928018676 0.237555966159 
17.3 2.99273935827 0.288626364226 
17.4 3.06550197853 0.353629307301 
17.5 3.10948455599 0.435839843746 
17.6 3.11556140031 0.538550397686 
17.7 3.07451935957 0.664353048798 
17.8 2.9787923836 0.813997992327 
17.9 2.82486605755 0.984984350897 
18 2.61572153898 1.17038227108 
18.1 2.36210985151 1.35870336763 
18.2 2.08144509898 1.53549372417 
18.3 1.79422991185 1.68641829872 
18.4 1.51941802061 1.800595572 
18.5 1.27078334672 1.87267693869 
18.6 1.05564011401 1.90293363169 
18.7 0.875624412987 1.89585938963 
18.8 0.728532797484 1.85822539583 
18.9 0.610191326805 1.79739576365 
19 0.515832819303 1.72023397197 
19.1 0.440910318374 1.6325659162 
19.2 0.381468206884 1.53903717224 
19.3 0.334243824664 1.44318505403 
19.4 0.296634375508 1.34760041419 
19.5 0.266600452368 1.25411650724 
19.6 0.242561583375 1.16397961155 
19.7 0.223298390974 1.07799394275 
19.8 0.207871953065 0.996636851459 
19.9 0.195558605176 0.920147654103 
20 0.18579930711 0.84859527781 
