Time Prey Predator
0.0  1.19718257133 0.866906809248
0.1 1.13884850066 0.881590943616 
0.2 1.0815898984 0.891351310429 
0.3 1.02621442497 0.896152752761 
0.4 0.973368150472 0.896112274727 
0.5 0.923534791061 0.891479642261 
0.6 0.877045313826 0.882608661309 
0.7 0.834097964821 0.869926121223 
0.8 0.794777365541 0.853905996173 
0.9 0.759077704471 0.835043391592 
1 0.726923440537 0.813834180514 
1.1 0.698193949273 0.790752551271 
1.2 0.672733952693 0.766247582724 
1.3 0.650370495342 0.740729767078 
1.4 0.630922907698 0.714567405459 
1.5 0.614210832205 0.688084863978 
1.6 0.600059773546 0.661563057552 
1.7 0.588304944672 0.635241092921 
1.8 0.578794051848 0.609318798829 
1.9 0.571388007397 0.583960753194 
2 0.565961571139 0.559299607164 
2.1 0.56240357057 0.535439759277 
2.2 0.560616231361 0.512461179465 
2.3 0.560514534222 0.490422714782 
2.4 0.56202549101 0.469365337018 
2.5 0.565087145812 0.449314981073 
2.6 0.569647685903 0.43028495209 
2.7 0.575664668313 0.412279230438 
2.8 0.583103888657 0.395292786355 
2.9 0.591938576049 0.379314885205 
3 0.602148692593 0.364329620843 
3.1 0.613720042083 0.350317676766 
3.2 0.62664352316 0.337257565248 
3.3 0.640914460096 0.325126019907 
3.4 0.656531736641 0.313899760323 
3.5 0.673497219084 0.303555144505 
3.6 0.691814892726 0.294069872144 
3.7 0.711490132681 0.285422602855 
3.8 0.732528950214 0.277594180976 
3.9 0.754936976794 0.270567579475 
4 0.77871873886 0.264328606778 
4.1 0.803876396873 0.258866180386 
4.2 0.830408780884 0.254172703203 
4.3 0.85831008015 0.250244525764 
4.4 0.887568228371 0.247082240053 
4.5 0.918163697683 0.244691163753 
4.6 0.950066866228 0.243081769979 
4.7 0.983237723941 0.242270033313 
4.8 1.01762146438 0.242278120927 
4.9 1.05314689388 0.243134807456 
5 1.08972483989 0.244875893368 
5.1 1.12724179824 0.247545130367 
5.2 1.16556012291 0.251194444276 
5.3 1.20451246409 0.255884561009 
5.4 1.24389679916 0.261685600768 
5.5 1.28347557459 0.268677474997 
5.6 1.32296840054 0.276949242869 
5.7 1.3620496198 0.28660004372 
5.8 1.40034518284 0.297738348239 
5.9 1.43742993926 0.31047835076 
6 1.47282517218 0.3249403942 
6.1 1.50600321787 0.341244774832 
6.2 1.53638417943 0.359510826213 
6.3 1.56335168428 0.379844334546 
6.4 1.5862596135 0.402331801515 
6.5 1.60444870268 0.42702966548 
6.6 1.6172719366 0.45394929181 
6.7 1.62411910106 0.483043478702 
6.8 1.62445570366 0.514189128598 
6.9 1.617855424 0.547173871718 
7 1.60404114729 0.581681527452 
7.1 1.58291904983 0.617287246499 
7.2 1.55460905007 0.653452788436 
7.3 1.51945651883 0.689543304019 
7.4 1.47803497748 0.724842557092 
7.5 1.43112752023 0.758585522308 
7.6 1.37969108446 0.789998068845 
7.7 1.32480530771 0.81834122053 
7.8 1.26761144583 0.842955694995 
7.9 1.20925093627 0.863299724358 
8 1.15080697053 0.878978197165 
8.1 1.09325596365 0.889759295857 
8.2 1.03743459588 0.895576073479 
8.3 0.984021950037 0.896516553354 
8.4 0.933534747653 0.892804692737 
8.5 0.8863349832 0.884774243141 
8.6 0.842646255834 0.872839547114 
8.7 0.802574914508 0.857466942367 
8.8 0.766132051753 0.83914891619 
8.9 0.733255938893 0.818381579504 
9 0.70383243934 0.795646782182 
9.1 0.677712295418 0.771399232496 
9.2 0.654725277468 0.746057639796 
9.3 0.63469156107 0.719999247113 
9.4 0.617430234654 0.693557496801 
9.5 0.602765340585 0.667022029998 
9.6 0.590529907934 0.640640347091 
9.7 0.580569092324 0.614619977558 
9.8 0.572740364414 0.589133155608 
9.9 0.566915919898 0.564318419145 
10 0.562981609903 0.540285725744 
10.1 0.560836941572 0.517119759272 
10.2 0.56039441458 0.49488339876 
10.3 0.561578636739 0.473621050669 
10.4 0.564325434441 0.453361557714 
10.5 0.568581034449 0.434120823966 
10.6 0.574301115895 0.415904196937 
10.7 0.581449765121 0.39870854824 
10.8 0.589998764423 0.382524084484 
10.9 0.599926798559 0.367335863668 
11 0.611218488278 0.35312517834 
11.1 0.623863800015 0.339870836357 
11.2 0.637857180343 0.327549945274 
11.3 0.653196861442 0.316139073376 
11.4 0.669884168034 0.305614688851 
11.5 0.687922693103 0.295954090026 
11.6 0.707317626968 0.287135763866 
11.7 0.7280748827 0.279140016815 
11.8 0.750200284787 0.271949391089 
11.9 0.773698653215 0.265549044235 
12 0.798572722955 0.259927252484 
12.1 0.824822142224 0.255075656984 
12.2 0.852442028822 0.250989821077 
12.3 0.881421954698 0.247669345381 
12.4 0.911743980158 0.245118537517 
12.5 0.943380982718 0.243346808802 
12.6 0.976295021036 0.242368936418 
12.7 1.01043446433 0.242205804575 
12.8 1.04573209357 0.242884735876 
12.9 1.08210214626 0.24444008005 
13 1.11943688648 0.246913877134 
13.1 1.15760385879 0.250356352528 
13.2 1.19644176238 0.254826389776 
13.3 1.23575664918 0.260392163606 
13.4 1.2753179883 0.267131555889 
13.5 1.3148548731 0.27513175065 
13.6 1.35405106675 0.284490112804 
13.7 1.39254285803 0.295312571223 
13.8 1.42991622064 0.30771231406 
13.9 1.46570206213 0.321809670793 
14 1.4993820176 0.337725726968 
14.1 1.53038880244 0.35557882084 
14.2 1.5581131898 0.375478168976 
14.3 1.58191182284 0.397516370703 
14.4 1.60112753033 0.421756662338 
14.5 1.6151074649 0.448220865698 
14.6 1.62323230896 0.476875131347 
14.7 1.62494853692 0.507613151522 
14.8 1.61980355484 0.540242741161 
14.9 1.60748814487 0.57446883258 
15 1.5878692769 0.609887510108 
15.1 1.56101911893 0.64598685215 
15.2 1.52723586196 0.682149697378 
15.3 1.48704815138 0.717673013767 
15.4 1.44119842272 0.751799781493 
15.5 1.39061095895 0.783754144623 
15.6 1.33634490902 0.812786111379 
15.7 1.27953338434 0.838217268045 
15.8 1.22132371765 0.859478223293 
15.9 1.16281345215 0.876143174777 
16 1.10500496603 0.887945157892 
16.1 1.04876607367 0.894783623622 
16.2 0.99480811792 0.896716113541 
16.3 0.943681820963 0.893940154232 
16.4 0.89577977773 0.886769282349 
16.5 0.851353605966 0.875602681584 
16.6 0.810531423176 0.86089899799 
16.7 0.773342362236 0.843147017546 
16.8 0.739738372856 0.822843576552 
16.9 0.709614080856 0.800475174456 
17 0.682826407637 0.776502902255 
17.1 0.659208265871 0.751353588684 
17.2 0.638580998251 0.725413221128 
17.3 0.620763276178 0.699024512839 
17.4 0.605577585584 0.672486085824 
17.5 0.592855044734 0.646053609451 
17.6 0.58243753046 0.619943457904 
17.7 0.574180583585 0.594333905434 
17.8 0.56795300725 0.56937050874 
17.9 0.563638061514 0.5451686206 
18 0.561132363526 0.521817989284 
18.1 0.560345816773 0.499385655855 
18.2 0.561200592189 0.477919588798 
18.3 0.563630261537 0.457451616472 
18.4 0.567579017723 0.438000086347 
18.5 0.573000584126 0.419572352372 
18.6 0.579857462902 0.402166857265 
18.7 0.58811996652 0.385775037041 
18.8 0.597765432098 0.370382923327 
18.9 0.608777224665 0.355972430891 
19 0.621144298714 0.342522850129 
19.1 0.634860256693 0.330011552823 
19.2 0.649922604474 0.318415057784 
19.3 0.666332062946 0.307709953786 
19.4 0.684091876832 0.297873143171 
19.5 0.703206909531 0.288882958665 
19.6 0.72368303599 0.280719240918 
19.7 0.745526184647 0.273363995855 
19.8 0.768741396134 0.266801910983 
19.9 0.7933320342 0.261020460252 
20 0.819298371431 0.25601066219 
