Time Prey Predator
0.0  1.65564057422 1.20131326448
0.1 1.50042098073 1.27279828821 
0.2 1.34829017738 1.32790981541 
0.3 1.20415008072 1.36498590816 
0.4 1.07142601869 1.38377757676 
0.5 0.952060960972 1.38524165999 
0.6 0.846724065811 1.37121280467 
0.7 0.755133812499 1.34403484314 
0.8 0.676393100958 1.30623625571 
0.9 0.609269181511 1.26029123236 
1 0.552409341816 1.20846038345 
1.1 0.504471022941 1.15271771194 
1.2 0.464207214331 1.09471855708 
1.3 0.43050480009 1.03580892038 
1.4 0.402397766396 0.977052273929 
1.5 0.37906251088 0.919266872446 
1.6 0.359806481307 0.863063660264 
1.7 0.344052616958 0.80888300105 
1.8 0.331323330788 0.757027434345 
1.9 0.321225436713 0.707689642992 
2 0.31343616603 0.660977711459 
2.1 0.307691868444 0.616932726823 
2.2 0.303778036218 0.575545566076 
2.3 0.301520833609 0.53676996269 
2.4 0.300780453737 0.500532360505 
2.5 0.301445638277 0.466739775105 
2.6 0.303428880969 0.435286541119 
2.7 0.306662730772 0.406059172799 
2.8 0.311097036516 0.378939715887 
2.9 0.316696114944 0.35380928125 
3 0.323437391584 0.330549177448 
3.1 0.331309004664 0.309043975975 
3.2 0.340309043804 0.289181682796 
3.3 0.350444248418 0.270854924563 
3.4 0.361729250851 0.253961434338 
3.5 0.374185889262 0.238404388009 
3.6 0.387842636233 0.224092666283 
3.7 0.402734136294 0.210940919079 
3.8 0.418900826542 0.198869592791 
3.9 0.43638866072 0.18780482698 
4 0.455248988455 0.177678138033 
4.1 0.475538018767 0.1684268144 
4.2 0.49731696521 0.159993271189 
4.3 0.520651691537 0.152325105523 
4.4 0.545612473745 0.145375032886 
4.5 0.572274021908 0.13910051017 
4.6 0.600714944126 0.133463938554 
4.7 0.631017756301 0.128432348052 
4.8 0.663268325977 0.123977506662 
4.9 0.6975554756 0.120075931331 
5 0.733970578291 0.116708877224 
5.1 0.772606470983 0.113862655897 
5.2 0.813557048327 0.111528672337 
5.3 0.856915635317 0.109703940947 
5.4 0.902773800607 0.108391453724 
5.5 0.95121971504 0.107600720531 
5.6 1.00233506758 0.107348831458 
5.7 1.05619346712 0.107661021566 
5.8 1.11285536293 0.10857246048 
5.9 1.17236461048 0.110129488329 
6 1.23474288836 0.112391619053 
6.1 1.29998083704 0.115434704562 
6.2 1.36803289762 0.119352821417 
6.3 1.43880252754 0.124263525906 
6.4 1.51213067868 0.130311987878 
6.5 1.58777842206 0.137677066591 
6.6 1.66540829403 0.146577890732 
6.7 1.74455771196 0.157282858207 
6.8 1.82461022971 0.170119414815 
6.9 1.90476142746 0.185484509684 
7 1.98397763282 0.203857152975 
7.1 2.06095608165 0.225808247448 
7.2 2.13407781801 0.25200992646 
7.3 2.20136675946 0.283241175363 
7.4 2.2604755637 0.320367831149 
7.5 2.30868323113 0.364319305344 
7.6 2.3429537394 0.416023516757 
7.7 2.36006723659 0.476300610666 
7.8 2.35685198514 0.545703764487 
7.9 2.33052359821 0.62431075906 
8 2.27913227978 0.71147969646 
8.1 2.20204222492 0.805626667594 
8.2 2.10033906942 0.904097479987 
8.3 1.97702648991 1.00321925344 
8.4 1.83688729424 1.09858834375 
8.5 1.6859756798 1.18557803931 
8.6 1.53083912966 1.25995821955 
8.7 1.3776782232 1.31845913733 
8.8 1.23165278404 1.35914088214 
8.9 1.09648951611 1.38148395632 
9 0.974411285045 1.38623185568 
9.1 0.866314211641 1.37507545267 
9.2 0.772078024772 1.35028481903 
9.3 0.690902624653 1.31437385863 
9.4 0.621603472491 1.26984164204 
9.5 0.562836145612 1.21900143358 
9.6 0.513248082239 1.16388681181 
9.7 0.471569933827 1.10621522911 
9.8 0.436660285969 1.04739238042 
9.9 0.40752398669 0.988534483308 
10 0.383310233935 0.930504797095 
10.1 0.363301966229 0.873951913368 
10.2 0.346900770337 0.819346921802 
10.3 0.333610779071 0.767017054834 
10.4 0.323023276039 0.717174882813 
10.5 0.314802843434 0.669942947771 
10.6 0.308674937776 0.625374130179 
10.7 0.304416118269 0.583468229185 
10.8 0.301845191329 0.54418530581 
10.9 0.300816225883 0.507456332011 
11 0.301212671908 0.473191782683 
11.1 0.302942671599 0.441288075501 
11.2 0.305935196537 0.411632755482 
11.3 0.310136850159 0.384108617546 
11.4 0.315509378392 0.358596625606 
11.5 0.322027557258 0.334978306222 
11.6 0.329677529562 0.31313744134 
11.7 0.338455624346 0.292961030228 
11.8 0.348366872374 0.274340909096 
11.9 0.359424495103 0.257173666978 
12 0.37164891987 0.241361469843 
12.1 0.385067380088 0.226812013877 
12.2 0.399713320482 0.213438843699 
12.3 0.415626097982 0.201161219174 
12.4 0.432850626911 0.189904149412 
12.5 0.451437138674 0.179598242885 
12.6 0.471440957324 0.170179589978 
12.7 0.492922299212 0.161589625862 
12.8 0.515946104081 0.153774970791 
12.9 0.540581780061 0.146687344161 
13 0.566903147818 0.140283308876 
13.1 0.594988237607 0.134524145718 
13.2 0.624918646706 0.12937611031 
13.3 0.656779694283 0.124810010197 
13.4 0.690659749001 0.120801371576 
13.5 0.726649493916 0.117330621538 
13.6 0.764841817577 0.114382944394 
13.7 0.805330288295 0.111948791698 
13.8 0.848208394452 0.110024070687 
13.9 0.893568558617 0.108610422527 
14 0.941499201152 0.107716221799 
14.1 0.992083853649 0.10735687148 
14.2 1.04539810459 0.107555868448 
14.3 1.10150466452 0.108346538559 
14.4 1.16045184942 0.109772604343 
14.5 1.22226564389 0.111891003781 
14.6 1.28694313527 0.114774248695 
14.7 1.35444777658 0.118512161658 
14.8 1.42469386811 0.12321738796 
14.9 1.49753512626 0.129029496754 
15 1.57274950847 0.136120298396 
15.1 1.65002120553 0.144700200926 
15.2 1.72891448292 0.15502715467 
15.3 1.80884550517 0.167416286063 
15.4 1.88904990506 0.182249942077 
15.5 1.96854200369 0.199990144524 
15.6 2.04607559304 0.221188895592 
15.7 2.12009698603 0.246497966189 
15.8 2.18870240809 0.276676337293 
15.9 2.24961945958 0.312573004722 
16 2.30020014867 0.355107605436 
16.1 2.33745672449 0.405219614644 
16.2 2.35819513804 0.463757453282 
16.3 2.35920882967 0.531343618531 
16.4 2.33760595017 0.608166900359 
16.5 2.29123539442 0.693745812242 
16.6 2.21916590434 0.786696386416 
16.7 2.12212124225 0.884576922644 
16.8 2.00272765502 0.983899996853 
16.9 1.8654475905 1.08037137688 
17 1.71613888851 1.16936139316 
17.1 1.56132152781 1.24651170847 
17.2 1.40732684238 1.30832743419 
17.3 1.25956116054 1.35259111954 
17.4 1.12204706955 1.37851070592 
17.5 0.997293922483 1.38660408576 
17.6 0.886434118338 1.37840600086 
17.7 0.789524135648 1.35609795191 
17.8 0.705870186969 1.32217075162 
17.9 0.63434308832 1.27914243613 
18 0.573615971326 1.22937205086 
18.1 0.522329143888 1.17495234002 
18.2 0.47919218934 1.11766354744 
18.3 0.443036583182 1.0589710475 
18.4 0.412838093795 1.00004540641 
18.5 0.387718180245 0.941796570585 
18.6 0.366934688175 0.884912231413 
18.7 0.34986718233 0.829895537367 
18.8 0.336000928738 0.777099527677 
18.9 0.324911263863 0.726757206506 
19 0.316249390402 0.679007054694 
19.1 0.309729597411 0.633914288426 
19.2 0.305119222257 0.591487889942 
19.3 0.302229362338 0.5516948537 
19.4 0.300907630467 0.514471186109 
19.5 0.301032148157 0.479730743969 
19.6 0.302506521533 0.447372287656 
19.7 0.305255879057 0.417284800301 
19.8 0.309223607696 0.389351695933 
19.9 0.314368635901 0.363454129997 
20 0.32066326251 0.339473468205 
