"Time" "Prey" "Predator" "PreyConsumed"
0 10 10 0
1 0 7 13
2 0 6 13
3 0 4 13
4 0 4 13
5 0 4 13
6 0 2 13
7 0 2 13
8 0 2 13
9 0 1 13
10 0 1 13
11 0 1 13
12 0 1 13
13 0 1 13
14 0 1 13
15 0 1 13
16 0 1 13
17 0 1 13
18 0 1 13
19 0 1 13
20 0 1 13
21 0 1 13
0 10 10 0
1 1 14 16
2 0 11 17
3 0 9 17
4 0 8 17
5 0 6 17
6 0 3 17
7 0 3 17
8 0 2 17
9 0 1 17
10 0 1 17
11 0 1 17
12 0 1 17
13 0 1 17
14 0 1 17
15 0 1 17
16 0 1 17
17 0 0 17
18 0 0 17
19 0 0 17
20 0 0 17
21 0 0 17
0 10 10 0
1 2 7 11
2 0 5 13
3 0 4 13
4 0 2 13
5 0 2 13
6 0 2 13
7 0 2 13
8 0 1 13
9 0 1 13
10 0 1 13
11 0 1 13
12 0 1 13
13 0 1 13
14 0 1 13
15 0 1 13
16 0 0 13
17 0 0 13
18 0 0 13
19 0 0 13
20 0 0 13
21 0 0 13
0 10 10 0
1 0 10 11
2 0 5 11
3 0 2 11
4 0 1 11
5 0 1 11
6 0 1 11
7 0 1 11
8 0 0 11
9 0 0 11
10 0 0 11
11 0 0 11
12 0 0 11
13 0 0 11
14 0 0 11
15 0 0 11
16 0 0 11
17 0 0 11
18 0 0 11
19 0 0 11
20 0 0 11
21 0 0 11
0 10 10 0
1 0 5 15
2 0 4 15
3 0 3 15
4 0 1 15
5 0 1 15
6 0 1 15
7 0 0 15
8 0 0 15
9 0 0 15
10 0 0 15
11 0 0 15
12 0 0 15
13 0 0 15
14 0 0 15
15 0 0 15
16 0 0 15
17 0 0 15
18 0 0 15
19 0 0 15
20 0 0 15
21 0 0 15
0 10 10 0
1 0 11 13
2 0 9 13
3 0 5 13
4 0 3 13
5 0 2 13
6 0 2 13
7 0 2 13
8 0 1 13
9 0 1 13
10 0 1 13
11 0 1 13
12 0 1 13
13 0 1 13
14 0 0 13
15 0 0 13
16 0 0 13
17 0 0 13
18 0 0 13
19 0 0 13
20 0 0 13
21 0 0 13
0 10 10 0
1 0 8 12
2 0 7 12
3 0 2 12
4 0 2 12
5 0 2 12
6 0 1 12
7 0 0 12
8 0 0 12
9 0 0 12
10 0 0 12
11 0 0 12
12 0 0 12
13 0 0 12
14 0 0 12
15 0 0 12
16 0 0 12
17 0 0 12
18 0 0 12
19 0 0 12
20 0 0 12
21 0 0 12
0 10 10 0
1 0 11 15
2 0 7 15
3 0 4 15
4 0 4 15
5 0 2 15
6 0 2 15
7 0 1 15
8 0 0 15
9 0 0 15
10 0 0 15
11 0 0 15
12 0 0 15
13 0 0 15
14 0 0 15
15 0 0 15
16 0 0 15
17 0 0 15
18 0 0 15
19 0 0 15
20 0 0 15
21 0 0 15
0 10 10 0
1 5 9 18
2 0 6 24
3 0 5 24
4 0 2 24
5 0 1 24
6 0 1 24
7 0 1 24
8 0 1 24
9 0 1 24
10 0 1 24
11 0 0 24
12 0 0 24
13 0 0 24
14 0 0 24
15 0 0 24
16 0 0 24
17 0 0 24
18 0 0 24
19 0 0 24
20 0 0 24
21 0 0 24
0 10 10 0
1 0 6 12
2 0 6 12
3 0 4 12
4 0 1 12
5 0 1 12
6 0 0 12
7 0 0 12
8 0 0 12
9 0 0 12
10 0 0 12
11 0 0 12
12 0 0 12
13 0 0 12
14 0 0 12
15 0 0 12
16 0 0 12
17 0 0 12
18 0 0 12
19 0 0 12
20 0 0 12
21 0 0 12
0 10 10 0
1 0 16 21
2 0 8 21
3 0 7 21
4 0 4 21
5 0 3 21
6 0 3 21
7 0 1 21
8 0 0 21
9 0 0 21
10 0 0 21
11 0 0 21
12 0 0 21
13 0 0 21
14 0 0 21
15 0 0 21
16 0 0 21
17 0 0 21
18 0 0 21
19 0 0 21
20 0 0 21
21 0 0 21
0 10 10 0
1 0 10 13
2 0 7 13
3 0 4 13
4 0 1 13
5 0 1 13
6 0 0 13
7 0 0 13
8 0 0 13
9 0 0 13
10 0 0 13
11 0 0 13
12 0 0 13
13 0 0 13
14 0 0 13
15 0 0 13
16 0 0 13
17 0 0 13
18 0 0 13
19 0 0 13
20 0 0 13
21 0 0 13
0 10 10 0
1 0 8 11
2 0 6 11
3 0 4 11
4 0 3 11
5 0 2 11
6 0 1 11
7 0 1 11
8 0 1 11
9 0 1 11
10 0 1 11
11 0 1 11
12 0 1 11
13 0 1 11
14 0 1 11
15 0 1 11
16 0 1 11
17 0 1 11
18 0 1 11
19 0 0 11
20 0 0 11
21 0 0 11
0 10 10 0
1 0 10 10
2 0 6 10
3 0 3 10
4 0 2 10
5 0 1 10
6 0 1 10
7 0 1 10
8 0 1 10
9 0 1 10
10 0 0 10
11 0 0 10
12 0 0 10
13 0 0 10
14 0 0 10
15 0 0 10
16 0 0 10
17 0 0 10
18 0 0 10
19 0 0 10
20 0 0 10
21 0 0 10
0 10 10 0
1 0 7 13
2 0 6 13
3 0 5 13
4 0 3 13
5 0 3 13
6 0 3 13
7 0 2 13
8 0 1 13
9 0 1 13
10 0 0 13
11 0 0 13
12 0 0 13
13 0 0 13
14 0 0 13
15 0 0 13
16 0 0 13
17 0 0 13
18 0 0 13
19 0 0 13
20 0 0 13
21 0 0 13
0 10 10 0
1 0 6 15
2 0 6 15
3 0 4 15
4 0 2 15
5 0 1 15
6 0 0 15
7 0 0 15
8 0 0 15
9 0 0 15
10 0 0 15
11 0 0 15
12 0 0 15
13 0 0 15
14 0 0 15
15 0 0 15
16 0 0 15
17 0 0 15
18 0 0 15
19 0 0 15
20 0 0 15
21 0 0 15
0 10 10 0
1 1 12 13
2 0 7 14
3 0 4 14
4 0 3 14
5 0 2 14
6 0 2 14
7 0 2 14
8 0 1 14
9 0 1 14
10 0 0 14
11 0 0 14
12 0 0 14
13 0 0 14
14 0 0 14
15 0 0 14
16 0 0 14
17 0 0 14
18 0 0 14
19 0 0 14
20 0 0 14
21 0 0 14
0 10 10 0
1 0 11 11
2 0 6 11
3 0 3 11
4 0 1 11
5 0 0 11
6 0 0 11
7 0 0 11
8 0 0 11
9 0 0 11
10 0 0 11
11 0 0 11
12 0 0 11
13 0 0 11
14 0 0 11
15 0 0 11
16 0 0 11
17 0 0 11
18 0 0 11
19 0 0 11
20 0 0 11
21 0 0 11
0 10 10 0
1 0 8 10
2 0 4 10
3 0 2 10
4 0 0 10
5 0 0 10
6 0 0 10
7 0 0 10
8 0 0 10
9 0 0 10
10 0 0 10
11 0 0 10
12 0 0 10
13 0 0 10
14 0 0 10
15 0 0 10
16 0 0 10
17 0 0 10
18 0 0 10
19 0 0 10
20 0 0 10
21 0 0 10
0 10 10 0
1 0 7 10
2 0 4 10
3 0 4 10
4 0 2 10
5 0 1 10
6 0 0 10
7 0 0 10
8 0 0 10
9 0 0 10
10 0 0 10
11 0 0 10
12 0 0 10
13 0 0 10
14 0 0 10
15 0 0 10
16 0 0 10
17 0 0 10
18 0 0 10
19 0 0 10
20 0 0 10
21 0 0 10
0 10 10 0
1 0 11 12
2 0 4 12
3 0 3 12
4 0 2 12
5 0 1 12
6 0 1 12
7 0 0 12
8 0 0 12
9 0 0 12
10 0 0 12
11 0 0 12
12 0 0 12
13 0 0 12
14 0 0 12
15 0 0 12
16 0 0 12
17 0 0 12
18 0 0 12
19 0 0 12
20 0 0 12
21 0 0 12
0 10 10 0
1 0 6 11
2 0 4 11
3 0 1 11
4 0 1 11
5 0 1 11
6 0 1 11
7 0 0 11
8 0 0 11
9 0 0 11
10 0 0 11
11 0 0 11
12 0 0 11
13 0 0 11
14 0 0 11
15 0 0 11
16 0 0 11
17 0 0 11
18 0 0 11
19 0 0 11
20 0 0 11
21 0 0 11
0 10 10 0
1 0 9 11
2 0 7 11
3 0 5 11
4 0 2 11
5 0 2 11
6 0 2 11
7 0 1 11
8 0 1 11
9 0 1 11
10 0 0 11
11 0 0 11
12 0 0 11
13 0 0 11
14 0 0 11
15 0 0 11
16 0 0 11
17 0 0 11
18 0 0 11
19 0 0 11
20 0 0 11
21 0 0 11
0 10 10 0
1 0 11 13
2 0 6 13
3 0 2 13
4 0 2 13
5 0 2 13
6 0 1 13
7 0 0 13
8 0 0 13
9 0 0 13
10 0 0 13
11 0 0 13
12 0 0 13
13 0 0 13
14 0 0 13
15 0 0 13
16 0 0 13
17 0 0 13
18 0 0 13
19 0 0 13
20 0 0 13
21 0 0 13
0 10 10 0
1 0 8 15
2 0 6 15
3 0 3 15
4 0 1 15
5 0 1 15
6 0 1 15
7 0 1 15
8 0 1 15
9 0 0 15
10 0 0 15
11 0 0 15
12 0 0 15
13 0 0 15
14 0 0 15
15 0 0 15
16 0 0 15
17 0 0 15
18 0 0 15
19 0 0 15
20 0 0 15
21 0 0 15
0 10 10 0
1 0 8 18
2 0 6 18
3 0 6 18
4 0 5 18
5 0 1 18
6 0 1 18
7 0 1 18
8 0 1 18
9 0 0 18
10 0 0 18
11 0 0 18
12 0 0 18
13 0 0 18
14 0 0 18
15 0 0 18
16 0 0 18
17 0 0 18
18 0 0 18
19 0 0 18
20 0 0 18
21 0 0 18
0 10 10 0
1 0 4 11
2 0 4 11
3 0 2 11
4 0 1 11
5 0 1 11
6 0 1 11
7 0 1 11
8 0 1 11
9 0 1 11
10 0 1 11
11 0 1 11
12 0 0 11
13 0 0 11
14 0 0 11
15 0 0 11
16 0 0 11
17 0 0 11
18 0 0 11
19 0 0 11
20 0 0 11
21 0 0 11
0 10 10 0
1 1 11 10
2 1 8 11
3 0 7 13
4 0 3 13
5 0 2 13
6 0 1 13
7 0 1 13
8 0 0 13
9 0 0 13
10 0 0 13
11 0 0 13
12 0 0 13
13 0 0 13
14 0 0 13
15 0 0 13
16 0 0 13
17 0 0 13
18 0 0 13
19 0 0 13
20 0 0 13
21 0 0 13
0 10 10 0
1 0 16 13
2 0 13 13
3 0 7 13
4 0 5 13
5 0 3 13
6 0 2 13
7 0 1 13
8 0 1 13
9 0 1 13
10 0 0 13
11 0 0 13
12 0 0 13
13 0 0 13
14 0 0 13
15 0 0 13
16 0 0 13
17 0 0 13
18 0 0 13
19 0 0 13
20 0 0 13
21 0 0 13
0 10 10 0
1 0 10 11
2 0 8 11
3 0 3 11
4 0 2 11
5 0 2 11
6 0 2 11
7 0 2 11
8 0 0 11
9 0 0 11
10 0 0 11
11 0 0 11
12 0 0 11
13 0 0 11
14 0 0 11
15 0 0 11
16 0 0 11
17 0 0 11
18 0 0 11
19 0 0 11
20 0 0 11
21 0 0 11
0 10 10 0
1 0 14 10
2 0 10 10
3 0 10 10
4 0 6 10
5 0 4 10
6 0 3 10
7 0 2 10
8 0 1 10
9 0 1 10
10 0 1 10
11 0 1 10
12 0 0 10
13 0 0 10
14 0 0 10
15 0 0 10
16 0 0 10
17 0 0 10
18 0 0 10
19 0 0 10
20 0 0 10
21 0 0 10
0 10 10 0
1 0 9 11
2 0 6 11
3 0 2 11
4 0 1 11
5 0 0 11
6 0 0 11
7 0 0 11
8 0 0 11
9 0 0 11
10 0 0 11
11 0 0 11
12 0 0 11
13 0 0 11
14 0 0 11
15 0 0 11
16 0 0 11
17 0 0 11
18 0 0 11
19 0 0 11
20 0 0 11
21 0 0 11
0 10 10 0
1 1 9 10
2 0 7 11
3 0 5 11
4 0 2 11
5 0 2 11
6 0 1 11
7 0 0 11
8 0 0 11
9 0 0 11
10 0 0 11
11 0 0 11
12 0 0 11
13 0 0 11
14 0 0 11
15 0 0 11
16 0 0 11
17 0 0 11
18 0 0 11
19 0 0 11
20 0 0 11
21 0 0 11
0 10 10 0
1 0 7 11
2 0 5 11
3 0 4 11
4 0 2 11
5 0 2 11
6 0 2 11
7 0 2 11
8 0 1 11
9 0 1 11
10 0 1 11
11 0 1 11
12 0 1 11
13 0 0 11
14 0 0 11
15 0 0 11
16 0 0 11
17 0 0 11
18 0 0 11
19 0 0 11
20 0 0 11
21 0 0 11
0 10 10 0
1 0 10 15
2 0 7 15
3 0 6 15
4 0 3 15
5 0 0 15
6 0 0 15
7 0 0 15
8 0 0 15
9 0 0 15
10 0 0 15
11 0 0 15
12 0 0 15
13 0 0 15
14 0 0 15
15 0 0 15
16 0 0 15
17 0 0 15
18 0 0 15
19 0 0 15
20 0 0 15
21 0 0 15
0 10 10 0
1 0 12 13
2 0 10 13
3 0 4 13
4 0 3 13
5 0 3 13
6 0 2 13
7 0 1 13
8 0 0 13
9 0 0 13
10 0 0 13
11 0 0 13
12 0 0 13
13 0 0 13
14 0 0 13
15 0 0 13
16 0 0 13
17 0 0 13
18 0 0 13
19 0 0 13
20 0 0 13
21 0 0 13
0 10 10 0
1 0 7 11
2 0 4 11
3 0 2 11
4 0 1 11
5 0 1 11
6 0 1 11
7 0 0 11
8 0 0 11
9 0 0 11
10 0 0 11
11 0 0 11
12 0 0 11
13 0 0 11
14 0 0 11
15 0 0 11
16 0 0 11
17 0 0 11
18 0 0 11
19 0 0 11
20 0 0 11
21 0 0 11
0 10 10 0
1 0 10 12
2 0 9 12
3 0 8 12
4 0 4 12
5 0 4 12
6 0 3 12
7 0 3 12
8 0 3 12
9 0 3 12
10 0 3 12
11 0 1 12
12 0 0 12
13 0 0 12
14 0 0 12
15 0 0 12
16 0 0 12
17 0 0 12
18 0 0 12
19 0 0 12
20 0 0 12
21 0 0 12
0 10 10 0
1 0 6 12
2 0 3 12
3 0 1 12
4 0 1 12
5 0 0 12
6 0 0 12
7 0 0 12
8 0 0 12
9 0 0 12
10 0 0 12
11 0 0 12
12 0 0 12
13 0 0 12
14 0 0 12
15 0 0 12
16 0 0 12
17 0 0 12
18 0 0 12
19 0 0 12
20 0 0 12
21 0 0 12
0 10 10 0
1 0 5 13
2 0 4 13
3 0 4 13
4 0 2 13
5 0 2 13
6 0 1 13
7 0 1 13
8 0 1 13
9 0 0 13
10 0 0 13
11 0 0 13
12 0 0 13
13 0 0 13
14 0 0 13
15 0 0 13
16 0 0 13
17 0 0 13
18 0 0 13
19 0 0 13
20 0 0 13
21 0 0 13
0 10 10 0
1 0 5 11
2 0 5 11
3 0 5 11
4 0 3 11
5 0 3 11
6 0 2 11
7 0 2 11
8 0 1 11
9 0 1 11
10 0 0 11
11 0 0 11
12 0 0 11
13 0 0 11
14 0 0 11
15 0 0 11
16 0 0 11
17 0 0 11
18 0 0 11
19 0 0 11
20 0 0 11
21 0 0 11
0 10 10 0
1 0 9 13
2 0 6 13
3 0 5 13
4 0 4 13
5 0 2 13
6 0 2 13
7 0 2 13
8 0 2 13
9 0 2 13
10 0 2 13
11 0 1 13
12 0 1 13
13 0 1 13
14 0 0 13
15 0 0 13
16 0 0 13
17 0 0 13
18 0 0 13
19 0 0 13
20 0 0 13
21 0 0 13
0 10 10 0
1 0 13 11
2 0 10 11
3 0 5 11
4 0 3 11
5 0 2 11
6 0 2 11
7 0 1 11
8 0 0 11
9 0 0 11
10 0 0 11
11 0 0 11
12 0 0 11
13 0 0 11
14 0 0 11
15 0 0 11
16 0 0 11
17 0 0 11
18 0 0 11
19 0 0 11
20 0 0 11
21 0 0 11
0 10 10 0
1 0 11 16
2 0 9 16
3 0 6 16
4 0 4 16
5 0 4 16
6 0 2 16
7 0 1 16
8 0 1 16
9 0 1 16
10 0 1 16
11 0 0 16
12 0 0 16
13 0 0 16
14 0 0 16
15 0 0 16
16 0 0 16
17 0 0 16
18 0 0 16
19 0 0 16
20 0 0 16
21 0 0 16
0 10 10 0
1 0 5 12
2 0 5 12
3 0 3 12
4 0 2 12
5 0 0 12
6 0 0 12
7 0 0 12
8 0 0 12
9 0 0 12
10 0 0 12
11 0 0 12
12 0 0 12
13 0 0 12
14 0 0 12
15 0 0 12
16 0 0 12
17 0 0 12
18 0 0 12
19 0 0 12
20 0 0 12
21 0 0 12
0 10 10 0
1 0 14 15
2 0 11 15
3 0 9 15
4 0 4 15
5 0 1 15
6 0 0 15
7 0 0 15
8 0 0 15
9 0 0 15
10 0 0 15
11 0 0 15
12 0 0 15
13 0 0 15
14 0 0 15
15 0 0 15
16 0 0 15
17 0 0 15
18 0 0 15
19 0 0 15
20 0 0 15
21 0 0 15
0 10 10 0
1 0 4 10
2 0 2 10
3 0 2 10
4 0 2 10
5 0 2 10
6 0 1 10
7 0 1 10
8 0 0 10
9 0 0 10
10 0 0 10
11 0 0 10
12 0 0 10
13 0 0 10
14 0 0 10
15 0 0 10
16 0 0 10
17 0 0 10
18 0 0 10
19 0 0 10
20 0 0 10
21 0 0 10
0 10 10 0
1 0 10 12
2 0 7 12
3 0 5 12
4 0 2 12
5 0 0 12
6 0 0 12
7 0 0 12
8 0 0 12
9 0 0 12
10 0 0 12
11 0 0 12
12 0 0 12
13 0 0 12
14 0 0 12
15 0 0 12
16 0 0 12
17 0 0 12
18 0 0 12
19 0 0 12
20 0 0 12
21 0 0 12
0 10 10 0
1 1 8 17
2 0 6 18
3 0 3 18
4 0 3 18
5 0 1 18
6 0 1 18
7 0 1 18
8 0 0 18
9 0 0 18
10 0 0 18
11 0 0 18
12 0 0 18
13 0 0 18
14 0 0 18
15 0 0 18
16 0 0 18
17 0 0 18
18 0 0 18
19 0 0 18
20 0 0 18
21 0 0 18
0 10 10 0
1 1 9 18
2 1 5 20
3 0 2 21
4 0 1 21
5 0 0 21
6 0 0 21
7 0 0 21
8 0 0 21
9 0 0 21
10 0 0 21
11 0 0 21
12 0 0 21
13 0 0 21
14 0 0 21
15 0 0 21
16 0 0 21
17 0 0 21
18 0 0 21
19 0 0 21
20 0 0 21
21 0 0 21
0 10 10 0
1 1 14 24
2 0 11 25
3 0 6 25
4 0 5 25
5 0 5 25
6 0 2 25
7 0 2 25
8 0 2 25
9 0 2 25
10 0 1 25
11 0 1 25
12 0 0 25
13 0 0 25
14 0 0 25
15 0 0 25
16 0 0 25
17 0 0 25
18 0 0 25
19 0 0 25
20 0 0 25
21 0 0 25
0 10 10 0
1 0 8 11
2 0 6 11
3 0 6 11
4 0 5 11
5 0 4 11
6 0 3 11
7 0 2 11
8 0 0 11
9 0 0 11
10 0 0 11
11 0 0 11
12 0 0 11
13 0 0 11
14 0 0 11
15 0 0 11
16 0 0 11
17 0 0 11
18 0 0 11
19 0 0 11
20 0 0 11
21 0 0 11
0 10 10 0
1 0 11 12
2 0 5 12
3 0 2 12
4 0 2 12
5 0 2 12
6 0 2 12
7 0 2 12
8 0 2 12
9 0 1 12
10 0 1 12
11 0 1 12
12 0 0 12
13 0 0 12
14 0 0 12
15 0 0 12
16 0 0 12
17 0 0 12
18 0 0 12
19 0 0 12
20 0 0 12
21 0 0 12
0 10 10 0
1 1 5 11
2 3 1 12
3 3 1 15
4 7 1 16
5 9 6 27
6 2 11 39
7 0 9 41
8 0 7 41
9 0 5 41
10 0 3 41
11 0 2 41
12 0 1 41
13 0 1 41
14 0 0 41
15 0 0 41
16 0 0 41
17 0 0 41
18 0 0 41
19 0 0 41
20 0 0 41
21 0 0 41
0 10 10 0
1 0 11 14
2 0 7 14
3 0 3 14
4 0 2 14
5 0 1 14
6 0 0 14
7 0 0 14
8 0 0 14
9 0 0 14
10 0 0 14
11 0 0 14
12 0 0 14
13 0 0 14
14 0 0 14
15 0 0 14
16 0 0 14
17 0 0 14
18 0 0 14
19 0 0 14
20 0 0 14
21 0 0 14
0 10 10 0
1 1 10 9
2 0 7 10
3 0 5 10
4 0 4 10
5 0 1 10
6 0 1 10
7 0 1 10
8 0 0 10
9 0 0 10
10 0 0 10
11 0 0 10
12 0 0 10
13 0 0 10
14 0 0 10
15 0 0 10
16 0 0 10
17 0 0 10
18 0 0 10
19 0 0 10
20 0 0 10
21 0 0 10
0 10 10 0
1 0 11 16
2 0 7 16
3 0 3 16
4 0 2 16
5 0 1 16
6 0 1 16
7 0 1 16
8 0 0 16
9 0 0 16
10 0 0 16
11 0 0 16
12 0 0 16
13 0 0 16
14 0 0 16
15 0 0 16
16 0 0 16
17 0 0 16
18 0 0 16
19 0 0 16
20 0 0 16
21 0 0 16
0 10 10 0
1 1 10 13
2 0 9 14
3 0 5 14
4 0 3 14
5 0 2 14
6 0 1 14
7 0 1 14
8 0 1 14
9 0 1 14
10 0 1 14
11 0 1 14
12 0 1 14
13 0 1 14
14 0 1 14
15 0 0 14
16 0 0 14
17 0 0 14
18 0 0 14
19 0 0 14
20 0 0 14
21 0 0 14
0 10 10 0
1 2 11 11
2 3 6 14
3 2 4 16
4 3 5 23
5 0 8 27
6 0 5 27
7 0 3 27
8 0 2 27
9 0 0 27
10 0 0 27
11 0 0 27
12 0 0 27
13 0 0 27
14 0 0 27
15 0 0 27
16 0 0 27
17 0 0 27
18 0 0 27
19 0 0 27
20 0 0 27
21 0 0 27
0 10 10 0
1 0 11 13
2 0 7 13
3 0 3 13
4 0 2 13
5 0 2 13
6 0 2 13
7 0 1 13
8 0 0 13
9 0 0 13
10 0 0 13
11 0 0 13
12 0 0 13
13 0 0 13
14 0 0 13
15 0 0 13
16 0 0 13
17 0 0 13
18 0 0 13
19 0 0 13
20 0 0 13
21 0 0 13
0 10 10 0
1 3 9 18
2 3 4 22
3 2 3 25
4 0 2 28
5 0 2 28
6 0 2 28
7 0 1 28
8 0 1 28
9 0 0 28
10 0 0 28
11 0 0 28
12 0 0 28
13 0 0 28
14 0 0 28
15 0 0 28
16 0 0 28
17 0 0 28
18 0 0 28
19 0 0 28
20 0 0 28
21 0 0 28
0 10 10 0
1 0 8 12
2 0 6 12
3 0 6 12
4 0 4 12
5 0 3 12
6 0 3 12
7 0 2 12
8 0 1 12
9 0 1 12
10 0 0 12
11 0 0 12
12 0 0 12
13 0 0 12
14 0 0 12
15 0 0 12
16 0 0 12
17 0 0 12
18 0 0 12
19 0 0 12
20 0 0 12
21 0 0 12
0 10 10 0
1 0 9 15
2 0 4 15
3 0 3 15
4 0 2 15
5 0 0 15
6 0 0 15
7 0 0 15
8 0 0 15
9 0 0 15
10 0 0 15
11 0 0 15
12 0 0 15
13 0 0 15
14 0 0 15
15 0 0 15
16 0 0 15
17 0 0 15
18 0 0 15
19 0 0 15
20 0 0 15
21 0 0 15
0 10 10 0
1 0 9 12
2 0 6 12
3 0 3 12
4 0 3 12
5 0 2 12
6 0 2 12
7 0 2 12
8 0 2 12
9 0 0 12
10 0 0 12
11 0 0 12
12 0 0 12
13 0 0 12
14 0 0 12
15 0 0 12
16 0 0 12
17 0 0 12
18 0 0 12
19 0 0 12
20 0 0 12
21 0 0 12
0 10 10 0
1 0 10 15
2 0 4 15
3 0 4 15
4 0 2 15
5 0 1 15
6 0 0 15
7 0 0 15
8 0 0 15
9 0 0 15
10 0 0 15
11 0 0 15
12 0 0 15
13 0 0 15
14 0 0 15
15 0 0 15
16 0 0 15
17 0 0 15
18 0 0 15
19 0 0 15
20 0 0 15
21 0 0 15
0 10 10 0
1 0 10 11
2 0 6 11
3 0 1 11
4 0 1 11
5 0 1 11
6 0 0 11
7 0 0 11
8 0 0 11
9 0 0 11
10 0 0 11
11 0 0 11
12 0 0 11
13 0 0 11
14 0 0 11
15 0 0 11
16 0 0 11
17 0 0 11
18 0 0 11
19 0 0 11
20 0 0 11
21 0 0 11
0 10 10 0
1 0 7 12
2 0 4 12
3 0 3 12
4 0 2 12
5 0 1 12
6 0 1 12
7 0 1 12
8 0 1 12
9 0 1 12
10 0 0 12
11 0 0 12
12 0 0 12
13 0 0 12
14 0 0 12
15 0 0 12
16 0 0 12
17 0 0 12
18 0 0 12
19 0 0 12
20 0 0 12
21 0 0 12
0 10 10 0
1 0 8 11
2 0 5 11
3 0 3 11
4 0 2 11
5 0 1 11
6 0 1 11
7 0 1 11
8 0 1 11
9 0 0 11
10 0 0 11
11 0 0 11
12 0 0 11
13 0 0 11
14 0 0 11
15 0 0 11
16 0 0 11
17 0 0 11
18 0 0 11
19 0 0 11
20 0 0 11
21 0 0 11
0 10 10 0
1 0 12 18
2 0 11 18
3 0 6 18
4 0 4 18
5 0 4 18
6 0 1 18
7 0 0 18
8 0 0 18
9 0 0 18
10 0 0 18
11 0 0 18
12 0 0 18
13 0 0 18
14 0 0 18
15 0 0 18
16 0 0 18
17 0 0 18
18 0 0 18
19 0 0 18
20 0 0 18
21 0 0 18
0 10 10 0
1 0 8 12
2 0 2 12
3 0 2 12
4 0 1 12
5 0 1 12
6 0 0 12
7 0 0 12
8 0 0 12
9 0 0 12
10 0 0 12
11 0 0 12
12 0 0 12
13 0 0 12
14 0 0 12
15 0 0 12
16 0 0 12
17 0 0 12
18 0 0 12
19 0 0 12
20 0 0 12
21 0 0 12
0 10 10 0
1 0 10 11
2 0 7 11
3 0 6 11
4 0 4 11
5 0 4 11
6 0 3 11
7 0 1 11
8 0 0 11
9 0 0 11
10 0 0 11
11 0 0 11
12 0 0 11
13 0 0 11
14 0 0 11
15 0 0 11
16 0 0 11
17 0 0 11
18 0 0 11
19 0 0 11
20 0 0 11
21 0 0 11
0 10 10 0
1 0 10 12
2 0 6 12
3 0 5 12
4 0 3 12
5 0 1 12
6 0 1 12
7 0 0 12
8 0 0 12
9 0 0 12
10 0 0 12
11 0 0 12
12 0 0 12
13 0 0 12
14 0 0 12
15 0 0 12
16 0 0 12
17 0 0 12
18 0 0 12
19 0 0 12
20 0 0 12
21 0 0 12
0 10 10 0
1 1 6 14
2 0 2 15
3 0 2 15
4 0 1 15
5 0 0 15
6 0 0 15
7 0 0 15
8 0 0 15
9 0 0 15
10 0 0 15
11 0 0 15
12 0 0 15
13 0 0 15
14 0 0 15
15 0 0 15
16 0 0 15
17 0 0 15
18 0 0 15
19 0 0 15
20 0 0 15
21 0 0 15
0 10 10 0
1 0 6 11
2 0 2 11
3 0 1 11
4 0 1 11
5 0 1 11
6 0 1 11
7 0 1 11
8 0 1 11
9 0 0 11
10 0 0 11
11 0 0 11
12 0 0 11
13 0 0 11
14 0 0 11
15 0 0 11
16 0 0 11
17 0 0 11
18 0 0 11
19 0 0 11
20 0 0 11
21 0 0 11
0 10 10 0
1 0 11 10
2 0 9 10
3 0 6 10
4 0 5 10
5 0 2 10
6 0 2 10
7 0 1 10
8 0 1 10
9 0 1 10
10 0 1 10
11 0 1 10
12 0 1 10
13 0 1 10
14 0 0 10
15 0 0 10
16 0 0 10
17 0 0 10
18 0 0 10
19 0 0 10
20 0 0 10
21 0 0 10
0 10 10 0
1 0 8 17
2 0 4 17
3 0 3 17
4 0 0 17
5 0 0 17
6 0 0 17
7 0 0 17
8 0 0 17
9 0 0 17
10 0 0 17
11 0 0 17
12 0 0 17
13 0 0 17
14 0 0 17
15 0 0 17
16 0 0 17
17 0 0 17
18 0 0 17
19 0 0 17
20 0 0 17
21 0 0 17
0 10 10 0
1 0 10 12
2 0 9 12
3 0 7 12
4 0 5 12
5 0 5 12
6 0 3 12
7 0 2 12
8 0 2 12
9 0 2 12
10 0 1 12
11 0 1 12
12 0 0 12
13 0 0 12
14 0 0 12
15 0 0 12
16 0 0 12
17 0 0 12
18 0 0 12
19 0 0 12
20 0 0 12
21 0 0 12
0 10 10 0
1 0 8 13
2 0 6 13
3 0 5 13
4 0 2 13
5 0 1 13
6 0 0 13
7 0 0 13
8 0 0 13
9 0 0 13
10 0 0 13
11 0 0 13
12 0 0 13
13 0 0 13
14 0 0 13
15 0 0 13
16 0 0 13
17 0 0 13
18 0 0 13
19 0 0 13
20 0 0 13
21 0 0 13
0 10 10 0
1 1 12 16
2 0 7 17
3 0 5 17
4 0 4 17
5 0 3 17
6 0 2 17
7 0 2 17
8 0 2 17
9 0 2 17
10 0 2 17
11 0 2 17
12 0 1 17
13 0 0 17
14 0 0 17
15 0 0 17
16 0 0 17
17 0 0 17
18 0 0 17
19 0 0 17
20 0 0 17
21 0 0 17
0 10 10 0
1 1 10 16
2 0 6 18
3 0 5 18
4 0 4 18
5 0 2 18
6 0 1 18
7 0 1 18
8 0 1 18
9 0 1 18
10 0 1 18
11 0 1 18
12 0 1 18
13 0 1 18
14 0 1 18
15 0 1 18
16 0 1 18
17 0 0 18
18 0 0 18
19 0 0 18
20 0 0 18
21 0 0 18
0 10 10 0
1 0 6 12
2 0 2 12
3 0 1 12
4 0 1 12
5 0 0 12
6 0 0 12
7 0 0 12
8 0 0 12
9 0 0 12
10 0 0 12
11 0 0 12
12 0 0 12
13 0 0 12
14 0 0 12
15 0 0 12
16 0 0 12
17 0 0 12
18 0 0 12
19 0 0 12
20 0 0 12
21 0 0 12
0 10 10 0
1 1 13 16
2 0 8 17
3 0 3 17
4 0 2 17
5 0 1 17
6 0 1 17
7 0 0 17
8 0 0 17
9 0 0 17
10 0 0 17
11 0 0 17
12 0 0 17
13 0 0 17
14 0 0 17
15 0 0 17
16 0 0 17
17 0 0 17
18 0 0 17
19 0 0 17
20 0 0 17
21 0 0 17
0 10 10 0
1 0 10 13
2 0 6 13
3 0 3 13
4 0 2 13
5 0 1 13
6 0 1 13
7 0 1 13
8 0 1 13
9 0 1 13
10 0 0 13
11 0 0 13
12 0 0 13
13 0 0 13
14 0 0 13
15 0 0 13
16 0 0 13
17 0 0 13
18 0 0 13
19 0 0 13
20 0 0 13
21 0 0 13
0 10 10 0
1 1 10 18
2 0 7 19
3 0 4 19
4 0 2 19
5 0 2 19
6 0 1 19
7 0 1 19
8 0 1 19
9 0 1 19
10 0 0 19
11 0 0 19
12 0 0 19
13 0 0 19
14 0 0 19
15 0 0 19
16 0 0 19
17 0 0 19
18 0 0 19
19 0 0 19
20 0 0 19
21 0 0 19
0 10 10 0
1 1 8 13
2 0 7 14
3 0 3 14
4 0 2 14
5 0 2 14
6 0 1 14
7 0 1 14
8 0 1 14
9 0 1 14
10 0 0 14
11 0 0 14
12 0 0 14
13 0 0 14
14 0 0 14
15 0 0 14
16 0 0 14
17 0 0 14
18 0 0 14
19 0 0 14
20 0 0 14
21 0 0 14
0 10 10 0
1 1 5 11
2 0 4 12
3 0 2 12
4 0 2 12
5 0 1 12
6 0 1 12
7 0 1 12
8 0 0 12
9 0 0 12
10 0 0 12
11 0 0 12
12 0 0 12
13 0 0 12
14 0 0 12
15 0 0 12
16 0 0 12
17 0 0 12
18 0 0 12
19 0 0 12
20 0 0 12
21 0 0 12
0 10 10 0
1 0 7 13
2 0 7 13
3 0 6 13
4 0 5 13
5 0 1 13
6 0 1 13
7 0 0 13
8 0 0 13
9 0 0 13
10 0 0 13
11 0 0 13
12 0 0 13
13 0 0 13
14 0 0 13
15 0 0 13
16 0 0 13
17 0 0 13
18 0 0 13
19 0 0 13
20 0 0 13
21 0 0 13
0 10 10 0
1 0 6 11
2 0 5 11
3 0 4 11
4 0 3 11
5 0 2 11
6 0 2 11
7 0 1 11
8 0 0 11
9 0 0 11
10 0 0 11
11 0 0 11
12 0 0 11
13 0 0 11
14 0 0 11
15 0 0 11
16 0 0 11
17 0 0 11
18 0 0 11
19 0 0 11
20 0 0 11
21 0 0 11
0 10 10 0
1 1 8 11
2 0 6 12
3 0 4 12
4 0 3 12
5 0 1 12
6 0 1 12
7 0 0 12
8 0 0 12
9 0 0 12
10 0 0 12
11 0 0 12
12 0 0 12
13 0 0 12
14 0 0 12
15 0 0 12
16 0 0 12
17 0 0 12
18 0 0 12
19 0 0 12
20 0 0 12
21 0 0 12
0 10 10 0
1 1 11 14
2 0 6 15
3 0 4 15
4 0 2 15
5 0 1 15
6 0 1 15
7 0 1 15
8 0 1 15
9 0 0 15
10 0 0 15
11 0 0 15
12 0 0 15
13 0 0 15
14 0 0 15
15 0 0 15
16 0 0 15
17 0 0 15
18 0 0 15
19 0 0 15
20 0 0 15
21 0 0 15
0 10 10 0
1 1 6 11
2 0 4 12
3 0 4 12
4 0 0 12
5 0 0 12
6 0 0 12
7 0 0 12
8 0 0 12
9 0 0 12
10 0 0 12
11 0 0 12
12 0 0 12
13 0 0 12
14 0 0 12
15 0 0 12
16 0 0 12
17 0 0 12
18 0 0 12
19 0 0 12
20 0 0 12
21 0 0 12
0 10 10 0
1 0 11 10
2 0 10 10
3 0 6 10
4 0 3 10
5 0 1 10
6 0 0 10
7 0 0 10
8 0 0 10
9 0 0 10
10 0 0 10
11 0 0 10
12 0 0 10
13 0 0 10
14 0 0 10
15 0 0 10
16 0 0 10
17 0 0 10
18 0 0 10
19 0 0 10
20 0 0 10
21 0 0 10
0 10 10 0
1 1 7 10
2 0 5 12
3 0 3 12
4 0 2 12
5 0 1 12
6 0 1 12
7 0 1 12
8 0 0 12
9 0 0 12
10 0 0 12
11 0 0 12
12 0 0 12
13 0 0 12
14 0 0 12
15 0 0 12
16 0 0 12
17 0 0 12
18 0 0 12
19 0 0 12
20 0 0 12
21 0 0 12
0 10 10 0
1 0 5 19
2 0 4 19
3 0 2 19
4 0 2 19
5 0 0 19
6 0 0 19
7 0 0 19
8 0 0 19
9 0 0 19
10 0 0 19
11 0 0 19
12 0 0 19
13 0 0 19
14 0 0 19
15 0 0 19
16 0 0 19
17 0 0 19
18 0 0 19
19 0 0 19
20 0 0 19
21 0 0 19
0 10 10 0
1 0 12 15
2 0 6 15
3 0 3 15
4 0 2 15
5 0 2 15
6 0 2 15
7 0 2 15
8 0 2 15
9 0 2 15
10 0 1 15
11 0 0 15
12 0 0 15
13 0 0 15
14 0 0 15
15 0 0 15
16 0 0 15
17 0 0 15
18 0 0 15
19 0 0 15
20 0 0 15
21 0 0 15
0 10 10 0
1 2 9 13
2 1 7 15
3 0 4 16
4 0 2 16
5 0 1 16
6 0 0 16
7 0 0 16
8 0 0 16
9 0 0 16
10 0 0 16
11 0 0 16
12 0 0 16
13 0 0 16
14 0 0 16
15 0 0 16
16 0 0 16
17 0 0 16
18 0 0 16
19 0 0 16
20 0 0 16
21 0 0 16
0 10 10 0
1 0 8 11
2 0 6 11
3 0 3 11
4 0 1 11
5 0 0 11
6 0 0 11
7 0 0 11
8 0 0 11
9 0 0 11
10 0 0 11
11 0 0 11
12 0 0 11
13 0 0 11
14 0 0 11
15 0 0 11
16 0 0 11
17 0 0 11
18 0 0 11
19 0 0 11
20 0 0 11
21 0 0 11
0 10 10 0
1 0 12 17
2 0 11 17
3 0 8 17
4 0 8 17
5 0 7 17
6 0 3 17
7 0 1 17
8 0 1 17
9 0 0 17
10 0 0 17
11 0 0 17
12 0 0 17
13 0 0 17
14 0 0 17
15 0 0 17
16 0 0 17
17 0 0 17
18 0 0 17
19 0 0 17
20 0 0 17
21 0 0 17
0 10 10 0
1 0 6 11
2 0 4 11
3 0 3 11
4 0 3 11
5 0 2 11
6 0 1 11
7 0 1 11
8 0 0 11
9 0 0 11
10 0 0 11
11 0 0 11
12 0 0 11
13 0 0 11
14 0 0 11
15 0 0 11
16 0 0 11
17 0 0 11
18 0 0 11
19 0 0 11
20 0 0 11
21 0 0 11
0 10 10 0
1 0 10 13
2 0 7 13
3 0 6 13
4 0 4 13
5 0 3 13
6 0 1 13
7 0 0 13
8 0 0 13
9 0 0 13
10 0 0 13
11 0 0 13
12 0 0 13
13 0 0 13
14 0 0 13
15 0 0 13
16 0 0 13
17 0 0 13
18 0 0 13
19 0 0 13
20 0 0 13
21 0 0 13
